[1.645s] Invoking command in '/home/futill/dummy2_hand_eye_calibration_ws/build/easy_handeye2': CMAKE_PREFIX_PATH=/home/futill/dummy2_hand_eye_calibration_ws/install:/home/futill/targer_ws/install/my_robot_pkg_msg LD_LIBRARY_PATH=/home/futill/dummy2_hand_eye_calibration_ws/install/lib:/home/futill/targer_ws/install/my_robot_pkg_msg/lib:/opt/ros/humble/opt/rviz_ogre_vendor/lib:/opt/ros/humble/lib/x86_64-linux-gnu:/opt/ros/humble/lib PYTHONPATH=/home/futill/dummy2_hand_eye_calibration_ws/build/easy_handeye2/prefix_override:/usr/lib/python3/dist-packages/colcon_core/task/python/colcon_distutils_commands:/home/futill/dummy2_hand_eye_calibration_ws/install/lib/python3.10/site-packages:/home/futill/dummy2_hand_eye_calibration_ws/install/lib/python3.10/site-packages:/home/futill/targer_ws/install/my_robot_pkg/lib/python3.10/site-packages:/home/futill/targer_ws/install/my_robot_pkg_msg/local/lib/python3.10/dist-packages:/home/futill/dummy2_hand_eye_calibration_ws/build/ros2_aruco:/home/futill/dummy2_hand_eye_calibration_ws/build/rboot_libs:/home/futill/dummy2_hand_eye_calibration_ws/build/easy_handeye2:/home/futill/dummy2_hand_eye_calibration_ws/build/dummy2_can2eth:/home/futill/dummy2_hand_eye_calibration_ws/install/local/lib/python3.10/dist-packages:/home/futill/dummy2_hand_eye_calibration_ws/build/dummy2-gripperv3_description:/opt/ros/humble/lib/python3.10/site-packages:/opt/ros/humble/local/lib/python3.10/dist-packages /usr/bin/python3 -W ignore:setup.py install is deprecated -W ignore:easy_install command is deprecated setup.py develop --editable --build-directory /home/futill/dummy2_hand_eye_calibration_ws/build/easy_handeye2/build --no-deps symlink_data
[1.946s] running develop
[2.134s] running egg_info
[2.134s] writing easy_handeye2.egg-info/PKG-INFO
[2.135s] writing dependency_links to easy_handeye2.egg-info/dependency_links.txt
[2.135s] writing entry points to easy_handeye2.egg-info/entry_points.txt
[2.135s] writing requirements to easy_handeye2.egg-info/requires.txt
[2.136s] writing top-level names to easy_handeye2.egg-info/top_level.txt
[2.138s] reading manifest file 'easy_handeye2.egg-info/SOURCES.txt'
[2.140s] writing manifest file 'easy_handeye2.egg-info/SOURCES.txt'
[2.173s] running build_ext
[2.173s] Creating /home/futill/dummy2_hand_eye_calibration_ws/install/lib/python3.10/site-packages/easy-handeye2.egg-link (link to .)
[2.175s] Installing handeye_calibration_commander script to /home/futill/dummy2_hand_eye_calibration_ws/install/lib/easy_handeye2
[2.175s] Installing handeye_publisher script to /home/futill/dummy2_hand_eye_calibration_ws/install/lib/easy_handeye2
[2.175s] Installing handeye_server script to /home/futill/dummy2_hand_eye_calibration_ws/install/lib/easy_handeye2
[2.175s] Installing handeye_server_robot script to /home/futill/dummy2_hand_eye_calibration_ws/install/lib/easy_handeye2
[2.176s] Installing rqt_calibrator.py script to /home/futill/dummy2_hand_eye_calibration_ws/install/lib/easy_handeye2
[2.177s] Installing rqt_evaluator.py script to /home/futill/dummy2_hand_eye_calibration_ws/install/lib/easy_handeye2
[2.178s] 
[2.178s] Installed /home/futill/dummy2_hand_eye_calibration_ws/build/easy_handeye2
[2.178s] running symlink_data
[2.227s] Invoked command in '/home/futill/dummy2_hand_eye_calibration_ws/build/easy_handeye2' returned '0': CMAKE_PREFIX_PATH=/home/futill/dummy2_hand_eye_calibration_ws/install:/home/futill/targer_ws/install/my_robot_pkg_msg LD_LIBRARY_PATH=/home/futill/dummy2_hand_eye_calibration_ws/install/lib:/home/futill/targer_ws/install/my_robot_pkg_msg/lib:/opt/ros/humble/opt/rviz_ogre_vendor/lib:/opt/ros/humble/lib/x86_64-linux-gnu:/opt/ros/humble/lib PYTHONPATH=/home/futill/dummy2_hand_eye_calibration_ws/build/easy_handeye2/prefix_override:/usr/lib/python3/dist-packages/colcon_core/task/python/colcon_distutils_commands:/home/futill/dummy2_hand_eye_calibration_ws/install/lib/python3.10/site-packages:/home/futill/dummy2_hand_eye_calibration_ws/install/lib/python3.10/site-packages:/home/futill/targer_ws/install/my_robot_pkg/lib/python3.10/site-packages:/home/futill/targer_ws/install/my_robot_pkg_msg/local/lib/python3.10/dist-packages:/home/futill/dummy2_hand_eye_calibration_ws/build/ros2_aruco:/home/futill/dummy2_hand_eye_calibration_ws/build/rboot_libs:/home/futill/dummy2_hand_eye_calibration_ws/build/easy_handeye2:/home/futill/dummy2_hand_eye_calibration_ws/build/dummy2_can2eth:/home/futill/dummy2_hand_eye_calibration_ws/install/local/lib/python3.10/dist-packages:/home/futill/dummy2_hand_eye_calibration_ws/build/dummy2-gripperv3_description:/opt/ros/humble/lib/python3.10/site-packages:/opt/ros/humble/local/lib/python3.10/dist-packages /usr/bin/python3 -W ignore:setup.py install is deprecated -W ignore:easy_install command is deprecated setup.py develop --editable --build-directory /home/futill/dummy2_hand_eye_calibration_ws/build/easy_handeye2/build --no-deps symlink_data
