[0.015s] Invoking command in '/home/futill/dummy2_hand_eye_calibration_ws/build/dummy2_interface': CMAKE_PREFIX_PATH=/opt/ros/humble /usr/bin/cmake /home/futill/dummy2_hand_eye_calibration_ws/src/dummy2_interface -DCMAKE_BUILD_TYPE=Release -DAMENT_CMAKE_SYMLINK_INSTALL=1 -DCMAKE_INSTALL_PREFIX=/home/futill/dummy2_hand_eye_calibration_ws/install
[0.157s] -- The C compiler identification is GNU 11.4.0
[0.263s] -- The CXX compiler identification is GNU 11.4.0
[0.276s] -- Detecting C compiler ABI info
[0.351s] -- Detecting C compiler ABI info - done
[0.356s] -- Check for working C compiler: /usr/bin/cc - skipped
[0.357s] -- Detecting C compile features
[0.358s] -- Detecting C compile features - done
[0.364s] -- Detecting CXX compiler ABI info
[0.443s] -- Detecting CXX compiler ABI info - done
[0.448s] -- Check for working CXX compiler: /usr/bin/c++ - skipped
[0.448s] -- Detecting CXX compile features
[0.449s] -- Detecting CXX compile features - done
[0.460s] -- Found ament_cmake: 1.3.11 (/opt/ros/humble/share/ament_cmake/cmake)
[0.595s] -- Found Python3: /usr/bin/python3 (found version "3.10.12") found components: Interpreter 
[0.660s] -- Override CMake install command with custom implementation using symlinks instead of copying resources
[0.705s] -- Found rclcpp: 16.0.12 (/opt/ros/humble/share/rclcpp/cmake)
[0.769s] -- Found rosidl_generator_c: 3.1.6 (/opt/ros/humble/share/rosidl_generator_c/cmake)
[0.776s] -- Found rosidl_adapter: 3.1.6 (/opt/ros/humble/share/rosidl_adapter/cmake)
[0.789s] -- Found rosidl_generator_cpp: 3.1.6 (/opt/ros/humble/share/rosidl_generator_cpp/cmake)
[0.809s] -- Using all available rosidl_typesupport_c: rosidl_typesupport_fastrtps_c;rosidl_typesupport_introspection_c
[0.833s] -- Using all available rosidl_typesupport_cpp: rosidl_typesupport_fastrtps_cpp;rosidl_typesupport_introspection_cpp
[0.897s] -- Found rmw_implementation_cmake: 6.1.2 (/opt/ros/humble/share/rmw_implementation_cmake/cmake)
[0.901s] -- Found rmw_fastrtps_cpp: 6.2.7 (/opt/ros/humble/share/rmw_fastrtps_cpp/cmake)
[1.007s] -- Found OpenSSL: /usr/lib/x86_64-linux-gnu/libcrypto.so (found version "3.0.2")  
[1.036s] -- Found FastRTPS: /opt/ros/humble/include  
[1.074s] -- Using RMW implementation 'rmw_fastrtps_cpp' as default
[1.089s] -- Looking for pthread.h
[1.172s] -- Looking for pthread.h - found
[1.173s] -- Performing Test CMAKE_HAVE_LIBC_PTHREAD
[1.244s] -- Performing Test CMAKE_HAVE_LIBC_PTHREAD - Success
[1.245s] -- Found Threads: TRUE  
[1.313s] -- Found rosidl_default_generators: 1.2.0 (/opt/ros/humble/share/rosidl_default_generators/cmake)
[1.556s] -- Found ament_cmake_ros: 0.10.0 (/opt/ros/humble/share/ament_cmake_ros/cmake)
[1.830s] -- Using all available rosidl_typesupport_c: rosidl_typesupport_fastrtps_c;rosidl_typesupport_introspection_c
[1.933s] -- Using all available rosidl_typesupport_cpp: rosidl_typesupport_fastrtps_cpp;rosidl_typesupport_introspection_cpp
[1.955s] -- Found PythonInterp: /usr/bin/python3 (found suitable version "3.10.12", minimum required is "3.6") 
[1.958s] -- Found python_cmake_module: 0.10.0 (/opt/ros/humble/share/python_cmake_module/cmake)
[1.984s] -- Found PythonLibs: /usr/lib/x86_64-linux-gnu/libpython3.10.so (found suitable version "3.10.12", minimum required is "3.5") 
[1.984s] -- Using PYTHON_EXECUTABLE: /usr/bin/python3
[1.984s] -- Using PYTHON_INCLUDE_DIRS: /usr/include/python3.10
[1.984s] -- Using PYTHON_LIBRARIES: /usr/lib/x86_64-linux-gnu/libpython3.10.so
[2.002s] -- Found PythonExtra: .so  
[2.037s] -- Found ament_lint_auto: 0.12.12 (/opt/ros/humble/share/ament_lint_auto/cmake)
[2.071s] -- Added test 'lint_cmake' to check CMake code style
[2.073s] -- Added test 'xmllint' to check XML markup files
[2.078s] -- Configuring done
[2.113s] -- Generating done
[2.122s] -- Build files have been written to: /home/futill/dummy2_hand_eye_calibration_ws/build/dummy2_interface
[2.132s] Invoked command in '/home/futill/dummy2_hand_eye_calibration_ws/build/dummy2_interface' returned '0': CMAKE_PREFIX_PATH=/opt/ros/humble /usr/bin/cmake /home/futill/dummy2_hand_eye_calibration_ws/src/dummy2_interface -DCMAKE_BUILD_TYPE=Release -DAMENT_CMAKE_SYMLINK_INSTALL=1 -DCMAKE_INSTALL_PREFIX=/home/futill/dummy2_hand_eye_calibration_ws/install
[2.133s] Invoking command in '/home/futill/dummy2_hand_eye_calibration_ws/build/dummy2_interface': CMAKE_PREFIX_PATH=/opt/ros/humble /usr/bin/cmake --build /home/futill/dummy2_hand_eye_calibration_ws/build/dummy2_interface -- -j8 -l8
[2.176s] [  2%] [34m[1mGenerating C code for ROS interfaces[0m
[2.185s] [  4%] [34m[1mGenerating C++ code for ROS interfaces[0m
[2.194s] [  4%] Built target ament_cmake_python_symlink_dummy2_interface
[2.422s] running egg_info
[2.422s] creating dummy2_interface.egg-info
[2.422s] writing dummy2_interface.egg-info/PKG-INFO
[2.422s] writing dependency_links to dummy2_interface.egg-info/dependency_links.txt
[2.422s] writing top-level names to dummy2_interface.egg-info/top_level.txt
[2.423s] writing manifest file 'dummy2_interface.egg-info/SOURCES.txt'
[2.428s] reading manifest file 'dummy2_interface.egg-info/SOURCES.txt'
[2.428s] writing manifest file 'dummy2_interface.egg-info/SOURCES.txt'
[2.451s] [  4%] Built target ament_cmake_python_build_dummy2_interface_egg
[2.552s] [  4%] Built target dummy2_interface__cpp
[2.553s] [  8%] [32mBuilding C object CMakeFiles/dummy2_interface__rosidl_generator_c.dir/rosidl_generator_c/dummy2_interface/srv/detail/write_can2eth__functions.c.o[0m
[2.553s] [  8%] [32mBuilding C object CMakeFiles/dummy2_interface__rosidl_generator_c.dir/rosidl_generator_c/dummy2_interface/srv/detail/init_can2eth__functions.c.o[0m
[2.553s] [ 10%] [32mBuilding C object CMakeFiles/dummy2_interface__rosidl_generator_c.dir/rosidl_generator_c/dummy2_interface/srv/detail/read_can2eth__functions.c.o[0m
[2.563s] [ 17%] [34m[1mGenerating C++ type support for eProsima Fast-RTPS[0m
[2.563s] [ 17%] [34m[1mGenerating C++ introspection for ROS interfaces[0m
[2.563s] [ 17%] [34m[1mGenerating C++ type support dispatch for ROS interfaces[0m
[2.734s] [ 19%] [32m[1mLinking C shared library libdummy2_interface__rosidl_generator_c.so[0m
[2.776s] [ 19%] Built target dummy2_interface__rosidl_generator_c
[2.789s] [ 25%] [34m[1mGenerating C type support dispatch for ROS interfaces[0m
[2.789s] [ 25%] [34m[1mGenerating C introspection for ROS interfaces[0m
[2.789s] [ 25%] [34m[1mGenerating C type support for eProsima Fast-RTPS[0m
[2.880s] [ 29%] [32mBuilding CXX object CMakeFiles/dummy2_interface__rosidl_typesupport_cpp.dir/rosidl_typesupport_cpp/dummy2_interface/srv/write_can2eth__type_support.cpp.o[0m
[2.880s] [ 29%] [32mBuilding CXX object CMakeFiles/dummy2_interface__rosidl_typesupport_cpp.dir/rosidl_typesupport_cpp/dummy2_interface/srv/read_can2eth__type_support.cpp.o[0m
[2.880s] [ 31%] [32mBuilding CXX object CMakeFiles/dummy2_interface__rosidl_typesupport_cpp.dir/rosidl_typesupport_cpp/dummy2_interface/srv/init_can2eth__type_support.cpp.o[0m
[2.955s] [ 34%] [32mBuilding CXX object CMakeFiles/dummy2_interface__rosidl_typesupport_introspection_cpp.dir/rosidl_typesupport_introspection_cpp/dummy2_interface/srv/detail/init_can2eth__type_support.cpp.o[0m
[2.964s] [ 36%] [32mBuilding CXX object CMakeFiles/dummy2_interface__rosidl_typesupport_fastrtps_cpp.dir/rosidl_typesupport_fastrtps_cpp/dummy2_interface/srv/detail/dds_fastrtps/init_can2eth__type_support.cpp.o[0m
[3.135s] [ 38%] [32mBuilding CXX object CMakeFiles/dummy2_interface__rosidl_typesupport_c.dir/rosidl_typesupport_c/dummy2_interface/srv/init_can2eth__type_support.cpp.o[0m
[3.189s] [ 40%] [32mBuilding CXX object CMakeFiles/dummy2_interface__rosidl_typesupport_c.dir/rosidl_typesupport_c/dummy2_interface/srv/write_can2eth__type_support.cpp.o[0m
[3.202s] [ 42%] [32mBuilding CXX object CMakeFiles/dummy2_interface__rosidl_typesupport_fastrtps_c.dir/rosidl_typesupport_fastrtps_c/dummy2_interface/srv/detail/init_can2eth__type_support_c.cpp.o[0m
[3.226s] [ 44%] [32mBuilding CXX object CMakeFiles/dummy2_interface__rosidl_typesupport_c.dir/rosidl_typesupport_c/dummy2_interface/srv/read_can2eth__type_support.cpp.o[0m
[3.226s] [ 46%] [32mBuilding C object CMakeFiles/dummy2_interface__rosidl_typesupport_introspection_c.dir/rosidl_typesupport_introspection_c/dummy2_interface/srv/detail/init_can2eth__type_support.c.o[0m
[3.266s] [ 48%] [32m[1mLinking CXX shared library libdummy2_interface__rosidl_typesupport_c.so[0m
[3.276s] [ 51%] [32mBuilding C object CMakeFiles/dummy2_interface__rosidl_typesupport_introspection_c.dir/rosidl_typesupport_introspection_c/dummy2_interface/srv/detail/write_can2eth__type_support.c.o[0m
[3.313s] [ 51%] Built target dummy2_interface__rosidl_typesupport_c
[3.327s] [ 53%] [32mBuilding C object CMakeFiles/dummy2_interface__rosidl_typesupport_introspection_c.dir/rosidl_typesupport_introspection_c/dummy2_interface/srv/detail/read_can2eth__type_support.c.o[0m
[3.339s] [ 55%] [32mBuilding CXX object CMakeFiles/dummy2_interface__rosidl_typesupport_introspection_cpp.dir/rosidl_typesupport_introspection_cpp/dummy2_interface/srv/detail/write_can2eth__type_support.cpp.o[0m
[3.389s] [ 57%] [32m[1mLinking C shared library libdummy2_interface__rosidl_typesupport_introspection_c.so[0m
[3.428s] [ 57%] Built target dummy2_interface__rosidl_typesupport_introspection_c
[3.439s] [ 61%] [32mBuilding CXX object CMakeFiles/dummy2_interface__rosidl_typesupport_fastrtps_cpp.dir/rosidl_typesupport_fastrtps_cpp/dummy2_interface/srv/detail/dds_fastrtps/read_can2eth__type_support.cpp.o[0m
[3.439s] [ 61%] [32mBuilding CXX object CMakeFiles/dummy2_interface__rosidl_typesupport_fastrtps_cpp.dir/rosidl_typesupport_fastrtps_cpp/dummy2_interface/srv/detail/dds_fastrtps/write_can2eth__type_support.cpp.o[0m
[3.518s] [ 63%] [32mBuilding CXX object CMakeFiles/dummy2_interface__rosidl_typesupport_introspection_cpp.dir/rosidl_typesupport_introspection_cpp/dummy2_interface/srv/detail/read_can2eth__type_support.cpp.o[0m
[3.545s] [ 65%] [32m[1mLinking CXX shared library libdummy2_interface__rosidl_typesupport_cpp.so[0m
[3.594s] [ 65%] Built target dummy2_interface__rosidl_typesupport_cpp
[3.605s] [ 68%] [32mBuilding CXX object CMakeFiles/dummy2_interface__rosidl_typesupport_fastrtps_c.dir/rosidl_typesupport_fastrtps_c/dummy2_interface/srv/detail/write_can2eth__type_support_c.cpp.o[0m
[3.966s] [ 70%] [32mBuilding CXX object CMakeFiles/dummy2_interface__rosidl_typesupport_fastrtps_c.dir/rosidl_typesupport_fastrtps_c/dummy2_interface/srv/detail/read_can2eth__type_support_c.cpp.o[0m
[4.227s] [ 72%] [32m[1mLinking CXX shared library libdummy2_interface__rosidl_typesupport_introspection_cpp.so[0m
[4.304s] [ 72%] Built target dummy2_interface__rosidl_typesupport_introspection_cpp
[4.356s] [ 74%] [32m[1mLinking CXX shared library libdummy2_interface__rosidl_typesupport_fastrtps_cpp.so[0m
[4.357s] [ 76%] [32m[1mLinking CXX shared library libdummy2_interface__rosidl_typesupport_fastrtps_c.so[0m
[4.432s] [ 76%] Built target dummy2_interface__rosidl_typesupport_fastrtps_c
[4.433s] [ 76%] Built target dummy2_interface__rosidl_typesupport_fastrtps_cpp
[4.453s] [ 76%] Built target dummy2_interface
[4.474s] [ 78%] [34m[1mGenerating Python code for ROS interfaces[0m
[5.002s] [ 78%] Built target dummy2_interface__py
[5.023s] [ 85%] [32mBuilding C object CMakeFiles/dummy2_interface__rosidl_generator_py.dir/rosidl_generator_py/dummy2_interface/srv/_read_can2eth_s.c.o[0m
[5.023s] [ 85%] [32mBuilding C object CMakeFiles/dummy2_interface__rosidl_generator_py.dir/rosidl_generator_py/dummy2_interface/srv/_init_can2eth_s.c.o[0m
[5.023s] [ 85%] [32mBuilding C object CMakeFiles/dummy2_interface__rosidl_generator_py.dir/rosidl_generator_py/dummy2_interface/srv/_write_can2eth_s.c.o[0m
[5.226s] [ 87%] [32m[1mLinking C shared library rosidl_generator_py/dummy2_interface/libdummy2_interface__rosidl_generator_py.so[0m
[5.266s] [ 87%] Built target dummy2_interface__rosidl_generator_py
[5.288s] [ 93%] [32mBuilding C object CMakeFiles/dummy2_interface__rosidl_typesupport_c__pyext.dir/rosidl_generator_py/dummy2_interface/_dummy2_interface_s.ep.rosidl_typesupport_c.c.o[0m
[5.288s] [ 93%] [32mBuilding C object CMakeFiles/dummy2_interface__rosidl_typesupport_introspection_c__pyext.dir/rosidl_generator_py/dummy2_interface/_dummy2_interface_s.ep.rosidl_typesupport_introspection_c.c.o[0m
[5.288s] [ 93%] [32mBuilding C object CMakeFiles/dummy2_interface__rosidl_typesupport_fastrtps_c__pyext.dir/rosidl_generator_py/dummy2_interface/_dummy2_interface_s.ep.rosidl_typesupport_fastrtps_c.c.o[0m
[5.432s] [ 97%] [32m[1mLinking C shared library rosidl_generator_py/dummy2_interface/dummy2_interface_s__rosidl_typesupport_introspection_c.cpython-310-x86_64-linux-gnu.so[0m
[5.433s] [ 97%] [32m[1mLinking C shared library rosidl_generator_py/dummy2_interface/dummy2_interface_s__rosidl_typesupport_c.cpython-310-x86_64-linux-gnu.so[0m
[5.439s] [100%] [32m[1mLinking C shared library rosidl_generator_py/dummy2_interface/dummy2_interface_s__rosidl_typesupport_fastrtps_c.cpython-310-x86_64-linux-gnu.so[0m
[5.467s] [100%] Built target dummy2_interface__rosidl_typesupport_introspection_c__pyext
[5.467s] [100%] Built target dummy2_interface__rosidl_typesupport_c__pyext
[5.474s] [100%] Built target dummy2_interface__rosidl_typesupport_fastrtps_c__pyext
[5.488s] Invoked command in '/home/futill/dummy2_hand_eye_calibration_ws/build/dummy2_interface' returned '0': CMAKE_PREFIX_PATH=/opt/ros/humble /usr/bin/cmake --build /home/futill/dummy2_hand_eye_calibration_ws/build/dummy2_interface -- -j8 -l8
[5.498s] Invoking command in '/home/futill/dummy2_hand_eye_calibration_ws/build/dummy2_interface': CMAKE_PREFIX_PATH=/opt/ros/humble /usr/bin/cmake --install /home/futill/dummy2_hand_eye_calibration_ws/build/dummy2_interface
[5.505s] -- Install configuration: "Release"
[5.506s] -- Execute custom install script
[5.506s] -- Symlinking: /home/futill/dummy2_hand_eye_calibration_ws/install/share/ament_index/resource_index/rosidl_interfaces/dummy2_interface
[5.515s] -- Symlinking: /home/futill/dummy2_hand_eye_calibration_ws/install/include/dummy2_interface/dummy2_interface/msg/rosidl_generator_c__visibility_control.h
[5.524s] -- Symlinking: /home/futill/dummy2_hand_eye_calibration_ws/install/include/dummy2_interface/dummy2_interface/srv/detail/init_can2eth__functions.h
[5.532s] -- Symlinking: /home/futill/dummy2_hand_eye_calibration_ws/install/include/dummy2_interface/dummy2_interface/srv/detail/init_can2eth__struct.h
[5.540s] -- Symlinking: /home/futill/dummy2_hand_eye_calibration_ws/install/include/dummy2_interface/dummy2_interface/srv/detail/init_can2eth__type_support.h
[5.548s] -- Symlinking: /home/futill/dummy2_hand_eye_calibration_ws/install/include/dummy2_interface/dummy2_interface/srv/detail/read_can2eth__functions.h
[5.556s] -- Symlinking: /home/futill/dummy2_hand_eye_calibration_ws/install/include/dummy2_interface/dummy2_interface/srv/detail/read_can2eth__struct.h
[5.566s] -- Symlinking: /home/futill/dummy2_hand_eye_calibration_ws/install/include/dummy2_interface/dummy2_interface/srv/detail/read_can2eth__type_support.h
[5.575s] -- Symlinking: /home/futill/dummy2_hand_eye_calibration_ws/install/include/dummy2_interface/dummy2_interface/srv/detail/write_can2eth__functions.h
[5.584s] -- Symlinking: /home/futill/dummy2_hand_eye_calibration_ws/install/include/dummy2_interface/dummy2_interface/srv/detail/write_can2eth__struct.h
[5.592s] -- Symlinking: /home/futill/dummy2_hand_eye_calibration_ws/install/include/dummy2_interface/dummy2_interface/srv/detail/write_can2eth__type_support.h
[5.601s] -- Symlinking: /home/futill/dummy2_hand_eye_calibration_ws/install/include/dummy2_interface/dummy2_interface/srv/init_can2eth.h
[5.610s] -- Symlinking: /home/futill/dummy2_hand_eye_calibration_ws/install/include/dummy2_interface/dummy2_interface/srv/read_can2eth.h
[5.619s] -- Symlinking: /home/futill/dummy2_hand_eye_calibration_ws/install/include/dummy2_interface/dummy2_interface/srv/write_can2eth.h
[5.628s] -- Symlinking: /home/futill/dummy2_hand_eye_calibration_ws/install/share/dummy2_interface/environment/library_path.sh
[5.636s] -- Symlinking: /home/futill/dummy2_hand_eye_calibration_ws/install/share/dummy2_interface/environment/library_path.dsv
[5.644s] -- Symlinking: /home/futill/dummy2_hand_eye_calibration_ws/install/include/dummy2_interface/dummy2_interface/msg/rosidl_typesupport_fastrtps_c__visibility_control.h
[5.652s] -- Symlinking: /home/futill/dummy2_hand_eye_calibration_ws/install/include/dummy2_interface/dummy2_interface/srv/detail/init_can2eth__rosidl_typesupport_fastrtps_c.h
[5.660s] -- Symlinking: /home/futill/dummy2_hand_eye_calibration_ws/install/include/dummy2_interface/dummy2_interface/srv/detail/read_can2eth__rosidl_typesupport_fastrtps_c.h
[5.670s] -- Symlinking: /home/futill/dummy2_hand_eye_calibration_ws/install/include/dummy2_interface/dummy2_interface/srv/detail/write_can2eth__rosidl_typesupport_fastrtps_c.h
[5.679s] -- Symlinking: /home/futill/dummy2_hand_eye_calibration_ws/install/include/dummy2_interface/dummy2_interface/msg/rosidl_generator_cpp__visibility_control.hpp
[5.688s] -- Symlinking: /home/futill/dummy2_hand_eye_calibration_ws/install/include/dummy2_interface/dummy2_interface/srv/detail/init_can2eth__builder.hpp
[5.698s] -- Symlinking: /home/futill/dummy2_hand_eye_calibration_ws/install/include/dummy2_interface/dummy2_interface/srv/detail/init_can2eth__struct.hpp
[5.707s] -- Symlinking: /home/futill/dummy2_hand_eye_calibration_ws/install/include/dummy2_interface/dummy2_interface/srv/detail/init_can2eth__traits.hpp
[5.715s] -- Symlinking: /home/futill/dummy2_hand_eye_calibration_ws/install/include/dummy2_interface/dummy2_interface/srv/detail/init_can2eth__type_support.hpp
[5.724s] -- Symlinking: /home/futill/dummy2_hand_eye_calibration_ws/install/include/dummy2_interface/dummy2_interface/srv/detail/read_can2eth__builder.hpp
[5.732s] -- Symlinking: /home/futill/dummy2_hand_eye_calibration_ws/install/include/dummy2_interface/dummy2_interface/srv/detail/read_can2eth__struct.hpp
[5.741s] -- Symlinking: /home/futill/dummy2_hand_eye_calibration_ws/install/include/dummy2_interface/dummy2_interface/srv/detail/read_can2eth__traits.hpp
[5.750s] -- Symlinking: /home/futill/dummy2_hand_eye_calibration_ws/install/include/dummy2_interface/dummy2_interface/srv/detail/read_can2eth__type_support.hpp
[5.759s] -- Symlinking: /home/futill/dummy2_hand_eye_calibration_ws/install/include/dummy2_interface/dummy2_interface/srv/detail/write_can2eth__builder.hpp
[5.768s] -- Symlinking: /home/futill/dummy2_hand_eye_calibration_ws/install/include/dummy2_interface/dummy2_interface/srv/detail/write_can2eth__struct.hpp
[5.778s] -- Symlinking: /home/futill/dummy2_hand_eye_calibration_ws/install/include/dummy2_interface/dummy2_interface/srv/detail/write_can2eth__traits.hpp
[5.787s] -- Symlinking: /home/futill/dummy2_hand_eye_calibration_ws/install/include/dummy2_interface/dummy2_interface/srv/detail/write_can2eth__type_support.hpp
[5.796s] -- Symlinking: /home/futill/dummy2_hand_eye_calibration_ws/install/include/dummy2_interface/dummy2_interface/srv/init_can2eth.hpp
[5.806s] -- Symlinking: /home/futill/dummy2_hand_eye_calibration_ws/install/include/dummy2_interface/dummy2_interface/srv/read_can2eth.hpp
[5.815s] -- Symlinking: /home/futill/dummy2_hand_eye_calibration_ws/install/include/dummy2_interface/dummy2_interface/srv/write_can2eth.hpp
[5.826s] -- Symlinking: /home/futill/dummy2_hand_eye_calibration_ws/install/include/dummy2_interface/dummy2_interface/msg/rosidl_typesupport_fastrtps_cpp__visibility_control.h
[5.835s] -- Symlinking: /home/futill/dummy2_hand_eye_calibration_ws/install/include/dummy2_interface/dummy2_interface/srv/detail/init_can2eth__rosidl_typesupport_fastrtps_cpp.hpp
[5.843s] -- Symlinking: /home/futill/dummy2_hand_eye_calibration_ws/install/include/dummy2_interface/dummy2_interface/srv/detail/read_can2eth__rosidl_typesupport_fastrtps_cpp.hpp
[5.852s] -- Symlinking: /home/futill/dummy2_hand_eye_calibration_ws/install/include/dummy2_interface/dummy2_interface/srv/detail/write_can2eth__rosidl_typesupport_fastrtps_cpp.hpp
[5.862s] -- Symlinking: /home/futill/dummy2_hand_eye_calibration_ws/install/include/dummy2_interface/dummy2_interface/msg/rosidl_typesupport_introspection_c__visibility_control.h
[5.871s] -- Symlinking: /home/futill/dummy2_hand_eye_calibration_ws/install/include/dummy2_interface/dummy2_interface/srv/detail/init_can2eth__rosidl_typesupport_introspection_c.h
[5.881s] -- Symlinking: /home/futill/dummy2_hand_eye_calibration_ws/install/include/dummy2_interface/dummy2_interface/srv/detail/read_can2eth__rosidl_typesupport_introspection_c.h
[5.890s] -- Symlinking: /home/futill/dummy2_hand_eye_calibration_ws/install/include/dummy2_interface/dummy2_interface/srv/detail/write_can2eth__rosidl_typesupport_introspection_c.h
[5.899s] -- Symlinking: /home/futill/dummy2_hand_eye_calibration_ws/install/include/dummy2_interface/dummy2_interface/srv/detail/init_can2eth__rosidl_typesupport_introspection_cpp.hpp
[5.907s] -- Symlinking: /home/futill/dummy2_hand_eye_calibration_ws/install/include/dummy2_interface/dummy2_interface/srv/detail/read_can2eth__rosidl_typesupport_introspection_cpp.hpp
[5.916s] -- Symlinking: /home/futill/dummy2_hand_eye_calibration_ws/install/include/dummy2_interface/dummy2_interface/srv/detail/write_can2eth__rosidl_typesupport_introspection_cpp.hpp
[5.924s] -- Symlinking: /home/futill/dummy2_hand_eye_calibration_ws/install/share/dummy2_interface/environment/pythonpath.sh
[5.933s] -- Symlinking: /home/futill/dummy2_hand_eye_calibration_ws/install/share/dummy2_interface/environment/pythonpath.dsv
[5.941s] -- Symlinking: /home/futill/dummy2_hand_eye_calibration_ws/install/local/lib/python3.10/dist-packages/dummy2_interface-0.0.0-py3.10.egg-info/PKG-INFO
[5.950s] -- Symlinking: /home/futill/dummy2_hand_eye_calibration_ws/install/local/lib/python3.10/dist-packages/dummy2_interface-0.0.0-py3.10.egg-info/SOURCES.txt
[5.958s] -- Symlinking: /home/futill/dummy2_hand_eye_calibration_ws/install/local/lib/python3.10/dist-packages/dummy2_interface-0.0.0-py3.10.egg-info/dependency_links.txt
[5.966s] -- Symlinking: /home/futill/dummy2_hand_eye_calibration_ws/install/local/lib/python3.10/dist-packages/dummy2_interface-0.0.0-py3.10.egg-info/top_level.txt
[5.977s] -- Symlinking: /home/futill/dummy2_hand_eye_calibration_ws/install/local/lib/python3.10/dist-packages/dummy2_interface/__init__.py
[5.987s] -- Symlinking: /home/futill/dummy2_hand_eye_calibration_ws/install/local/lib/python3.10/dist-packages/dummy2_interface/_dummy2_interface_s.ep.rosidl_typesupport_c.c
[5.996s] -- Symlinking: /home/futill/dummy2_hand_eye_calibration_ws/install/local/lib/python3.10/dist-packages/dummy2_interface/_dummy2_interface_s.ep.rosidl_typesupport_fastrtps_c.c
[6.004s] -- Symlinking: /home/futill/dummy2_hand_eye_calibration_ws/install/local/lib/python3.10/dist-packages/dummy2_interface/_dummy2_interface_s.ep.rosidl_typesupport_introspection_c.c
[6.013s] -- Symlinking: /home/futill/dummy2_hand_eye_calibration_ws/install/local/lib/python3.10/dist-packages/dummy2_interface/dummy2_interface_s__rosidl_typesupport_c.cpython-310-x86_64-linux-gnu.so
[6.021s] -- Symlinking: /home/futill/dummy2_hand_eye_calibration_ws/install/local/lib/python3.10/dist-packages/dummy2_interface/dummy2_interface_s__rosidl_typesupport_fastrtps_c.cpython-310-x86_64-linux-gnu.so
[6.030s] -- Symlinking: /home/futill/dummy2_hand_eye_calibration_ws/install/local/lib/python3.10/dist-packages/dummy2_interface/dummy2_interface_s__rosidl_typesupport_introspection_c.cpython-310-x86_64-linux-gnu.so
[6.038s] -- Symlinking: /home/futill/dummy2_hand_eye_calibration_ws/install/local/lib/python3.10/dist-packages/dummy2_interface/libdummy2_interface__rosidl_generator_py.so
[6.046s] -- Symlinking: /home/futill/dummy2_hand_eye_calibration_ws/install/local/lib/python3.10/dist-packages/dummy2_interface/srv/__init__.py
[6.054s] -- Symlinking: /home/futill/dummy2_hand_eye_calibration_ws/install/local/lib/python3.10/dist-packages/dummy2_interface/srv/_init_can2eth.py
[6.063s] -- Symlinking: /home/futill/dummy2_hand_eye_calibration_ws/install/local/lib/python3.10/dist-packages/dummy2_interface/srv/_init_can2eth_s.c
[6.072s] -- Symlinking: /home/futill/dummy2_hand_eye_calibration_ws/install/local/lib/python3.10/dist-packages/dummy2_interface/srv/_read_can2eth.py
[6.081s] -- Symlinking: /home/futill/dummy2_hand_eye_calibration_ws/install/local/lib/python3.10/dist-packages/dummy2_interface/srv/_read_can2eth_s.c
[6.090s] -- Symlinking: /home/futill/dummy2_hand_eye_calibration_ws/install/local/lib/python3.10/dist-packages/dummy2_interface/srv/_write_can2eth.py
[6.098s] -- Symlinking: /home/futill/dummy2_hand_eye_calibration_ws/install/local/lib/python3.10/dist-packages/dummy2_interface/srv/_write_can2eth_s.c
[6.109s] -- Up-to-date symlink: /home/futill/dummy2_hand_eye_calibration_ws/install/local/lib/python3.10/dist-packages/dummy2_interface/dummy2_interface_s__rosidl_typesupport_fastrtps_c.cpython-310-x86_64-linux-gnu.so
[6.109s] -- Up-to-date symlink: /home/futill/dummy2_hand_eye_calibration_ws/install/local/lib/python3.10/dist-packages/dummy2_interface/dummy2_interface_s__rosidl_typesupport_introspection_c.cpython-310-x86_64-linux-gnu.so
[6.109s] -- Up-to-date symlink: /home/futill/dummy2_hand_eye_calibration_ws/install/local/lib/python3.10/dist-packages/dummy2_interface/dummy2_interface_s__rosidl_typesupport_c.cpython-310-x86_64-linux-gnu.so
[6.109s] -- Symlinking: /home/futill/dummy2_hand_eye_calibration_ws/install/share/dummy2_interface/srv/InitCan2eth.idl
[6.118s] -- Symlinking: /home/futill/dummy2_hand_eye_calibration_ws/install/share/dummy2_interface/srv/WriteCan2eth.idl
[6.127s] -- Symlinking: /home/futill/dummy2_hand_eye_calibration_ws/install/share/dummy2_interface/srv/ReadCan2eth.idl
[6.135s] -- Symlinking: /home/futill/dummy2_hand_eye_calibration_ws/install/share/dummy2_interface/srv/InitCan2eth.srv
[6.145s] -- Symlinking: /home/futill/dummy2_hand_eye_calibration_ws/install/share/dummy2_interface/srv/InitCan2eth_Request.msg
[6.154s] -- Symlinking: /home/futill/dummy2_hand_eye_calibration_ws/install/share/dummy2_interface/srv/InitCan2eth_Response.msg
[6.162s] -- Symlinking: /home/futill/dummy2_hand_eye_calibration_ws/install/share/dummy2_interface/srv/WriteCan2eth.srv
[6.172s] -- Symlinking: /home/futill/dummy2_hand_eye_calibration_ws/install/share/dummy2_interface/srv/WriteCan2eth_Request.msg
[6.182s] -- Symlinking: /home/futill/dummy2_hand_eye_calibration_ws/install/share/dummy2_interface/srv/WriteCan2eth_Response.msg
[6.191s] -- Symlinking: /home/futill/dummy2_hand_eye_calibration_ws/install/share/dummy2_interface/srv/ReadCan2eth.srv
[6.200s] -- Symlinking: /home/futill/dummy2_hand_eye_calibration_ws/install/share/dummy2_interface/srv/ReadCan2eth_Request.msg
[6.209s] -- Symlinking: /home/futill/dummy2_hand_eye_calibration_ws/install/share/dummy2_interface/srv/ReadCan2eth_Response.msg
[6.218s] -- Symlinking: /home/futill/dummy2_hand_eye_calibration_ws/install/share/ament_index/resource_index/package_run_dependencies/dummy2_interface
[6.227s] -- Symlinking: /home/futill/dummy2_hand_eye_calibration_ws/install/share/ament_index/resource_index/parent_prefix_path/dummy2_interface
[6.235s] -- Symlinking: /home/futill/dummy2_hand_eye_calibration_ws/install/share/dummy2_interface/environment/ament_prefix_path.sh
[6.244s] -- Symlinking: /home/futill/dummy2_hand_eye_calibration_ws/install/share/dummy2_interface/environment/ament_prefix_path.dsv
[6.253s] -- Symlinking: /home/futill/dummy2_hand_eye_calibration_ws/install/share/dummy2_interface/environment/path.sh
[6.262s] -- Symlinking: /home/futill/dummy2_hand_eye_calibration_ws/install/share/dummy2_interface/environment/path.dsv
[6.271s] -- Symlinking: /home/futill/dummy2_hand_eye_calibration_ws/install/share/dummy2_interface/local_setup.bash
[6.281s] -- Symlinking: /home/futill/dummy2_hand_eye_calibration_ws/install/share/dummy2_interface/local_setup.sh
[6.291s] -- Symlinking: /home/futill/dummy2_hand_eye_calibration_ws/install/share/dummy2_interface/local_setup.zsh
[6.299s] -- Symlinking: /home/futill/dummy2_hand_eye_calibration_ws/install/share/dummy2_interface/local_setup.dsv
[6.308s] -- Symlinking: /home/futill/dummy2_hand_eye_calibration_ws/install/share/dummy2_interface/package.dsv
[6.317s] -- Symlinking: /home/futill/dummy2_hand_eye_calibration_ws/install/share/ament_index/resource_index/packages/dummy2_interface
[6.326s] -- Symlinking: /home/futill/dummy2_hand_eye_calibration_ws/install/share/dummy2_interface/cmake/rosidl_cmake-extras.cmake
[6.335s] -- Symlinking: /home/futill/dummy2_hand_eye_calibration_ws/install/share/dummy2_interface/cmake/ament_cmake_export_include_directories-extras.cmake
[6.344s] -- Symlinking: /home/futill/dummy2_hand_eye_calibration_ws/install/share/dummy2_interface/cmake/ament_cmake_export_libraries-extras.cmake
[6.353s] -- Symlinking: /home/futill/dummy2_hand_eye_calibration_ws/install/share/dummy2_interface/cmake/ament_cmake_export_targets-extras.cmake
[6.361s] -- Symlinking: /home/futill/dummy2_hand_eye_calibration_ws/install/share/dummy2_interface/cmake/rosidl_cmake_export_typesupport_targets-extras.cmake
[6.371s] -- Symlinking: /home/futill/dummy2_hand_eye_calibration_ws/install/share/dummy2_interface/cmake/ament_cmake_export_dependencies-extras.cmake
[6.380s] -- Symlinking: /home/futill/dummy2_hand_eye_calibration_ws/install/share/dummy2_interface/cmake/rosidl_cmake_export_typesupport_libraries-extras.cmake
[6.389s] -- Symlinking: /home/futill/dummy2_hand_eye_calibration_ws/install/share/dummy2_interface/cmake/dummy2_interfaceConfig.cmake
[6.398s] -- Symlinking: /home/futill/dummy2_hand_eye_calibration_ws/install/share/dummy2_interface/cmake/dummy2_interfaceConfig-version.cmake
[6.407s] -- Symlinking: /home/futill/dummy2_hand_eye_calibration_ws/install/share/dummy2_interface/package.xml
[6.416s] -- Installing: /home/futill/dummy2_hand_eye_calibration_ws/install/lib/libdummy2_interface__rosidl_generator_c.so
[6.418s] -- Set runtime path of "/home/futill/dummy2_hand_eye_calibration_ws/install/lib/libdummy2_interface__rosidl_generator_c.so" to ""
[6.418s] -- Installing: /home/futill/dummy2_hand_eye_calibration_ws/install/lib/libdummy2_interface__rosidl_typesupport_fastrtps_c.so
[6.418s] -- Set runtime path of "/home/futill/dummy2_hand_eye_calibration_ws/install/lib/libdummy2_interface__rosidl_typesupport_fastrtps_c.so" to ""
[6.418s] -- Installing: /home/futill/dummy2_hand_eye_calibration_ws/install/lib/libdummy2_interface__rosidl_typesupport_fastrtps_cpp.so
[6.418s] -- Set runtime path of "/home/futill/dummy2_hand_eye_calibration_ws/install/lib/libdummy2_interface__rosidl_typesupport_fastrtps_cpp.so" to ""
[6.418s] -- Installing: /home/futill/dummy2_hand_eye_calibration_ws/install/lib/libdummy2_interface__rosidl_typesupport_introspection_c.so
[6.418s] -- Set runtime path of "/home/futill/dummy2_hand_eye_calibration_ws/install/lib/libdummy2_interface__rosidl_typesupport_introspection_c.so" to ""
[6.418s] -- Installing: /home/futill/dummy2_hand_eye_calibration_ws/install/lib/libdummy2_interface__rosidl_typesupport_c.so
[6.419s] -- Set runtime path of "/home/futill/dummy2_hand_eye_calibration_ws/install/lib/libdummy2_interface__rosidl_typesupport_c.so" to ""
[6.419s] -- Installing: /home/futill/dummy2_hand_eye_calibration_ws/install/lib/libdummy2_interface__rosidl_typesupport_introspection_cpp.so
[6.420s] -- Set runtime path of "/home/futill/dummy2_hand_eye_calibration_ws/install/lib/libdummy2_interface__rosidl_typesupport_introspection_cpp.so" to ""
[6.420s] -- Installing: /home/futill/dummy2_hand_eye_calibration_ws/install/lib/libdummy2_interface__rosidl_typesupport_cpp.so
[6.420s] -- Set runtime path of "/home/futill/dummy2_hand_eye_calibration_ws/install/lib/libdummy2_interface__rosidl_typesupport_cpp.so" to ""
[6.455s] Listing '/home/futill/dummy2_hand_eye_calibration_ws/install/local/lib/python3.10/dist-packages/dummy2_interface'...
[6.455s] Compiling '/home/futill/dummy2_hand_eye_calibration_ws/install/local/lib/python3.10/dist-packages/dummy2_interface/__init__.py'...
[6.455s] Listing '/home/futill/dummy2_hand_eye_calibration_ws/install/local/lib/python3.10/dist-packages/dummy2_interface/srv'...
[6.455s] Compiling '/home/futill/dummy2_hand_eye_calibration_ws/install/local/lib/python3.10/dist-packages/dummy2_interface/srv/__init__.py'...
[6.455s] Compiling '/home/futill/dummy2_hand_eye_calibration_ws/install/local/lib/python3.10/dist-packages/dummy2_interface/srv/_init_can2eth.py'...
[6.455s] Compiling '/home/futill/dummy2_hand_eye_calibration_ws/install/local/lib/python3.10/dist-packages/dummy2_interface/srv/_read_can2eth.py'...
[6.455s] Compiling '/home/futill/dummy2_hand_eye_calibration_ws/install/local/lib/python3.10/dist-packages/dummy2_interface/srv/_write_can2eth.py'...
[6.459s] -- Installing: /home/futill/dummy2_hand_eye_calibration_ws/install/lib/libdummy2_interface__rosidl_generator_py.so
[6.459s] -- Set runtime path of "/home/futill/dummy2_hand_eye_calibration_ws/install/lib/libdummy2_interface__rosidl_generator_py.so" to ""
[6.459s] -- Installing: /home/futill/dummy2_hand_eye_calibration_ws/install/share/dummy2_interface/cmake/export_dummy2_interface__rosidl_generator_cExport.cmake
[6.460s] -- Installing: /home/futill/dummy2_hand_eye_calibration_ws/install/share/dummy2_interface/cmake/export_dummy2_interface__rosidl_generator_cExport-release.cmake
[6.460s] -- Installing: /home/futill/dummy2_hand_eye_calibration_ws/install/share/dummy2_interface/cmake/export_dummy2_interface__rosidl_typesupport_fastrtps_cExport.cmake
[6.460s] -- Installing: /home/futill/dummy2_hand_eye_calibration_ws/install/share/dummy2_interface/cmake/export_dummy2_interface__rosidl_typesupport_fastrtps_cExport-release.cmake
[6.460s] -- Installing: /home/futill/dummy2_hand_eye_calibration_ws/install/share/dummy2_interface/cmake/export_dummy2_interface__rosidl_generator_cppExport.cmake
[6.462s] -- Installing: /home/futill/dummy2_hand_eye_calibration_ws/install/share/dummy2_interface/cmake/export_dummy2_interface__rosidl_typesupport_fastrtps_cppExport.cmake
[6.462s] -- Installing: /home/futill/dummy2_hand_eye_calibration_ws/install/share/dummy2_interface/cmake/export_dummy2_interface__rosidl_typesupport_fastrtps_cppExport-release.cmake
[6.462s] -- Installing: /home/futill/dummy2_hand_eye_calibration_ws/install/share/dummy2_interface/cmake/dummy2_interface__rosidl_typesupport_introspection_cExport.cmake
[6.462s] -- Installing: /home/futill/dummy2_hand_eye_calibration_ws/install/share/dummy2_interface/cmake/dummy2_interface__rosidl_typesupport_introspection_cExport-release.cmake
[6.462s] -- Installing: /home/futill/dummy2_hand_eye_calibration_ws/install/share/dummy2_interface/cmake/dummy2_interface__rosidl_typesupport_cExport.cmake
[6.462s] -- Installing: /home/futill/dummy2_hand_eye_calibration_ws/install/share/dummy2_interface/cmake/dummy2_interface__rosidl_typesupport_cExport-release.cmake
[6.462s] -- Installing: /home/futill/dummy2_hand_eye_calibration_ws/install/share/dummy2_interface/cmake/dummy2_interface__rosidl_typesupport_introspection_cppExport.cmake
[6.462s] -- Installing: /home/futill/dummy2_hand_eye_calibration_ws/install/share/dummy2_interface/cmake/dummy2_interface__rosidl_typesupport_introspection_cppExport-release.cmake
[6.463s] -- Installing: /home/futill/dummy2_hand_eye_calibration_ws/install/share/dummy2_interface/cmake/dummy2_interface__rosidl_typesupport_cppExport.cmake
[6.463s] -- Installing: /home/futill/dummy2_hand_eye_calibration_ws/install/share/dummy2_interface/cmake/dummy2_interface__rosidl_typesupport_cppExport-release.cmake
[6.463s] -- Installing: /home/futill/dummy2_hand_eye_calibration_ws/install/share/dummy2_interface/cmake/export_dummy2_interface__rosidl_generator_pyExport.cmake
[6.463s] -- Installing: /home/futill/dummy2_hand_eye_calibration_ws/install/share/dummy2_interface/cmake/export_dummy2_interface__rosidl_generator_pyExport-release.cmake
[6.466s] Invoked command in '/home/futill/dummy2_hand_eye_calibration_ws/build/dummy2_interface' returned '0': CMAKE_PREFIX_PATH=/opt/ros/humble /usr/bin/cmake --install /home/futill/dummy2_hand_eye_calibration_ws/build/dummy2_interface
