[0.303s] Invoking command in '/home/futill/dummy2_hand_eye_calibration_ws/build/orbbec_camera_msgs': CMAKE_PREFIX_PATH=${CMAKE_PREFIX_PATH}:/home/futill/targer_ws/install/my_robot_pkg:/opt/ros/humble /usr/bin/cmake --build /home/futill/dummy2_hand_eye_calibration_ws/build/orbbec_camera_msgs -- -j8 -l8
[0.703s] [ 12%] Built target orbbec_camera_msgs__rosidl_generator_c
[0.703s] [ 12%] Built target orbbec_camera_msgs__cpp
[0.703s] [ 12%] Built target ament_cmake_python_symlink_orbbec_camera_msgs
[0.703s] [ 24%] Built target orbbec_camera_msgs__rosidl_typesupport_introspection_c
[0.703s] [ 37%] Built target orbbec_camera_msgs__rosidl_typesupport_fastrtps_c
[0.703s] [ 53%] Built target orbbec_camera_msgs__rosidl_typesupport_fastrtps_cpp
[0.704s] [ 66%] Built target orbbec_camera_msgs__rosidl_typesupport_introspection_cpp
[0.704s] [ 71%] Built target orbbec_camera_msgs__rosidl_typesupport_c
[0.704s] [ 83%] Built target orbbec_camera_msgs__rosidl_typesupport_cpp
[0.704s] [ 83%] Built target orbbec_camera_msgs
[0.704s] [ 84%] Built target orbbec_camera_msgs__py
[0.704s] [ 95%] Built target orbbec_camera_msgs__rosidl_generator_py
[0.704s] [ 97%] Built target orbbec_camera_msgs__rosidl_typesupport_fastrtps_c__pyext
[0.704s] [ 98%] Built target orbbec_camera_msgs__rosidl_typesupport_c__pyext
[0.704s] [100%] Built target orbbec_camera_msgs__rosidl_typesupport_introspection_c__pyext
[0.736s] running egg_info
[0.737s] writing orbbec_camera_msgs.egg-info/PKG-INFO
[0.737s] writing dependency_links to orbbec_camera_msgs.egg-info/dependency_links.txt
[0.738s] writing top-level names to orbbec_camera_msgs.egg-info/top_level.txt
[0.745s] reading manifest file 'orbbec_camera_msgs.egg-info/SOURCES.txt'
[0.746s] writing manifest file 'orbbec_camera_msgs.egg-info/SOURCES.txt'
[0.873s] [100%] Built target ament_cmake_python_build_orbbec_camera_msgs_egg
[0.999s] Invoked command in '/home/futill/dummy2_hand_eye_calibration_ws/build/orbbec_camera_msgs' returned '0': CMAKE_PREFIX_PATH=${CMAKE_PREFIX_PATH}:/home/futill/targer_ws/install/my_robot_pkg:/opt/ros/humble /usr/bin/cmake --build /home/futill/dummy2_hand_eye_calibration_ws/build/orbbec_camera_msgs -- -j8 -l8
[1.005s] Invoking command in '/home/futill/dummy2_hand_eye_calibration_ws/build/orbbec_camera_msgs': CMAKE_PREFIX_PATH=${CMAKE_PREFIX_PATH}:/home/futill/targer_ws/install/my_robot_pkg:/opt/ros/humble /usr/bin/cmake --install /home/futill/dummy2_hand_eye_calibration_ws/build/orbbec_camera_msgs
[1.006s] -- Install configuration: "Release"
[1.006s] -- Execute custom install script
[1.007s] -- Up-to-date symlink: /home/futill/dummy2_hand_eye_calibration_ws/install/share/ament_index/resource_index/rosidl_interfaces/orbbec_camera_msgs
[1.020s] -- Up-to-date symlink: /home/futill/dummy2_hand_eye_calibration_ws/install/include/orbbec_camera_msgs/orbbec_camera_msgs/msg/detail/device_info__functions.h
[1.020s] -- Up-to-date symlink: /home/futill/dummy2_hand_eye_calibration_ws/install/include/orbbec_camera_msgs/orbbec_camera_msgs/msg/detail/device_info__struct.h
[1.020s] -- Up-to-date symlink: /home/futill/dummy2_hand_eye_calibration_ws/install/include/orbbec_camera_msgs/orbbec_camera_msgs/msg/detail/device_info__type_support.h
[1.021s] -- Up-to-date symlink: /home/futill/dummy2_hand_eye_calibration_ws/install/include/orbbec_camera_msgs/orbbec_camera_msgs/msg/detail/extrinsics__functions.h
[1.021s] -- Up-to-date symlink: /home/futill/dummy2_hand_eye_calibration_ws/install/include/orbbec_camera_msgs/orbbec_camera_msgs/msg/detail/extrinsics__struct.h
[1.021s] -- Up-to-date symlink: /home/futill/dummy2_hand_eye_calibration_ws/install/include/orbbec_camera_msgs/orbbec_camera_msgs/msg/detail/extrinsics__type_support.h
[1.023s] -- Up-to-date symlink: /home/futill/dummy2_hand_eye_calibration_ws/install/include/orbbec_camera_msgs/orbbec_camera_msgs/msg/detail/imu_info__functions.h
[1.023s] -- Up-to-date symlink: /home/futill/dummy2_hand_eye_calibration_ws/install/include/orbbec_camera_msgs/orbbec_camera_msgs/msg/detail/imu_info__struct.h
[1.023s] -- Up-to-date symlink: /home/futill/dummy2_hand_eye_calibration_ws/install/include/orbbec_camera_msgs/orbbec_camera_msgs/msg/detail/imu_info__type_support.h
[1.024s] -- Up-to-date symlink: /home/futill/dummy2_hand_eye_calibration_ws/install/include/orbbec_camera_msgs/orbbec_camera_msgs/msg/detail/metadata__functions.h
[1.024s] -- Up-to-date symlink: /home/futill/dummy2_hand_eye_calibration_ws/install/include/orbbec_camera_msgs/orbbec_camera_msgs/msg/detail/metadata__struct.h
[1.024s] -- Up-to-date symlink: /home/futill/dummy2_hand_eye_calibration_ws/install/include/orbbec_camera_msgs/orbbec_camera_msgs/msg/detail/metadata__type_support.h
[1.024s] -- Up-to-date symlink: /home/futill/dummy2_hand_eye_calibration_ws/install/include/orbbec_camera_msgs/orbbec_camera_msgs/msg/detail/rgbd__functions.h
[1.024s] -- Up-to-date symlink: /home/futill/dummy2_hand_eye_calibration_ws/install/include/orbbec_camera_msgs/orbbec_camera_msgs/msg/detail/rgbd__struct.h
[1.024s] -- Up-to-date symlink: /home/futill/dummy2_hand_eye_calibration_ws/install/include/orbbec_camera_msgs/orbbec_camera_msgs/msg/detail/rgbd__type_support.h
[1.026s] -- Up-to-date symlink: /home/futill/dummy2_hand_eye_calibration_ws/install/include/orbbec_camera_msgs/orbbec_camera_msgs/msg/device_info.h
[1.028s] -- Up-to-date symlink: /home/futill/dummy2_hand_eye_calibration_ws/install/include/orbbec_camera_msgs/orbbec_camera_msgs/msg/extrinsics.h
[1.028s] -- Up-to-date symlink: /home/futill/dummy2_hand_eye_calibration_ws/install/include/orbbec_camera_msgs/orbbec_camera_msgs/msg/imu_info.h
[1.028s] -- Up-to-date symlink: /home/futill/dummy2_hand_eye_calibration_ws/install/include/orbbec_camera_msgs/orbbec_camera_msgs/msg/metadata.h
[1.028s] -- Up-to-date symlink: /home/futill/dummy2_hand_eye_calibration_ws/install/include/orbbec_camera_msgs/orbbec_camera_msgs/msg/rgbd.h
[1.029s] -- Up-to-date symlink: /home/futill/dummy2_hand_eye_calibration_ws/install/include/orbbec_camera_msgs/orbbec_camera_msgs/msg/rosidl_generator_c__visibility_control.h
[1.029s] -- Up-to-date symlink: /home/futill/dummy2_hand_eye_calibration_ws/install/include/orbbec_camera_msgs/orbbec_camera_msgs/srv/detail/get_bool__functions.h
[1.029s] -- Up-to-date symlink: /home/futill/dummy2_hand_eye_calibration_ws/install/include/orbbec_camera_msgs/orbbec_camera_msgs/srv/detail/get_bool__struct.h
[1.029s] -- Up-to-date symlink: /home/futill/dummy2_hand_eye_calibration_ws/install/include/orbbec_camera_msgs/orbbec_camera_msgs/srv/detail/get_bool__type_support.h
[1.033s] -- Up-to-date symlink: /home/futill/dummy2_hand_eye_calibration_ws/install/include/orbbec_camera_msgs/orbbec_camera_msgs/srv/detail/get_camera_info__functions.h
[1.034s] -- Up-to-date symlink: /home/futill/dummy2_hand_eye_calibration_ws/install/include/orbbec_camera_msgs/orbbec_camera_msgs/srv/detail/get_camera_info__struct.h
[1.034s] -- Up-to-date symlink: /home/futill/dummy2_hand_eye_calibration_ws/install/include/orbbec_camera_msgs/orbbec_camera_msgs/srv/detail/get_camera_info__type_support.h
[1.036s] -- Up-to-date symlink: /home/futill/dummy2_hand_eye_calibration_ws/install/include/orbbec_camera_msgs/orbbec_camera_msgs/srv/detail/get_device_info__functions.h
[1.036s] -- Up-to-date symlink: /home/futill/dummy2_hand_eye_calibration_ws/install/include/orbbec_camera_msgs/orbbec_camera_msgs/srv/detail/get_device_info__struct.h
[1.036s] -- Up-to-date symlink: /home/futill/dummy2_hand_eye_calibration_ws/install/include/orbbec_camera_msgs/orbbec_camera_msgs/srv/detail/get_device_info__type_support.h
[1.036s] -- Up-to-date symlink: /home/futill/dummy2_hand_eye_calibration_ws/install/include/orbbec_camera_msgs/orbbec_camera_msgs/srv/detail/get_int32__functions.h
[1.036s] -- Up-to-date symlink: /home/futill/dummy2_hand_eye_calibration_ws/install/include/orbbec_camera_msgs/orbbec_camera_msgs/srv/detail/get_int32__struct.h
[1.037s] -- Up-to-date symlink: /home/futill/dummy2_hand_eye_calibration_ws/install/include/orbbec_camera_msgs/orbbec_camera_msgs/srv/detail/get_int32__type_support.h
[1.039s] -- Up-to-date symlink: /home/futill/dummy2_hand_eye_calibration_ws/install/include/orbbec_camera_msgs/orbbec_camera_msgs/srv/detail/get_string__functions.h
[1.039s] -- Up-to-date symlink: /home/futill/dummy2_hand_eye_calibration_ws/install/include/orbbec_camera_msgs/orbbec_camera_msgs/srv/detail/get_string__struct.h
[1.040s] -- Up-to-date symlink: /home/futill/dummy2_hand_eye_calibration_ws/install/include/orbbec_camera_msgs/orbbec_camera_msgs/srv/detail/get_string__type_support.h
[1.040s] -- Up-to-date symlink: /home/futill/dummy2_hand_eye_calibration_ws/install/include/orbbec_camera_msgs/orbbec_camera_msgs/srv/detail/set_int32__functions.h
[1.040s] -- Up-to-date symlink: /home/futill/dummy2_hand_eye_calibration_ws/install/include/orbbec_camera_msgs/orbbec_camera_msgs/srv/detail/set_int32__struct.h
[1.040s] -- Up-to-date symlink: /home/futill/dummy2_hand_eye_calibration_ws/install/include/orbbec_camera_msgs/orbbec_camera_msgs/srv/detail/set_int32__type_support.h
[1.040s] -- Up-to-date symlink: /home/futill/dummy2_hand_eye_calibration_ws/install/include/orbbec_camera_msgs/orbbec_camera_msgs/srv/detail/set_string__functions.h
[1.041s] -- Up-to-date symlink: /home/futill/dummy2_hand_eye_calibration_ws/install/include/orbbec_camera_msgs/orbbec_camera_msgs/srv/detail/set_string__struct.h
[1.041s] -- Up-to-date symlink: /home/futill/dummy2_hand_eye_calibration_ws/install/include/orbbec_camera_msgs/orbbec_camera_msgs/srv/detail/set_string__type_support.h
[1.041s] -- Up-to-date symlink: /home/futill/dummy2_hand_eye_calibration_ws/install/include/orbbec_camera_msgs/orbbec_camera_msgs/srv/get_bool.h
[1.042s] -- Up-to-date symlink: /home/futill/dummy2_hand_eye_calibration_ws/install/include/orbbec_camera_msgs/orbbec_camera_msgs/srv/get_camera_info.h
[1.042s] -- Up-to-date symlink: /home/futill/dummy2_hand_eye_calibration_ws/install/include/orbbec_camera_msgs/orbbec_camera_msgs/srv/get_device_info.h
[1.043s] -- Up-to-date symlink: /home/futill/dummy2_hand_eye_calibration_ws/install/include/orbbec_camera_msgs/orbbec_camera_msgs/srv/get_int32.h
[1.043s] -- Up-to-date symlink: /home/futill/dummy2_hand_eye_calibration_ws/install/include/orbbec_camera_msgs/orbbec_camera_msgs/srv/get_string.h
[1.043s] -- Up-to-date symlink: /home/futill/dummy2_hand_eye_calibration_ws/install/include/orbbec_camera_msgs/orbbec_camera_msgs/srv/set_int32.h
[1.043s] -- Up-to-date symlink: /home/futill/dummy2_hand_eye_calibration_ws/install/include/orbbec_camera_msgs/orbbec_camera_msgs/srv/set_string.h
[1.043s] -- Up-to-date symlink: /home/futill/dummy2_hand_eye_calibration_ws/install/share/orbbec_camera_msgs/environment/library_path.sh
[1.043s] -- Up-to-date symlink: /home/futill/dummy2_hand_eye_calibration_ws/install/share/orbbec_camera_msgs/environment/library_path.dsv
[1.043s] -- Up-to-date symlink: /home/futill/dummy2_hand_eye_calibration_ws/install/include/orbbec_camera_msgs/orbbec_camera_msgs/msg/detail/device_info__rosidl_typesupport_fastrtps_c.h
[1.043s] -- Up-to-date symlink: /home/futill/dummy2_hand_eye_calibration_ws/install/include/orbbec_camera_msgs/orbbec_camera_msgs/msg/detail/extrinsics__rosidl_typesupport_fastrtps_c.h
[1.044s] -- Up-to-date symlink: /home/futill/dummy2_hand_eye_calibration_ws/install/include/orbbec_camera_msgs/orbbec_camera_msgs/msg/detail/imu_info__rosidl_typesupport_fastrtps_c.h
[1.044s] -- Up-to-date symlink: /home/futill/dummy2_hand_eye_calibration_ws/install/include/orbbec_camera_msgs/orbbec_camera_msgs/msg/detail/metadata__rosidl_typesupport_fastrtps_c.h
[1.044s] -- Up-to-date symlink: /home/futill/dummy2_hand_eye_calibration_ws/install/include/orbbec_camera_msgs/orbbec_camera_msgs/msg/detail/rgbd__rosidl_typesupport_fastrtps_c.h
[1.046s] -- Up-to-date symlink: /home/futill/dummy2_hand_eye_calibration_ws/install/include/orbbec_camera_msgs/orbbec_camera_msgs/msg/rosidl_typesupport_fastrtps_c__visibility_control.h
[1.046s] -- Up-to-date symlink: /home/futill/dummy2_hand_eye_calibration_ws/install/include/orbbec_camera_msgs/orbbec_camera_msgs/srv/detail/get_bool__rosidl_typesupport_fastrtps_c.h
[1.046s] -- Up-to-date symlink: /home/futill/dummy2_hand_eye_calibration_ws/install/include/orbbec_camera_msgs/orbbec_camera_msgs/srv/detail/get_camera_info__rosidl_typesupport_fastrtps_c.h
[1.047s] -- Up-to-date symlink: /home/futill/dummy2_hand_eye_calibration_ws/install/include/orbbec_camera_msgs/orbbec_camera_msgs/srv/detail/get_device_info__rosidl_typesupport_fastrtps_c.h
[1.047s] -- Up-to-date symlink: /home/futill/dummy2_hand_eye_calibration_ws/install/include/orbbec_camera_msgs/orbbec_camera_msgs/srv/detail/get_int32__rosidl_typesupport_fastrtps_c.h
[1.047s] -- Up-to-date symlink: /home/futill/dummy2_hand_eye_calibration_ws/install/include/orbbec_camera_msgs/orbbec_camera_msgs/srv/detail/get_string__rosidl_typesupport_fastrtps_c.h
[1.047s] -- Up-to-date symlink: /home/futill/dummy2_hand_eye_calibration_ws/install/include/orbbec_camera_msgs/orbbec_camera_msgs/srv/detail/set_int32__rosidl_typesupport_fastrtps_c.h
[1.047s] -- Up-to-date symlink: /home/futill/dummy2_hand_eye_calibration_ws/install/include/orbbec_camera_msgs/orbbec_camera_msgs/srv/detail/set_string__rosidl_typesupport_fastrtps_c.h
[1.047s] -- Up-to-date symlink: /home/futill/dummy2_hand_eye_calibration_ws/install/include/orbbec_camera_msgs/orbbec_camera_msgs/msg/detail/device_info__rosidl_typesupport_introspection_c.h
[1.052s] -- Up-to-date symlink: /home/futill/dummy2_hand_eye_calibration_ws/install/include/orbbec_camera_msgs/orbbec_camera_msgs/msg/detail/extrinsics__rosidl_typesupport_introspection_c.h
[1.052s] -- Up-to-date symlink: /home/futill/dummy2_hand_eye_calibration_ws/install/include/orbbec_camera_msgs/orbbec_camera_msgs/msg/detail/imu_info__rosidl_typesupport_introspection_c.h
[1.053s] -- Up-to-date symlink: /home/futill/dummy2_hand_eye_calibration_ws/install/include/orbbec_camera_msgs/orbbec_camera_msgs/msg/detail/metadata__rosidl_typesupport_introspection_c.h
[1.053s] -- Up-to-date symlink: /home/futill/dummy2_hand_eye_calibration_ws/install/include/orbbec_camera_msgs/orbbec_camera_msgs/msg/detail/rgbd__rosidl_typesupport_introspection_c.h
[1.054s] -- Up-to-date symlink: /home/futill/dummy2_hand_eye_calibration_ws/install/include/orbbec_camera_msgs/orbbec_camera_msgs/msg/rosidl_typesupport_introspection_c__visibility_control.h
[1.054s] -- Up-to-date symlink: /home/futill/dummy2_hand_eye_calibration_ws/install/include/orbbec_camera_msgs/orbbec_camera_msgs/srv/detail/get_bool__rosidl_typesupport_introspection_c.h
[1.054s] -- Up-to-date symlink: /home/futill/dummy2_hand_eye_calibration_ws/install/include/orbbec_camera_msgs/orbbec_camera_msgs/srv/detail/get_camera_info__rosidl_typesupport_introspection_c.h
[1.054s] -- Up-to-date symlink: /home/futill/dummy2_hand_eye_calibration_ws/install/include/orbbec_camera_msgs/orbbec_camera_msgs/srv/detail/get_device_info__rosidl_typesupport_introspection_c.h
[1.055s] -- Up-to-date symlink: /home/futill/dummy2_hand_eye_calibration_ws/install/include/orbbec_camera_msgs/orbbec_camera_msgs/srv/detail/get_int32__rosidl_typesupport_introspection_c.h
[1.055s] -- Up-to-date symlink: /home/futill/dummy2_hand_eye_calibration_ws/install/include/orbbec_camera_msgs/orbbec_camera_msgs/srv/detail/get_string__rosidl_typesupport_introspection_c.h
[1.055s] -- Up-to-date symlink: /home/futill/dummy2_hand_eye_calibration_ws/install/include/orbbec_camera_msgs/orbbec_camera_msgs/srv/detail/set_int32__rosidl_typesupport_introspection_c.h
[1.055s] -- Up-to-date symlink: /home/futill/dummy2_hand_eye_calibration_ws/install/include/orbbec_camera_msgs/orbbec_camera_msgs/srv/detail/set_string__rosidl_typesupport_introspection_c.h
[1.055s] -- Up-to-date symlink: /home/futill/dummy2_hand_eye_calibration_ws/install/include/orbbec_camera_msgs/orbbec_camera_msgs/msg/detail/device_info__builder.hpp
[1.055s] -- Up-to-date symlink: /home/futill/dummy2_hand_eye_calibration_ws/install/include/orbbec_camera_msgs/orbbec_camera_msgs/msg/detail/device_info__struct.hpp
[1.055s] -- Up-to-date symlink: /home/futill/dummy2_hand_eye_calibration_ws/install/include/orbbec_camera_msgs/orbbec_camera_msgs/msg/detail/device_info__traits.hpp
[1.056s] -- Up-to-date symlink: /home/futill/dummy2_hand_eye_calibration_ws/install/include/orbbec_camera_msgs/orbbec_camera_msgs/msg/detail/device_info__type_support.hpp
[1.056s] -- Up-to-date symlink: /home/futill/dummy2_hand_eye_calibration_ws/install/include/orbbec_camera_msgs/orbbec_camera_msgs/msg/detail/extrinsics__builder.hpp
[1.056s] -- Up-to-date symlink: /home/futill/dummy2_hand_eye_calibration_ws/install/include/orbbec_camera_msgs/orbbec_camera_msgs/msg/detail/extrinsics__struct.hpp
[1.056s] -- Up-to-date symlink: /home/futill/dummy2_hand_eye_calibration_ws/install/include/orbbec_camera_msgs/orbbec_camera_msgs/msg/detail/extrinsics__traits.hpp
[1.056s] -- Up-to-date symlink: /home/futill/dummy2_hand_eye_calibration_ws/install/include/orbbec_camera_msgs/orbbec_camera_msgs/msg/detail/extrinsics__type_support.hpp
[1.057s] -- Up-to-date symlink: /home/futill/dummy2_hand_eye_calibration_ws/install/include/orbbec_camera_msgs/orbbec_camera_msgs/msg/detail/imu_info__builder.hpp
[1.057s] -- Up-to-date symlink: /home/futill/dummy2_hand_eye_calibration_ws/install/include/orbbec_camera_msgs/orbbec_camera_msgs/msg/detail/imu_info__struct.hpp
[1.057s] -- Up-to-date symlink: /home/futill/dummy2_hand_eye_calibration_ws/install/include/orbbec_camera_msgs/orbbec_camera_msgs/msg/detail/imu_info__traits.hpp
[1.057s] -- Up-to-date symlink: /home/futill/dummy2_hand_eye_calibration_ws/install/include/orbbec_camera_msgs/orbbec_camera_msgs/msg/detail/imu_info__type_support.hpp
[1.057s] -- Up-to-date symlink: /home/futill/dummy2_hand_eye_calibration_ws/install/include/orbbec_camera_msgs/orbbec_camera_msgs/msg/detail/metadata__builder.hpp
[1.057s] -- Up-to-date symlink: /home/futill/dummy2_hand_eye_calibration_ws/install/include/orbbec_camera_msgs/orbbec_camera_msgs/msg/detail/metadata__struct.hpp
[1.057s] -- Up-to-date symlink: /home/futill/dummy2_hand_eye_calibration_ws/install/include/orbbec_camera_msgs/orbbec_camera_msgs/msg/detail/metadata__traits.hpp
[1.058s] -- Up-to-date symlink: /home/futill/dummy2_hand_eye_calibration_ws/install/include/orbbec_camera_msgs/orbbec_camera_msgs/msg/detail/metadata__type_support.hpp
[1.058s] -- Up-to-date symlink: /home/futill/dummy2_hand_eye_calibration_ws/install/include/orbbec_camera_msgs/orbbec_camera_msgs/msg/detail/rgbd__builder.hpp
[1.058s] -- Up-to-date symlink: /home/futill/dummy2_hand_eye_calibration_ws/install/include/orbbec_camera_msgs/orbbec_camera_msgs/msg/detail/rgbd__struct.hpp
[1.058s] -- Up-to-date symlink: /home/futill/dummy2_hand_eye_calibration_ws/install/include/orbbec_camera_msgs/orbbec_camera_msgs/msg/detail/rgbd__traits.hpp
[1.058s] -- Up-to-date symlink: /home/futill/dummy2_hand_eye_calibration_ws/install/include/orbbec_camera_msgs/orbbec_camera_msgs/msg/detail/rgbd__type_support.hpp
[1.058s] -- Up-to-date symlink: /home/futill/dummy2_hand_eye_calibration_ws/install/include/orbbec_camera_msgs/orbbec_camera_msgs/msg/device_info.hpp
[1.058s] -- Up-to-date symlink: /home/futill/dummy2_hand_eye_calibration_ws/install/include/orbbec_camera_msgs/orbbec_camera_msgs/msg/extrinsics.hpp
[1.058s] -- Up-to-date symlink: /home/futill/dummy2_hand_eye_calibration_ws/install/include/orbbec_camera_msgs/orbbec_camera_msgs/msg/imu_info.hpp
[1.058s] -- Up-to-date symlink: /home/futill/dummy2_hand_eye_calibration_ws/install/include/orbbec_camera_msgs/orbbec_camera_msgs/msg/metadata.hpp
[1.058s] -- Up-to-date symlink: /home/futill/dummy2_hand_eye_calibration_ws/install/include/orbbec_camera_msgs/orbbec_camera_msgs/msg/rgbd.hpp
[1.058s] -- Up-to-date symlink: /home/futill/dummy2_hand_eye_calibration_ws/install/include/orbbec_camera_msgs/orbbec_camera_msgs/msg/rosidl_generator_cpp__visibility_control.hpp
[1.058s] -- Up-to-date symlink: /home/futill/dummy2_hand_eye_calibration_ws/install/include/orbbec_camera_msgs/orbbec_camera_msgs/srv/detail/get_bool__builder.hpp
[1.058s] -- Up-to-date symlink: /home/futill/dummy2_hand_eye_calibration_ws/install/include/orbbec_camera_msgs/orbbec_camera_msgs/srv/detail/get_bool__struct.hpp
[1.058s] -- Up-to-date symlink: /home/futill/dummy2_hand_eye_calibration_ws/install/include/orbbec_camera_msgs/orbbec_camera_msgs/srv/detail/get_bool__traits.hpp
[1.058s] -- Up-to-date symlink: /home/futill/dummy2_hand_eye_calibration_ws/install/include/orbbec_camera_msgs/orbbec_camera_msgs/srv/detail/get_bool__type_support.hpp
[1.058s] -- Up-to-date symlink: /home/futill/dummy2_hand_eye_calibration_ws/install/include/orbbec_camera_msgs/orbbec_camera_msgs/srv/detail/get_camera_info__builder.hpp
[1.058s] -- Up-to-date symlink: /home/futill/dummy2_hand_eye_calibration_ws/install/include/orbbec_camera_msgs/orbbec_camera_msgs/srv/detail/get_camera_info__struct.hpp
[1.058s] -- Up-to-date symlink: /home/futill/dummy2_hand_eye_calibration_ws/install/include/orbbec_camera_msgs/orbbec_camera_msgs/srv/detail/get_camera_info__traits.hpp
[1.058s] -- Up-to-date symlink: /home/futill/dummy2_hand_eye_calibration_ws/install/include/orbbec_camera_msgs/orbbec_camera_msgs/srv/detail/get_camera_info__type_support.hpp
[1.058s] -- Up-to-date symlink: /home/futill/dummy2_hand_eye_calibration_ws/install/include/orbbec_camera_msgs/orbbec_camera_msgs/srv/detail/get_device_info__builder.hpp
[1.059s] -- Up-to-date symlink: /home/futill/dummy2_hand_eye_calibration_ws/install/include/orbbec_camera_msgs/orbbec_camera_msgs/srv/detail/get_device_info__struct.hpp
[1.059s] -- Up-to-date symlink: /home/futill/dummy2_hand_eye_calibration_ws/install/include/orbbec_camera_msgs/orbbec_camera_msgs/srv/detail/get_device_info__traits.hpp
[1.059s] -- Up-to-date symlink: /home/futill/dummy2_hand_eye_calibration_ws/install/include/orbbec_camera_msgs/orbbec_camera_msgs/srv/detail/get_device_info__type_support.hpp
[1.059s] -- Up-to-date symlink: /home/futill/dummy2_hand_eye_calibration_ws/install/include/orbbec_camera_msgs/orbbec_camera_msgs/srv/detail/get_int32__builder.hpp
[1.059s] -- Up-to-date symlink: /home/futill/dummy2_hand_eye_calibration_ws/install/include/orbbec_camera_msgs/orbbec_camera_msgs/srv/detail/get_int32__struct.hpp
[1.059s] -- Up-to-date symlink: /home/futill/dummy2_hand_eye_calibration_ws/install/include/orbbec_camera_msgs/orbbec_camera_msgs/srv/detail/get_int32__traits.hpp
[1.059s] -- Up-to-date symlink: /home/futill/dummy2_hand_eye_calibration_ws/install/include/orbbec_camera_msgs/orbbec_camera_msgs/srv/detail/get_int32__type_support.hpp
[1.059s] -- Up-to-date symlink: /home/futill/dummy2_hand_eye_calibration_ws/install/include/orbbec_camera_msgs/orbbec_camera_msgs/srv/detail/get_string__builder.hpp
[1.059s] -- Up-to-date symlink: /home/futill/dummy2_hand_eye_calibration_ws/install/include/orbbec_camera_msgs/orbbec_camera_msgs/srv/detail/get_string__struct.hpp
[1.059s] -- Up-to-date symlink: /home/futill/dummy2_hand_eye_calibration_ws/install/include/orbbec_camera_msgs/orbbec_camera_msgs/srv/detail/get_string__traits.hpp
[1.059s] -- Up-to-date symlink: /home/futill/dummy2_hand_eye_calibration_ws/install/include/orbbec_camera_msgs/orbbec_camera_msgs/srv/detail/get_string__type_support.hpp
[1.059s] -- Up-to-date symlink: /home/futill/dummy2_hand_eye_calibration_ws/install/include/orbbec_camera_msgs/orbbec_camera_msgs/srv/detail/set_int32__builder.hpp
[1.059s] -- Up-to-date symlink: /home/futill/dummy2_hand_eye_calibration_ws/install/include/orbbec_camera_msgs/orbbec_camera_msgs/srv/detail/set_int32__struct.hpp
[1.059s] -- Up-to-date symlink: /home/futill/dummy2_hand_eye_calibration_ws/install/include/orbbec_camera_msgs/orbbec_camera_msgs/srv/detail/set_int32__traits.hpp
[1.059s] -- Up-to-date symlink: /home/futill/dummy2_hand_eye_calibration_ws/install/include/orbbec_camera_msgs/orbbec_camera_msgs/srv/detail/set_int32__type_support.hpp
[1.059s] -- Up-to-date symlink: /home/futill/dummy2_hand_eye_calibration_ws/install/include/orbbec_camera_msgs/orbbec_camera_msgs/srv/detail/set_string__builder.hpp
[1.059s] -- Up-to-date symlink: /home/futill/dummy2_hand_eye_calibration_ws/install/include/orbbec_camera_msgs/orbbec_camera_msgs/srv/detail/set_string__struct.hpp
[1.059s] -- Up-to-date symlink: /home/futill/dummy2_hand_eye_calibration_ws/install/include/orbbec_camera_msgs/orbbec_camera_msgs/srv/detail/set_string__traits.hpp
[1.059s] -- Up-to-date symlink: /home/futill/dummy2_hand_eye_calibration_ws/install/include/orbbec_camera_msgs/orbbec_camera_msgs/srv/detail/set_string__type_support.hpp
[1.059s] -- Up-to-date symlink: /home/futill/dummy2_hand_eye_calibration_ws/install/include/orbbec_camera_msgs/orbbec_camera_msgs/srv/get_bool.hpp
[1.059s] -- Up-to-date symlink: /home/futill/dummy2_hand_eye_calibration_ws/install/include/orbbec_camera_msgs/orbbec_camera_msgs/srv/get_camera_info.hpp
[1.059s] -- Up-to-date symlink: /home/futill/dummy2_hand_eye_calibration_ws/install/include/orbbec_camera_msgs/orbbec_camera_msgs/srv/get_device_info.hpp
[1.060s] -- Up-to-date symlink: /home/futill/dummy2_hand_eye_calibration_ws/install/include/orbbec_camera_msgs/orbbec_camera_msgs/srv/get_int32.hpp
[1.060s] -- Up-to-date symlink: /home/futill/dummy2_hand_eye_calibration_ws/install/include/orbbec_camera_msgs/orbbec_camera_msgs/srv/get_string.hpp
[1.060s] -- Up-to-date symlink: /home/futill/dummy2_hand_eye_calibration_ws/install/include/orbbec_camera_msgs/orbbec_camera_msgs/srv/set_int32.hpp
[1.060s] -- Up-to-date symlink: /home/futill/dummy2_hand_eye_calibration_ws/install/include/orbbec_camera_msgs/orbbec_camera_msgs/srv/set_string.hpp
[1.060s] -- Up-to-date symlink: /home/futill/dummy2_hand_eye_calibration_ws/install/include/orbbec_camera_msgs/orbbec_camera_msgs/msg/detail/device_info__rosidl_typesupport_fastrtps_cpp.hpp
[1.060s] -- Up-to-date symlink: /home/futill/dummy2_hand_eye_calibration_ws/install/include/orbbec_camera_msgs/orbbec_camera_msgs/msg/detail/extrinsics__rosidl_typesupport_fastrtps_cpp.hpp
[1.060s] -- Up-to-date symlink: /home/futill/dummy2_hand_eye_calibration_ws/install/include/orbbec_camera_msgs/orbbec_camera_msgs/msg/detail/imu_info__rosidl_typesupport_fastrtps_cpp.hpp
[1.060s] -- Up-to-date symlink: /home/futill/dummy2_hand_eye_calibration_ws/install/include/orbbec_camera_msgs/orbbec_camera_msgs/msg/detail/metadata__rosidl_typesupport_fastrtps_cpp.hpp
[1.060s] -- Up-to-date symlink: /home/futill/dummy2_hand_eye_calibration_ws/install/include/orbbec_camera_msgs/orbbec_camera_msgs/msg/detail/rgbd__rosidl_typesupport_fastrtps_cpp.hpp
[1.060s] -- Up-to-date symlink: /home/futill/dummy2_hand_eye_calibration_ws/install/include/orbbec_camera_msgs/orbbec_camera_msgs/msg/rosidl_typesupport_fastrtps_cpp__visibility_control.h
[1.060s] -- Up-to-date symlink: /home/futill/dummy2_hand_eye_calibration_ws/install/include/orbbec_camera_msgs/orbbec_camera_msgs/srv/detail/get_bool__rosidl_typesupport_fastrtps_cpp.hpp
[1.060s] -- Up-to-date symlink: /home/futill/dummy2_hand_eye_calibration_ws/install/include/orbbec_camera_msgs/orbbec_camera_msgs/srv/detail/get_camera_info__rosidl_typesupport_fastrtps_cpp.hpp
[1.060s] -- Up-to-date symlink: /home/futill/dummy2_hand_eye_calibration_ws/install/include/orbbec_camera_msgs/orbbec_camera_msgs/srv/detail/get_device_info__rosidl_typesupport_fastrtps_cpp.hpp
[1.060s] -- Up-to-date symlink: /home/futill/dummy2_hand_eye_calibration_ws/install/include/orbbec_camera_msgs/orbbec_camera_msgs/srv/detail/get_int32__rosidl_typesupport_fastrtps_cpp.hpp
[1.060s] -- Up-to-date symlink: /home/futill/dummy2_hand_eye_calibration_ws/install/include/orbbec_camera_msgs/orbbec_camera_msgs/srv/detail/get_string__rosidl_typesupport_fastrtps_cpp.hpp
[1.060s] -- Up-to-date symlink: /home/futill/dummy2_hand_eye_calibration_ws/install/include/orbbec_camera_msgs/orbbec_camera_msgs/srv/detail/set_int32__rosidl_typesupport_fastrtps_cpp.hpp
[1.060s] -- Up-to-date symlink: /home/futill/dummy2_hand_eye_calibration_ws/install/include/orbbec_camera_msgs/orbbec_camera_msgs/srv/detail/set_string__rosidl_typesupport_fastrtps_cpp.hpp
[1.060s] -- Up-to-date symlink: /home/futill/dummy2_hand_eye_calibration_ws/install/include/orbbec_camera_msgs/orbbec_camera_msgs/msg/detail/device_info__rosidl_typesupport_introspection_cpp.hpp
[1.060s] -- Up-to-date symlink: /home/futill/dummy2_hand_eye_calibration_ws/install/include/orbbec_camera_msgs/orbbec_camera_msgs/msg/detail/extrinsics__rosidl_typesupport_introspection_cpp.hpp
[1.064s] -- Up-to-date symlink: /home/futill/dummy2_hand_eye_calibration_ws/install/include/orbbec_camera_msgs/orbbec_camera_msgs/msg/detail/imu_info__rosidl_typesupport_introspection_cpp.hpp
[1.064s] -- Up-to-date symlink: /home/futill/dummy2_hand_eye_calibration_ws/install/include/orbbec_camera_msgs/orbbec_camera_msgs/msg/detail/metadata__rosidl_typesupport_introspection_cpp.hpp
[1.064s] -- Up-to-date symlink: /home/futill/dummy2_hand_eye_calibration_ws/install/include/orbbec_camera_msgs/orbbec_camera_msgs/msg/detail/rgbd__rosidl_typesupport_introspection_cpp.hpp
[1.065s] -- Up-to-date symlink: /home/futill/dummy2_hand_eye_calibration_ws/install/include/orbbec_camera_msgs/orbbec_camera_msgs/srv/detail/get_bool__rosidl_typesupport_introspection_cpp.hpp
[1.065s] -- Up-to-date symlink: /home/futill/dummy2_hand_eye_calibration_ws/install/include/orbbec_camera_msgs/orbbec_camera_msgs/srv/detail/get_camera_info__rosidl_typesupport_introspection_cpp.hpp
[1.065s] -- Up-to-date symlink: /home/futill/dummy2_hand_eye_calibration_ws/install/include/orbbec_camera_msgs/orbbec_camera_msgs/srv/detail/get_device_info__rosidl_typesupport_introspection_cpp.hpp
[1.065s] -- Up-to-date symlink: /home/futill/dummy2_hand_eye_calibration_ws/install/include/orbbec_camera_msgs/orbbec_camera_msgs/srv/detail/get_int32__rosidl_typesupport_introspection_cpp.hpp
[1.066s] -- Up-to-date symlink: /home/futill/dummy2_hand_eye_calibration_ws/install/include/orbbec_camera_msgs/orbbec_camera_msgs/srv/detail/get_string__rosidl_typesupport_introspection_cpp.hpp
[1.066s] -- Up-to-date symlink: /home/futill/dummy2_hand_eye_calibration_ws/install/include/orbbec_camera_msgs/orbbec_camera_msgs/srv/detail/set_int32__rosidl_typesupport_introspection_cpp.hpp
[1.066s] -- Up-to-date symlink: /home/futill/dummy2_hand_eye_calibration_ws/install/include/orbbec_camera_msgs/orbbec_camera_msgs/srv/detail/set_string__rosidl_typesupport_introspection_cpp.hpp
[1.066s] -- Up-to-date symlink: /home/futill/dummy2_hand_eye_calibration_ws/install/share/orbbec_camera_msgs/environment/pythonpath.sh
[1.066s] -- Up-to-date symlink: /home/futill/dummy2_hand_eye_calibration_ws/install/share/orbbec_camera_msgs/environment/pythonpath.dsv
[1.066s] -- Up-to-date symlink: /home/futill/dummy2_hand_eye_calibration_ws/install/local/lib/python3.10/dist-packages/orbbec_camera_msgs-1.2.2-py3.10.egg-info/PKG-INFO
[1.066s] -- Up-to-date symlink: /home/futill/dummy2_hand_eye_calibration_ws/install/local/lib/python3.10/dist-packages/orbbec_camera_msgs-1.2.2-py3.10.egg-info/SOURCES.txt
[1.066s] -- Up-to-date symlink: /home/futill/dummy2_hand_eye_calibration_ws/install/local/lib/python3.10/dist-packages/orbbec_camera_msgs-1.2.2-py3.10.egg-info/dependency_links.txt
[1.067s] -- Up-to-date symlink: /home/futill/dummy2_hand_eye_calibration_ws/install/local/lib/python3.10/dist-packages/orbbec_camera_msgs-1.2.2-py3.10.egg-info/top_level.txt
[1.068s] -- Up-to-date symlink: /home/futill/dummy2_hand_eye_calibration_ws/install/local/lib/python3.10/dist-packages/orbbec_camera_msgs/__init__.py
[1.068s] -- Up-to-date symlink: /home/futill/dummy2_hand_eye_calibration_ws/install/local/lib/python3.10/dist-packages/orbbec_camera_msgs/_orbbec_camera_msgs_s.ep.rosidl_typesupport_c.c
[1.068s] -- Up-to-date symlink: /home/futill/dummy2_hand_eye_calibration_ws/install/local/lib/python3.10/dist-packages/orbbec_camera_msgs/_orbbec_camera_msgs_s.ep.rosidl_typesupport_fastrtps_c.c
[1.068s] -- Up-to-date symlink: /home/futill/dummy2_hand_eye_calibration_ws/install/local/lib/python3.10/dist-packages/orbbec_camera_msgs/_orbbec_camera_msgs_s.ep.rosidl_typesupport_introspection_c.c
[1.069s] -- Up-to-date symlink: /home/futill/dummy2_hand_eye_calibration_ws/install/local/lib/python3.10/dist-packages/orbbec_camera_msgs/liborbbec_camera_msgs__rosidl_generator_py.so
[1.069s] -- Up-to-date symlink: /home/futill/dummy2_hand_eye_calibration_ws/install/local/lib/python3.10/dist-packages/orbbec_camera_msgs/msg/__init__.py
[1.069s] -- Up-to-date symlink: /home/futill/dummy2_hand_eye_calibration_ws/install/local/lib/python3.10/dist-packages/orbbec_camera_msgs/msg/_device_info.py
[1.069s] -- Up-to-date symlink: /home/futill/dummy2_hand_eye_calibration_ws/install/local/lib/python3.10/dist-packages/orbbec_camera_msgs/msg/_device_info_s.c
[1.071s] -- Up-to-date symlink: /home/futill/dummy2_hand_eye_calibration_ws/install/local/lib/python3.10/dist-packages/orbbec_camera_msgs/msg/_extrinsics.py
[1.072s] -- Up-to-date symlink: /home/futill/dummy2_hand_eye_calibration_ws/install/local/lib/python3.10/dist-packages/orbbec_camera_msgs/msg/_extrinsics_s.c
[1.072s] -- Up-to-date symlink: /home/futill/dummy2_hand_eye_calibration_ws/install/local/lib/python3.10/dist-packages/orbbec_camera_msgs/msg/_imu_info.py
[1.072s] -- Up-to-date symlink: /home/futill/dummy2_hand_eye_calibration_ws/install/local/lib/python3.10/dist-packages/orbbec_camera_msgs/msg/_imu_info_s.c
[1.072s] -- Up-to-date symlink: /home/futill/dummy2_hand_eye_calibration_ws/install/local/lib/python3.10/dist-packages/orbbec_camera_msgs/msg/_metadata.py
[1.072s] -- Up-to-date symlink: /home/futill/dummy2_hand_eye_calibration_ws/install/local/lib/python3.10/dist-packages/orbbec_camera_msgs/msg/_metadata_s.c
[1.072s] -- Up-to-date symlink: /home/futill/dummy2_hand_eye_calibration_ws/install/local/lib/python3.10/dist-packages/orbbec_camera_msgs/msg/_rgbd.py
[1.072s] -- Up-to-date symlink: /home/futill/dummy2_hand_eye_calibration_ws/install/local/lib/python3.10/dist-packages/orbbec_camera_msgs/msg/_rgbd_s.c
[1.072s] -- Up-to-date symlink: /home/futill/dummy2_hand_eye_calibration_ws/install/local/lib/python3.10/dist-packages/orbbec_camera_msgs/orbbec_camera_msgs_s__rosidl_typesupport_c.cpython-310-x86_64-linux-gnu.so
[1.072s] -- Up-to-date symlink: /home/futill/dummy2_hand_eye_calibration_ws/install/local/lib/python3.10/dist-packages/orbbec_camera_msgs/orbbec_camera_msgs_s__rosidl_typesupport_fastrtps_c.cpython-310-x86_64-linux-gnu.so
[1.072s] -- Up-to-date symlink: /home/futill/dummy2_hand_eye_calibration_ws/install/local/lib/python3.10/dist-packages/orbbec_camera_msgs/orbbec_camera_msgs_s__rosidl_typesupport_introspection_c.cpython-310-x86_64-linux-gnu.so
[1.072s] -- Up-to-date symlink: /home/futill/dummy2_hand_eye_calibration_ws/install/local/lib/python3.10/dist-packages/orbbec_camera_msgs/srv/__init__.py
[1.073s] -- Up-to-date symlink: /home/futill/dummy2_hand_eye_calibration_ws/install/local/lib/python3.10/dist-packages/orbbec_camera_msgs/srv/_get_bool.py
[1.073s] -- Up-to-date symlink: /home/futill/dummy2_hand_eye_calibration_ws/install/local/lib/python3.10/dist-packages/orbbec_camera_msgs/srv/_get_bool_s.c
[1.073s] -- Up-to-date symlink: /home/futill/dummy2_hand_eye_calibration_ws/install/local/lib/python3.10/dist-packages/orbbec_camera_msgs/srv/_get_camera_info.py
[1.073s] -- Up-to-date symlink: /home/futill/dummy2_hand_eye_calibration_ws/install/local/lib/python3.10/dist-packages/orbbec_camera_msgs/srv/_get_camera_info_s.c
[1.073s] -- Up-to-date symlink: /home/futill/dummy2_hand_eye_calibration_ws/install/local/lib/python3.10/dist-packages/orbbec_camera_msgs/srv/_get_device_info.py
[1.073s] -- Up-to-date symlink: /home/futill/dummy2_hand_eye_calibration_ws/install/local/lib/python3.10/dist-packages/orbbec_camera_msgs/srv/_get_device_info_s.c
[1.073s] -- Up-to-date symlink: /home/futill/dummy2_hand_eye_calibration_ws/install/local/lib/python3.10/dist-packages/orbbec_camera_msgs/srv/_get_int32.py
[1.073s] -- Up-to-date symlink: /home/futill/dummy2_hand_eye_calibration_ws/install/local/lib/python3.10/dist-packages/orbbec_camera_msgs/srv/_get_int32_s.c
[1.073s] -- Up-to-date symlink: /home/futill/dummy2_hand_eye_calibration_ws/install/local/lib/python3.10/dist-packages/orbbec_camera_msgs/srv/_get_string.py
[1.073s] -- Up-to-date symlink: /home/futill/dummy2_hand_eye_calibration_ws/install/local/lib/python3.10/dist-packages/orbbec_camera_msgs/srv/_get_string_s.c
[1.074s] -- Up-to-date symlink: /home/futill/dummy2_hand_eye_calibration_ws/install/local/lib/python3.10/dist-packages/orbbec_camera_msgs/srv/_set_int32.py
[1.074s] -- Up-to-date symlink: /home/futill/dummy2_hand_eye_calibration_ws/install/local/lib/python3.10/dist-packages/orbbec_camera_msgs/srv/_set_int32_s.c
[1.074s] -- Up-to-date symlink: /home/futill/dummy2_hand_eye_calibration_ws/install/local/lib/python3.10/dist-packages/orbbec_camera_msgs/srv/_set_string.py
[1.074s] -- Up-to-date symlink: /home/futill/dummy2_hand_eye_calibration_ws/install/local/lib/python3.10/dist-packages/orbbec_camera_msgs/srv/_set_string_s.c
[1.074s] -- Up-to-date symlink: /home/futill/dummy2_hand_eye_calibration_ws/install/local/lib/python3.10/dist-packages/orbbec_camera_msgs/orbbec_camera_msgs_s__rosidl_typesupport_fastrtps_c.cpython-310-x86_64-linux-gnu.so
[1.074s] -- Up-to-date symlink: /home/futill/dummy2_hand_eye_calibration_ws/install/local/lib/python3.10/dist-packages/orbbec_camera_msgs/orbbec_camera_msgs_s__rosidl_typesupport_introspection_c.cpython-310-x86_64-linux-gnu.so
[1.074s] -- Up-to-date symlink: /home/futill/dummy2_hand_eye_calibration_ws/install/local/lib/python3.10/dist-packages/orbbec_camera_msgs/orbbec_camera_msgs_s__rosidl_typesupport_c.cpython-310-x86_64-linux-gnu.so
[1.074s] -- Up-to-date symlink: /home/futill/dummy2_hand_eye_calibration_ws/install/share/orbbec_camera_msgs/msg/DeviceInfo.idl
[1.074s] -- Up-to-date symlink: /home/futill/dummy2_hand_eye_calibration_ws/install/share/orbbec_camera_msgs/msg/Extrinsics.idl
[1.075s] -- Up-to-date symlink: /home/futill/dummy2_hand_eye_calibration_ws/install/share/orbbec_camera_msgs/msg/Metadata.idl
[1.075s] -- Up-to-date symlink: /home/futill/dummy2_hand_eye_calibration_ws/install/share/orbbec_camera_msgs/msg/IMUInfo.idl
[1.075s] -- Up-to-date symlink: /home/futill/dummy2_hand_eye_calibration_ws/install/share/orbbec_camera_msgs/msg/RGBD.idl
[1.076s] -- Up-to-date symlink: /home/futill/dummy2_hand_eye_calibration_ws/install/share/orbbec_camera_msgs/srv/GetBool.idl
[1.080s] -- Up-to-date symlink: /home/futill/dummy2_hand_eye_calibration_ws/install/share/orbbec_camera_msgs/srv/GetDeviceInfo.idl
[1.080s] -- Up-to-date symlink: /home/futill/dummy2_hand_eye_calibration_ws/install/share/orbbec_camera_msgs/srv/GetCameraInfo.idl
[1.080s] -- Up-to-date symlink: /home/futill/dummy2_hand_eye_calibration_ws/install/share/orbbec_camera_msgs/srv/GetInt32.idl
[1.080s] -- Up-to-date symlink: /home/futill/dummy2_hand_eye_calibration_ws/install/share/orbbec_camera_msgs/srv/GetString.idl
[1.080s] -- Up-to-date symlink: /home/futill/dummy2_hand_eye_calibration_ws/install/share/orbbec_camera_msgs/srv/SetInt32.idl
[1.080s] -- Up-to-date symlink: /home/futill/dummy2_hand_eye_calibration_ws/install/share/orbbec_camera_msgs/srv/SetString.idl
[1.080s] -- Up-to-date symlink: /home/futill/dummy2_hand_eye_calibration_ws/install/share/orbbec_camera_msgs/msg/DeviceInfo.msg
[1.081s] -- Up-to-date symlink: /home/futill/dummy2_hand_eye_calibration_ws/install/share/orbbec_camera_msgs/msg/Extrinsics.msg
[1.081s] -- Up-to-date symlink: /home/futill/dummy2_hand_eye_calibration_ws/install/share/orbbec_camera_msgs/msg/Metadata.msg
[1.081s] -- Up-to-date symlink: /home/futill/dummy2_hand_eye_calibration_ws/install/share/orbbec_camera_msgs/msg/IMUInfo.msg
[1.081s] -- Up-to-date symlink: /home/futill/dummy2_hand_eye_calibration_ws/install/share/orbbec_camera_msgs/msg/RGBD.msg
[1.081s] -- Up-to-date symlink: /home/futill/dummy2_hand_eye_calibration_ws/install/share/orbbec_camera_msgs/srv/GetBool.srv
[1.081s] -- Up-to-date symlink: /home/futill/dummy2_hand_eye_calibration_ws/install/share/orbbec_camera_msgs/srv/GetBool_Request.msg
[1.081s] -- Up-to-date symlink: /home/futill/dummy2_hand_eye_calibration_ws/install/share/orbbec_camera_msgs/srv/GetBool_Response.msg
[1.081s] -- Up-to-date symlink: /home/futill/dummy2_hand_eye_calibration_ws/install/share/orbbec_camera_msgs/srv/GetDeviceInfo.srv
[1.081s] -- Up-to-date symlink: /home/futill/dummy2_hand_eye_calibration_ws/install/share/orbbec_camera_msgs/srv/GetDeviceInfo_Request.msg
[1.081s] -- Up-to-date symlink: /home/futill/dummy2_hand_eye_calibration_ws/install/share/orbbec_camera_msgs/srv/GetDeviceInfo_Response.msg
[1.081s] -- Up-to-date symlink: /home/futill/dummy2_hand_eye_calibration_ws/install/share/orbbec_camera_msgs/srv/GetCameraInfo.srv
[1.081s] -- Up-to-date symlink: /home/futill/dummy2_hand_eye_calibration_ws/install/share/orbbec_camera_msgs/srv/GetCameraInfo_Request.msg
[1.081s] -- Up-to-date symlink: /home/futill/dummy2_hand_eye_calibration_ws/install/share/orbbec_camera_msgs/srv/GetCameraInfo_Response.msg
[1.081s] -- Up-to-date symlink: /home/futill/dummy2_hand_eye_calibration_ws/install/share/orbbec_camera_msgs/srv/GetInt32.srv
[1.081s] -- Up-to-date symlink: /home/futill/dummy2_hand_eye_calibration_ws/install/share/orbbec_camera_msgs/srv/GetInt32_Request.msg
[1.081s] -- Up-to-date symlink: /home/futill/dummy2_hand_eye_calibration_ws/install/share/orbbec_camera_msgs/srv/GetInt32_Response.msg
[1.081s] -- Up-to-date symlink: /home/futill/dummy2_hand_eye_calibration_ws/install/share/orbbec_camera_msgs/srv/GetString.srv
[1.081s] -- Up-to-date symlink: /home/futill/dummy2_hand_eye_calibration_ws/install/share/orbbec_camera_msgs/srv/GetString_Request.msg
[1.082s] -- Up-to-date symlink: /home/futill/dummy2_hand_eye_calibration_ws/install/share/orbbec_camera_msgs/srv/GetString_Response.msg
[1.082s] -- Up-to-date symlink: /home/futill/dummy2_hand_eye_calibration_ws/install/share/orbbec_camera_msgs/srv/SetInt32.srv
[1.082s] -- Up-to-date symlink: /home/futill/dummy2_hand_eye_calibration_ws/install/share/orbbec_camera_msgs/srv/SetInt32_Request.msg
[1.082s] -- Up-to-date symlink: /home/futill/dummy2_hand_eye_calibration_ws/install/share/orbbec_camera_msgs/srv/SetInt32_Response.msg
[1.082s] -- Up-to-date symlink: /home/futill/dummy2_hand_eye_calibration_ws/install/share/orbbec_camera_msgs/srv/SetString.srv
[1.082s] -- Up-to-date symlink: /home/futill/dummy2_hand_eye_calibration_ws/install/share/orbbec_camera_msgs/srv/SetString_Request.msg
[1.082s] -- Up-to-date symlink: /home/futill/dummy2_hand_eye_calibration_ws/install/share/orbbec_camera_msgs/srv/SetString_Response.msg
[1.083s] -- Up-to-date symlink: /home/futill/dummy2_hand_eye_calibration_ws/install/share/ament_index/resource_index/package_run_dependencies/orbbec_camera_msgs
[1.083s] -- Up-to-date symlink: /home/futill/dummy2_hand_eye_calibration_ws/install/share/ament_index/resource_index/parent_prefix_path/orbbec_camera_msgs
[1.083s] -- Up-to-date symlink: /home/futill/dummy2_hand_eye_calibration_ws/install/share/orbbec_camera_msgs/environment/ament_prefix_path.sh
[1.087s] -- Up-to-date symlink: /home/futill/dummy2_hand_eye_calibration_ws/install/share/orbbec_camera_msgs/environment/ament_prefix_path.dsv
[1.088s] -- Up-to-date symlink: /home/futill/dummy2_hand_eye_calibration_ws/install/share/orbbec_camera_msgs/environment/path.sh
[1.088s] -- Up-to-date symlink: /home/futill/dummy2_hand_eye_calibration_ws/install/share/orbbec_camera_msgs/environment/path.dsv
[1.088s] -- Up-to-date symlink: /home/futill/dummy2_hand_eye_calibration_ws/install/share/orbbec_camera_msgs/local_setup.bash
[1.088s] -- Up-to-date symlink: /home/futill/dummy2_hand_eye_calibration_ws/install/share/orbbec_camera_msgs/local_setup.sh
[1.088s] -- Up-to-date symlink: /home/futill/dummy2_hand_eye_calibration_ws/install/share/orbbec_camera_msgs/local_setup.zsh
[1.088s] -- Up-to-date symlink: /home/futill/dummy2_hand_eye_calibration_ws/install/share/orbbec_camera_msgs/local_setup.dsv
[1.088s] -- Symlinking: /home/futill/dummy2_hand_eye_calibration_ws/install/share/orbbec_camera_msgs/package.dsv
[1.098s] -- Up-to-date symlink: /home/futill/dummy2_hand_eye_calibration_ws/install/share/ament_index/resource_index/packages/orbbec_camera_msgs
[1.102s] -- Up-to-date symlink: /home/futill/dummy2_hand_eye_calibration_ws/install/share/orbbec_camera_msgs/cmake/rosidl_cmake-extras.cmake
[1.102s] -- Up-to-date symlink: /home/futill/dummy2_hand_eye_calibration_ws/install/share/orbbec_camera_msgs/cmake/ament_cmake_export_dependencies-extras.cmake
[1.102s] -- Up-to-date symlink: /home/futill/dummy2_hand_eye_calibration_ws/install/share/orbbec_camera_msgs/cmake/ament_cmake_export_include_directories-extras.cmake
[1.102s] -- Up-to-date symlink: /home/futill/dummy2_hand_eye_calibration_ws/install/share/orbbec_camera_msgs/cmake/ament_cmake_export_libraries-extras.cmake
[1.103s] -- Up-to-date symlink: /home/futill/dummy2_hand_eye_calibration_ws/install/share/orbbec_camera_msgs/cmake/ament_cmake_export_targets-extras.cmake
[1.103s] -- Up-to-date symlink: /home/futill/dummy2_hand_eye_calibration_ws/install/share/orbbec_camera_msgs/cmake/rosidl_cmake_export_typesupport_targets-extras.cmake
[1.103s] -- Up-to-date symlink: /home/futill/dummy2_hand_eye_calibration_ws/install/share/orbbec_camera_msgs/cmake/rosidl_cmake_export_typesupport_libraries-extras.cmake
[1.103s] -- Up-to-date symlink: /home/futill/dummy2_hand_eye_calibration_ws/install/share/orbbec_camera_msgs/cmake/orbbec_camera_msgsConfig.cmake
[1.103s] -- Up-to-date symlink: /home/futill/dummy2_hand_eye_calibration_ws/install/share/orbbec_camera_msgs/cmake/orbbec_camera_msgsConfig-version.cmake
[1.103s] -- Up-to-date symlink: /home/futill/dummy2_hand_eye_calibration_ws/install/share/orbbec_camera_msgs/package.xml
[1.103s] -- Up-to-date: /home/futill/dummy2_hand_eye_calibration_ws/install/lib/liborbbec_camera_msgs__rosidl_generator_c.so
[1.103s] -- Up-to-date: /home/futill/dummy2_hand_eye_calibration_ws/install/lib/liborbbec_camera_msgs__rosidl_typesupport_fastrtps_c.so
[1.103s] -- Up-to-date: /home/futill/dummy2_hand_eye_calibration_ws/install/lib/liborbbec_camera_msgs__rosidl_typesupport_introspection_c.so
[1.109s] -- Up-to-date: /home/futill/dummy2_hand_eye_calibration_ws/install/lib/liborbbec_camera_msgs__rosidl_typesupport_c.so
[1.109s] -- Up-to-date: /home/futill/dummy2_hand_eye_calibration_ws/install/lib/liborbbec_camera_msgs__rosidl_typesupport_fastrtps_cpp.so
[1.109s] -- Up-to-date: /home/futill/dummy2_hand_eye_calibration_ws/install/lib/liborbbec_camera_msgs__rosidl_typesupport_introspection_cpp.so
[1.110s] -- Up-to-date: /home/futill/dummy2_hand_eye_calibration_ws/install/lib/liborbbec_camera_msgs__rosidl_typesupport_cpp.so
[1.124s] Listing '/home/futill/dummy2_hand_eye_calibration_ws/install/local/lib/python3.10/dist-packages/orbbec_camera_msgs'...
[1.124s] Listing '/home/futill/dummy2_hand_eye_calibration_ws/install/local/lib/python3.10/dist-packages/orbbec_camera_msgs/msg'...
[1.124s] Listing '/home/futill/dummy2_hand_eye_calibration_ws/install/local/lib/python3.10/dist-packages/orbbec_camera_msgs/srv'...
[1.126s] -- Up-to-date: /home/futill/dummy2_hand_eye_calibration_ws/install/lib/liborbbec_camera_msgs__rosidl_generator_py.so
[1.126s] -- Up-to-date: /home/futill/dummy2_hand_eye_calibration_ws/install/share/orbbec_camera_msgs/cmake/export_orbbec_camera_msgs__rosidl_generator_cExport.cmake
[1.126s] -- Up-to-date: /home/futill/dummy2_hand_eye_calibration_ws/install/share/orbbec_camera_msgs/cmake/export_orbbec_camera_msgs__rosidl_generator_cExport-release.cmake
[1.126s] -- Up-to-date: /home/futill/dummy2_hand_eye_calibration_ws/install/share/orbbec_camera_msgs/cmake/export_orbbec_camera_msgs__rosidl_typesupport_fastrtps_cExport.cmake
[1.126s] -- Up-to-date: /home/futill/dummy2_hand_eye_calibration_ws/install/share/orbbec_camera_msgs/cmake/export_orbbec_camera_msgs__rosidl_typesupport_fastrtps_cExport-release.cmake
[1.126s] -- Up-to-date: /home/futill/dummy2_hand_eye_calibration_ws/install/share/orbbec_camera_msgs/cmake/orbbec_camera_msgs__rosidl_typesupport_introspection_cExport.cmake
[1.126s] -- Up-to-date: /home/futill/dummy2_hand_eye_calibration_ws/install/share/orbbec_camera_msgs/cmake/orbbec_camera_msgs__rosidl_typesupport_introspection_cExport-release.cmake
[1.126s] -- Up-to-date: /home/futill/dummy2_hand_eye_calibration_ws/install/share/orbbec_camera_msgs/cmake/orbbec_camera_msgs__rosidl_typesupport_cExport.cmake
[1.127s] -- Up-to-date: /home/futill/dummy2_hand_eye_calibration_ws/install/share/orbbec_camera_msgs/cmake/orbbec_camera_msgs__rosidl_typesupport_cExport-release.cmake
[1.127s] -- Up-to-date: /home/futill/dummy2_hand_eye_calibration_ws/install/share/orbbec_camera_msgs/cmake/export_orbbec_camera_msgs__rosidl_generator_cppExport.cmake
[1.127s] -- Up-to-date: /home/futill/dummy2_hand_eye_calibration_ws/install/share/orbbec_camera_msgs/cmake/export_orbbec_camera_msgs__rosidl_typesupport_fastrtps_cppExport.cmake
[1.127s] -- Up-to-date: /home/futill/dummy2_hand_eye_calibration_ws/install/share/orbbec_camera_msgs/cmake/export_orbbec_camera_msgs__rosidl_typesupport_fastrtps_cppExport-release.cmake
[1.127s] -- Up-to-date: /home/futill/dummy2_hand_eye_calibration_ws/install/share/orbbec_camera_msgs/cmake/orbbec_camera_msgs__rosidl_typesupport_introspection_cppExport.cmake
[1.127s] -- Up-to-date: /home/futill/dummy2_hand_eye_calibration_ws/install/share/orbbec_camera_msgs/cmake/orbbec_camera_msgs__rosidl_typesupport_introspection_cppExport-release.cmake
[1.127s] -- Up-to-date: /home/futill/dummy2_hand_eye_calibration_ws/install/share/orbbec_camera_msgs/cmake/orbbec_camera_msgs__rosidl_typesupport_cppExport.cmake
[1.127s] -- Up-to-date: /home/futill/dummy2_hand_eye_calibration_ws/install/share/orbbec_camera_msgs/cmake/orbbec_camera_msgs__rosidl_typesupport_cppExport-release.cmake
[1.127s] -- Up-to-date: /home/futill/dummy2_hand_eye_calibration_ws/install/share/orbbec_camera_msgs/cmake/export_orbbec_camera_msgs__rosidl_generator_pyExport.cmake
[1.127s] -- Up-to-date: /home/futill/dummy2_hand_eye_calibration_ws/install/share/orbbec_camera_msgs/cmake/export_orbbec_camera_msgs__rosidl_generator_pyExport-release.cmake
[1.278s] Invoked command in '/home/futill/dummy2_hand_eye_calibration_ws/build/orbbec_camera_msgs' returned '0': CMAKE_PREFIX_PATH=${CMAKE_PREFIX_PATH}:/home/futill/targer_ws/install/my_robot_pkg:/opt/ros/humble /usr/bin/cmake --install /home/futill/dummy2_hand_eye_calibration_ws/build/orbbec_camera_msgs
