[0.296s] Invoking command in '/home/futill/dummy2_hand_eye_calibration_ws/build/orbbec_camera_msgs': CMAKE_PREFIX_PATH=${CMAKE_PREFIX_PATH}:/home/futill/targer_ws/install/my_robot_pkg:/opt/ros/humble /usr/bin/cmake --build /home/futill/dummy2_hand_eye_calibration_ws/build/orbbec_camera_msgs -- -j8 -l8
[0.659s] [  0%] Built target ament_cmake_python_symlink_orbbec_camera_msgs
[0.659s] [ 12%] Built target orbbec_camera_msgs__rosidl_generator_c
[0.659s] [ 12%] Built target orbbec_camera_msgs__cpp
[0.659s] [ 24%] Built target orbbec_camera_msgs__rosidl_typesupport_fastrtps_c
[0.659s] [ 36%] Built target orbbec_camera_msgs__rosidl_typesupport_cpp
[0.659s] [ 48%] Built target orbbec_camera_msgs__rosidl_typesupport_introspection_c
[0.659s] [ 73%] Built target orbbec_camera_msgs__rosidl_typesupport_introspection_cpp
[0.659s] [ 73%] Built target orbbec_camera_msgs__rosidl_typesupport_c
[0.659s] [ 83%] Built target orbbec_camera_msgs__rosidl_typesupport_fastrtps_cpp
[0.659s] [ 83%] Built target orbbec_camera_msgs
[0.659s] [ 84%] Built target orbbec_camera_msgs__py
[0.659s] [ 95%] Built target orbbec_camera_msgs__rosidl_generator_py
[0.659s] [ 97%] Built target orbbec_camera_msgs__rosidl_typesupport_fastrtps_c__pyext
[0.659s] [ 99%] Built target orbbec_camera_msgs__rosidl_typesupport_introspection_c__pyext
[0.659s] [100%] Built target orbbec_camera_msgs__rosidl_typesupport_c__pyext
[0.712s] running egg_info
[0.712s] writing orbbec_camera_msgs.egg-info/PKG-INFO
[0.712s] writing dependency_links to orbbec_camera_msgs.egg-info/dependency_links.txt
[0.713s] writing top-level names to orbbec_camera_msgs.egg-info/top_level.txt
[0.718s] reading manifest file 'orbbec_camera_msgs.egg-info/SOURCES.txt'
[0.719s] writing manifest file 'orbbec_camera_msgs.egg-info/SOURCES.txt'
[0.811s] [100%] Built target ament_cmake_python_build_orbbec_camera_msgs_egg
[0.860s] Invoked command in '/home/futill/dummy2_hand_eye_calibration_ws/build/orbbec_camera_msgs' returned '0': CMAKE_PREFIX_PATH=${CMAKE_PREFIX_PATH}:/home/futill/targer_ws/install/my_robot_pkg:/opt/ros/humble /usr/bin/cmake --build /home/futill/dummy2_hand_eye_calibration_ws/build/orbbec_camera_msgs -- -j8 -l8
[0.866s] Invoking command in '/home/futill/dummy2_hand_eye_calibration_ws/build/orbbec_camera_msgs': CMAKE_PREFIX_PATH=${CMAKE_PREFIX_PATH}:/home/futill/targer_ws/install/my_robot_pkg:/opt/ros/humble /usr/bin/cmake --install /home/futill/dummy2_hand_eye_calibration_ws/build/orbbec_camera_msgs
[0.870s] -- Install configuration: "Release"
[0.872s] -- Execute custom install script
[0.873s] -- Up-to-date symlink: /home/futill/dummy2_hand_eye_calibration_ws/install/share/ament_index/resource_index/rosidl_interfaces/orbbec_camera_msgs
[0.878s] -- Up-to-date symlink: /home/futill/dummy2_hand_eye_calibration_ws/install/include/orbbec_camera_msgs/orbbec_camera_msgs/msg/detail/device_info__functions.h
[0.879s] -- Up-to-date symlink: /home/futill/dummy2_hand_eye_calibration_ws/install/include/orbbec_camera_msgs/orbbec_camera_msgs/msg/detail/device_info__struct.h
[0.879s] -- Up-to-date symlink: /home/futill/dummy2_hand_eye_calibration_ws/install/include/orbbec_camera_msgs/orbbec_camera_msgs/msg/detail/device_info__type_support.h
[0.879s] -- Up-to-date symlink: /home/futill/dummy2_hand_eye_calibration_ws/install/include/orbbec_camera_msgs/orbbec_camera_msgs/msg/detail/extrinsics__functions.h
[0.879s] -- Up-to-date symlink: /home/futill/dummy2_hand_eye_calibration_ws/install/include/orbbec_camera_msgs/orbbec_camera_msgs/msg/detail/extrinsics__struct.h
[0.880s] -- Up-to-date symlink: /home/futill/dummy2_hand_eye_calibration_ws/install/include/orbbec_camera_msgs/orbbec_camera_msgs/msg/detail/extrinsics__type_support.h
[0.880s] -- Up-to-date symlink: /home/futill/dummy2_hand_eye_calibration_ws/install/include/orbbec_camera_msgs/orbbec_camera_msgs/msg/detail/imu_info__functions.h
[0.880s] -- Up-to-date symlink: /home/futill/dummy2_hand_eye_calibration_ws/install/include/orbbec_camera_msgs/orbbec_camera_msgs/msg/detail/imu_info__struct.h
[0.880s] -- Up-to-date symlink: /home/futill/dummy2_hand_eye_calibration_ws/install/include/orbbec_camera_msgs/orbbec_camera_msgs/msg/detail/imu_info__type_support.h
[0.880s] -- Up-to-date symlink: /home/futill/dummy2_hand_eye_calibration_ws/install/include/orbbec_camera_msgs/orbbec_camera_msgs/msg/detail/metadata__functions.h
[0.880s] -- Up-to-date symlink: /home/futill/dummy2_hand_eye_calibration_ws/install/include/orbbec_camera_msgs/orbbec_camera_msgs/msg/detail/metadata__struct.h
[0.880s] -- Up-to-date symlink: /home/futill/dummy2_hand_eye_calibration_ws/install/include/orbbec_camera_msgs/orbbec_camera_msgs/msg/detail/metadata__type_support.h
[0.880s] -- Up-to-date symlink: /home/futill/dummy2_hand_eye_calibration_ws/install/include/orbbec_camera_msgs/orbbec_camera_msgs/msg/detail/rgbd__functions.h
[0.880s] -- Up-to-date symlink: /home/futill/dummy2_hand_eye_calibration_ws/install/include/orbbec_camera_msgs/orbbec_camera_msgs/msg/detail/rgbd__struct.h
[0.880s] -- Up-to-date symlink: /home/futill/dummy2_hand_eye_calibration_ws/install/include/orbbec_camera_msgs/orbbec_camera_msgs/msg/detail/rgbd__type_support.h
[0.880s] -- Up-to-date symlink: /home/futill/dummy2_hand_eye_calibration_ws/install/include/orbbec_camera_msgs/orbbec_camera_msgs/msg/device_info.h
[0.880s] -- Up-to-date symlink: /home/futill/dummy2_hand_eye_calibration_ws/install/include/orbbec_camera_msgs/orbbec_camera_msgs/msg/extrinsics.h
[0.880s] -- Up-to-date symlink: /home/futill/dummy2_hand_eye_calibration_ws/install/include/orbbec_camera_msgs/orbbec_camera_msgs/msg/imu_info.h
[0.880s] -- Up-to-date symlink: /home/futill/dummy2_hand_eye_calibration_ws/install/include/orbbec_camera_msgs/orbbec_camera_msgs/msg/metadata.h
[0.881s] -- Up-to-date symlink: /home/futill/dummy2_hand_eye_calibration_ws/install/include/orbbec_camera_msgs/orbbec_camera_msgs/msg/rgbd.h
[0.881s] -- Up-to-date symlink: /home/futill/dummy2_hand_eye_calibration_ws/install/include/orbbec_camera_msgs/orbbec_camera_msgs/msg/rosidl_generator_c__visibility_control.h
[0.881s] -- Up-to-date symlink: /home/futill/dummy2_hand_eye_calibration_ws/install/include/orbbec_camera_msgs/orbbec_camera_msgs/srv/detail/get_bool__functions.h
[0.881s] -- Up-to-date symlink: /home/futill/dummy2_hand_eye_calibration_ws/install/include/orbbec_camera_msgs/orbbec_camera_msgs/srv/detail/get_bool__struct.h
[0.882s] -- Up-to-date symlink: /home/futill/dummy2_hand_eye_calibration_ws/install/include/orbbec_camera_msgs/orbbec_camera_msgs/srv/detail/get_bool__type_support.h
[0.882s] -- Up-to-date symlink: /home/futill/dummy2_hand_eye_calibration_ws/install/include/orbbec_camera_msgs/orbbec_camera_msgs/srv/detail/get_camera_info__functions.h
[0.882s] -- Up-to-date symlink: /home/futill/dummy2_hand_eye_calibration_ws/install/include/orbbec_camera_msgs/orbbec_camera_msgs/srv/detail/get_camera_info__struct.h
[0.882s] -- Up-to-date symlink: /home/futill/dummy2_hand_eye_calibration_ws/install/include/orbbec_camera_msgs/orbbec_camera_msgs/srv/detail/get_camera_info__type_support.h
[0.882s] -- Up-to-date symlink: /home/futill/dummy2_hand_eye_calibration_ws/install/include/orbbec_camera_msgs/orbbec_camera_msgs/srv/detail/get_device_info__functions.h
[0.882s] -- Up-to-date symlink: /home/futill/dummy2_hand_eye_calibration_ws/install/include/orbbec_camera_msgs/orbbec_camera_msgs/srv/detail/get_device_info__struct.h
[0.882s] -- Up-to-date symlink: /home/futill/dummy2_hand_eye_calibration_ws/install/include/orbbec_camera_msgs/orbbec_camera_msgs/srv/detail/get_device_info__type_support.h
[0.882s] -- Up-to-date symlink: /home/futill/dummy2_hand_eye_calibration_ws/install/include/orbbec_camera_msgs/orbbec_camera_msgs/srv/detail/get_int32__functions.h
[0.882s] -- Up-to-date symlink: /home/futill/dummy2_hand_eye_calibration_ws/install/include/orbbec_camera_msgs/orbbec_camera_msgs/srv/detail/get_int32__struct.h
[0.885s] -- Up-to-date symlink: /home/futill/dummy2_hand_eye_calibration_ws/install/include/orbbec_camera_msgs/orbbec_camera_msgs/srv/detail/get_int32__type_support.h
[0.885s] -- Up-to-date symlink: /home/futill/dummy2_hand_eye_calibration_ws/install/include/orbbec_camera_msgs/orbbec_camera_msgs/srv/detail/get_string__functions.h
[0.888s] -- Up-to-date symlink: /home/futill/dummy2_hand_eye_calibration_ws/install/include/orbbec_camera_msgs/orbbec_camera_msgs/srv/detail/get_string__struct.h
[0.888s] -- Up-to-date symlink: /home/futill/dummy2_hand_eye_calibration_ws/install/include/orbbec_camera_msgs/orbbec_camera_msgs/srv/detail/get_string__type_support.h
[0.888s] -- Up-to-date symlink: /home/futill/dummy2_hand_eye_calibration_ws/install/include/orbbec_camera_msgs/orbbec_camera_msgs/srv/detail/set_int32__functions.h
[0.889s] -- Up-to-date symlink: /home/futill/dummy2_hand_eye_calibration_ws/install/include/orbbec_camera_msgs/orbbec_camera_msgs/srv/detail/set_int32__struct.h
[0.889s] -- Up-to-date symlink: /home/futill/dummy2_hand_eye_calibration_ws/install/include/orbbec_camera_msgs/orbbec_camera_msgs/srv/detail/set_int32__type_support.h
[0.889s] -- Up-to-date symlink: /home/futill/dummy2_hand_eye_calibration_ws/install/include/orbbec_camera_msgs/orbbec_camera_msgs/srv/detail/set_string__functions.h
[0.890s] -- Up-to-date symlink: /home/futill/dummy2_hand_eye_calibration_ws/install/include/orbbec_camera_msgs/orbbec_camera_msgs/srv/detail/set_string__struct.h
[0.890s] -- Up-to-date symlink: /home/futill/dummy2_hand_eye_calibration_ws/install/include/orbbec_camera_msgs/orbbec_camera_msgs/srv/detail/set_string__type_support.h
[0.891s] -- Up-to-date symlink: /home/futill/dummy2_hand_eye_calibration_ws/install/include/orbbec_camera_msgs/orbbec_camera_msgs/srv/get_bool.h
[0.892s] -- Up-to-date symlink: /home/futill/dummy2_hand_eye_calibration_ws/install/include/orbbec_camera_msgs/orbbec_camera_msgs/srv/get_camera_info.h
[0.892s] -- Up-to-date symlink: /home/futill/dummy2_hand_eye_calibration_ws/install/include/orbbec_camera_msgs/orbbec_camera_msgs/srv/get_device_info.h
[0.892s] -- Up-to-date symlink: /home/futill/dummy2_hand_eye_calibration_ws/install/include/orbbec_camera_msgs/orbbec_camera_msgs/srv/get_int32.h
[0.892s] -- Up-to-date symlink: /home/futill/dummy2_hand_eye_calibration_ws/install/include/orbbec_camera_msgs/orbbec_camera_msgs/srv/get_string.h
[0.892s] -- Up-to-date symlink: /home/futill/dummy2_hand_eye_calibration_ws/install/include/orbbec_camera_msgs/orbbec_camera_msgs/srv/set_int32.h
[0.892s] -- Up-to-date symlink: /home/futill/dummy2_hand_eye_calibration_ws/install/include/orbbec_camera_msgs/orbbec_camera_msgs/srv/set_string.h
[0.892s] -- Up-to-date symlink: /home/futill/dummy2_hand_eye_calibration_ws/install/share/orbbec_camera_msgs/environment/library_path.sh
[0.892s] -- Up-to-date symlink: /home/futill/dummy2_hand_eye_calibration_ws/install/share/orbbec_camera_msgs/environment/library_path.dsv
[0.892s] -- Up-to-date symlink: /home/futill/dummy2_hand_eye_calibration_ws/install/include/orbbec_camera_msgs/orbbec_camera_msgs/msg/detail/device_info__rosidl_typesupport_fastrtps_c.h
[0.896s] -- Up-to-date symlink: /home/futill/dummy2_hand_eye_calibration_ws/install/include/orbbec_camera_msgs/orbbec_camera_msgs/msg/detail/extrinsics__rosidl_typesupport_fastrtps_c.h
[0.896s] -- Up-to-date symlink: /home/futill/dummy2_hand_eye_calibration_ws/install/include/orbbec_camera_msgs/orbbec_camera_msgs/msg/detail/imu_info__rosidl_typesupport_fastrtps_c.h
[0.897s] -- Up-to-date symlink: /home/futill/dummy2_hand_eye_calibration_ws/install/include/orbbec_camera_msgs/orbbec_camera_msgs/msg/detail/metadata__rosidl_typesupport_fastrtps_c.h
[0.897s] -- Up-to-date symlink: /home/futill/dummy2_hand_eye_calibration_ws/install/include/orbbec_camera_msgs/orbbec_camera_msgs/msg/detail/rgbd__rosidl_typesupport_fastrtps_c.h
[0.900s] -- Up-to-date symlink: /home/futill/dummy2_hand_eye_calibration_ws/install/include/orbbec_camera_msgs/orbbec_camera_msgs/msg/rosidl_typesupport_fastrtps_c__visibility_control.h
[0.900s] -- Up-to-date symlink: /home/futill/dummy2_hand_eye_calibration_ws/install/include/orbbec_camera_msgs/orbbec_camera_msgs/srv/detail/get_bool__rosidl_typesupport_fastrtps_c.h
[0.901s] -- Up-to-date symlink: /home/futill/dummy2_hand_eye_calibration_ws/install/include/orbbec_camera_msgs/orbbec_camera_msgs/srv/detail/get_camera_info__rosidl_typesupport_fastrtps_c.h
[0.901s] -- Up-to-date symlink: /home/futill/dummy2_hand_eye_calibration_ws/install/include/orbbec_camera_msgs/orbbec_camera_msgs/srv/detail/get_device_info__rosidl_typesupport_fastrtps_c.h
[0.901s] -- Up-to-date symlink: /home/futill/dummy2_hand_eye_calibration_ws/install/include/orbbec_camera_msgs/orbbec_camera_msgs/srv/detail/get_int32__rosidl_typesupport_fastrtps_c.h
[0.901s] -- Up-to-date symlink: /home/futill/dummy2_hand_eye_calibration_ws/install/include/orbbec_camera_msgs/orbbec_camera_msgs/srv/detail/get_string__rosidl_typesupport_fastrtps_c.h
[0.901s] -- Up-to-date symlink: /home/futill/dummy2_hand_eye_calibration_ws/install/include/orbbec_camera_msgs/orbbec_camera_msgs/srv/detail/set_int32__rosidl_typesupport_fastrtps_c.h
[0.901s] -- Up-to-date symlink: /home/futill/dummy2_hand_eye_calibration_ws/install/include/orbbec_camera_msgs/orbbec_camera_msgs/srv/detail/set_string__rosidl_typesupport_fastrtps_c.h
[0.901s] -- Up-to-date symlink: /home/futill/dummy2_hand_eye_calibration_ws/install/include/orbbec_camera_msgs/orbbec_camera_msgs/msg/detail/device_info__rosidl_typesupport_introspection_c.h
[0.901s] -- Up-to-date symlink: /home/futill/dummy2_hand_eye_calibration_ws/install/include/orbbec_camera_msgs/orbbec_camera_msgs/msg/detail/extrinsics__rosidl_typesupport_introspection_c.h
[0.901s] -- Up-to-date symlink: /home/futill/dummy2_hand_eye_calibration_ws/install/include/orbbec_camera_msgs/orbbec_camera_msgs/msg/detail/imu_info__rosidl_typesupport_introspection_c.h
[0.901s] -- Up-to-date symlink: /home/futill/dummy2_hand_eye_calibration_ws/install/include/orbbec_camera_msgs/orbbec_camera_msgs/msg/detail/metadata__rosidl_typesupport_introspection_c.h
[0.901s] -- Up-to-date symlink: /home/futill/dummy2_hand_eye_calibration_ws/install/include/orbbec_camera_msgs/orbbec_camera_msgs/msg/detail/rgbd__rosidl_typesupport_introspection_c.h
[0.901s] -- Up-to-date symlink: /home/futill/dummy2_hand_eye_calibration_ws/install/include/orbbec_camera_msgs/orbbec_camera_msgs/msg/rosidl_typesupport_introspection_c__visibility_control.h
[0.901s] -- Up-to-date symlink: /home/futill/dummy2_hand_eye_calibration_ws/install/include/orbbec_camera_msgs/orbbec_camera_msgs/srv/detail/get_bool__rosidl_typesupport_introspection_c.h
[0.901s] -- Up-to-date symlink: /home/futill/dummy2_hand_eye_calibration_ws/install/include/orbbec_camera_msgs/orbbec_camera_msgs/srv/detail/get_camera_info__rosidl_typesupport_introspection_c.h
[0.901s] -- Up-to-date symlink: /home/futill/dummy2_hand_eye_calibration_ws/install/include/orbbec_camera_msgs/orbbec_camera_msgs/srv/detail/get_device_info__rosidl_typesupport_introspection_c.h
[0.901s] -- Up-to-date symlink: /home/futill/dummy2_hand_eye_calibration_ws/install/include/orbbec_camera_msgs/orbbec_camera_msgs/srv/detail/get_int32__rosidl_typesupport_introspection_c.h
[0.901s] -- Up-to-date symlink: /home/futill/dummy2_hand_eye_calibration_ws/install/include/orbbec_camera_msgs/orbbec_camera_msgs/srv/detail/get_string__rosidl_typesupport_introspection_c.h
[0.901s] -- Up-to-date symlink: /home/futill/dummy2_hand_eye_calibration_ws/install/include/orbbec_camera_msgs/orbbec_camera_msgs/srv/detail/set_int32__rosidl_typesupport_introspection_c.h
[0.901s] -- Up-to-date symlink: /home/futill/dummy2_hand_eye_calibration_ws/install/include/orbbec_camera_msgs/orbbec_camera_msgs/srv/detail/set_string__rosidl_typesupport_introspection_c.h
[0.902s] -- Up-to-date symlink: /home/futill/dummy2_hand_eye_calibration_ws/install/include/orbbec_camera_msgs/orbbec_camera_msgs/msg/detail/device_info__builder.hpp
[0.902s] -- Up-to-date symlink: /home/futill/dummy2_hand_eye_calibration_ws/install/include/orbbec_camera_msgs/orbbec_camera_msgs/msg/detail/device_info__struct.hpp
[0.902s] -- Up-to-date symlink: /home/futill/dummy2_hand_eye_calibration_ws/install/include/orbbec_camera_msgs/orbbec_camera_msgs/msg/detail/device_info__traits.hpp
[0.902s] -- Up-to-date symlink: /home/futill/dummy2_hand_eye_calibration_ws/install/include/orbbec_camera_msgs/orbbec_camera_msgs/msg/detail/device_info__type_support.hpp
[0.902s] -- Up-to-date symlink: /home/futill/dummy2_hand_eye_calibration_ws/install/include/orbbec_camera_msgs/orbbec_camera_msgs/msg/detail/extrinsics__builder.hpp
[0.902s] -- Up-to-date symlink: /home/futill/dummy2_hand_eye_calibration_ws/install/include/orbbec_camera_msgs/orbbec_camera_msgs/msg/detail/extrinsics__struct.hpp
[0.902s] -- Up-to-date symlink: /home/futill/dummy2_hand_eye_calibration_ws/install/include/orbbec_camera_msgs/orbbec_camera_msgs/msg/detail/extrinsics__traits.hpp
[0.902s] -- Up-to-date symlink: /home/futill/dummy2_hand_eye_calibration_ws/install/include/orbbec_camera_msgs/orbbec_camera_msgs/msg/detail/extrinsics__type_support.hpp
[0.902s] -- Up-to-date symlink: /home/futill/dummy2_hand_eye_calibration_ws/install/include/orbbec_camera_msgs/orbbec_camera_msgs/msg/detail/imu_info__builder.hpp
[0.902s] -- Up-to-date symlink: /home/futill/dummy2_hand_eye_calibration_ws/install/include/orbbec_camera_msgs/orbbec_camera_msgs/msg/detail/imu_info__struct.hpp
[0.902s] -- Up-to-date symlink: /home/futill/dummy2_hand_eye_calibration_ws/install/include/orbbec_camera_msgs/orbbec_camera_msgs/msg/detail/imu_info__traits.hpp
[0.902s] -- Up-to-date symlink: /home/futill/dummy2_hand_eye_calibration_ws/install/include/orbbec_camera_msgs/orbbec_camera_msgs/msg/detail/imu_info__type_support.hpp
[0.902s] -- Up-to-date symlink: /home/futill/dummy2_hand_eye_calibration_ws/install/include/orbbec_camera_msgs/orbbec_camera_msgs/msg/detail/metadata__builder.hpp
[0.902s] -- Up-to-date symlink: /home/futill/dummy2_hand_eye_calibration_ws/install/include/orbbec_camera_msgs/orbbec_camera_msgs/msg/detail/metadata__struct.hpp
[0.902s] -- Up-to-date symlink: /home/futill/dummy2_hand_eye_calibration_ws/install/include/orbbec_camera_msgs/orbbec_camera_msgs/msg/detail/metadata__traits.hpp
[0.902s] -- Up-to-date symlink: /home/futill/dummy2_hand_eye_calibration_ws/install/include/orbbec_camera_msgs/orbbec_camera_msgs/msg/detail/metadata__type_support.hpp
[0.902s] -- Up-to-date symlink: /home/futill/dummy2_hand_eye_calibration_ws/install/include/orbbec_camera_msgs/orbbec_camera_msgs/msg/detail/rgbd__builder.hpp
[0.902s] -- Up-to-date symlink: /home/futill/dummy2_hand_eye_calibration_ws/install/include/orbbec_camera_msgs/orbbec_camera_msgs/msg/detail/rgbd__struct.hpp
[0.902s] -- Up-to-date symlink: /home/futill/dummy2_hand_eye_calibration_ws/install/include/orbbec_camera_msgs/orbbec_camera_msgs/msg/detail/rgbd__traits.hpp
[0.903s] -- Up-to-date symlink: /home/futill/dummy2_hand_eye_calibration_ws/install/include/orbbec_camera_msgs/orbbec_camera_msgs/msg/detail/rgbd__type_support.hpp
[0.903s] -- Up-to-date symlink: /home/futill/dummy2_hand_eye_calibration_ws/install/include/orbbec_camera_msgs/orbbec_camera_msgs/msg/device_info.hpp
[0.905s] -- Up-to-date symlink: /home/futill/dummy2_hand_eye_calibration_ws/install/include/orbbec_camera_msgs/orbbec_camera_msgs/msg/extrinsics.hpp
[0.906s] -- Up-to-date symlink: /home/futill/dummy2_hand_eye_calibration_ws/install/include/orbbec_camera_msgs/orbbec_camera_msgs/msg/imu_info.hpp
[0.906s] -- Up-to-date symlink: /home/futill/dummy2_hand_eye_calibration_ws/install/include/orbbec_camera_msgs/orbbec_camera_msgs/msg/metadata.hpp
[0.911s] -- Up-to-date symlink: /home/futill/dummy2_hand_eye_calibration_ws/install/include/orbbec_camera_msgs/orbbec_camera_msgs/msg/rgbd.hpp
[0.911s] -- Up-to-date symlink: /home/futill/dummy2_hand_eye_calibration_ws/install/include/orbbec_camera_msgs/orbbec_camera_msgs/msg/rosidl_generator_cpp__visibility_control.hpp
[0.911s] -- Up-to-date symlink: /home/futill/dummy2_hand_eye_calibration_ws/install/include/orbbec_camera_msgs/orbbec_camera_msgs/srv/detail/get_bool__builder.hpp
[0.911s] -- Up-to-date symlink: /home/futill/dummy2_hand_eye_calibration_ws/install/include/orbbec_camera_msgs/orbbec_camera_msgs/srv/detail/get_bool__struct.hpp
[0.912s] -- Up-to-date symlink: /home/futill/dummy2_hand_eye_calibration_ws/install/include/orbbec_camera_msgs/orbbec_camera_msgs/srv/detail/get_bool__traits.hpp
[0.914s] -- Up-to-date symlink: /home/futill/dummy2_hand_eye_calibration_ws/install/include/orbbec_camera_msgs/orbbec_camera_msgs/srv/detail/get_bool__type_support.hpp
[0.914s] -- Up-to-date symlink: /home/futill/dummy2_hand_eye_calibration_ws/install/include/orbbec_camera_msgs/orbbec_camera_msgs/srv/detail/get_camera_info__builder.hpp
[0.915s] -- Up-to-date symlink: /home/futill/dummy2_hand_eye_calibration_ws/install/include/orbbec_camera_msgs/orbbec_camera_msgs/srv/detail/get_camera_info__struct.hpp
[0.915s] -- Up-to-date symlink: /home/futill/dummy2_hand_eye_calibration_ws/install/include/orbbec_camera_msgs/orbbec_camera_msgs/srv/detail/get_camera_info__traits.hpp
[0.915s] -- Up-to-date symlink: /home/futill/dummy2_hand_eye_calibration_ws/install/include/orbbec_camera_msgs/orbbec_camera_msgs/srv/detail/get_camera_info__type_support.hpp
[0.915s] -- Up-to-date symlink: /home/futill/dummy2_hand_eye_calibration_ws/install/include/orbbec_camera_msgs/orbbec_camera_msgs/srv/detail/get_device_info__builder.hpp
[0.915s] -- Up-to-date symlink: /home/futill/dummy2_hand_eye_calibration_ws/install/include/orbbec_camera_msgs/orbbec_camera_msgs/srv/detail/get_device_info__struct.hpp
[0.915s] -- Up-to-date symlink: /home/futill/dummy2_hand_eye_calibration_ws/install/include/orbbec_camera_msgs/orbbec_camera_msgs/srv/detail/get_device_info__traits.hpp
[0.915s] -- Up-to-date symlink: /home/futill/dummy2_hand_eye_calibration_ws/install/include/orbbec_camera_msgs/orbbec_camera_msgs/srv/detail/get_device_info__type_support.hpp
[0.916s] -- Up-to-date symlink: /home/futill/dummy2_hand_eye_calibration_ws/install/include/orbbec_camera_msgs/orbbec_camera_msgs/srv/detail/get_int32__builder.hpp
[0.916s] -- Up-to-date symlink: /home/futill/dummy2_hand_eye_calibration_ws/install/include/orbbec_camera_msgs/orbbec_camera_msgs/srv/detail/get_int32__struct.hpp
[0.916s] -- Up-to-date symlink: /home/futill/dummy2_hand_eye_calibration_ws/install/include/orbbec_camera_msgs/orbbec_camera_msgs/srv/detail/get_int32__traits.hpp
[0.916s] -- Up-to-date symlink: /home/futill/dummy2_hand_eye_calibration_ws/install/include/orbbec_camera_msgs/orbbec_camera_msgs/srv/detail/get_int32__type_support.hpp
[0.917s] -- Up-to-date symlink: /home/futill/dummy2_hand_eye_calibration_ws/install/include/orbbec_camera_msgs/orbbec_camera_msgs/srv/detail/get_string__builder.hpp
[0.917s] -- Up-to-date symlink: /home/futill/dummy2_hand_eye_calibration_ws/install/include/orbbec_camera_msgs/orbbec_camera_msgs/srv/detail/get_string__struct.hpp
[0.917s] -- Up-to-date symlink: /home/futill/dummy2_hand_eye_calibration_ws/install/include/orbbec_camera_msgs/orbbec_camera_msgs/srv/detail/get_string__traits.hpp
[0.917s] -- Up-to-date symlink: /home/futill/dummy2_hand_eye_calibration_ws/install/include/orbbec_camera_msgs/orbbec_camera_msgs/srv/detail/get_string__type_support.hpp
[0.917s] -- Up-to-date symlink: /home/futill/dummy2_hand_eye_calibration_ws/install/include/orbbec_camera_msgs/orbbec_camera_msgs/srv/detail/set_int32__builder.hpp
[0.917s] -- Up-to-date symlink: /home/futill/dummy2_hand_eye_calibration_ws/install/include/orbbec_camera_msgs/orbbec_camera_msgs/srv/detail/set_int32__struct.hpp
[0.917s] -- Up-to-date symlink: /home/futill/dummy2_hand_eye_calibration_ws/install/include/orbbec_camera_msgs/orbbec_camera_msgs/srv/detail/set_int32__traits.hpp
[0.917s] -- Up-to-date symlink: /home/futill/dummy2_hand_eye_calibration_ws/install/include/orbbec_camera_msgs/orbbec_camera_msgs/srv/detail/set_int32__type_support.hpp
[0.917s] -- Up-to-date symlink: /home/futill/dummy2_hand_eye_calibration_ws/install/include/orbbec_camera_msgs/orbbec_camera_msgs/srv/detail/set_string__builder.hpp
[0.918s] -- Up-to-date symlink: /home/futill/dummy2_hand_eye_calibration_ws/install/include/orbbec_camera_msgs/orbbec_camera_msgs/srv/detail/set_string__struct.hpp
[0.918s] -- Up-to-date symlink: /home/futill/dummy2_hand_eye_calibration_ws/install/include/orbbec_camera_msgs/orbbec_camera_msgs/srv/detail/set_string__traits.hpp
[0.920s] -- Up-to-date symlink: /home/futill/dummy2_hand_eye_calibration_ws/install/include/orbbec_camera_msgs/orbbec_camera_msgs/srv/detail/set_string__type_support.hpp
[0.920s] -- Up-to-date symlink: /home/futill/dummy2_hand_eye_calibration_ws/install/include/orbbec_camera_msgs/orbbec_camera_msgs/srv/get_bool.hpp
[0.920s] -- Up-to-date symlink: /home/futill/dummy2_hand_eye_calibration_ws/install/include/orbbec_camera_msgs/orbbec_camera_msgs/srv/get_camera_info.hpp
[0.920s] -- Up-to-date symlink: /home/futill/dummy2_hand_eye_calibration_ws/install/include/orbbec_camera_msgs/orbbec_camera_msgs/srv/get_device_info.hpp
[0.926s] -- Up-to-date symlink: /home/futill/dummy2_hand_eye_calibration_ws/install/include/orbbec_camera_msgs/orbbec_camera_msgs/srv/get_int32.hpp
[0.927s] -- Up-to-date symlink: /home/futill/dummy2_hand_eye_calibration_ws/install/include/orbbec_camera_msgs/orbbec_camera_msgs/srv/get_string.hpp
[0.929s] -- Up-to-date symlink: /home/futill/dummy2_hand_eye_calibration_ws/install/include/orbbec_camera_msgs/orbbec_camera_msgs/srv/set_int32.hpp
[0.929s] -- Up-to-date symlink: /home/futill/dummy2_hand_eye_calibration_ws/install/include/orbbec_camera_msgs/orbbec_camera_msgs/srv/set_string.hpp
[0.930s] -- Up-to-date symlink: /home/futill/dummy2_hand_eye_calibration_ws/install/include/orbbec_camera_msgs/orbbec_camera_msgs/msg/detail/device_info__rosidl_typesupport_fastrtps_cpp.hpp
[0.930s] -- Up-to-date symlink: /home/futill/dummy2_hand_eye_calibration_ws/install/include/orbbec_camera_msgs/orbbec_camera_msgs/msg/detail/extrinsics__rosidl_typesupport_fastrtps_cpp.hpp
[0.930s] -- Up-to-date symlink: /home/futill/dummy2_hand_eye_calibration_ws/install/include/orbbec_camera_msgs/orbbec_camera_msgs/msg/detail/imu_info__rosidl_typesupport_fastrtps_cpp.hpp
[0.930s] -- Up-to-date symlink: /home/futill/dummy2_hand_eye_calibration_ws/install/include/orbbec_camera_msgs/orbbec_camera_msgs/msg/detail/metadata__rosidl_typesupport_fastrtps_cpp.hpp
[0.930s] -- Up-to-date symlink: /home/futill/dummy2_hand_eye_calibration_ws/install/include/orbbec_camera_msgs/orbbec_camera_msgs/msg/detail/rgbd__rosidl_typesupport_fastrtps_cpp.hpp
[0.930s] -- Up-to-date symlink: /home/futill/dummy2_hand_eye_calibration_ws/install/include/orbbec_camera_msgs/orbbec_camera_msgs/msg/rosidl_typesupport_fastrtps_cpp__visibility_control.h
[0.935s] -- Up-to-date symlink: /home/futill/dummy2_hand_eye_calibration_ws/install/include/orbbec_camera_msgs/orbbec_camera_msgs/srv/detail/get_bool__rosidl_typesupport_fastrtps_cpp.hpp
[0.936s] -- Up-to-date symlink: /home/futill/dummy2_hand_eye_calibration_ws/install/include/orbbec_camera_msgs/orbbec_camera_msgs/srv/detail/get_camera_info__rosidl_typesupport_fastrtps_cpp.hpp
[0.939s] -- Up-to-date symlink: /home/futill/dummy2_hand_eye_calibration_ws/install/include/orbbec_camera_msgs/orbbec_camera_msgs/srv/detail/get_device_info__rosidl_typesupport_fastrtps_cpp.hpp
[0.939s] -- Up-to-date symlink: /home/futill/dummy2_hand_eye_calibration_ws/install/include/orbbec_camera_msgs/orbbec_camera_msgs/srv/detail/get_int32__rosidl_typesupport_fastrtps_cpp.hpp
[0.939s] -- Up-to-date symlink: /home/futill/dummy2_hand_eye_calibration_ws/install/include/orbbec_camera_msgs/orbbec_camera_msgs/srv/detail/get_string__rosidl_typesupport_fastrtps_cpp.hpp
[0.939s] -- Up-to-date symlink: /home/futill/dummy2_hand_eye_calibration_ws/install/include/orbbec_camera_msgs/orbbec_camera_msgs/srv/detail/set_int32__rosidl_typesupport_fastrtps_cpp.hpp
[0.940s] -- Up-to-date symlink: /home/futill/dummy2_hand_eye_calibration_ws/install/include/orbbec_camera_msgs/orbbec_camera_msgs/srv/detail/set_string__rosidl_typesupport_fastrtps_cpp.hpp
[0.940s] -- Up-to-date symlink: /home/futill/dummy2_hand_eye_calibration_ws/install/include/orbbec_camera_msgs/orbbec_camera_msgs/msg/detail/device_info__rosidl_typesupport_introspection_cpp.hpp
[0.940s] -- Up-to-date symlink: /home/futill/dummy2_hand_eye_calibration_ws/install/include/orbbec_camera_msgs/orbbec_camera_msgs/msg/detail/extrinsics__rosidl_typesupport_introspection_cpp.hpp
[0.943s] -- Up-to-date symlink: /home/futill/dummy2_hand_eye_calibration_ws/install/include/orbbec_camera_msgs/orbbec_camera_msgs/msg/detail/imu_info__rosidl_typesupport_introspection_cpp.hpp
[0.943s] -- Up-to-date symlink: /home/futill/dummy2_hand_eye_calibration_ws/install/include/orbbec_camera_msgs/orbbec_camera_msgs/msg/detail/metadata__rosidl_typesupport_introspection_cpp.hpp
[0.943s] -- Up-to-date symlink: /home/futill/dummy2_hand_eye_calibration_ws/install/include/orbbec_camera_msgs/orbbec_camera_msgs/msg/detail/rgbd__rosidl_typesupport_introspection_cpp.hpp
[0.943s] -- Up-to-date symlink: /home/futill/dummy2_hand_eye_calibration_ws/install/include/orbbec_camera_msgs/orbbec_camera_msgs/srv/detail/get_bool__rosidl_typesupport_introspection_cpp.hpp
[0.943s] -- Up-to-date symlink: /home/futill/dummy2_hand_eye_calibration_ws/install/include/orbbec_camera_msgs/orbbec_camera_msgs/srv/detail/get_camera_info__rosidl_typesupport_introspection_cpp.hpp
[0.943s] -- Up-to-date symlink: /home/futill/dummy2_hand_eye_calibration_ws/install/include/orbbec_camera_msgs/orbbec_camera_msgs/srv/detail/get_device_info__rosidl_typesupport_introspection_cpp.hpp
[0.943s] -- Up-to-date symlink: /home/futill/dummy2_hand_eye_calibration_ws/install/include/orbbec_camera_msgs/orbbec_camera_msgs/srv/detail/get_int32__rosidl_typesupport_introspection_cpp.hpp
[0.944s] -- Up-to-date symlink: /home/futill/dummy2_hand_eye_calibration_ws/install/include/orbbec_camera_msgs/orbbec_camera_msgs/srv/detail/get_string__rosidl_typesupport_introspection_cpp.hpp
[0.944s] -- Up-to-date symlink: /home/futill/dummy2_hand_eye_calibration_ws/install/include/orbbec_camera_msgs/orbbec_camera_msgs/srv/detail/set_int32__rosidl_typesupport_introspection_cpp.hpp
[0.944s] -- Up-to-date symlink: /home/futill/dummy2_hand_eye_calibration_ws/install/include/orbbec_camera_msgs/orbbec_camera_msgs/srv/detail/set_string__rosidl_typesupport_introspection_cpp.hpp
[0.944s] -- Up-to-date symlink: /home/futill/dummy2_hand_eye_calibration_ws/install/share/orbbec_camera_msgs/environment/pythonpath.sh
[0.944s] -- Up-to-date symlink: /home/futill/dummy2_hand_eye_calibration_ws/install/share/orbbec_camera_msgs/environment/pythonpath.dsv
[0.944s] -- Up-to-date symlink: /home/futill/dummy2_hand_eye_calibration_ws/install/local/lib/python3.10/dist-packages/orbbec_camera_msgs-1.2.2-py3.10.egg-info/PKG-INFO
[0.944s] -- Up-to-date symlink: /home/futill/dummy2_hand_eye_calibration_ws/install/local/lib/python3.10/dist-packages/orbbec_camera_msgs-1.2.2-py3.10.egg-info/SOURCES.txt
[0.944s] -- Up-to-date symlink: /home/futill/dummy2_hand_eye_calibration_ws/install/local/lib/python3.10/dist-packages/orbbec_camera_msgs-1.2.2-py3.10.egg-info/dependency_links.txt
[0.944s] -- Up-to-date symlink: /home/futill/dummy2_hand_eye_calibration_ws/install/local/lib/python3.10/dist-packages/orbbec_camera_msgs-1.2.2-py3.10.egg-info/top_level.txt
[0.949s] -- Up-to-date symlink: /home/futill/dummy2_hand_eye_calibration_ws/install/local/lib/python3.10/dist-packages/orbbec_camera_msgs/__init__.py
[0.949s] -- Up-to-date symlink: /home/futill/dummy2_hand_eye_calibration_ws/install/local/lib/python3.10/dist-packages/orbbec_camera_msgs/_orbbec_camera_msgs_s.ep.rosidl_typesupport_c.c
[0.949s] -- Up-to-date symlink: /home/futill/dummy2_hand_eye_calibration_ws/install/local/lib/python3.10/dist-packages/orbbec_camera_msgs/_orbbec_camera_msgs_s.ep.rosidl_typesupport_fastrtps_c.c
[0.949s] -- Up-to-date symlink: /home/futill/dummy2_hand_eye_calibration_ws/install/local/lib/python3.10/dist-packages/orbbec_camera_msgs/_orbbec_camera_msgs_s.ep.rosidl_typesupport_introspection_c.c
[0.949s] -- Up-to-date symlink: /home/futill/dummy2_hand_eye_calibration_ws/install/local/lib/python3.10/dist-packages/orbbec_camera_msgs/liborbbec_camera_msgs__rosidl_generator_py.so
[0.949s] -- Up-to-date symlink: /home/futill/dummy2_hand_eye_calibration_ws/install/local/lib/python3.10/dist-packages/orbbec_camera_msgs/msg/__init__.py
[0.949s] -- Up-to-date symlink: /home/futill/dummy2_hand_eye_calibration_ws/install/local/lib/python3.10/dist-packages/orbbec_camera_msgs/msg/_device_info.py
[0.949s] -- Up-to-date symlink: /home/futill/dummy2_hand_eye_calibration_ws/install/local/lib/python3.10/dist-packages/orbbec_camera_msgs/msg/_device_info_s.c
[0.949s] -- Up-to-date symlink: /home/futill/dummy2_hand_eye_calibration_ws/install/local/lib/python3.10/dist-packages/orbbec_camera_msgs/msg/_extrinsics.py
[0.949s] -- Up-to-date symlink: /home/futill/dummy2_hand_eye_calibration_ws/install/local/lib/python3.10/dist-packages/orbbec_camera_msgs/msg/_extrinsics_s.c
[0.950s] -- Up-to-date symlink: /home/futill/dummy2_hand_eye_calibration_ws/install/local/lib/python3.10/dist-packages/orbbec_camera_msgs/msg/_imu_info.py
[0.950s] -- Up-to-date symlink: /home/futill/dummy2_hand_eye_calibration_ws/install/local/lib/python3.10/dist-packages/orbbec_camera_msgs/msg/_imu_info_s.c
[0.950s] -- Up-to-date symlink: /home/futill/dummy2_hand_eye_calibration_ws/install/local/lib/python3.10/dist-packages/orbbec_camera_msgs/msg/_metadata.py
[0.950s] -- Up-to-date symlink: /home/futill/dummy2_hand_eye_calibration_ws/install/local/lib/python3.10/dist-packages/orbbec_camera_msgs/msg/_metadata_s.c
[0.950s] -- Up-to-date symlink: /home/futill/dummy2_hand_eye_calibration_ws/install/local/lib/python3.10/dist-packages/orbbec_camera_msgs/msg/_rgbd.py
[0.950s] -- Up-to-date symlink: /home/futill/dummy2_hand_eye_calibration_ws/install/local/lib/python3.10/dist-packages/orbbec_camera_msgs/msg/_rgbd_s.c
[0.950s] -- Up-to-date symlink: /home/futill/dummy2_hand_eye_calibration_ws/install/local/lib/python3.10/dist-packages/orbbec_camera_msgs/orbbec_camera_msgs_s__rosidl_typesupport_c.cpython-310-x86_64-linux-gnu.so
[0.950s] -- Up-to-date symlink: /home/futill/dummy2_hand_eye_calibration_ws/install/local/lib/python3.10/dist-packages/orbbec_camera_msgs/orbbec_camera_msgs_s__rosidl_typesupport_fastrtps_c.cpython-310-x86_64-linux-gnu.so
[0.950s] -- Up-to-date symlink: /home/futill/dummy2_hand_eye_calibration_ws/install/local/lib/python3.10/dist-packages/orbbec_camera_msgs/orbbec_camera_msgs_s__rosidl_typesupport_introspection_c.cpython-310-x86_64-linux-gnu.so
[0.950s] -- Up-to-date symlink: /home/futill/dummy2_hand_eye_calibration_ws/install/local/lib/python3.10/dist-packages/orbbec_camera_msgs/srv/__init__.py
[0.951s] -- Up-to-date symlink: /home/futill/dummy2_hand_eye_calibration_ws/install/local/lib/python3.10/dist-packages/orbbec_camera_msgs/srv/_get_bool.py
[0.951s] -- Up-to-date symlink: /home/futill/dummy2_hand_eye_calibration_ws/install/local/lib/python3.10/dist-packages/orbbec_camera_msgs/srv/_get_bool_s.c
[0.951s] -- Up-to-date symlink: /home/futill/dummy2_hand_eye_calibration_ws/install/local/lib/python3.10/dist-packages/orbbec_camera_msgs/srv/_get_camera_info.py
[0.951s] -- Up-to-date symlink: /home/futill/dummy2_hand_eye_calibration_ws/install/local/lib/python3.10/dist-packages/orbbec_camera_msgs/srv/_get_camera_info_s.c
[0.951s] -- Up-to-date symlink: /home/futill/dummy2_hand_eye_calibration_ws/install/local/lib/python3.10/dist-packages/orbbec_camera_msgs/srv/_get_device_info.py
[0.951s] -- Up-to-date symlink: /home/futill/dummy2_hand_eye_calibration_ws/install/local/lib/python3.10/dist-packages/orbbec_camera_msgs/srv/_get_device_info_s.c
[0.951s] -- Up-to-date symlink: /home/futill/dummy2_hand_eye_calibration_ws/install/local/lib/python3.10/dist-packages/orbbec_camera_msgs/srv/_get_int32.py
[0.951s] -- Up-to-date symlink: /home/futill/dummy2_hand_eye_calibration_ws/install/local/lib/python3.10/dist-packages/orbbec_camera_msgs/srv/_get_int32_s.c
[0.951s] -- Up-to-date symlink: /home/futill/dummy2_hand_eye_calibration_ws/install/local/lib/python3.10/dist-packages/orbbec_camera_msgs/srv/_get_string.py
[0.951s] -- Up-to-date symlink: /home/futill/dummy2_hand_eye_calibration_ws/install/local/lib/python3.10/dist-packages/orbbec_camera_msgs/srv/_get_string_s.c
[0.951s] -- Up-to-date symlink: /home/futill/dummy2_hand_eye_calibration_ws/install/local/lib/python3.10/dist-packages/orbbec_camera_msgs/srv/_set_int32.py
[0.951s] -- Up-to-date symlink: /home/futill/dummy2_hand_eye_calibration_ws/install/local/lib/python3.10/dist-packages/orbbec_camera_msgs/srv/_set_int32_s.c
[0.951s] -- Up-to-date symlink: /home/futill/dummy2_hand_eye_calibration_ws/install/local/lib/python3.10/dist-packages/orbbec_camera_msgs/srv/_set_string.py
[0.951s] -- Up-to-date symlink: /home/futill/dummy2_hand_eye_calibration_ws/install/local/lib/python3.10/dist-packages/orbbec_camera_msgs/srv/_set_string_s.c
[0.951s] -- Up-to-date symlink: /home/futill/dummy2_hand_eye_calibration_ws/install/local/lib/python3.10/dist-packages/orbbec_camera_msgs/orbbec_camera_msgs_s__rosidl_typesupport_fastrtps_c.cpython-310-x86_64-linux-gnu.so
[0.951s] -- Up-to-date symlink: /home/futill/dummy2_hand_eye_calibration_ws/install/local/lib/python3.10/dist-packages/orbbec_camera_msgs/orbbec_camera_msgs_s__rosidl_typesupport_introspection_c.cpython-310-x86_64-linux-gnu.so
[0.951s] -- Up-to-date symlink: /home/futill/dummy2_hand_eye_calibration_ws/install/local/lib/python3.10/dist-packages/orbbec_camera_msgs/orbbec_camera_msgs_s__rosidl_typesupport_c.cpython-310-x86_64-linux-gnu.so
[0.951s] -- Up-to-date symlink: /home/futill/dummy2_hand_eye_calibration_ws/install/share/orbbec_camera_msgs/msg/DeviceInfo.idl
[0.951s] -- Up-to-date symlink: /home/futill/dummy2_hand_eye_calibration_ws/install/share/orbbec_camera_msgs/msg/Extrinsics.idl
[0.951s] -- Up-to-date symlink: /home/futill/dummy2_hand_eye_calibration_ws/install/share/orbbec_camera_msgs/msg/Metadata.idl
[0.952s] -- Up-to-date symlink: /home/futill/dummy2_hand_eye_calibration_ws/install/share/orbbec_camera_msgs/msg/IMUInfo.idl
[0.952s] -- Up-to-date symlink: /home/futill/dummy2_hand_eye_calibration_ws/install/share/orbbec_camera_msgs/msg/RGBD.idl
[0.952s] -- Up-to-date symlink: /home/futill/dummy2_hand_eye_calibration_ws/install/share/orbbec_camera_msgs/srv/GetBool.idl
[0.955s] -- Up-to-date symlink: /home/futill/dummy2_hand_eye_calibration_ws/install/share/orbbec_camera_msgs/srv/GetDeviceInfo.idl
[0.955s] -- Up-to-date symlink: /home/futill/dummy2_hand_eye_calibration_ws/install/share/orbbec_camera_msgs/srv/GetCameraInfo.idl
[0.955s] -- Up-to-date symlink: /home/futill/dummy2_hand_eye_calibration_ws/install/share/orbbec_camera_msgs/srv/GetInt32.idl
[0.955s] -- Up-to-date symlink: /home/futill/dummy2_hand_eye_calibration_ws/install/share/orbbec_camera_msgs/srv/GetString.idl
[0.956s] -- Up-to-date symlink: /home/futill/dummy2_hand_eye_calibration_ws/install/share/orbbec_camera_msgs/srv/SetInt32.idl
[0.956s] -- Up-to-date symlink: /home/futill/dummy2_hand_eye_calibration_ws/install/share/orbbec_camera_msgs/srv/SetString.idl
[0.956s] -- Up-to-date symlink: /home/futill/dummy2_hand_eye_calibration_ws/install/share/orbbec_camera_msgs/msg/DeviceInfo.msg
[0.956s] -- Up-to-date symlink: /home/futill/dummy2_hand_eye_calibration_ws/install/share/orbbec_camera_msgs/msg/Extrinsics.msg
[0.956s] -- Up-to-date symlink: /home/futill/dummy2_hand_eye_calibration_ws/install/share/orbbec_camera_msgs/msg/Metadata.msg
[0.956s] -- Up-to-date symlink: /home/futill/dummy2_hand_eye_calibration_ws/install/share/orbbec_camera_msgs/msg/IMUInfo.msg
[0.956s] -- Up-to-date symlink: /home/futill/dummy2_hand_eye_calibration_ws/install/share/orbbec_camera_msgs/msg/RGBD.msg
[0.956s] -- Up-to-date symlink: /home/futill/dummy2_hand_eye_calibration_ws/install/share/orbbec_camera_msgs/srv/GetBool.srv
[0.956s] -- Up-to-date symlink: /home/futill/dummy2_hand_eye_calibration_ws/install/share/orbbec_camera_msgs/srv/GetBool_Request.msg
[0.964s] -- Up-to-date symlink: /home/futill/dummy2_hand_eye_calibration_ws/install/share/orbbec_camera_msgs/srv/GetBool_Response.msg
[0.965s] -- Up-to-date symlink: /home/futill/dummy2_hand_eye_calibration_ws/install/share/orbbec_camera_msgs/srv/GetDeviceInfo.srv
[0.965s] -- Up-to-date symlink: /home/futill/dummy2_hand_eye_calibration_ws/install/share/orbbec_camera_msgs/srv/GetDeviceInfo_Request.msg
[0.965s] -- Up-to-date symlink: /home/futill/dummy2_hand_eye_calibration_ws/install/share/orbbec_camera_msgs/srv/GetDeviceInfo_Response.msg
[0.965s] -- Up-to-date symlink: /home/futill/dummy2_hand_eye_calibration_ws/install/share/orbbec_camera_msgs/srv/GetCameraInfo.srv
[0.965s] -- Up-to-date symlink: /home/futill/dummy2_hand_eye_calibration_ws/install/share/orbbec_camera_msgs/srv/GetCameraInfo_Request.msg
[0.965s] -- Up-to-date symlink: /home/futill/dummy2_hand_eye_calibration_ws/install/share/orbbec_camera_msgs/srv/GetCameraInfo_Response.msg
[0.966s] -- Up-to-date symlink: /home/futill/dummy2_hand_eye_calibration_ws/install/share/orbbec_camera_msgs/srv/GetInt32.srv
[0.966s] -- Up-to-date symlink: /home/futill/dummy2_hand_eye_calibration_ws/install/share/orbbec_camera_msgs/srv/GetInt32_Request.msg
[0.966s] -- Up-to-date symlink: /home/futill/dummy2_hand_eye_calibration_ws/install/share/orbbec_camera_msgs/srv/GetInt32_Response.msg
[0.966s] -- Up-to-date symlink: /home/futill/dummy2_hand_eye_calibration_ws/install/share/orbbec_camera_msgs/srv/GetString.srv
[0.966s] -- Up-to-date symlink: /home/futill/dummy2_hand_eye_calibration_ws/install/share/orbbec_camera_msgs/srv/GetString_Request.msg
[0.966s] -- Up-to-date symlink: /home/futill/dummy2_hand_eye_calibration_ws/install/share/orbbec_camera_msgs/srv/GetString_Response.msg
[0.967s] -- Up-to-date symlink: /home/futill/dummy2_hand_eye_calibration_ws/install/share/orbbec_camera_msgs/srv/SetInt32.srv
[0.967s] -- Up-to-date symlink: /home/futill/dummy2_hand_eye_calibration_ws/install/share/orbbec_camera_msgs/srv/SetInt32_Request.msg
[0.967s] -- Up-to-date symlink: /home/futill/dummy2_hand_eye_calibration_ws/install/share/orbbec_camera_msgs/srv/SetInt32_Response.msg
[0.967s] -- Up-to-date symlink: /home/futill/dummy2_hand_eye_calibration_ws/install/share/orbbec_camera_msgs/srv/SetString.srv
[0.967s] -- Up-to-date symlink: /home/futill/dummy2_hand_eye_calibration_ws/install/share/orbbec_camera_msgs/srv/SetString_Request.msg
[0.967s] -- Up-to-date symlink: /home/futill/dummy2_hand_eye_calibration_ws/install/share/orbbec_camera_msgs/srv/SetString_Response.msg
[0.967s] -- Up-to-date symlink: /home/futill/dummy2_hand_eye_calibration_ws/install/share/ament_index/resource_index/package_run_dependencies/orbbec_camera_msgs
[0.967s] -- Up-to-date symlink: /home/futill/dummy2_hand_eye_calibration_ws/install/share/ament_index/resource_index/parent_prefix_path/orbbec_camera_msgs
[0.970s] -- Up-to-date symlink: /home/futill/dummy2_hand_eye_calibration_ws/install/share/orbbec_camera_msgs/environment/ament_prefix_path.sh
[0.970s] -- Up-to-date symlink: /home/futill/dummy2_hand_eye_calibration_ws/install/share/orbbec_camera_msgs/environment/ament_prefix_path.dsv
[0.970s] -- Up-to-date symlink: /home/futill/dummy2_hand_eye_calibration_ws/install/share/orbbec_camera_msgs/environment/path.sh
[0.970s] -- Up-to-date symlink: /home/futill/dummy2_hand_eye_calibration_ws/install/share/orbbec_camera_msgs/environment/path.dsv
[0.971s] -- Up-to-date symlink: /home/futill/dummy2_hand_eye_calibration_ws/install/share/orbbec_camera_msgs/local_setup.bash
[0.971s] -- Up-to-date symlink: /home/futill/dummy2_hand_eye_calibration_ws/install/share/orbbec_camera_msgs/local_setup.sh
[0.971s] -- Up-to-date symlink: /home/futill/dummy2_hand_eye_calibration_ws/install/share/orbbec_camera_msgs/local_setup.zsh
[0.971s] -- Up-to-date symlink: /home/futill/dummy2_hand_eye_calibration_ws/install/share/orbbec_camera_msgs/local_setup.dsv
[0.971s] -- Symlinking: /home/futill/dummy2_hand_eye_calibration_ws/install/share/orbbec_camera_msgs/package.dsv
[0.976s] -- Up-to-date symlink: /home/futill/dummy2_hand_eye_calibration_ws/install/share/ament_index/resource_index/packages/orbbec_camera_msgs
[0.978s] -- Up-to-date symlink: /home/futill/dummy2_hand_eye_calibration_ws/install/share/orbbec_camera_msgs/cmake/rosidl_cmake-extras.cmake
[0.978s] -- Up-to-date symlink: /home/futill/dummy2_hand_eye_calibration_ws/install/share/orbbec_camera_msgs/cmake/ament_cmake_export_dependencies-extras.cmake
[0.981s] -- Up-to-date symlink: /home/futill/dummy2_hand_eye_calibration_ws/install/share/orbbec_camera_msgs/cmake/ament_cmake_export_include_directories-extras.cmake
[0.982s] -- Up-to-date symlink: /home/futill/dummy2_hand_eye_calibration_ws/install/share/orbbec_camera_msgs/cmake/ament_cmake_export_libraries-extras.cmake
[0.983s] -- Up-to-date symlink: /home/futill/dummy2_hand_eye_calibration_ws/install/share/orbbec_camera_msgs/cmake/ament_cmake_export_targets-extras.cmake
[0.985s] -- Up-to-date symlink: /home/futill/dummy2_hand_eye_calibration_ws/install/share/orbbec_camera_msgs/cmake/rosidl_cmake_export_typesupport_targets-extras.cmake
[0.986s] -- Up-to-date symlink: /home/futill/dummy2_hand_eye_calibration_ws/install/share/orbbec_camera_msgs/cmake/rosidl_cmake_export_typesupport_libraries-extras.cmake
[0.986s] -- Up-to-date symlink: /home/futill/dummy2_hand_eye_calibration_ws/install/share/orbbec_camera_msgs/cmake/orbbec_camera_msgsConfig.cmake
[0.986s] -- Up-to-date symlink: /home/futill/dummy2_hand_eye_calibration_ws/install/share/orbbec_camera_msgs/cmake/orbbec_camera_msgsConfig-version.cmake
[0.986s] -- Up-to-date symlink: /home/futill/dummy2_hand_eye_calibration_ws/install/share/orbbec_camera_msgs/package.xml
[0.987s] -- Up-to-date: /home/futill/dummy2_hand_eye_calibration_ws/install/lib/liborbbec_camera_msgs__rosidl_generator_c.so
[0.987s] -- Up-to-date: /home/futill/dummy2_hand_eye_calibration_ws/install/lib/liborbbec_camera_msgs__rosidl_typesupport_fastrtps_c.so
[0.987s] -- Up-to-date: /home/futill/dummy2_hand_eye_calibration_ws/install/lib/liborbbec_camera_msgs__rosidl_typesupport_introspection_c.so
[0.988s] -- Up-to-date: /home/futill/dummy2_hand_eye_calibration_ws/install/lib/liborbbec_camera_msgs__rosidl_typesupport_c.so
[0.988s] -- Up-to-date: /home/futill/dummy2_hand_eye_calibration_ws/install/lib/liborbbec_camera_msgs__rosidl_typesupport_fastrtps_cpp.so
[0.988s] -- Up-to-date: /home/futill/dummy2_hand_eye_calibration_ws/install/lib/liborbbec_camera_msgs__rosidl_typesupport_introspection_cpp.so
[0.988s] -- Up-to-date: /home/futill/dummy2_hand_eye_calibration_ws/install/lib/liborbbec_camera_msgs__rosidl_typesupport_cpp.so
[1.002s] Listing '/home/futill/dummy2_hand_eye_calibration_ws/install/local/lib/python3.10/dist-packages/orbbec_camera_msgs'...
[1.003s] Listing '/home/futill/dummy2_hand_eye_calibration_ws/install/local/lib/python3.10/dist-packages/orbbec_camera_msgs/msg'...
[1.003s] Listing '/home/futill/dummy2_hand_eye_calibration_ws/install/local/lib/python3.10/dist-packages/orbbec_camera_msgs/srv'...
[1.008s] -- Up-to-date: /home/futill/dummy2_hand_eye_calibration_ws/install/lib/liborbbec_camera_msgs__rosidl_generator_py.so
[1.008s] -- Up-to-date: /home/futill/dummy2_hand_eye_calibration_ws/install/share/orbbec_camera_msgs/cmake/export_orbbec_camera_msgs__rosidl_generator_cExport.cmake
[1.008s] -- Up-to-date: /home/futill/dummy2_hand_eye_calibration_ws/install/share/orbbec_camera_msgs/cmake/export_orbbec_camera_msgs__rosidl_generator_cExport-release.cmake
[1.008s] -- Up-to-date: /home/futill/dummy2_hand_eye_calibration_ws/install/share/orbbec_camera_msgs/cmake/export_orbbec_camera_msgs__rosidl_typesupport_fastrtps_cExport.cmake
[1.009s] -- Up-to-date: /home/futill/dummy2_hand_eye_calibration_ws/install/share/orbbec_camera_msgs/cmake/export_orbbec_camera_msgs__rosidl_typesupport_fastrtps_cExport-release.cmake
[1.009s] -- Up-to-date: /home/futill/dummy2_hand_eye_calibration_ws/install/share/orbbec_camera_msgs/cmake/orbbec_camera_msgs__rosidl_typesupport_introspection_cExport.cmake
[1.009s] -- Up-to-date: /home/futill/dummy2_hand_eye_calibration_ws/install/share/orbbec_camera_msgs/cmake/orbbec_camera_msgs__rosidl_typesupport_introspection_cExport-release.cmake
[1.009s] -- Up-to-date: /home/futill/dummy2_hand_eye_calibration_ws/install/share/orbbec_camera_msgs/cmake/orbbec_camera_msgs__rosidl_typesupport_cExport.cmake
[1.010s] -- Up-to-date: /home/futill/dummy2_hand_eye_calibration_ws/install/share/orbbec_camera_msgs/cmake/orbbec_camera_msgs__rosidl_typesupport_cExport-release.cmake
[1.011s] -- Up-to-date: /home/futill/dummy2_hand_eye_calibration_ws/install/share/orbbec_camera_msgs/cmake/export_orbbec_camera_msgs__rosidl_generator_cppExport.cmake
[1.012s] -- Up-to-date: /home/futill/dummy2_hand_eye_calibration_ws/install/share/orbbec_camera_msgs/cmake/export_orbbec_camera_msgs__rosidl_typesupport_fastrtps_cppExport.cmake
[1.012s] -- Up-to-date: /home/futill/dummy2_hand_eye_calibration_ws/install/share/orbbec_camera_msgs/cmake/export_orbbec_camera_msgs__rosidl_typesupport_fastrtps_cppExport-release.cmake
[1.012s] -- Up-to-date: /home/futill/dummy2_hand_eye_calibration_ws/install/share/orbbec_camera_msgs/cmake/orbbec_camera_msgs__rosidl_typesupport_introspection_cppExport.cmake
[1.012s] -- Up-to-date: /home/futill/dummy2_hand_eye_calibration_ws/install/share/orbbec_camera_msgs/cmake/orbbec_camera_msgs__rosidl_typesupport_introspection_cppExport-release.cmake
[1.012s] -- Up-to-date: /home/futill/dummy2_hand_eye_calibration_ws/install/share/orbbec_camera_msgs/cmake/orbbec_camera_msgs__rosidl_typesupport_cppExport.cmake
[1.012s] -- Up-to-date: /home/futill/dummy2_hand_eye_calibration_ws/install/share/orbbec_camera_msgs/cmake/orbbec_camera_msgs__rosidl_typesupport_cppExport-release.cmake
[1.013s] -- Up-to-date: /home/futill/dummy2_hand_eye_calibration_ws/install/share/orbbec_camera_msgs/cmake/export_orbbec_camera_msgs__rosidl_generator_pyExport.cmake
[1.013s] -- Up-to-date: /home/futill/dummy2_hand_eye_calibration_ws/install/share/orbbec_camera_msgs/cmake/export_orbbec_camera_msgs__rosidl_generator_pyExport-release.cmake
[1.169s] Invoked command in '/home/futill/dummy2_hand_eye_calibration_ws/build/orbbec_camera_msgs' returned '0': CMAKE_PREFIX_PATH=${CMAKE_PREFIX_PATH}:/home/futill/targer_ws/install/my_robot_pkg:/opt/ros/humble /usr/bin/cmake --install /home/futill/dummy2_hand_eye_calibration_ws/build/orbbec_camera_msgs
