[1.137s] Invoking command in '/home/futill/dummy_ros/build/rboot_libs': PYTHONPATH=/home/futill/dummy_ros/build/rboot_libs/prefix_override:/usr/lib/python3/dist-packages/colcon_core/task/python/colcon_distutils_commands:/home/futill/dummy_ros/install/lib/python3.10/site-packages:${PYTHONPATH} /usr/bin/python3 -W ignore:setup.py install is deprecated -W ignore:easy_install command is deprecated setup.py develop --editable --build-directory /home/futill/dummy_ros/build/rboot_libs/build --no-deps symlink_data
[1.371s] running develop
[1.519s] running egg_info
[1.519s] creating rboot_libs.egg-info
[1.519s] writing rboot_libs.egg-info/PKG-INFO
[1.519s] writing dependency_links to rboot_libs.egg-info/dependency_links.txt
[1.519s] writing entry points to rboot_libs.egg-info/entry_points.txt
[1.520s] writing requirements to rboot_libs.egg-info/requires.txt
[1.520s] writing top-level names to rboot_libs.egg-info/top_level.txt
[1.520s] writing manifest file 'rboot_libs.egg-info/SOURCES.txt'
[1.522s] reading manifest file 'rboot_libs.egg-info/SOURCES.txt'
[1.522s] writing manifest file 'rboot_libs.egg-info/SOURCES.txt'
[1.523s] running build_ext
[1.523s] Creating /home/futill/dummy_ros/install/lib/python3.10/site-packages/rboot-libs.egg-link (link to .)
[1.524s] 
[1.524s] Installed /home/futill/dummy_ros/build/rboot_libs
[1.524s] running symlink_data
[1.524s] symbolically linking /home/futill/dummy_ros/build/rboot_libs/resource/rboot_libs -> /home/futill/dummy_ros/install/share/ament_index/resource_index/packages
[1.524s] symbolically linking /home/futill/dummy_ros/build/rboot_libs/package.xml -> /home/futill/dummy_ros/install/share/rboot_libs
[1.579s] Invoked command in '/home/futill/dummy_ros/build/rboot_libs' returned '0': PYTHONPATH=/home/futill/dummy_ros/build/rboot_libs/prefix_override:/usr/lib/python3/dist-packages/colcon_core/task/python/colcon_distutils_commands:/home/futill/dummy_ros/install/lib/python3.10/site-packages:${PYTHONPATH} /usr/bin/python3 -W ignore:setup.py install is deprecated -W ignore:easy_install command is deprecated setup.py develop --editable --build-directory /home/futill/dummy_ros/build/rboot_libs/build --no-deps symlink_data
