[0.275s] Invoking command in '/home/futill/dummy2_hand_eye_calibration_ws/build/pymoveit2': CMAKE_PREFIX_PATH=/opt/ros/humble /usr/bin/cmake /home/futill/dummy2_hand_eye_calibration_ws/src/pymoveit2 -DCMAKE_BUILD_TYPE=Release -DAMENT_CMAKE_SYMLINK_INSTALL=1 -DCMAKE_INSTALL_PREFIX=/home/futill/dummy2_hand_eye_calibration_ws/install
[0.585s] -- The C compiler identification is GNU 11.4.0
[0.585s] -- The CXX compiler identification is GNU 11.4.0
[0.585s] -- Detecting C compiler ABI info
[0.585s] -- Detecting C compiler ABI info - done
[0.585s] -- Check for working C compiler: /usr/bin/cc - skipped
[0.585s] -- Detecting C compile features
[0.585s] -- Detecting C compile features - done
[0.585s] -- Detecting CXX compiler ABI info
[0.624s] -- Detecting CXX compiler ABI info - done
[0.639s] -- Check for working CXX compiler: /usr/bin/c++ - skipped
[0.639s] -- Detecting CXX compile features
[0.640s] -- Detecting CXX compile features - done
[0.643s] -- Found ament_cmake: 1.3.11 (/opt/ros/humble/share/ament_cmake/cmake)
[0.840s] -- Found Python3: /usr/bin/python3 (found version "3.10.12") found components: Interpreter 
[0.920s] -- Override CMake install command with custom implementation using symlinks instead of copying resources
[1.140s] -- Configuring done
[1.148s] -- Generating done
[1.152s] -- Build files have been written to: /home/futill/dummy2_hand_eye_calibration_ws/build/pymoveit2
[1.162s] Invoked command in '/home/futill/dummy2_hand_eye_calibration_ws/build/pymoveit2' returned '0': CMAKE_PREFIX_PATH=/opt/ros/humble /usr/bin/cmake /home/futill/dummy2_hand_eye_calibration_ws/src/pymoveit2 -DCMAKE_BUILD_TYPE=Release -DAMENT_CMAKE_SYMLINK_INSTALL=1 -DCMAKE_INSTALL_PREFIX=/home/futill/dummy2_hand_eye_calibration_ws/install
[1.166s] Invoking command in '/home/futill/dummy2_hand_eye_calibration_ws/build/pymoveit2': CMAKE_PREFIX_PATH=/opt/ros/humble /usr/bin/cmake --build /home/futill/dummy2_hand_eye_calibration_ws/build/pymoveit2 -- -j8 -l8
[1.250s] Built target ament_cmake_python_symlink_pymoveit2
[1.535s] running egg_info
[1.537s] creating pymoveit2.egg-info
[1.537s] writing pymoveit2.egg-info/PKG-INFO
[1.537s] writing dependency_links to pymoveit2.egg-info/dependency_links.txt
[1.537s] writing top-level names to pymoveit2.egg-info/top_level.txt
[1.537s] writing manifest file 'pymoveit2.egg-info/SOURCES.txt'
[1.544s] reading manifest file 'pymoveit2.egg-info/SOURCES.txt'
[1.544s] writing manifest file 'pymoveit2.egg-info/SOURCES.txt'
[1.605s] Built target ament_cmake_python_build_pymoveit2_egg
[1.646s] Invoked command in '/home/futill/dummy2_hand_eye_calibration_ws/build/pymoveit2' returned '0': CMAKE_PREFIX_PATH=/opt/ros/humble /usr/bin/cmake --build /home/futill/dummy2_hand_eye_calibration_ws/build/pymoveit2 -- -j8 -l8
[1.646s] Invoking command in '/home/futill/dummy2_hand_eye_calibration_ws/build/pymoveit2': CMAKE_PREFIX_PATH=/opt/ros/humble /usr/bin/cmake --install /home/futill/dummy2_hand_eye_calibration_ws/build/pymoveit2
[1.962s] -- Install configuration: "Release"
[1.962s] -- Execute custom install script
[1.963s] -- Symlinking: /home/futill/dummy2_hand_eye_calibration_ws/install/share/pymoveit2/environment/pythonpath.sh
[1.963s] -- Symlinking: /home/futill/dummy2_hand_eye_calibration_ws/install/share/pymoveit2/environment/pythonpath.dsv
[1.963s] -- Symlinking: /home/futill/dummy2_hand_eye_calibration_ws/install/local/lib/python3.10/dist-packages/pymoveit2-4.0.0-py3.10.egg-info/PKG-INFO
[1.963s] -- Symlinking: /home/futill/dummy2_hand_eye_calibration_ws/install/local/lib/python3.10/dist-packages/pymoveit2-4.0.0-py3.10.egg-info/SOURCES.txt
[1.963s] -- Symlinking: /home/futill/dummy2_hand_eye_calibration_ws/install/local/lib/python3.10/dist-packages/pymoveit2-4.0.0-py3.10.egg-info/dependency_links.txt
[1.963s] -- Symlinking: /home/futill/dummy2_hand_eye_calibration_ws/install/local/lib/python3.10/dist-packages/pymoveit2-4.0.0-py3.10.egg-info/top_level.txt
[1.963s] -- Symlinking: /home/futill/dummy2_hand_eye_calibration_ws/install/local/lib/python3.10/dist-packages/pymoveit2/__init__.py
[1.963s] -- Symlinking: /home/futill/dummy2_hand_eye_calibration_ws/install/local/lib/python3.10/dist-packages/pymoveit2/gripper_command.py
[1.963s] -- Symlinking: /home/futill/dummy2_hand_eye_calibration_ws/install/local/lib/python3.10/dist-packages/pymoveit2/gripper_interface.py
[1.963s] -- Symlinking: /home/futill/dummy2_hand_eye_calibration_ws/install/local/lib/python3.10/dist-packages/pymoveit2/moveit2.py
[1.963s] -- Symlinking: /home/futill/dummy2_hand_eye_calibration_ws/install/local/lib/python3.10/dist-packages/pymoveit2/moveit2_gripper.py
[1.963s] -- Symlinking: /home/futill/dummy2_hand_eye_calibration_ws/install/local/lib/python3.10/dist-packages/pymoveit2/moveit2_servo.py
[1.963s] -- Symlinking: /home/futill/dummy2_hand_eye_calibration_ws/install/local/lib/python3.10/dist-packages/pymoveit2/robots/__init__.py
[1.964s] -- Symlinking: /home/futill/dummy2_hand_eye_calibration_ws/install/local/lib/python3.10/dist-packages/pymoveit2/robots/crane_x7.py
[1.964s] -- Symlinking: /home/futill/dummy2_hand_eye_calibration_ws/install/local/lib/python3.10/dist-packages/pymoveit2/robots/kinova.py
[1.964s] -- Symlinking: /home/futill/dummy2_hand_eye_calibration_ws/install/local/lib/python3.10/dist-packages/pymoveit2/robots/lbr.py
[1.964s] -- Symlinking: /home/futill/dummy2_hand_eye_calibration_ws/install/local/lib/python3.10/dist-packages/pymoveit2/robots/panda.py
[1.964s] -- Symlinking: /home/futill/dummy2_hand_eye_calibration_ws/install/local/lib/python3.10/dist-packages/pymoveit2/robots/phantomx_pincher.py
[1.973s] -- Symlinking: /home/futill/dummy2_hand_eye_calibration_ws/install/local/lib/python3.10/dist-packages/pymoveit2/robots/ur.py
[1.988s] -- Symlinking: /home/futill/dummy2_hand_eye_calibration_ws/install/lib/pymoveit2/ex_allow_collisions.py
[2.002s] -- Symlinking: /home/futill/dummy2_hand_eye_calibration_ws/install/lib/pymoveit2/ex_clear_planning_scene.py
[2.011s] -- Symlinking: /home/futill/dummy2_hand_eye_calibration_ws/install/lib/pymoveit2/ex_collision_mesh.py
[2.028s] -- Symlinking: /home/futill/dummy2_hand_eye_calibration_ws/install/lib/pymoveit2/ex_collision_primitive.py
[2.045s] -- Symlinking: /home/futill/dummy2_hand_eye_calibration_ws/install/lib/pymoveit2/ex_fk.py
[2.062s] -- Symlinking: /home/futill/dummy2_hand_eye_calibration_ws/install/lib/pymoveit2/ex_gripper.py
[2.078s] -- Symlinking: /home/futill/dummy2_hand_eye_calibration_ws/install/lib/pymoveit2/ex_ik.py
[2.088s] -- Symlinking: /home/futill/dummy2_hand_eye_calibration_ws/install/lib/pymoveit2/ex_joint_goal.py
[2.100s] -- Symlinking: /home/futill/dummy2_hand_eye_calibration_ws/install/lib/pymoveit2/ex_orientation_path_constraint.py
[2.116s] -- Symlinking: /home/futill/dummy2_hand_eye_calibration_ws/install/lib/pymoveit2/ex_pose_goal.py
[2.134s] -- Symlinking: /home/futill/dummy2_hand_eye_calibration_ws/install/lib/pymoveit2/ex_servo.py
[2.146s] -- Symlinking: /home/futill/dummy2_hand_eye_calibration_ws/install/share/ament_index/resource_index/package_run_dependencies/pymoveit2
[2.156s] -- Symlinking: /home/futill/dummy2_hand_eye_calibration_ws/install/share/ament_index/resource_index/parent_prefix_path/pymoveit2
[2.170s] -- Symlinking: /home/futill/dummy2_hand_eye_calibration_ws/install/share/pymoveit2/environment/ament_prefix_path.sh
[2.185s] -- Symlinking: /home/futill/dummy2_hand_eye_calibration_ws/install/share/pymoveit2/environment/ament_prefix_path.dsv
[2.196s] -- Symlinking: /home/futill/dummy2_hand_eye_calibration_ws/install/share/pymoveit2/environment/path.sh
[2.212s] -- Symlinking: /home/futill/dummy2_hand_eye_calibration_ws/install/share/pymoveit2/environment/path.dsv
[2.220s] -- Symlinking: /home/futill/dummy2_hand_eye_calibration_ws/install/share/pymoveit2/local_setup.bash
[2.236s] -- Symlinking: /home/futill/dummy2_hand_eye_calibration_ws/install/share/pymoveit2/local_setup.sh
[2.248s] -- Symlinking: /home/futill/dummy2_hand_eye_calibration_ws/install/share/pymoveit2/local_setup.zsh
[2.257s] -- Symlinking: /home/futill/dummy2_hand_eye_calibration_ws/install/share/pymoveit2/local_setup.dsv
[2.269s] -- Symlinking: /home/futill/dummy2_hand_eye_calibration_ws/install/share/pymoveit2/package.dsv
[2.279s] -- Symlinking: /home/futill/dummy2_hand_eye_calibration_ws/install/share/ament_index/resource_index/packages/pymoveit2
[2.289s] -- Symlinking: /home/futill/dummy2_hand_eye_calibration_ws/install/share/pymoveit2/cmake/pymoveit2Config.cmake
[2.300s] -- Symlinking: /home/futill/dummy2_hand_eye_calibration_ws/install/share/pymoveit2/cmake/pymoveit2Config-version.cmake
[2.309s] -- Symlinking: /home/futill/dummy2_hand_eye_calibration_ws/install/share/pymoveit2/package.xml
[2.398s] Listing '/home/futill/dummy2_hand_eye_calibration_ws/install/local/lib/python3.10/dist-packages/pymoveit2'...
[2.398s] Compiling '/home/futill/dummy2_hand_eye_calibration_ws/install/local/lib/python3.10/dist-packages/pymoveit2/__init__.py'...
[2.398s] Compiling '/home/futill/dummy2_hand_eye_calibration_ws/install/local/lib/python3.10/dist-packages/pymoveit2/gripper_command.py'...
[2.398s] Compiling '/home/futill/dummy2_hand_eye_calibration_ws/install/local/lib/python3.10/dist-packages/pymoveit2/gripper_interface.py'...
[2.398s] Compiling '/home/futill/dummy2_hand_eye_calibration_ws/install/local/lib/python3.10/dist-packages/pymoveit2/moveit2.py'...
[2.398s] Compiling '/home/futill/dummy2_hand_eye_calibration_ws/install/local/lib/python3.10/dist-packages/pymoveit2/moveit2_gripper.py'...
[2.398s] Compiling '/home/futill/dummy2_hand_eye_calibration_ws/install/local/lib/python3.10/dist-packages/pymoveit2/moveit2_servo.py'...
[2.398s] Listing '/home/futill/dummy2_hand_eye_calibration_ws/install/local/lib/python3.10/dist-packages/pymoveit2/robots'...
[2.398s] Compiling '/home/futill/dummy2_hand_eye_calibration_ws/install/local/lib/python3.10/dist-packages/pymoveit2/robots/__init__.py'...
[2.398s] Compiling '/home/futill/dummy2_hand_eye_calibration_ws/install/local/lib/python3.10/dist-packages/pymoveit2/robots/crane_x7.py'...
[2.399s] Compiling '/home/futill/dummy2_hand_eye_calibration_ws/install/local/lib/python3.10/dist-packages/pymoveit2/robots/kinova.py'...
[2.399s] Compiling '/home/futill/dummy2_hand_eye_calibration_ws/install/local/lib/python3.10/dist-packages/pymoveit2/robots/lbr.py'...
[2.399s] Compiling '/home/futill/dummy2_hand_eye_calibration_ws/install/local/lib/python3.10/dist-packages/pymoveit2/robots/panda.py'...
[2.399s] Compiling '/home/futill/dummy2_hand_eye_calibration_ws/install/local/lib/python3.10/dist-packages/pymoveit2/robots/phantomx_pincher.py'...
[2.399s] Compiling '/home/futill/dummy2_hand_eye_calibration_ws/install/local/lib/python3.10/dist-packages/pymoveit2/robots/ur.py'...
[2.413s] Invoked command in '/home/futill/dummy2_hand_eye_calibration_ws/build/pymoveit2' returned '0': CMAKE_PREFIX_PATH=/opt/ros/humble /usr/bin/cmake --install /home/futill/dummy2_hand_eye_calibration_ws/build/pymoveit2
