[0.092s] Invoking command in '/home/futill/dummy2_hand_eye_calibration_ws/build/orbbec_camera': CMAKE_PREFIX_PATH=${CMAKE_PREFIX_PATH}:/home/futill/targer_ws/install/my_robot_pkg:/opt/ros/humble PYTHONPATH=/home/futill/dummy2_hand_eye_calibration_ws/install/lib/python3.10/site-packages:/home/futill/dummy2_hand_eye_calibration_ws/build/ros2_aruco:/home/futill/dummy2_hand_eye_calibration_ws/build/rboot_libs:/home/futill/dummy2_hand_eye_calibration_ws/build/easy_handeye2:/home/futill/dummy2_hand_eye_calibration_ws/build/dummy2_can2eth:/home/futill/dummy2_hand_eye_calibration_ws/install/local/lib/python3.10/dist-packages:/home/futill/dummy2_hand_eye_calibration_ws/build/dummy2-gripperv3_description:/home/futill/targer_ws/install/my_robot_pkg/lib/python3.10/site-packages:/home/futill/targer_ws/install/my_robot_pkg_msg/local/lib/python3.10/dist-packages:/opt/ros/humble/lib/python3.10/site-packages:/opt/ros/humble/local/lib/python3.10/dist-packages /usr/bin/cmake --build /home/futill/dummy2_hand_eye_calibration_ws/build/orbbec_camera -- -j8 -l8
[0.170s] [  8%] Built target orbbec_camera_node
[0.173s] [ 16%] Built target frame_latency_node
[0.179s] [ 24%] Built target frame_latency
[0.188s] [ 68%] Built target orbbec_camera
[0.222s] [ 84%] Built target list_devices_node
[0.222s] [ 84%] Built target list_depth_work_mode_node
[0.234s] [ 92%] Built target topic_statistics_node
[0.239s] [100%] Built target list_camera_profile_mode_node
[0.261s] Invoked command in '/home/futill/dummy2_hand_eye_calibration_ws/build/orbbec_camera' returned '0': CMAKE_PREFIX_PATH=${CMAKE_PREFIX_PATH}:/home/futill/targer_ws/install/my_robot_pkg:/opt/ros/humble PYTHONPATH=/home/futill/dummy2_hand_eye_calibration_ws/install/lib/python3.10/site-packages:/home/futill/dummy2_hand_eye_calibration_ws/build/ros2_aruco:/home/futill/dummy2_hand_eye_calibration_ws/build/rboot_libs:/home/futill/dummy2_hand_eye_calibration_ws/build/easy_handeye2:/home/futill/dummy2_hand_eye_calibration_ws/build/dummy2_can2eth:/home/futill/dummy2_hand_eye_calibration_ws/install/local/lib/python3.10/dist-packages:/home/futill/dummy2_hand_eye_calibration_ws/build/dummy2-gripperv3_description:/home/futill/targer_ws/install/my_robot_pkg/lib/python3.10/site-packages:/home/futill/targer_ws/install/my_robot_pkg_msg/local/lib/python3.10/dist-packages:/opt/ros/humble/lib/python3.10/site-packages:/opt/ros/humble/local/lib/python3.10/dist-packages /usr/bin/cmake --build /home/futill/dummy2_hand_eye_calibration_ws/build/orbbec_camera -- -j8 -l8
[0.262s] Invoking command in '/home/futill/dummy2_hand_eye_calibration_ws/build/orbbec_camera': CMAKE_PREFIX_PATH=${CMAKE_PREFIX_PATH}:/home/futill/targer_ws/install/my_robot_pkg:/opt/ros/humble PYTHONPATH=/home/futill/dummy2_hand_eye_calibration_ws/install/lib/python3.10/site-packages:/home/futill/dummy2_hand_eye_calibration_ws/build/ros2_aruco:/home/futill/dummy2_hand_eye_calibration_ws/build/rboot_libs:/home/futill/dummy2_hand_eye_calibration_ws/build/easy_handeye2:/home/futill/dummy2_hand_eye_calibration_ws/build/dummy2_can2eth:/home/futill/dummy2_hand_eye_calibration_ws/install/local/lib/python3.10/dist-packages:/home/futill/dummy2_hand_eye_calibration_ws/build/dummy2-gripperv3_description:/home/futill/targer_ws/install/my_robot_pkg/lib/python3.10/site-packages:/home/futill/targer_ws/install/my_robot_pkg_msg/local/lib/python3.10/dist-packages:/opt/ros/humble/lib/python3.10/site-packages:/opt/ros/humble/local/lib/python3.10/dist-packages /usr/bin/cmake --install /home/futill/dummy2_hand_eye_calibration_ws/build/orbbec_camera
[0.266s] -- Install configuration: "Release"
[0.266s] -- Execute custom install script
[0.267s] -- Up-to-date symlink: /home/futill/dummy2_hand_eye_calibration_ws/install/lib/orbbec_camera/orbbec_camera_node
[0.267s] -- Up-to-date symlink: /home/futill/dummy2_hand_eye_calibration_ws/install/lib/orbbec_camera/frame_latency_node
[0.268s] -- Up-to-date symlink: /home/futill/dummy2_hand_eye_calibration_ws/install/lib/liborbbec_camera.so
[0.268s] -- Up-to-date symlink: /home/futill/dummy2_hand_eye_calibration_ws/install/lib/libframe_latency.so
[0.269s] -- Up-to-date symlink: /home/futill/dummy2_hand_eye_calibration_ws/install/include/magic_enum/magic_enum.hpp
[0.269s] -- Up-to-date symlink: /home/futill/dummy2_hand_eye_calibration_ws/install/include/orbbec_camera/constants.h
[0.269s] -- Up-to-date symlink: /home/futill/dummy2_hand_eye_calibration_ws/install/include/orbbec_camera/d2c_viewer.h
[0.270s] -- Up-to-date symlink: /home/futill/dummy2_hand_eye_calibration_ws/install/include/orbbec_camera/dynamic_params.h
[0.271s] -- Up-to-date symlink: /home/futill/dummy2_hand_eye_calibration_ws/install/include/orbbec_camera/image_publisher.h
[0.275s] -- Up-to-date symlink: /home/futill/dummy2_hand_eye_calibration_ws/install/include/orbbec_camera/jetson_nv_decoder.h
[0.276s] -- Up-to-date symlink: /home/futill/dummy2_hand_eye_calibration_ws/install/include/orbbec_camera/jpeg_decoder.h
[0.277s] -- Up-to-date symlink: /home/futill/dummy2_hand_eye_calibration_ws/install/include/orbbec_camera/ob_camera_node.h
[0.279s] -- Up-to-date symlink: /home/futill/dummy2_hand_eye_calibration_ws/install/include/orbbec_camera/ob_camera_node_driver.h
[0.280s] -- Up-to-date symlink: /home/futill/dummy2_hand_eye_calibration_ws/install/include/orbbec_camera/rk_mpp_decoder.h
[0.281s] -- Up-to-date symlink: /home/futill/dummy2_hand_eye_calibration_ws/install/include/orbbec_camera/ros_param_backend.h
[0.283s] -- Up-to-date symlink: /home/futill/dummy2_hand_eye_calibration_ws/install/include/orbbec_camera/synced_imu_publisher.h
[0.285s] -- Up-to-date symlink: /home/futill/dummy2_hand_eye_calibration_ws/install/include/orbbec_camera/utils.h
[0.285s] -- Up-to-date symlink: /home/futill/dummy2_hand_eye_calibration_ws/install/share/orbbec_camera//launch/astra.launch.py
[0.286s] -- Up-to-date symlink: /home/futill/dummy2_hand_eye_calibration_ws/install/share/orbbec_camera//launch/astra2.launch.py
[0.287s] -- Up-to-date symlink: /home/futill/dummy2_hand_eye_calibration_ws/install/share/orbbec_camera//launch/astra_adv.launch.py
[0.287s] -- Up-to-date symlink: /home/futill/dummy2_hand_eye_calibration_ws/install/share/orbbec_camera//launch/astra_embedded_s.launch.py
[0.288s] -- Up-to-date symlink: /home/futill/dummy2_hand_eye_calibration_ws/install/share/orbbec_camera//launch/astra_pro2.launch.py
[0.288s] -- Up-to-date symlink: /home/futill/dummy2_hand_eye_calibration_ws/install/share/orbbec_camera//launch/astra_stereo_u3.launch.py
[0.288s] -- Up-to-date symlink: /home/futill/dummy2_hand_eye_calibration_ws/install/share/orbbec_camera//launch/dabai.launch.py
[0.288s] -- Up-to-date symlink: /home/futill/dummy2_hand_eye_calibration_ws/install/share/orbbec_camera//launch/dabai_d1.launch.py
[0.288s] -- Up-to-date symlink: /home/futill/dummy2_hand_eye_calibration_ws/install/share/orbbec_camera//launch/dabai_dcl.py
[0.289s] -- Up-to-date symlink: /home/futill/dummy2_hand_eye_calibration_ws/install/share/orbbec_camera//launch/dabai_dcw.launch.py
[0.289s] -- Up-to-date symlink: /home/futill/dummy2_hand_eye_calibration_ws/install/share/orbbec_camera//launch/dabai_dcw2.launch.py
[0.289s] -- Up-to-date symlink: /home/futill/dummy2_hand_eye_calibration_ws/install/share/orbbec_camera//launch/dabai_dw.launch.py
[0.289s] -- Up-to-date symlink: /home/futill/dummy2_hand_eye_calibration_ws/install/share/orbbec_camera//launch/dabai_dw2.launch.py
[0.289s] -- Up-to-date symlink: /home/futill/dummy2_hand_eye_calibration_ws/install/share/orbbec_camera//launch/dabai_max.launch.py
[0.289s] -- Up-to-date symlink: /home/futill/dummy2_hand_eye_calibration_ws/install/share/orbbec_camera//launch/dabai_max_pro.launch.py
[0.289s] -- Up-to-date symlink: /home/futill/dummy2_hand_eye_calibration_ws/install/share/orbbec_camera//launch/dabai_pro.launch.py
[0.289s] -- Up-to-date symlink: /home/futill/dummy2_hand_eye_calibration_ws/install/share/orbbec_camera//launch/deeya.launch.py
[0.289s] -- Up-to-date symlink: /home/futill/dummy2_hand_eye_calibration_ws/install/share/orbbec_camera//launch/femto.launch.py
[0.289s] -- Up-to-date symlink: /home/futill/dummy2_hand_eye_calibration_ws/install/share/orbbec_camera//launch/femto_bolt.launch.py
[0.290s] -- Up-to-date symlink: /home/futill/dummy2_hand_eye_calibration_ws/install/share/orbbec_camera//launch/femto_mega.launch.py
[0.290s] -- Up-to-date symlink: /home/futill/dummy2_hand_eye_calibration_ws/install/share/orbbec_camera//launch/femto_net_camera.launch.py
[0.290s] -- Up-to-date symlink: /home/futill/dummy2_hand_eye_calibration_ws/install/share/orbbec_camera//launch/gemini2.launch.py
[0.290s] -- Up-to-date symlink: /home/futill/dummy2_hand_eye_calibration_ws/install/share/orbbec_camera//launch/gemini2L.launch.py
[0.290s] -- Up-to-date symlink: /home/futill/dummy2_hand_eye_calibration_ws/install/share/orbbec_camera//launch/gemini2VL.launch.py
[0.290s] -- Up-to-date symlink: /home/futill/dummy2_hand_eye_calibration_ws/install/share/orbbec_camera//launch/gemini2XL.launch.py
[0.290s] -- Up-to-date symlink: /home/futill/dummy2_hand_eye_calibration_ws/install/share/orbbec_camera//launch/gemini_330_series.launch.py
[0.290s] -- Up-to-date symlink: /home/futill/dummy2_hand_eye_calibration_ws/install/share/orbbec_camera//launch/gemini_e.launch.py
[0.295s] -- Up-to-date symlink: /home/futill/dummy2_hand_eye_calibration_ws/install/share/orbbec_camera//launch/gemini_e_lite.launch.py
[0.295s] -- Up-to-date symlink: /home/futill/dummy2_hand_eye_calibration_ws/install/share/orbbec_camera//launch/gemini_ew.launch.py
[0.295s] -- Up-to-date symlink: /home/futill/dummy2_hand_eye_calibration_ws/install/share/orbbec_camera//launch/gemini_ew_lite.launch.py
[0.295s] -- Up-to-date symlink: /home/futill/dummy2_hand_eye_calibration_ws/install/share/orbbec_camera//launch/gemini_intra_process_demo_launch.py
[0.295s] -- Up-to-date symlink: /home/futill/dummy2_hand_eye_calibration_ws/install/share/orbbec_camera//launch/gemini_uw.launch.py
[0.295s] -- Up-to-date symlink: /home/futill/dummy2_hand_eye_calibration_ws/install/share/orbbec_camera//launch/multi_camera.launch.py
[0.295s] -- Up-to-date symlink: /home/futill/dummy2_hand_eye_calibration_ws/install/share/orbbec_camera//launch/multi_camera_synced.launch.py
[0.295s] -- Up-to-date symlink: /home/futill/dummy2_hand_eye_calibration_ws/install/share/orbbec_camera//launch/multi_net_camera.launch.py
[0.295s] -- Up-to-date symlink: /home/futill/dummy2_hand_eye_calibration_ws/install/share/orbbec_camera//launch/ob_camera.launch.py
[0.295s] -- Up-to-date symlink: /home/futill/dummy2_hand_eye_calibration_ws/install/share/orbbec_camera//config/.gitkeep
[0.295s] -- Up-to-date symlink: /home/futill/dummy2_hand_eye_calibration_ws/install/share/orbbec_camera//config/OrbbecSDKConfig_v1.0.xml
[0.295s] -- Up-to-date symlink: /home/futill/dummy2_hand_eye_calibration_ws/install/share/orbbec_camera//config/camera_params.yaml
[0.295s] -- Up-to-date symlink: /home/futill/dummy2_hand_eye_calibration_ws/install/share/orbbec_camera//config/depthfilter/Gemini2_v1.8.json
[0.295s] -- Up-to-date symlink: /home/futill/dummy2_hand_eye_calibration_ws/install/share/orbbec_camera//config/depthfilter/Openni_device.json
[0.295s] -- Up-to-date symlink: /home/futill/dummy2_hand_eye_calibration_ws/install/include/libobsensor/ObSensor.h
[0.295s] -- Up-to-date symlink: /home/futill/dummy2_hand_eye_calibration_ws/install/include/libobsensor/ObSensor.hpp
[0.295s] -- Up-to-date symlink: /home/futill/dummy2_hand_eye_calibration_ws/install/include/libobsensor/h/Context.h
[0.295s] -- Up-to-date symlink: /home/futill/dummy2_hand_eye_calibration_ws/install/include/libobsensor/h/Device.h
[0.295s] -- Up-to-date symlink: /home/futill/dummy2_hand_eye_calibration_ws/install/include/libobsensor/h/Error.h
[0.296s] -- Up-to-date symlink: /home/futill/dummy2_hand_eye_calibration_ws/install/include/libobsensor/h/Filter.h
[0.296s] -- Up-to-date symlink: /home/futill/dummy2_hand_eye_calibration_ws/install/include/libobsensor/h/Frame.h
[0.296s] -- Up-to-date symlink: /home/futill/dummy2_hand_eye_calibration_ws/install/include/libobsensor/h/MultipleDevices.h
[0.296s] -- Up-to-date symlink: /home/futill/dummy2_hand_eye_calibration_ws/install/include/libobsensor/h/ObTypes.h
[0.296s] -- Up-to-date symlink: /home/futill/dummy2_hand_eye_calibration_ws/install/include/libobsensor/h/Pipeline.h
[0.296s] -- Up-to-date symlink: /home/futill/dummy2_hand_eye_calibration_ws/install/include/libobsensor/h/Property.h
[0.296s] -- Up-to-date symlink: /home/futill/dummy2_hand_eye_calibration_ws/install/include/libobsensor/h/RecordPlayback.h
[0.296s] -- Up-to-date symlink: /home/futill/dummy2_hand_eye_calibration_ws/install/include/libobsensor/h/Sensor.h
[0.296s] -- Up-to-date symlink: /home/futill/dummy2_hand_eye_calibration_ws/install/include/libobsensor/h/StreamProfile.h
[0.296s] -- Up-to-date symlink: /home/futill/dummy2_hand_eye_calibration_ws/install/include/libobsensor/h/Utils.h
[0.296s] -- Up-to-date symlink: /home/futill/dummy2_hand_eye_calibration_ws/install/include/libobsensor/h/Version.h
[0.296s] -- Up-to-date symlink: /home/futill/dummy2_hand_eye_calibration_ws/install/include/libobsensor/hpp/Context.hpp
[0.296s] -- Up-to-date symlink: /home/futill/dummy2_hand_eye_calibration_ws/install/include/libobsensor/hpp/Device.hpp
[0.296s] -- Up-to-date symlink: /home/futill/dummy2_hand_eye_calibration_ws/install/include/libobsensor/hpp/Error.hpp
[0.296s] -- Up-to-date symlink: /home/futill/dummy2_hand_eye_calibration_ws/install/include/libobsensor/hpp/Filter.hpp
[0.296s] -- Up-to-date symlink: /home/futill/dummy2_hand_eye_calibration_ws/install/include/libobsensor/hpp/Frame.hpp
[0.296s] -- Up-to-date symlink: /home/futill/dummy2_hand_eye_calibration_ws/install/include/libobsensor/hpp/Pipeline.hpp
[0.296s] -- Up-to-date symlink: /home/futill/dummy2_hand_eye_calibration_ws/install/include/libobsensor/hpp/RecordPlayback.hpp
[0.296s] -- Up-to-date symlink: /home/futill/dummy2_hand_eye_calibration_ws/install/include/libobsensor/hpp/Sensor.hpp
[0.296s] -- Up-to-date symlink: /home/futill/dummy2_hand_eye_calibration_ws/install/include/libobsensor/hpp/StreamProfile.hpp
[0.297s] -- Up-to-date symlink: /home/futill/dummy2_hand_eye_calibration_ws/install/include/libobsensor/hpp/Types.hpp
[0.297s] -- Up-to-date symlink: /home/futill/dummy2_hand_eye_calibration_ws/install/include/libobsensor/hpp/Utils.hpp
[0.297s] -- Up-to-date symlink: /home/futill/dummy2_hand_eye_calibration_ws/install/include/libobsensor/hpp/Version.hpp
[0.297s] -- Up-to-date symlink: /home/futill/dummy2_hand_eye_calibration_ws/install/lib/orbbec_camera//list_devices_node
[0.297s] -- Up-to-date symlink: /home/futill/dummy2_hand_eye_calibration_ws/install/lib/orbbec_camera//list_depth_work_mode_node
[0.297s] -- Up-to-date symlink: /home/futill/dummy2_hand_eye_calibration_ws/install/lib/orbbec_camera//list_camera_profile_mode_node
[0.297s] -- Up-to-date symlink: /home/futill/dummy2_hand_eye_calibration_ws/install/lib/orbbec_camera//topic_statistics_node
[0.297s] -- Up-to-date symlink: /home/futill/dummy2_hand_eye_calibration_ws/install/share/orbbec_camera/environment/library_path.sh
[0.297s] -- Up-to-date symlink: /home/futill/dummy2_hand_eye_calibration_ws/install/share/orbbec_camera/environment/library_path.dsv
[0.297s] -- Up-to-date symlink: /home/futill/dummy2_hand_eye_calibration_ws/install/share/ament_index/resource_index/package_run_dependencies/orbbec_camera
[0.297s] -- Up-to-date symlink: /home/futill/dummy2_hand_eye_calibration_ws/install/share/ament_index/resource_index/parent_prefix_path/orbbec_camera
[0.297s] -- Up-to-date symlink: /home/futill/dummy2_hand_eye_calibration_ws/install/share/orbbec_camera/environment/ament_prefix_path.sh
[0.297s] -- Up-to-date symlink: /home/futill/dummy2_hand_eye_calibration_ws/install/share/orbbec_camera/environment/ament_prefix_path.dsv
[0.297s] -- Up-to-date symlink: /home/futill/dummy2_hand_eye_calibration_ws/install/share/orbbec_camera/environment/path.sh
[0.297s] -- Up-to-date symlink: /home/futill/dummy2_hand_eye_calibration_ws/install/share/orbbec_camera/environment/path.dsv
[0.297s] -- Up-to-date symlink: /home/futill/dummy2_hand_eye_calibration_ws/install/share/orbbec_camera/local_setup.bash
[0.297s] -- Up-to-date symlink: /home/futill/dummy2_hand_eye_calibration_ws/install/share/orbbec_camera/local_setup.sh
[0.297s] -- Up-to-date symlink: /home/futill/dummy2_hand_eye_calibration_ws/install/share/orbbec_camera/local_setup.zsh
[0.297s] -- Up-to-date symlink: /home/futill/dummy2_hand_eye_calibration_ws/install/share/orbbec_camera/local_setup.dsv
[0.297s] -- Symlinking: /home/futill/dummy2_hand_eye_calibration_ws/install/share/orbbec_camera/package.dsv
[0.298s] -- Up-to-date symlink: /home/futill/dummy2_hand_eye_calibration_ws/install/share/ament_index/resource_index/packages/orbbec_camera
[0.298s] -- Up-to-date symlink: /home/futill/dummy2_hand_eye_calibration_ws/install/share/ament_index/resource_index/rclcpp_components/orbbec_camera
[0.298s] -- Up-to-date symlink: /home/futill/dummy2_hand_eye_calibration_ws/install/share/orbbec_camera/cmake/ament_cmake_export_include_directories-extras.cmake
[0.298s] -- Up-to-date symlink: /home/futill/dummy2_hand_eye_calibration_ws/install/share/orbbec_camera/cmake/ament_cmake_export_libraries-extras.cmake
[0.298s] -- Up-to-date symlink: /home/futill/dummy2_hand_eye_calibration_ws/install/share/orbbec_camera/cmake/ament_cmake_export_dependencies-extras.cmake
[0.298s] -- Up-to-date symlink: /home/futill/dummy2_hand_eye_calibration_ws/install/share/orbbec_camera/cmake/orbbec_cameraConfig.cmake
[0.298s] -- Up-to-date symlink: /home/futill/dummy2_hand_eye_calibration_ws/install/share/orbbec_camera/cmake/orbbec_cameraConfig-version.cmake
[0.298s] -- Up-to-date symlink: /home/futill/dummy2_hand_eye_calibration_ws/install/share/orbbec_camera/package.xml
[0.298s] -- Up-to-date: /home/futill/dummy2_hand_eye_calibration_ws/install/lib/
[0.298s] -- Up-to-date: /home/futill/dummy2_hand_eye_calibration_ws/install/lib//libdepthengine.so.2.0
[0.298s] -- Up-to-date: /home/futill/dummy2_hand_eye_calibration_ws/install/lib//libOrbbecSDK.so
[0.298s] -- Up-to-date: /home/futill/dummy2_hand_eye_calibration_ws/install/lib//libdepthengine.so
[0.298s] -- Up-to-date: /home/futill/dummy2_hand_eye_calibration_ws/install/lib//libob_usb.so
[0.298s] -- Up-to-date: /home/futill/dummy2_hand_eye_calibration_ws/install/lib//libOrbbecSDK.so.1.10
[0.298s] -- Up-to-date: /home/futill/dummy2_hand_eye_calibration_ws/install/lib//libOrbbecSDK.so.1.10.22
[0.298s] -- Up-to-date: /home/futill/dummy2_hand_eye_calibration_ws/install/lib//liblive555.so
[0.302s] Invoked command in '/home/futill/dummy2_hand_eye_calibration_ws/build/orbbec_camera' returned '0': CMAKE_PREFIX_PATH=${CMAKE_PREFIX_PATH}:/home/futill/targer_ws/install/my_robot_pkg:/opt/ros/humble PYTHONPATH=/home/futill/dummy2_hand_eye_calibration_ws/install/lib/python3.10/site-packages:/home/futill/dummy2_hand_eye_calibration_ws/build/ros2_aruco:/home/futill/dummy2_hand_eye_calibration_ws/build/rboot_libs:/home/futill/dummy2_hand_eye_calibration_ws/build/easy_handeye2:/home/futill/dummy2_hand_eye_calibration_ws/build/dummy2_can2eth:/home/futill/dummy2_hand_eye_calibration_ws/install/local/lib/python3.10/dist-packages:/home/futill/dummy2_hand_eye_calibration_ws/build/dummy2-gripperv3_description:/home/futill/targer_ws/install/my_robot_pkg/lib/python3.10/site-packages:/home/futill/targer_ws/install/my_robot_pkg_msg/local/lib/python3.10/dist-packages:/opt/ros/humble/lib/python3.10/site-packages:/opt/ros/humble/local/lib/python3.10/dist-packages /usr/bin/cmake --install /home/futill/dummy2_hand_eye_calibration_ws/build/orbbec_camera
