[0.238s] Invoking command in '/home/futill/dummy_ros/build/dummy2_interface': CMAKE_PREFIX_PATH=${CMAKE_PREFIX_PATH}:/opt/ros/humble /usr/bin/cmake --build /home/futill/dummy_ros/build/dummy2_interface -- -j16 -l16
[0.497s] [ 10%] Built target dummy2_interface__rosidl_generator_c
[0.498s] [ 12%] Built target dummy2_interface__cpp
[0.498s] [ 12%] Built target ament_cmake_python_symlink_dummy2_interface
[0.498s] [ 34%] Built target dummy2_interface__rosidl_typesupport_c
[0.498s] [ 34%] Built target dummy2_interface__rosidl_typesupport_introspection_c
[0.498s] [ 44%] Built target dummy2_interface__rosidl_typesupport_fastrtps_c
[0.498s] [ 55%] Built target dummy2_interface__rosidl_typesupport_introspection_cpp
[0.498s] [ 65%] Built target dummy2_interface__rosidl_typesupport_cpp
[0.498s] [ 76%] Built target dummy2_interface__rosidl_typesupport_fastrtps_cpp
[0.498s] [ 76%] Built target dummy2_interface
[0.498s] [ 78%] Built target dummy2_interface__py
[0.499s] [ 87%] Built target dummy2_interface__rosidl_generator_py
[0.499s] [100%] Built target dummy2_interface__rosidl_typesupport_introspection_c__pyext
[0.499s] [100%] Built target dummy2_interface__rosidl_typesupport_fastrtps_c__pyext
[0.499s] [100%] Built target dummy2_interface__rosidl_typesupport_c__pyext
[0.506s] running egg_info
[0.506s] writing dummy2_interface.egg-info/PKG-INFO
[0.507s] writing dependency_links to dummy2_interface.egg-info/dependency_links.txt
[0.507s] writing top-level names to dummy2_interface.egg-info/top_level.txt
[0.509s] reading manifest file 'dummy2_interface.egg-info/SOURCES.txt'
[0.510s] writing manifest file 'dummy2_interface.egg-info/SOURCES.txt'
[0.555s] [100%] Built target ament_cmake_python_build_dummy2_interface_egg
[0.745s] Invoked command in '/home/futill/dummy_ros/build/dummy2_interface' returned '0': CMAKE_PREFIX_PATH=${CMAKE_PREFIX_PATH}:/opt/ros/humble /usr/bin/cmake --build /home/futill/dummy_ros/build/dummy2_interface -- -j16 -l16
[0.750s] Invoking command in '/home/futill/dummy_ros/build/dummy2_interface': CMAKE_PREFIX_PATH=${CMAKE_PREFIX_PATH}:/opt/ros/humble /usr/bin/cmake --install /home/futill/dummy_ros/build/dummy2_interface
[0.773s] -- Install configuration: "Release"
[0.775s] -- Execute custom install script
[0.775s] -- Up-to-date symlink: /home/futill/dummy_ros/install/share/ament_index/resource_index/rosidl_interfaces/dummy2_interface
[0.775s] -- Up-to-date symlink: /home/futill/dummy_ros/install/include/dummy2_interface/dummy2_interface/msg/rosidl_generator_c__visibility_control.h
[0.775s] -- Up-to-date symlink: /home/futill/dummy_ros/install/include/dummy2_interface/dummy2_interface/srv/detail/init_can2eth__functions.h
[0.775s] -- Up-to-date symlink: /home/futill/dummy_ros/install/include/dummy2_interface/dummy2_interface/srv/detail/init_can2eth__struct.h
[0.775s] -- Up-to-date symlink: /home/futill/dummy_ros/install/include/dummy2_interface/dummy2_interface/srv/detail/init_can2eth__type_support.h
[0.775s] -- Up-to-date symlink: /home/futill/dummy_ros/install/include/dummy2_interface/dummy2_interface/srv/detail/read_can2eth__functions.h
[0.777s] -- Up-to-date symlink: /home/futill/dummy_ros/install/include/dummy2_interface/dummy2_interface/srv/detail/read_can2eth__struct.h
[0.777s] -- Up-to-date symlink: /home/futill/dummy_ros/install/include/dummy2_interface/dummy2_interface/srv/detail/read_can2eth__type_support.h
[0.777s] -- Up-to-date symlink: /home/futill/dummy_ros/install/include/dummy2_interface/dummy2_interface/srv/detail/write_can2eth__functions.h
[0.777s] -- Up-to-date symlink: /home/futill/dummy_ros/install/include/dummy2_interface/dummy2_interface/srv/detail/write_can2eth__struct.h
[0.777s] -- Up-to-date symlink: /home/futill/dummy_ros/install/include/dummy2_interface/dummy2_interface/srv/detail/write_can2eth__type_support.h
[0.777s] -- Up-to-date symlink: /home/futill/dummy_ros/install/include/dummy2_interface/dummy2_interface/srv/init_can2eth.h
[0.777s] -- Up-to-date symlink: /home/futill/dummy_ros/install/include/dummy2_interface/dummy2_interface/srv/read_can2eth.h
[0.777s] -- Up-to-date symlink: /home/futill/dummy_ros/install/include/dummy2_interface/dummy2_interface/srv/write_can2eth.h
[0.778s] -- Up-to-date symlink: /home/futill/dummy_ros/install/share/dummy2_interface/environment/library_path.sh
[0.778s] -- Up-to-date symlink: /home/futill/dummy_ros/install/share/dummy2_interface/environment/library_path.dsv
[0.779s] -- Up-to-date symlink: /home/futill/dummy_ros/install/include/dummy2_interface/dummy2_interface/msg/rosidl_typesupport_fastrtps_c__visibility_control.h
[0.779s] -- Up-to-date symlink: /home/futill/dummy_ros/install/include/dummy2_interface/dummy2_interface/srv/detail/init_can2eth__rosidl_typesupport_fastrtps_c.h
[0.779s] -- Up-to-date symlink: /home/futill/dummy_ros/install/include/dummy2_interface/dummy2_interface/srv/detail/read_can2eth__rosidl_typesupport_fastrtps_c.h
[0.779s] -- Up-to-date symlink: /home/futill/dummy_ros/install/include/dummy2_interface/dummy2_interface/srv/detail/write_can2eth__rosidl_typesupport_fastrtps_c.h
[0.779s] -- Up-to-date symlink: /home/futill/dummy_ros/install/include/dummy2_interface/dummy2_interface/msg/rosidl_generator_cpp__visibility_control.hpp
[0.780s] -- Up-to-date symlink: /home/futill/dummy_ros/install/include/dummy2_interface/dummy2_interface/srv/detail/init_can2eth__builder.hpp
[0.780s] -- Up-to-date symlink: /home/futill/dummy_ros/install/include/dummy2_interface/dummy2_interface/srv/detail/init_can2eth__struct.hpp
[0.780s] -- Up-to-date symlink: /home/futill/dummy_ros/install/include/dummy2_interface/dummy2_interface/srv/detail/init_can2eth__traits.hpp
[0.780s] -- Up-to-date symlink: /home/futill/dummy_ros/install/include/dummy2_interface/dummy2_interface/srv/detail/init_can2eth__type_support.hpp
[0.780s] -- Up-to-date symlink: /home/futill/dummy_ros/install/include/dummy2_interface/dummy2_interface/srv/detail/read_can2eth__builder.hpp
[0.780s] -- Up-to-date symlink: /home/futill/dummy_ros/install/include/dummy2_interface/dummy2_interface/srv/detail/read_can2eth__struct.hpp
[0.782s] -- Up-to-date symlink: /home/futill/dummy_ros/install/include/dummy2_interface/dummy2_interface/srv/detail/read_can2eth__traits.hpp
[0.782s] -- Up-to-date symlink: /home/futill/dummy_ros/install/include/dummy2_interface/dummy2_interface/srv/detail/read_can2eth__type_support.hpp
[0.782s] -- Up-to-date symlink: /home/futill/dummy_ros/install/include/dummy2_interface/dummy2_interface/srv/detail/write_can2eth__builder.hpp
[0.782s] -- Up-to-date symlink: /home/futill/dummy_ros/install/include/dummy2_interface/dummy2_interface/srv/detail/write_can2eth__struct.hpp
[0.782s] -- Up-to-date symlink: /home/futill/dummy_ros/install/include/dummy2_interface/dummy2_interface/srv/detail/write_can2eth__traits.hpp
[0.784s] -- Up-to-date symlink: /home/futill/dummy_ros/install/include/dummy2_interface/dummy2_interface/srv/detail/write_can2eth__type_support.hpp
[0.784s] -- Up-to-date symlink: /home/futill/dummy_ros/install/include/dummy2_interface/dummy2_interface/srv/init_can2eth.hpp
[0.785s] -- Up-to-date symlink: /home/futill/dummy_ros/install/include/dummy2_interface/dummy2_interface/srv/read_can2eth.hpp
[0.785s] -- Up-to-date symlink: /home/futill/dummy_ros/install/include/dummy2_interface/dummy2_interface/srv/write_can2eth.hpp
[0.785s] -- Up-to-date symlink: /home/futill/dummy_ros/install/include/dummy2_interface/dummy2_interface/msg/rosidl_typesupport_fastrtps_cpp__visibility_control.h
[0.785s] -- Up-to-date symlink: /home/futill/dummy_ros/install/include/dummy2_interface/dummy2_interface/srv/detail/init_can2eth__rosidl_typesupport_fastrtps_cpp.hpp
[0.785s] -- Up-to-date symlink: /home/futill/dummy_ros/install/include/dummy2_interface/dummy2_interface/srv/detail/read_can2eth__rosidl_typesupport_fastrtps_cpp.hpp
[0.785s] -- Up-to-date symlink: /home/futill/dummy_ros/install/include/dummy2_interface/dummy2_interface/srv/detail/write_can2eth__rosidl_typesupport_fastrtps_cpp.hpp
[0.785s] -- Up-to-date symlink: /home/futill/dummy_ros/install/include/dummy2_interface/dummy2_interface/msg/rosidl_typesupport_introspection_c__visibility_control.h
[0.785s] -- Up-to-date symlink: /home/futill/dummy_ros/install/include/dummy2_interface/dummy2_interface/srv/detail/init_can2eth__rosidl_typesupport_introspection_c.h
[0.786s] -- Up-to-date symlink: /home/futill/dummy_ros/install/include/dummy2_interface/dummy2_interface/srv/detail/read_can2eth__rosidl_typesupport_introspection_c.h
[0.786s] -- Up-to-date symlink: /home/futill/dummy_ros/install/include/dummy2_interface/dummy2_interface/srv/detail/write_can2eth__rosidl_typesupport_introspection_c.h
[0.791s] -- Up-to-date symlink: /home/futill/dummy_ros/install/include/dummy2_interface/dummy2_interface/srv/detail/init_can2eth__rosidl_typesupport_introspection_cpp.hpp
[0.791s] -- Up-to-date symlink: /home/futill/dummy_ros/install/include/dummy2_interface/dummy2_interface/srv/detail/read_can2eth__rosidl_typesupport_introspection_cpp.hpp
[0.792s] -- Up-to-date symlink: /home/futill/dummy_ros/install/include/dummy2_interface/dummy2_interface/srv/detail/write_can2eth__rosidl_typesupport_introspection_cpp.hpp
[0.792s] -- Up-to-date symlink: /home/futill/dummy_ros/install/share/dummy2_interface/environment/pythonpath.sh
[0.792s] -- Up-to-date symlink: /home/futill/dummy_ros/install/share/dummy2_interface/environment/pythonpath.dsv
[0.793s] -- Up-to-date symlink: /home/futill/dummy_ros/install/local/lib/python3.10/dist-packages/dummy2_interface-0.0.0-py3.10.egg-info/PKG-INFO
[0.793s] -- Up-to-date symlink: /home/futill/dummy_ros/install/local/lib/python3.10/dist-packages/dummy2_interface-0.0.0-py3.10.egg-info/SOURCES.txt
[0.794s] -- Up-to-date symlink: /home/futill/dummy_ros/install/local/lib/python3.10/dist-packages/dummy2_interface-0.0.0-py3.10.egg-info/dependency_links.txt
[0.794s] -- Up-to-date symlink: /home/futill/dummy_ros/install/local/lib/python3.10/dist-packages/dummy2_interface-0.0.0-py3.10.egg-info/top_level.txt
[0.795s] -- Up-to-date symlink: /home/futill/dummy_ros/install/local/lib/python3.10/dist-packages/dummy2_interface/__init__.py
[0.795s] -- Up-to-date symlink: /home/futill/dummy_ros/install/local/lib/python3.10/dist-packages/dummy2_interface/_dummy2_interface_s.ep.rosidl_typesupport_c.c
[0.795s] -- Up-to-date symlink: /home/futill/dummy_ros/install/local/lib/python3.10/dist-packages/dummy2_interface/_dummy2_interface_s.ep.rosidl_typesupport_fastrtps_c.c
[0.795s] -- Up-to-date symlink: /home/futill/dummy_ros/install/local/lib/python3.10/dist-packages/dummy2_interface/_dummy2_interface_s.ep.rosidl_typesupport_introspection_c.c
[0.795s] -- Up-to-date symlink: /home/futill/dummy_ros/install/local/lib/python3.10/dist-packages/dummy2_interface/dummy2_interface_s__rosidl_typesupport_c.cpython-310-x86_64-linux-gnu.so
[0.795s] -- Up-to-date symlink: /home/futill/dummy_ros/install/local/lib/python3.10/dist-packages/dummy2_interface/dummy2_interface_s__rosidl_typesupport_fastrtps_c.cpython-310-x86_64-linux-gnu.so
[0.795s] -- Up-to-date symlink: /home/futill/dummy_ros/install/local/lib/python3.10/dist-packages/dummy2_interface/dummy2_interface_s__rosidl_typesupport_introspection_c.cpython-310-x86_64-linux-gnu.so
[0.795s] -- Up-to-date symlink: /home/futill/dummy_ros/install/local/lib/python3.10/dist-packages/dummy2_interface/libdummy2_interface__rosidl_generator_py.so
[0.795s] -- Up-to-date symlink: /home/futill/dummy_ros/install/local/lib/python3.10/dist-packages/dummy2_interface/srv/__init__.py
[0.796s] -- Up-to-date symlink: /home/futill/dummy_ros/install/local/lib/python3.10/dist-packages/dummy2_interface/srv/_init_can2eth.py
[0.796s] -- Up-to-date symlink: /home/futill/dummy_ros/install/local/lib/python3.10/dist-packages/dummy2_interface/srv/_init_can2eth_s.c
[0.796s] -- Up-to-date symlink: /home/futill/dummy_ros/install/local/lib/python3.10/dist-packages/dummy2_interface/srv/_read_can2eth.py
[0.796s] -- Up-to-date symlink: /home/futill/dummy_ros/install/local/lib/python3.10/dist-packages/dummy2_interface/srv/_read_can2eth_s.c
[0.796s] -- Up-to-date symlink: /home/futill/dummy_ros/install/local/lib/python3.10/dist-packages/dummy2_interface/srv/_write_can2eth.py
[0.796s] -- Up-to-date symlink: /home/futill/dummy_ros/install/local/lib/python3.10/dist-packages/dummy2_interface/srv/_write_can2eth_s.c
[0.796s] -- Up-to-date symlink: /home/futill/dummy_ros/install/local/lib/python3.10/dist-packages/dummy2_interface/dummy2_interface_s__rosidl_typesupport_fastrtps_c.cpython-310-x86_64-linux-gnu.so
[0.796s] -- Up-to-date symlink: /home/futill/dummy_ros/install/local/lib/python3.10/dist-packages/dummy2_interface/dummy2_interface_s__rosidl_typesupport_introspection_c.cpython-310-x86_64-linux-gnu.so
[0.796s] -- Up-to-date symlink: /home/futill/dummy_ros/install/local/lib/python3.10/dist-packages/dummy2_interface/dummy2_interface_s__rosidl_typesupport_c.cpython-310-x86_64-linux-gnu.so
[0.797s] -- Up-to-date symlink: /home/futill/dummy_ros/install/share/dummy2_interface/srv/InitCan2eth.idl
[0.797s] -- Up-to-date symlink: /home/futill/dummy_ros/install/share/dummy2_interface/srv/WriteCan2eth.idl
[0.801s] -- Up-to-date symlink: /home/futill/dummy_ros/install/share/dummy2_interface/srv/ReadCan2eth.idl
[0.801s] -- Up-to-date symlink: /home/futill/dummy_ros/install/share/dummy2_interface/srv/InitCan2eth.srv
[0.801s] -- Up-to-date symlink: /home/futill/dummy_ros/install/share/dummy2_interface/srv/InitCan2eth_Request.msg
[0.802s] -- Up-to-date symlink: /home/futill/dummy_ros/install/share/dummy2_interface/srv/InitCan2eth_Response.msg
[0.802s] -- Up-to-date symlink: /home/futill/dummy_ros/install/share/dummy2_interface/srv/WriteCan2eth.srv
[0.802s] -- Up-to-date symlink: /home/futill/dummy_ros/install/share/dummy2_interface/srv/WriteCan2eth_Request.msg
[0.802s] -- Up-to-date symlink: /home/futill/dummy_ros/install/share/dummy2_interface/srv/WriteCan2eth_Response.msg
[0.803s] -- Up-to-date symlink: /home/futill/dummy_ros/install/share/dummy2_interface/srv/ReadCan2eth.srv
[0.803s] -- Up-to-date symlink: /home/futill/dummy_ros/install/share/dummy2_interface/srv/ReadCan2eth_Request.msg
[0.803s] -- Up-to-date symlink: /home/futill/dummy_ros/install/share/dummy2_interface/srv/ReadCan2eth_Response.msg
[0.803s] -- Up-to-date symlink: /home/futill/dummy_ros/install/share/ament_index/resource_index/package_run_dependencies/dummy2_interface
[0.804s] -- Up-to-date symlink: /home/futill/dummy_ros/install/share/ament_index/resource_index/parent_prefix_path/dummy2_interface
[0.804s] -- Up-to-date symlink: /home/futill/dummy_ros/install/share/dummy2_interface/environment/ament_prefix_path.sh
[0.804s] -- Up-to-date symlink: /home/futill/dummy_ros/install/share/dummy2_interface/environment/ament_prefix_path.dsv
[0.804s] -- Up-to-date symlink: /home/futill/dummy_ros/install/share/dummy2_interface/environment/path.sh
[0.805s] -- Up-to-date symlink: /home/futill/dummy_ros/install/share/dummy2_interface/environment/path.dsv
[0.805s] -- Up-to-date symlink: /home/futill/dummy_ros/install/share/dummy2_interface/local_setup.bash
[0.805s] -- Up-to-date symlink: /home/futill/dummy_ros/install/share/dummy2_interface/local_setup.sh
[0.805s] -- Up-to-date symlink: /home/futill/dummy_ros/install/share/dummy2_interface/local_setup.zsh
[0.805s] -- Up-to-date symlink: /home/futill/dummy_ros/install/share/dummy2_interface/local_setup.dsv
[0.805s] -- Symlinking: /home/futill/dummy_ros/install/share/dummy2_interface/package.dsv
[0.811s] -- Up-to-date symlink: /home/futill/dummy_ros/install/share/ament_index/resource_index/packages/dummy2_interface
[0.811s] -- Up-to-date symlink: /home/futill/dummy_ros/install/share/dummy2_interface/cmake/rosidl_cmake-extras.cmake
[0.811s] -- Up-to-date symlink: /home/futill/dummy_ros/install/share/dummy2_interface/cmake/ament_cmake_export_include_directories-extras.cmake
[0.811s] -- Up-to-date symlink: /home/futill/dummy_ros/install/share/dummy2_interface/cmake/ament_cmake_export_libraries-extras.cmake
[0.811s] -- Up-to-date symlink: /home/futill/dummy_ros/install/share/dummy2_interface/cmake/ament_cmake_export_targets-extras.cmake
[0.811s] -- Up-to-date symlink: /home/futill/dummy_ros/install/share/dummy2_interface/cmake/rosidl_cmake_export_typesupport_targets-extras.cmake
[0.811s] -- Up-to-date symlink: /home/futill/dummy_ros/install/share/dummy2_interface/cmake/ament_cmake_export_dependencies-extras.cmake
[0.811s] -- Up-to-date symlink: /home/futill/dummy_ros/install/share/dummy2_interface/cmake/rosidl_cmake_export_typesupport_libraries-extras.cmake
[0.811s] -- Up-to-date symlink: /home/futill/dummy_ros/install/share/dummy2_interface/cmake/dummy2_interfaceConfig.cmake
[0.811s] -- Up-to-date symlink: /home/futill/dummy_ros/install/share/dummy2_interface/cmake/dummy2_interfaceConfig-version.cmake
[0.811s] -- Up-to-date symlink: /home/futill/dummy_ros/install/share/dummy2_interface/package.xml
[0.811s] -- Up-to-date: /home/futill/dummy_ros/install/lib/libdummy2_interface__rosidl_generator_c.so
[0.811s] -- Up-to-date: /home/futill/dummy_ros/install/lib/libdummy2_interface__rosidl_typesupport_fastrtps_c.so
[0.811s] -- Up-to-date: /home/futill/dummy_ros/install/lib/libdummy2_interface__rosidl_typesupport_fastrtps_cpp.so
[0.812s] -- Up-to-date: /home/futill/dummy_ros/install/lib/libdummy2_interface__rosidl_typesupport_introspection_c.so
[0.812s] -- Up-to-date: /home/futill/dummy_ros/install/lib/libdummy2_interface__rosidl_typesupport_c.so
[0.812s] -- Up-to-date: /home/futill/dummy_ros/install/lib/libdummy2_interface__rosidl_typesupport_introspection_cpp.so
[0.812s] -- Up-to-date: /home/futill/dummy_ros/install/lib/libdummy2_interface__rosidl_typesupport_cpp.so
[0.822s] Listing '/home/futill/dummy_ros/install/local/lib/python3.10/dist-packages/dummy2_interface'...
[0.822s] Listing '/home/futill/dummy_ros/install/local/lib/python3.10/dist-packages/dummy2_interface/srv'...
[0.822s] -- Up-to-date: /home/futill/dummy_ros/install/lib/libdummy2_interface__rosidl_generator_py.so
[0.822s] -- Up-to-date: /home/futill/dummy_ros/install/share/dummy2_interface/cmake/export_dummy2_interface__rosidl_generator_cExport.cmake
[0.822s] -- Up-to-date: /home/futill/dummy_ros/install/share/dummy2_interface/cmake/export_dummy2_interface__rosidl_generator_cExport-release.cmake
[0.822s] -- Up-to-date: /home/futill/dummy_ros/install/share/dummy2_interface/cmake/export_dummy2_interface__rosidl_typesupport_fastrtps_cExport.cmake
[0.822s] -- Up-to-date: /home/futill/dummy_ros/install/share/dummy2_interface/cmake/export_dummy2_interface__rosidl_typesupport_fastrtps_cExport-release.cmake
[0.822s] -- Up-to-date: /home/futill/dummy_ros/install/share/dummy2_interface/cmake/export_dummy2_interface__rosidl_generator_cppExport.cmake
[0.822s] -- Up-to-date: /home/futill/dummy_ros/install/share/dummy2_interface/cmake/export_dummy2_interface__rosidl_typesupport_fastrtps_cppExport.cmake
[0.823s] -- Up-to-date: /home/futill/dummy_ros/install/share/dummy2_interface/cmake/export_dummy2_interface__rosidl_typesupport_fastrtps_cppExport-release.cmake
[0.823s] -- Up-to-date: /home/futill/dummy_ros/install/share/dummy2_interface/cmake/dummy2_interface__rosidl_typesupport_introspection_cExport.cmake
[0.823s] -- Up-to-date: /home/futill/dummy_ros/install/share/dummy2_interface/cmake/dummy2_interface__rosidl_typesupport_introspection_cExport-release.cmake
[0.823s] -- Up-to-date: /home/futill/dummy_ros/install/share/dummy2_interface/cmake/dummy2_interface__rosidl_typesupport_cExport.cmake
[0.823s] -- Up-to-date: /home/futill/dummy_ros/install/share/dummy2_interface/cmake/dummy2_interface__rosidl_typesupport_cExport-release.cmake
[0.823s] -- Up-to-date: /home/futill/dummy_ros/install/share/dummy2_interface/cmake/dummy2_interface__rosidl_typesupport_introspection_cppExport.cmake
[0.823s] -- Up-to-date: /home/futill/dummy_ros/install/share/dummy2_interface/cmake/dummy2_interface__rosidl_typesupport_introspection_cppExport-release.cmake
[0.823s] -- Up-to-date: /home/futill/dummy_ros/install/share/dummy2_interface/cmake/dummy2_interface__rosidl_typesupport_cppExport.cmake
[0.823s] -- Up-to-date: /home/futill/dummy_ros/install/share/dummy2_interface/cmake/dummy2_interface__rosidl_typesupport_cppExport-release.cmake
[0.824s] -- Up-to-date: /home/futill/dummy_ros/install/share/dummy2_interface/cmake/export_dummy2_interface__rosidl_generator_pyExport.cmake
[0.824s] -- Up-to-date: /home/futill/dummy_ros/install/share/dummy2_interface/cmake/export_dummy2_interface__rosidl_generator_pyExport-release.cmake
[0.896s] Invoked command in '/home/futill/dummy_ros/build/dummy2_interface' returned '0': CMAKE_PREFIX_PATH=${CMAKE_PREFIX_PATH}:/opt/ros/humble /usr/bin/cmake --install /home/futill/dummy_ros/build/dummy2_interface
