[0.321s] Invoking command in '/home/futill/dummy2_hand_eye_calibration_ws/build/orbbec_camera_msgs': CMAKE_PREFIX_PATH=${CMAKE_PREFIX_PATH}:/home/futill/targer_ws/install/my_robot_pkg:/opt/ros/humble /usr/bin/cmake --build /home/futill/dummy2_hand_eye_calibration_ws/build/orbbec_camera_msgs -- -j8 -l8
[0.672s] [35m[1mConsolidate compiler generated dependencies of target orbbec_camera_msgs__rosidl_generator_c[0m
[0.672s] [  0%] Built target orbbec_camera_msgs__cpp
[0.672s] [35m[1mConsolidate compiler generated dependencies of target orbbec_camera_msgs__rosidl_typesupport_cpp[0m
[0.672s] [ 12%] Built target orbbec_camera_msgs__rosidl_generator_c
[0.672s] [35m[1mConsolidate compiler generated dependencies of target orbbec_camera_msgs__rosidl_typesupport_introspection_cpp[0m
[0.672s] [ 12%] Built target ament_cmake_python_symlink_orbbec_camera_msgs
[0.672s] [35m[1mConsolidate compiler generated dependencies of target orbbec_camera_msgs__rosidl_typesupport_fastrtps_cpp[0m
[0.672s] [ 24%] Built target orbbec_camera_msgs__rosidl_typesupport_cpp
[0.673s] [35m[1mConsolidate compiler generated dependencies of target orbbec_camera_msgs__rosidl_typesupport_c[0m
[0.673s] [ 36%] Built target orbbec_camera_msgs__rosidl_typesupport_introspection_cpp
[0.673s] [35m[1mConsolidate compiler generated dependencies of target orbbec_camera_msgs__rosidl_typesupport_introspection_c[0m
[0.673s] [ 47%] Built target orbbec_camera_msgs__rosidl_typesupport_fastrtps_cpp
[0.673s] [35m[1mConsolidate compiler generated dependencies of target orbbec_camera_msgs__rosidl_typesupport_fastrtps_c[0m
[0.673s] [ 59%] Built target orbbec_camera_msgs__rosidl_typesupport_introspection_c
[0.673s] [ 71%] Built target orbbec_camera_msgs__rosidl_typesupport_c
[0.673s] [ 83%] Built target orbbec_camera_msgs__rosidl_typesupport_fastrtps_c
[0.673s] [ 83%] Built target orbbec_camera_msgs
[0.673s] [ 84%] Built target orbbec_camera_msgs__py
[0.673s] [35m[1mConsolidate compiler generated dependencies of target orbbec_camera_msgs__rosidl_generator_py[0m
[0.673s] [ 95%] Built target orbbec_camera_msgs__rosidl_generator_py
[0.690s] [35m[1mConsolidate compiler generated dependencies of target orbbec_camera_msgs__rosidl_typesupport_c__pyext[0m
[0.690s] [35m[1mConsolidate compiler generated dependencies of target orbbec_camera_msgs__rosidl_typesupport_introspection_c__pyext[0m
[0.702s] [35m[1mConsolidate compiler generated dependencies of target orbbec_camera_msgs__rosidl_typesupport_fastrtps_c__pyext[0m
[0.712s] [ 96%] Built target orbbec_camera_msgs__rosidl_typesupport_c__pyext
[0.719s] [ 98%] Built target orbbec_camera_msgs__rosidl_typesupport_introspection_c__pyext
[0.737s] [100%] Built target orbbec_camera_msgs__rosidl_typesupport_fastrtps_c__pyext
[0.836s] running egg_info
[0.840s] writing orbbec_camera_msgs.egg-info/PKG-INFO
[0.841s] writing dependency_links to orbbec_camera_msgs.egg-info/dependency_links.txt
[0.841s] writing top-level names to orbbec_camera_msgs.egg-info/top_level.txt
[0.851s] reading manifest file 'orbbec_camera_msgs.egg-info/SOURCES.txt'
[0.851s] writing manifest file 'orbbec_camera_msgs.egg-info/SOURCES.txt'
[0.901s] [100%] Built target ament_cmake_python_build_orbbec_camera_msgs_egg
[0.921s] Invoked command in '/home/futill/dummy2_hand_eye_calibration_ws/build/orbbec_camera_msgs' returned '0': CMAKE_PREFIX_PATH=${CMAKE_PREFIX_PATH}:/home/futill/targer_ws/install/my_robot_pkg:/opt/ros/humble /usr/bin/cmake --build /home/futill/dummy2_hand_eye_calibration_ws/build/orbbec_camera_msgs -- -j8 -l8
[0.931s] Invoking command in '/home/futill/dummy2_hand_eye_calibration_ws/build/orbbec_camera_msgs': CMAKE_PREFIX_PATH=${CMAKE_PREFIX_PATH}:/home/futill/targer_ws/install/my_robot_pkg:/opt/ros/humble /usr/bin/cmake --install /home/futill/dummy2_hand_eye_calibration_ws/build/orbbec_camera_msgs
[0.940s] -- Install configuration: "Release"
[0.947s] -- Execute custom install script
[0.947s] -- Up-to-date symlink: /home/futill/dummy2_hand_eye_calibration_ws/install/share/ament_index/resource_index/rosidl_interfaces/orbbec_camera_msgs
[0.955s] -- Up-to-date symlink: /home/futill/dummy2_hand_eye_calibration_ws/install/include/orbbec_camera_msgs/orbbec_camera_msgs/msg/detail/device_info__functions.h
[0.960s] -- Up-to-date symlink: /home/futill/dummy2_hand_eye_calibration_ws/install/include/orbbec_camera_msgs/orbbec_camera_msgs/msg/detail/device_info__struct.h
[0.960s] -- Up-to-date symlink: /home/futill/dummy2_hand_eye_calibration_ws/install/include/orbbec_camera_msgs/orbbec_camera_msgs/msg/detail/device_info__type_support.h
[0.961s] -- Up-to-date symlink: /home/futill/dummy2_hand_eye_calibration_ws/install/include/orbbec_camera_msgs/orbbec_camera_msgs/msg/detail/extrinsics__functions.h
[0.962s] -- Up-to-date symlink: /home/futill/dummy2_hand_eye_calibration_ws/install/include/orbbec_camera_msgs/orbbec_camera_msgs/msg/detail/extrinsics__struct.h
[0.963s] -- Up-to-date symlink: /home/futill/dummy2_hand_eye_calibration_ws/install/include/orbbec_camera_msgs/orbbec_camera_msgs/msg/detail/extrinsics__type_support.h
[0.964s] -- Up-to-date symlink: /home/futill/dummy2_hand_eye_calibration_ws/install/include/orbbec_camera_msgs/orbbec_camera_msgs/msg/detail/imu_info__functions.h
[0.965s] -- Up-to-date symlink: /home/futill/dummy2_hand_eye_calibration_ws/install/include/orbbec_camera_msgs/orbbec_camera_msgs/msg/detail/imu_info__struct.h
[0.969s] -- Up-to-date symlink: /home/futill/dummy2_hand_eye_calibration_ws/install/include/orbbec_camera_msgs/orbbec_camera_msgs/msg/detail/imu_info__type_support.h
[0.969s] -- Up-to-date symlink: /home/futill/dummy2_hand_eye_calibration_ws/install/include/orbbec_camera_msgs/orbbec_camera_msgs/msg/detail/metadata__functions.h
[0.969s] -- Up-to-date symlink: /home/futill/dummy2_hand_eye_calibration_ws/install/include/orbbec_camera_msgs/orbbec_camera_msgs/msg/detail/metadata__struct.h
[0.970s] -- Up-to-date symlink: /home/futill/dummy2_hand_eye_calibration_ws/install/include/orbbec_camera_msgs/orbbec_camera_msgs/msg/detail/metadata__type_support.h
[0.970s] -- Up-to-date symlink: /home/futill/dummy2_hand_eye_calibration_ws/install/include/orbbec_camera_msgs/orbbec_camera_msgs/msg/detail/rgbd__functions.h
[0.971s] -- Up-to-date symlink: /home/futill/dummy2_hand_eye_calibration_ws/install/include/orbbec_camera_msgs/orbbec_camera_msgs/msg/detail/rgbd__struct.h
[0.971s] -- Up-to-date symlink: /home/futill/dummy2_hand_eye_calibration_ws/install/include/orbbec_camera_msgs/orbbec_camera_msgs/msg/detail/rgbd__type_support.h
[0.973s] -- Up-to-date symlink: /home/futill/dummy2_hand_eye_calibration_ws/install/include/orbbec_camera_msgs/orbbec_camera_msgs/msg/device_info.h
[0.973s] -- Up-to-date symlink: /home/futill/dummy2_hand_eye_calibration_ws/install/include/orbbec_camera_msgs/orbbec_camera_msgs/msg/extrinsics.h
[0.977s] -- Up-to-date symlink: /home/futill/dummy2_hand_eye_calibration_ws/install/include/orbbec_camera_msgs/orbbec_camera_msgs/msg/imu_info.h
[0.977s] -- Up-to-date symlink: /home/futill/dummy2_hand_eye_calibration_ws/install/include/orbbec_camera_msgs/orbbec_camera_msgs/msg/metadata.h
[0.977s] -- Up-to-date symlink: /home/futill/dummy2_hand_eye_calibration_ws/install/include/orbbec_camera_msgs/orbbec_camera_msgs/msg/rgbd.h
[0.977s] -- Up-to-date symlink: /home/futill/dummy2_hand_eye_calibration_ws/install/include/orbbec_camera_msgs/orbbec_camera_msgs/msg/rosidl_generator_c__visibility_control.h
[0.977s] -- Up-to-date symlink: /home/futill/dummy2_hand_eye_calibration_ws/install/include/orbbec_camera_msgs/orbbec_camera_msgs/srv/detail/get_bool__functions.h
[0.977s] -- Up-to-date symlink: /home/futill/dummy2_hand_eye_calibration_ws/install/include/orbbec_camera_msgs/orbbec_camera_msgs/srv/detail/get_bool__struct.h
[0.977s] -- Up-to-date symlink: /home/futill/dummy2_hand_eye_calibration_ws/install/include/orbbec_camera_msgs/orbbec_camera_msgs/srv/detail/get_bool__type_support.h
[0.978s] -- Up-to-date symlink: /home/futill/dummy2_hand_eye_calibration_ws/install/include/orbbec_camera_msgs/orbbec_camera_msgs/srv/detail/get_camera_info__functions.h
[0.978s] -- Up-to-date symlink: /home/futill/dummy2_hand_eye_calibration_ws/install/include/orbbec_camera_msgs/orbbec_camera_msgs/srv/detail/get_camera_info__struct.h
[0.982s] -- Up-to-date symlink: /home/futill/dummy2_hand_eye_calibration_ws/install/include/orbbec_camera_msgs/orbbec_camera_msgs/srv/detail/get_camera_info__type_support.h
[0.985s] -- Up-to-date symlink: /home/futill/dummy2_hand_eye_calibration_ws/install/include/orbbec_camera_msgs/orbbec_camera_msgs/srv/detail/get_device_info__functions.h
[0.985s] -- Up-to-date symlink: /home/futill/dummy2_hand_eye_calibration_ws/install/include/orbbec_camera_msgs/orbbec_camera_msgs/srv/detail/get_device_info__struct.h
[0.985s] -- Up-to-date symlink: /home/futill/dummy2_hand_eye_calibration_ws/install/include/orbbec_camera_msgs/orbbec_camera_msgs/srv/detail/get_device_info__type_support.h
[0.986s] -- Up-to-date symlink: /home/futill/dummy2_hand_eye_calibration_ws/install/include/orbbec_camera_msgs/orbbec_camera_msgs/srv/detail/get_int32__functions.h
[0.987s] -- Up-to-date symlink: /home/futill/dummy2_hand_eye_calibration_ws/install/include/orbbec_camera_msgs/orbbec_camera_msgs/srv/detail/get_int32__struct.h
[0.987s] -- Up-to-date symlink: /home/futill/dummy2_hand_eye_calibration_ws/install/include/orbbec_camera_msgs/orbbec_camera_msgs/srv/detail/get_int32__type_support.h
[0.987s] -- Up-to-date symlink: /home/futill/dummy2_hand_eye_calibration_ws/install/include/orbbec_camera_msgs/orbbec_camera_msgs/srv/detail/get_string__functions.h
[0.990s] -- Up-to-date symlink: /home/futill/dummy2_hand_eye_calibration_ws/install/include/orbbec_camera_msgs/orbbec_camera_msgs/srv/detail/get_string__struct.h
[0.991s] -- Up-to-date symlink: /home/futill/dummy2_hand_eye_calibration_ws/install/include/orbbec_camera_msgs/orbbec_camera_msgs/srv/detail/get_string__type_support.h
[0.991s] -- Up-to-date symlink: /home/futill/dummy2_hand_eye_calibration_ws/install/include/orbbec_camera_msgs/orbbec_camera_msgs/srv/detail/set_int32__functions.h
[0.992s] -- Up-to-date symlink: /home/futill/dummy2_hand_eye_calibration_ws/install/include/orbbec_camera_msgs/orbbec_camera_msgs/srv/detail/set_int32__struct.h
[0.992s] -- Up-to-date symlink: /home/futill/dummy2_hand_eye_calibration_ws/install/include/orbbec_camera_msgs/orbbec_camera_msgs/srv/detail/set_int32__type_support.h
[0.992s] -- Up-to-date symlink: /home/futill/dummy2_hand_eye_calibration_ws/install/include/orbbec_camera_msgs/orbbec_camera_msgs/srv/detail/set_string__functions.h
[0.993s] -- Up-to-date symlink: /home/futill/dummy2_hand_eye_calibration_ws/install/include/orbbec_camera_msgs/orbbec_camera_msgs/srv/detail/set_string__struct.h
[0.993s] -- Up-to-date symlink: /home/futill/dummy2_hand_eye_calibration_ws/install/include/orbbec_camera_msgs/orbbec_camera_msgs/srv/detail/set_string__type_support.h
[0.993s] -- Up-to-date symlink: /home/futill/dummy2_hand_eye_calibration_ws/install/include/orbbec_camera_msgs/orbbec_camera_msgs/srv/get_bool.h
[0.993s] -- Up-to-date symlink: /home/futill/dummy2_hand_eye_calibration_ws/install/include/orbbec_camera_msgs/orbbec_camera_msgs/srv/get_camera_info.h
[0.994s] -- Up-to-date symlink: /home/futill/dummy2_hand_eye_calibration_ws/install/include/orbbec_camera_msgs/orbbec_camera_msgs/srv/get_device_info.h
[0.994s] -- Up-to-date symlink: /home/futill/dummy2_hand_eye_calibration_ws/install/include/orbbec_camera_msgs/orbbec_camera_msgs/srv/get_int32.h
[0.994s] -- Up-to-date symlink: /home/futill/dummy2_hand_eye_calibration_ws/install/include/orbbec_camera_msgs/orbbec_camera_msgs/srv/get_string.h
[0.994s] -- Up-to-date symlink: /home/futill/dummy2_hand_eye_calibration_ws/install/include/orbbec_camera_msgs/orbbec_camera_msgs/srv/set_int32.h
[0.994s] -- Up-to-date symlink: /home/futill/dummy2_hand_eye_calibration_ws/install/include/orbbec_camera_msgs/orbbec_camera_msgs/srv/set_string.h
[0.994s] -- Up-to-date symlink: /home/futill/dummy2_hand_eye_calibration_ws/install/share/orbbec_camera_msgs/environment/library_path.sh
[0.994s] -- Up-to-date symlink: /home/futill/dummy2_hand_eye_calibration_ws/install/share/orbbec_camera_msgs/environment/library_path.dsv
[0.994s] -- Up-to-date symlink: /home/futill/dummy2_hand_eye_calibration_ws/install/include/orbbec_camera_msgs/orbbec_camera_msgs/msg/detail/device_info__rosidl_typesupport_fastrtps_c.h
[0.995s] -- Up-to-date symlink: /home/futill/dummy2_hand_eye_calibration_ws/install/include/orbbec_camera_msgs/orbbec_camera_msgs/msg/detail/extrinsics__rosidl_typesupport_fastrtps_c.h
[0.995s] -- Up-to-date symlink: /home/futill/dummy2_hand_eye_calibration_ws/install/include/orbbec_camera_msgs/orbbec_camera_msgs/msg/detail/imu_info__rosidl_typesupport_fastrtps_c.h
[0.995s] -- Up-to-date symlink: /home/futill/dummy2_hand_eye_calibration_ws/install/include/orbbec_camera_msgs/orbbec_camera_msgs/msg/detail/metadata__rosidl_typesupport_fastrtps_c.h
[0.995s] -- Up-to-date symlink: /home/futill/dummy2_hand_eye_calibration_ws/install/include/orbbec_camera_msgs/orbbec_camera_msgs/msg/detail/rgbd__rosidl_typesupport_fastrtps_c.h
[0.995s] -- Up-to-date symlink: /home/futill/dummy2_hand_eye_calibration_ws/install/include/orbbec_camera_msgs/orbbec_camera_msgs/msg/rosidl_typesupport_fastrtps_c__visibility_control.h
[0.995s] -- Up-to-date symlink: /home/futill/dummy2_hand_eye_calibration_ws/install/include/orbbec_camera_msgs/orbbec_camera_msgs/srv/detail/get_bool__rosidl_typesupport_fastrtps_c.h
[0.995s] -- Up-to-date symlink: /home/futill/dummy2_hand_eye_calibration_ws/install/include/orbbec_camera_msgs/orbbec_camera_msgs/srv/detail/get_camera_info__rosidl_typesupport_fastrtps_c.h
[0.995s] -- Up-to-date symlink: /home/futill/dummy2_hand_eye_calibration_ws/install/include/orbbec_camera_msgs/orbbec_camera_msgs/srv/detail/get_device_info__rosidl_typesupport_fastrtps_c.h
[0.995s] -- Up-to-date symlink: /home/futill/dummy2_hand_eye_calibration_ws/install/include/orbbec_camera_msgs/orbbec_camera_msgs/srv/detail/get_int32__rosidl_typesupport_fastrtps_c.h
[0.996s] -- Up-to-date symlink: /home/futill/dummy2_hand_eye_calibration_ws/install/include/orbbec_camera_msgs/orbbec_camera_msgs/srv/detail/get_string__rosidl_typesupport_fastrtps_c.h
[0.997s] -- Up-to-date symlink: /home/futill/dummy2_hand_eye_calibration_ws/install/include/orbbec_camera_msgs/orbbec_camera_msgs/srv/detail/set_int32__rosidl_typesupport_fastrtps_c.h
[0.998s] -- Up-to-date symlink: /home/futill/dummy2_hand_eye_calibration_ws/install/include/orbbec_camera_msgs/orbbec_camera_msgs/srv/detail/set_string__rosidl_typesupport_fastrtps_c.h
[1.001s] -- Up-to-date symlink: /home/futill/dummy2_hand_eye_calibration_ws/install/include/orbbec_camera_msgs/orbbec_camera_msgs/msg/detail/device_info__rosidl_typesupport_introspection_c.h
[1.001s] -- Up-to-date symlink: /home/futill/dummy2_hand_eye_calibration_ws/install/include/orbbec_camera_msgs/orbbec_camera_msgs/msg/detail/extrinsics__rosidl_typesupport_introspection_c.h
[1.001s] -- Up-to-date symlink: /home/futill/dummy2_hand_eye_calibration_ws/install/include/orbbec_camera_msgs/orbbec_camera_msgs/msg/detail/imu_info__rosidl_typesupport_introspection_c.h
[1.002s] -- Up-to-date symlink: /home/futill/dummy2_hand_eye_calibration_ws/install/include/orbbec_camera_msgs/orbbec_camera_msgs/msg/detail/metadata__rosidl_typesupport_introspection_c.h
[1.002s] -- Up-to-date symlink: /home/futill/dummy2_hand_eye_calibration_ws/install/include/orbbec_camera_msgs/orbbec_camera_msgs/msg/detail/rgbd__rosidl_typesupport_introspection_c.h
[1.003s] -- Up-to-date symlink: /home/futill/dummy2_hand_eye_calibration_ws/install/include/orbbec_camera_msgs/orbbec_camera_msgs/msg/rosidl_typesupport_introspection_c__visibility_control.h
[1.003s] -- Up-to-date symlink: /home/futill/dummy2_hand_eye_calibration_ws/install/include/orbbec_camera_msgs/orbbec_camera_msgs/srv/detail/get_bool__rosidl_typesupport_introspection_c.h
[1.003s] -- Up-to-date symlink: /home/futill/dummy2_hand_eye_calibration_ws/install/include/orbbec_camera_msgs/orbbec_camera_msgs/srv/detail/get_camera_info__rosidl_typesupport_introspection_c.h
[1.004s] -- Up-to-date symlink: /home/futill/dummy2_hand_eye_calibration_ws/install/include/orbbec_camera_msgs/orbbec_camera_msgs/srv/detail/get_device_info__rosidl_typesupport_introspection_c.h
[1.004s] -- Up-to-date symlink: /home/futill/dummy2_hand_eye_calibration_ws/install/include/orbbec_camera_msgs/orbbec_camera_msgs/srv/detail/get_int32__rosidl_typesupport_introspection_c.h
[1.005s] -- Up-to-date symlink: /home/futill/dummy2_hand_eye_calibration_ws/install/include/orbbec_camera_msgs/orbbec_camera_msgs/srv/detail/get_string__rosidl_typesupport_introspection_c.h
[1.005s] -- Up-to-date symlink: /home/futill/dummy2_hand_eye_calibration_ws/install/include/orbbec_camera_msgs/orbbec_camera_msgs/srv/detail/set_int32__rosidl_typesupport_introspection_c.h
[1.005s] -- Up-to-date symlink: /home/futill/dummy2_hand_eye_calibration_ws/install/include/orbbec_camera_msgs/orbbec_camera_msgs/srv/detail/set_string__rosidl_typesupport_introspection_c.h
[1.005s] -- Up-to-date symlink: /home/futill/dummy2_hand_eye_calibration_ws/install/include/orbbec_camera_msgs/orbbec_camera_msgs/msg/detail/device_info__builder.hpp
[1.005s] -- Up-to-date symlink: /home/futill/dummy2_hand_eye_calibration_ws/install/include/orbbec_camera_msgs/orbbec_camera_msgs/msg/detail/device_info__struct.hpp
[1.007s] -- Up-to-date symlink: /home/futill/dummy2_hand_eye_calibration_ws/install/include/orbbec_camera_msgs/orbbec_camera_msgs/msg/detail/device_info__traits.hpp
[1.007s] -- Up-to-date symlink: /home/futill/dummy2_hand_eye_calibration_ws/install/include/orbbec_camera_msgs/orbbec_camera_msgs/msg/detail/device_info__type_support.hpp
[1.024s] -- Up-to-date symlink: /home/futill/dummy2_hand_eye_calibration_ws/install/include/orbbec_camera_msgs/orbbec_camera_msgs/msg/detail/extrinsics__builder.hpp
[1.024s] -- Up-to-date symlink: /home/futill/dummy2_hand_eye_calibration_ws/install/include/orbbec_camera_msgs/orbbec_camera_msgs/msg/detail/extrinsics__struct.hpp
[1.024s] -- Up-to-date symlink: /home/futill/dummy2_hand_eye_calibration_ws/install/include/orbbec_camera_msgs/orbbec_camera_msgs/msg/detail/extrinsics__traits.hpp
[1.026s] -- Up-to-date symlink: /home/futill/dummy2_hand_eye_calibration_ws/install/include/orbbec_camera_msgs/orbbec_camera_msgs/msg/detail/extrinsics__type_support.hpp
[1.026s] -- Up-to-date symlink: /home/futill/dummy2_hand_eye_calibration_ws/install/include/orbbec_camera_msgs/orbbec_camera_msgs/msg/detail/imu_info__builder.hpp
[1.026s] -- Up-to-date symlink: /home/futill/dummy2_hand_eye_calibration_ws/install/include/orbbec_camera_msgs/orbbec_camera_msgs/msg/detail/imu_info__struct.hpp
[1.026s] -- Up-to-date symlink: /home/futill/dummy2_hand_eye_calibration_ws/install/include/orbbec_camera_msgs/orbbec_camera_msgs/msg/detail/imu_info__traits.hpp
[1.029s] -- Up-to-date symlink: /home/futill/dummy2_hand_eye_calibration_ws/install/include/orbbec_camera_msgs/orbbec_camera_msgs/msg/detail/imu_info__type_support.hpp
[1.029s] -- Up-to-date symlink: /home/futill/dummy2_hand_eye_calibration_ws/install/include/orbbec_camera_msgs/orbbec_camera_msgs/msg/detail/metadata__builder.hpp
[1.029s] -- Up-to-date symlink: /home/futill/dummy2_hand_eye_calibration_ws/install/include/orbbec_camera_msgs/orbbec_camera_msgs/msg/detail/metadata__struct.hpp
[1.029s] -- Up-to-date symlink: /home/futill/dummy2_hand_eye_calibration_ws/install/include/orbbec_camera_msgs/orbbec_camera_msgs/msg/detail/metadata__traits.hpp
[1.029s] -- Up-to-date symlink: /home/futill/dummy2_hand_eye_calibration_ws/install/include/orbbec_camera_msgs/orbbec_camera_msgs/msg/detail/metadata__type_support.hpp
[1.029s] -- Up-to-date symlink: /home/futill/dummy2_hand_eye_calibration_ws/install/include/orbbec_camera_msgs/orbbec_camera_msgs/msg/detail/rgbd__builder.hpp
[1.029s] -- Up-to-date symlink: /home/futill/dummy2_hand_eye_calibration_ws/install/include/orbbec_camera_msgs/orbbec_camera_msgs/msg/detail/rgbd__struct.hpp
[1.029s] -- Up-to-date symlink: /home/futill/dummy2_hand_eye_calibration_ws/install/include/orbbec_camera_msgs/orbbec_camera_msgs/msg/detail/rgbd__traits.hpp
[1.029s] -- Up-to-date symlink: /home/futill/dummy2_hand_eye_calibration_ws/install/include/orbbec_camera_msgs/orbbec_camera_msgs/msg/detail/rgbd__type_support.hpp
[1.030s] -- Up-to-date symlink: /home/futill/dummy2_hand_eye_calibration_ws/install/include/orbbec_camera_msgs/orbbec_camera_msgs/msg/device_info.hpp
[1.034s] -- Up-to-date symlink: /home/futill/dummy2_hand_eye_calibration_ws/install/include/orbbec_camera_msgs/orbbec_camera_msgs/msg/extrinsics.hpp
[1.037s] -- Up-to-date symlink: /home/futill/dummy2_hand_eye_calibration_ws/install/include/orbbec_camera_msgs/orbbec_camera_msgs/msg/imu_info.hpp
[1.037s] -- Up-to-date symlink: /home/futill/dummy2_hand_eye_calibration_ws/install/include/orbbec_camera_msgs/orbbec_camera_msgs/msg/metadata.hpp
[1.038s] -- Up-to-date symlink: /home/futill/dummy2_hand_eye_calibration_ws/install/include/orbbec_camera_msgs/orbbec_camera_msgs/msg/rgbd.hpp
[1.052s] -- Up-to-date symlink: /home/futill/dummy2_hand_eye_calibration_ws/install/include/orbbec_camera_msgs/orbbec_camera_msgs/msg/rosidl_generator_cpp__visibility_control.hpp
[1.052s] -- Up-to-date symlink: /home/futill/dummy2_hand_eye_calibration_ws/install/include/orbbec_camera_msgs/orbbec_camera_msgs/srv/detail/get_bool__builder.hpp
[1.052s] -- Up-to-date symlink: /home/futill/dummy2_hand_eye_calibration_ws/install/include/orbbec_camera_msgs/orbbec_camera_msgs/srv/detail/get_bool__struct.hpp
[1.052s] -- Up-to-date symlink: /home/futill/dummy2_hand_eye_calibration_ws/install/include/orbbec_camera_msgs/orbbec_camera_msgs/srv/detail/get_bool__traits.hpp
[1.052s] -- Up-to-date symlink: /home/futill/dummy2_hand_eye_calibration_ws/install/include/orbbec_camera_msgs/orbbec_camera_msgs/srv/detail/get_bool__type_support.hpp
[1.052s] -- Up-to-date symlink: /home/futill/dummy2_hand_eye_calibration_ws/install/include/orbbec_camera_msgs/orbbec_camera_msgs/srv/detail/get_camera_info__builder.hpp
[1.053s] -- Up-to-date symlink: /home/futill/dummy2_hand_eye_calibration_ws/install/include/orbbec_camera_msgs/orbbec_camera_msgs/srv/detail/get_camera_info__struct.hpp
[1.053s] -- Up-to-date symlink: /home/futill/dummy2_hand_eye_calibration_ws/install/include/orbbec_camera_msgs/orbbec_camera_msgs/srv/detail/get_camera_info__traits.hpp
[1.053s] -- Up-to-date symlink: /home/futill/dummy2_hand_eye_calibration_ws/install/include/orbbec_camera_msgs/orbbec_camera_msgs/srv/detail/get_camera_info__type_support.hpp
[1.053s] -- Up-to-date symlink: /home/futill/dummy2_hand_eye_calibration_ws/install/include/orbbec_camera_msgs/orbbec_camera_msgs/srv/detail/get_device_info__builder.hpp
[1.053s] -- Up-to-date symlink: /home/futill/dummy2_hand_eye_calibration_ws/install/include/orbbec_camera_msgs/orbbec_camera_msgs/srv/detail/get_device_info__struct.hpp
[1.053s] -- Up-to-date symlink: /home/futill/dummy2_hand_eye_calibration_ws/install/include/orbbec_camera_msgs/orbbec_camera_msgs/srv/detail/get_device_info__traits.hpp
[1.053s] -- Up-to-date symlink: /home/futill/dummy2_hand_eye_calibration_ws/install/include/orbbec_camera_msgs/orbbec_camera_msgs/srv/detail/get_device_info__type_support.hpp
[1.053s] -- Up-to-date symlink: /home/futill/dummy2_hand_eye_calibration_ws/install/include/orbbec_camera_msgs/orbbec_camera_msgs/srv/detail/get_int32__builder.hpp
[1.053s] -- Up-to-date symlink: /home/futill/dummy2_hand_eye_calibration_ws/install/include/orbbec_camera_msgs/orbbec_camera_msgs/srv/detail/get_int32__struct.hpp
[1.057s] -- Up-to-date symlink: /home/futill/dummy2_hand_eye_calibration_ws/install/include/orbbec_camera_msgs/orbbec_camera_msgs/srv/detail/get_int32__traits.hpp
[1.057s] -- Up-to-date symlink: /home/futill/dummy2_hand_eye_calibration_ws/install/include/orbbec_camera_msgs/orbbec_camera_msgs/srv/detail/get_int32__type_support.hpp
[1.057s] -- Up-to-date symlink: /home/futill/dummy2_hand_eye_calibration_ws/install/include/orbbec_camera_msgs/orbbec_camera_msgs/srv/detail/get_string__builder.hpp
[1.057s] -- Up-to-date symlink: /home/futill/dummy2_hand_eye_calibration_ws/install/include/orbbec_camera_msgs/orbbec_camera_msgs/srv/detail/get_string__struct.hpp
[1.057s] -- Up-to-date symlink: /home/futill/dummy2_hand_eye_calibration_ws/install/include/orbbec_camera_msgs/orbbec_camera_msgs/srv/detail/get_string__traits.hpp
[1.057s] -- Up-to-date symlink: /home/futill/dummy2_hand_eye_calibration_ws/install/include/orbbec_camera_msgs/orbbec_camera_msgs/srv/detail/get_string__type_support.hpp
[1.057s] -- Up-to-date symlink: /home/futill/dummy2_hand_eye_calibration_ws/install/include/orbbec_camera_msgs/orbbec_camera_msgs/srv/detail/set_int32__builder.hpp
[1.057s] -- Up-to-date symlink: /home/futill/dummy2_hand_eye_calibration_ws/install/include/orbbec_camera_msgs/orbbec_camera_msgs/srv/detail/set_int32__struct.hpp
[1.057s] -- Up-to-date symlink: /home/futill/dummy2_hand_eye_calibration_ws/install/include/orbbec_camera_msgs/orbbec_camera_msgs/srv/detail/set_int32__traits.hpp
[1.057s] -- Up-to-date symlink: /home/futill/dummy2_hand_eye_calibration_ws/install/include/orbbec_camera_msgs/orbbec_camera_msgs/srv/detail/set_int32__type_support.hpp
[1.057s] -- Up-to-date symlink: /home/futill/dummy2_hand_eye_calibration_ws/install/include/orbbec_camera_msgs/orbbec_camera_msgs/srv/detail/set_string__builder.hpp
[1.058s] -- Up-to-date symlink: /home/futill/dummy2_hand_eye_calibration_ws/install/include/orbbec_camera_msgs/orbbec_camera_msgs/srv/detail/set_string__struct.hpp
[1.058s] -- Up-to-date symlink: /home/futill/dummy2_hand_eye_calibration_ws/install/include/orbbec_camera_msgs/orbbec_camera_msgs/srv/detail/set_string__traits.hpp
[1.058s] -- Up-to-date symlink: /home/futill/dummy2_hand_eye_calibration_ws/install/include/orbbec_camera_msgs/orbbec_camera_msgs/srv/detail/set_string__type_support.hpp
[1.058s] -- Up-to-date symlink: /home/futill/dummy2_hand_eye_calibration_ws/install/include/orbbec_camera_msgs/orbbec_camera_msgs/srv/get_bool.hpp
[1.058s] -- Up-to-date symlink: /home/futill/dummy2_hand_eye_calibration_ws/install/include/orbbec_camera_msgs/orbbec_camera_msgs/srv/get_camera_info.hpp
[1.058s] -- Up-to-date symlink: /home/futill/dummy2_hand_eye_calibration_ws/install/include/orbbec_camera_msgs/orbbec_camera_msgs/srv/get_device_info.hpp
[1.058s] -- Up-to-date symlink: /home/futill/dummy2_hand_eye_calibration_ws/install/include/orbbec_camera_msgs/orbbec_camera_msgs/srv/get_int32.hpp
[1.058s] -- Up-to-date symlink: /home/futill/dummy2_hand_eye_calibration_ws/install/include/orbbec_camera_msgs/orbbec_camera_msgs/srv/get_string.hpp
[1.058s] -- Up-to-date symlink: /home/futill/dummy2_hand_eye_calibration_ws/install/include/orbbec_camera_msgs/orbbec_camera_msgs/srv/set_int32.hpp
[1.058s] -- Up-to-date symlink: /home/futill/dummy2_hand_eye_calibration_ws/install/include/orbbec_camera_msgs/orbbec_camera_msgs/srv/set_string.hpp
[1.058s] -- Up-to-date symlink: /home/futill/dummy2_hand_eye_calibration_ws/install/include/orbbec_camera_msgs/orbbec_camera_msgs/msg/detail/device_info__rosidl_typesupport_fastrtps_cpp.hpp
[1.058s] -- Up-to-date symlink: /home/futill/dummy2_hand_eye_calibration_ws/install/include/orbbec_camera_msgs/orbbec_camera_msgs/msg/detail/extrinsics__rosidl_typesupport_fastrtps_cpp.hpp
[1.058s] -- Up-to-date symlink: /home/futill/dummy2_hand_eye_calibration_ws/install/include/orbbec_camera_msgs/orbbec_camera_msgs/msg/detail/imu_info__rosidl_typesupport_fastrtps_cpp.hpp
[1.058s] -- Up-to-date symlink: /home/futill/dummy2_hand_eye_calibration_ws/install/include/orbbec_camera_msgs/orbbec_camera_msgs/msg/detail/metadata__rosidl_typesupport_fastrtps_cpp.hpp
[1.058s] -- Up-to-date symlink: /home/futill/dummy2_hand_eye_calibration_ws/install/include/orbbec_camera_msgs/orbbec_camera_msgs/msg/detail/rgbd__rosidl_typesupport_fastrtps_cpp.hpp
[1.058s] -- Up-to-date symlink: /home/futill/dummy2_hand_eye_calibration_ws/install/include/orbbec_camera_msgs/orbbec_camera_msgs/msg/rosidl_typesupport_fastrtps_cpp__visibility_control.h
[1.058s] -- Up-to-date symlink: /home/futill/dummy2_hand_eye_calibration_ws/install/include/orbbec_camera_msgs/orbbec_camera_msgs/srv/detail/get_bool__rosidl_typesupport_fastrtps_cpp.hpp
[1.058s] -- Up-to-date symlink: /home/futill/dummy2_hand_eye_calibration_ws/install/include/orbbec_camera_msgs/orbbec_camera_msgs/srv/detail/get_camera_info__rosidl_typesupport_fastrtps_cpp.hpp
[1.059s] -- Up-to-date symlink: /home/futill/dummy2_hand_eye_calibration_ws/install/include/orbbec_camera_msgs/orbbec_camera_msgs/srv/detail/get_device_info__rosidl_typesupport_fastrtps_cpp.hpp
[1.059s] -- Up-to-date symlink: /home/futill/dummy2_hand_eye_calibration_ws/install/include/orbbec_camera_msgs/orbbec_camera_msgs/srv/detail/get_int32__rosidl_typesupport_fastrtps_cpp.hpp
[1.059s] -- Up-to-date symlink: /home/futill/dummy2_hand_eye_calibration_ws/install/include/orbbec_camera_msgs/orbbec_camera_msgs/srv/detail/get_string__rosidl_typesupport_fastrtps_cpp.hpp
[1.059s] -- Up-to-date symlink: /home/futill/dummy2_hand_eye_calibration_ws/install/include/orbbec_camera_msgs/orbbec_camera_msgs/srv/detail/set_int32__rosidl_typesupport_fastrtps_cpp.hpp
[1.059s] -- Up-to-date symlink: /home/futill/dummy2_hand_eye_calibration_ws/install/include/orbbec_camera_msgs/orbbec_camera_msgs/srv/detail/set_string__rosidl_typesupport_fastrtps_cpp.hpp
[1.059s] -- Up-to-date symlink: /home/futill/dummy2_hand_eye_calibration_ws/install/include/orbbec_camera_msgs/orbbec_camera_msgs/msg/detail/device_info__rosidl_typesupport_introspection_cpp.hpp
[1.059s] -- Up-to-date symlink: /home/futill/dummy2_hand_eye_calibration_ws/install/include/orbbec_camera_msgs/orbbec_camera_msgs/msg/detail/extrinsics__rosidl_typesupport_introspection_cpp.hpp
[1.059s] -- Up-to-date symlink: /home/futill/dummy2_hand_eye_calibration_ws/install/include/orbbec_camera_msgs/orbbec_camera_msgs/msg/detail/imu_info__rosidl_typesupport_introspection_cpp.hpp
[1.059s] -- Up-to-date symlink: /home/futill/dummy2_hand_eye_calibration_ws/install/include/orbbec_camera_msgs/orbbec_camera_msgs/msg/detail/metadata__rosidl_typesupport_introspection_cpp.hpp
[1.068s] -- Up-to-date symlink: /home/futill/dummy2_hand_eye_calibration_ws/install/include/orbbec_camera_msgs/orbbec_camera_msgs/msg/detail/rgbd__rosidl_typesupport_introspection_cpp.hpp
[1.069s] -- Up-to-date symlink: /home/futill/dummy2_hand_eye_calibration_ws/install/include/orbbec_camera_msgs/orbbec_camera_msgs/srv/detail/get_bool__rosidl_typesupport_introspection_cpp.hpp
[1.069s] -- Up-to-date symlink: /home/futill/dummy2_hand_eye_calibration_ws/install/include/orbbec_camera_msgs/orbbec_camera_msgs/srv/detail/get_camera_info__rosidl_typesupport_introspection_cpp.hpp
[1.069s] -- Up-to-date symlink: /home/futill/dummy2_hand_eye_calibration_ws/install/include/orbbec_camera_msgs/orbbec_camera_msgs/srv/detail/get_device_info__rosidl_typesupport_introspection_cpp.hpp
[1.069s] -- Up-to-date symlink: /home/futill/dummy2_hand_eye_calibration_ws/install/include/orbbec_camera_msgs/orbbec_camera_msgs/srv/detail/get_int32__rosidl_typesupport_introspection_cpp.hpp
[1.069s] -- Up-to-date symlink: /home/futill/dummy2_hand_eye_calibration_ws/install/include/orbbec_camera_msgs/orbbec_camera_msgs/srv/detail/get_string__rosidl_typesupport_introspection_cpp.hpp
[1.070s] -- Up-to-date symlink: /home/futill/dummy2_hand_eye_calibration_ws/install/include/orbbec_camera_msgs/orbbec_camera_msgs/srv/detail/set_int32__rosidl_typesupport_introspection_cpp.hpp
[1.070s] -- Up-to-date symlink: /home/futill/dummy2_hand_eye_calibration_ws/install/include/orbbec_camera_msgs/orbbec_camera_msgs/srv/detail/set_string__rosidl_typesupport_introspection_cpp.hpp
[1.070s] -- Up-to-date symlink: /home/futill/dummy2_hand_eye_calibration_ws/install/share/orbbec_camera_msgs/environment/pythonpath.sh
[1.074s] -- Up-to-date symlink: /home/futill/dummy2_hand_eye_calibration_ws/install/share/orbbec_camera_msgs/environment/pythonpath.dsv
[1.074s] -- Up-to-date symlink: /home/futill/dummy2_hand_eye_calibration_ws/install/local/lib/python3.10/dist-packages/orbbec_camera_msgs-1.2.2-py3.10.egg-info/PKG-INFO
[1.074s] -- Up-to-date symlink: /home/futill/dummy2_hand_eye_calibration_ws/install/local/lib/python3.10/dist-packages/orbbec_camera_msgs-1.2.2-py3.10.egg-info/SOURCES.txt
[1.076s] -- Up-to-date symlink: /home/futill/dummy2_hand_eye_calibration_ws/install/local/lib/python3.10/dist-packages/orbbec_camera_msgs-1.2.2-py3.10.egg-info/dependency_links.txt
[1.076s] -- Up-to-date symlink: /home/futill/dummy2_hand_eye_calibration_ws/install/local/lib/python3.10/dist-packages/orbbec_camera_msgs-1.2.2-py3.10.egg-info/top_level.txt
[1.077s] -- Up-to-date symlink: /home/futill/dummy2_hand_eye_calibration_ws/install/local/lib/python3.10/dist-packages/orbbec_camera_msgs/__init__.py
[1.077s] -- Up-to-date symlink: /home/futill/dummy2_hand_eye_calibration_ws/install/local/lib/python3.10/dist-packages/orbbec_camera_msgs/_orbbec_camera_msgs_s.ep.rosidl_typesupport_c.c
[1.077s] -- Up-to-date symlink: /home/futill/dummy2_hand_eye_calibration_ws/install/local/lib/python3.10/dist-packages/orbbec_camera_msgs/_orbbec_camera_msgs_s.ep.rosidl_typesupport_fastrtps_c.c
[1.077s] -- Up-to-date symlink: /home/futill/dummy2_hand_eye_calibration_ws/install/local/lib/python3.10/dist-packages/orbbec_camera_msgs/_orbbec_camera_msgs_s.ep.rosidl_typesupport_introspection_c.c
[1.077s] -- Up-to-date symlink: /home/futill/dummy2_hand_eye_calibration_ws/install/local/lib/python3.10/dist-packages/orbbec_camera_msgs/liborbbec_camera_msgs__rosidl_generator_py.so
[1.077s] -- Up-to-date symlink: /home/futill/dummy2_hand_eye_calibration_ws/install/local/lib/python3.10/dist-packages/orbbec_camera_msgs/msg/__init__.py
[1.077s] -- Up-to-date symlink: /home/futill/dummy2_hand_eye_calibration_ws/install/local/lib/python3.10/dist-packages/orbbec_camera_msgs/msg/_device_info.py
[1.077s] -- Up-to-date symlink: /home/futill/dummy2_hand_eye_calibration_ws/install/local/lib/python3.10/dist-packages/orbbec_camera_msgs/msg/_device_info_s.c
[1.077s] -- Up-to-date symlink: /home/futill/dummy2_hand_eye_calibration_ws/install/local/lib/python3.10/dist-packages/orbbec_camera_msgs/msg/_extrinsics.py
[1.077s] -- Up-to-date symlink: /home/futill/dummy2_hand_eye_calibration_ws/install/local/lib/python3.10/dist-packages/orbbec_camera_msgs/msg/_extrinsics_s.c
[1.077s] -- Up-to-date symlink: /home/futill/dummy2_hand_eye_calibration_ws/install/local/lib/python3.10/dist-packages/orbbec_camera_msgs/msg/_imu_info.py
[1.077s] -- Up-to-date symlink: /home/futill/dummy2_hand_eye_calibration_ws/install/local/lib/python3.10/dist-packages/orbbec_camera_msgs/msg/_imu_info_s.c
[1.078s] -- Up-to-date symlink: /home/futill/dummy2_hand_eye_calibration_ws/install/local/lib/python3.10/dist-packages/orbbec_camera_msgs/msg/_metadata.py
[1.078s] -- Up-to-date symlink: /home/futill/dummy2_hand_eye_calibration_ws/install/local/lib/python3.10/dist-packages/orbbec_camera_msgs/msg/_metadata_s.c
[1.078s] -- Up-to-date symlink: /home/futill/dummy2_hand_eye_calibration_ws/install/local/lib/python3.10/dist-packages/orbbec_camera_msgs/msg/_rgbd.py
[1.078s] -- Up-to-date symlink: /home/futill/dummy2_hand_eye_calibration_ws/install/local/lib/python3.10/dist-packages/orbbec_camera_msgs/msg/_rgbd_s.c
[1.078s] -- Up-to-date symlink: /home/futill/dummy2_hand_eye_calibration_ws/install/local/lib/python3.10/dist-packages/orbbec_camera_msgs/orbbec_camera_msgs_s__rosidl_typesupport_c.cpython-310-x86_64-linux-gnu.so
[1.078s] -- Up-to-date symlink: /home/futill/dummy2_hand_eye_calibration_ws/install/local/lib/python3.10/dist-packages/orbbec_camera_msgs/orbbec_camera_msgs_s__rosidl_typesupport_fastrtps_c.cpython-310-x86_64-linux-gnu.so
[1.078s] -- Up-to-date symlink: /home/futill/dummy2_hand_eye_calibration_ws/install/local/lib/python3.10/dist-packages/orbbec_camera_msgs/orbbec_camera_msgs_s__rosidl_typesupport_introspection_c.cpython-310-x86_64-linux-gnu.so
[1.078s] -- Up-to-date symlink: /home/futill/dummy2_hand_eye_calibration_ws/install/local/lib/python3.10/dist-packages/orbbec_camera_msgs/srv/__init__.py
[1.082s] -- Up-to-date symlink: /home/futill/dummy2_hand_eye_calibration_ws/install/local/lib/python3.10/dist-packages/orbbec_camera_msgs/srv/_get_bool.py
[1.082s] -- Up-to-date symlink: /home/futill/dummy2_hand_eye_calibration_ws/install/local/lib/python3.10/dist-packages/orbbec_camera_msgs/srv/_get_bool_s.c
[1.082s] -- Up-to-date symlink: /home/futill/dummy2_hand_eye_calibration_ws/install/local/lib/python3.10/dist-packages/orbbec_camera_msgs/srv/_get_camera_info.py
[1.082s] -- Up-to-date symlink: /home/futill/dummy2_hand_eye_calibration_ws/install/local/lib/python3.10/dist-packages/orbbec_camera_msgs/srv/_get_camera_info_s.c
[1.082s] -- Up-to-date symlink: /home/futill/dummy2_hand_eye_calibration_ws/install/local/lib/python3.10/dist-packages/orbbec_camera_msgs/srv/_get_device_info.py
[1.083s] -- Up-to-date symlink: /home/futill/dummy2_hand_eye_calibration_ws/install/local/lib/python3.10/dist-packages/orbbec_camera_msgs/srv/_get_device_info_s.c
[1.083s] -- Up-to-date symlink: /home/futill/dummy2_hand_eye_calibration_ws/install/local/lib/python3.10/dist-packages/orbbec_camera_msgs/srv/_get_int32.py
[1.084s] -- Up-to-date symlink: /home/futill/dummy2_hand_eye_calibration_ws/install/local/lib/python3.10/dist-packages/orbbec_camera_msgs/srv/_get_int32_s.c
[1.084s] -- Up-to-date symlink: /home/futill/dummy2_hand_eye_calibration_ws/install/local/lib/python3.10/dist-packages/orbbec_camera_msgs/srv/_get_string.py
[1.085s] -- Up-to-date symlink: /home/futill/dummy2_hand_eye_calibration_ws/install/local/lib/python3.10/dist-packages/orbbec_camera_msgs/srv/_get_string_s.c
[1.085s] -- Up-to-date symlink: /home/futill/dummy2_hand_eye_calibration_ws/install/local/lib/python3.10/dist-packages/orbbec_camera_msgs/srv/_set_int32.py
[1.088s] -- Up-to-date symlink: /home/futill/dummy2_hand_eye_calibration_ws/install/local/lib/python3.10/dist-packages/orbbec_camera_msgs/srv/_set_int32_s.c
[1.088s] -- Up-to-date symlink: /home/futill/dummy2_hand_eye_calibration_ws/install/local/lib/python3.10/dist-packages/orbbec_camera_msgs/srv/_set_string.py
[1.088s] -- Up-to-date symlink: /home/futill/dummy2_hand_eye_calibration_ws/install/local/lib/python3.10/dist-packages/orbbec_camera_msgs/srv/_set_string_s.c
[1.088s] -- Up-to-date symlink: /home/futill/dummy2_hand_eye_calibration_ws/install/local/lib/python3.10/dist-packages/orbbec_camera_msgs/orbbec_camera_msgs_s__rosidl_typesupport_fastrtps_c.cpython-310-x86_64-linux-gnu.so
[1.091s] -- Up-to-date symlink: /home/futill/dummy2_hand_eye_calibration_ws/install/local/lib/python3.10/dist-packages/orbbec_camera_msgs/orbbec_camera_msgs_s__rosidl_typesupport_introspection_c.cpython-310-x86_64-linux-gnu.so
[1.094s] -- Up-to-date symlink: /home/futill/dummy2_hand_eye_calibration_ws/install/local/lib/python3.10/dist-packages/orbbec_camera_msgs/orbbec_camera_msgs_s__rosidl_typesupport_c.cpython-310-x86_64-linux-gnu.so
[1.094s] -- Up-to-date symlink: /home/futill/dummy2_hand_eye_calibration_ws/install/share/orbbec_camera_msgs/msg/DeviceInfo.idl
[1.094s] -- Up-to-date symlink: /home/futill/dummy2_hand_eye_calibration_ws/install/share/orbbec_camera_msgs/msg/Extrinsics.idl
[1.095s] -- Up-to-date symlink: /home/futill/dummy2_hand_eye_calibration_ws/install/share/orbbec_camera_msgs/msg/Metadata.idl
[1.096s] -- Up-to-date symlink: /home/futill/dummy2_hand_eye_calibration_ws/install/share/orbbec_camera_msgs/msg/IMUInfo.idl
[1.096s] -- Up-to-date symlink: /home/futill/dummy2_hand_eye_calibration_ws/install/share/orbbec_camera_msgs/msg/RGBD.idl
[1.097s] -- Up-to-date symlink: /home/futill/dummy2_hand_eye_calibration_ws/install/share/orbbec_camera_msgs/srv/GetBool.idl
[1.097s] -- Up-to-date symlink: /home/futill/dummy2_hand_eye_calibration_ws/install/share/orbbec_camera_msgs/srv/GetDeviceInfo.idl
[1.098s] -- Up-to-date symlink: /home/futill/dummy2_hand_eye_calibration_ws/install/share/orbbec_camera_msgs/srv/GetCameraInfo.idl
[1.099s] -- Up-to-date symlink: /home/futill/dummy2_hand_eye_calibration_ws/install/share/orbbec_camera_msgs/srv/GetInt32.idl
[1.102s] -- Up-to-date symlink: /home/futill/dummy2_hand_eye_calibration_ws/install/share/orbbec_camera_msgs/srv/GetString.idl
[1.102s] -- Up-to-date symlink: /home/futill/dummy2_hand_eye_calibration_ws/install/share/orbbec_camera_msgs/srv/SetInt32.idl
[1.102s] -- Up-to-date symlink: /home/futill/dummy2_hand_eye_calibration_ws/install/share/orbbec_camera_msgs/srv/SetString.idl
[1.103s] -- Up-to-date symlink: /home/futill/dummy2_hand_eye_calibration_ws/install/share/orbbec_camera_msgs/msg/DeviceInfo.msg
[1.105s] -- Up-to-date symlink: /home/futill/dummy2_hand_eye_calibration_ws/install/share/orbbec_camera_msgs/msg/Extrinsics.msg
[1.105s] -- Up-to-date symlink: /home/futill/dummy2_hand_eye_calibration_ws/install/share/orbbec_camera_msgs/msg/Metadata.msg
[1.105s] -- Up-to-date symlink: /home/futill/dummy2_hand_eye_calibration_ws/install/share/orbbec_camera_msgs/msg/IMUInfo.msg
[1.105s] -- Up-to-date symlink: /home/futill/dummy2_hand_eye_calibration_ws/install/share/orbbec_camera_msgs/msg/RGBD.msg
[1.105s] -- Up-to-date symlink: /home/futill/dummy2_hand_eye_calibration_ws/install/share/orbbec_camera_msgs/srv/GetBool.srv
[1.106s] -- Up-to-date symlink: /home/futill/dummy2_hand_eye_calibration_ws/install/share/orbbec_camera_msgs/srv/GetBool_Request.msg
[1.106s] -- Up-to-date symlink: /home/futill/dummy2_hand_eye_calibration_ws/install/share/orbbec_camera_msgs/srv/GetBool_Response.msg
[1.106s] -- Up-to-date symlink: /home/futill/dummy2_hand_eye_calibration_ws/install/share/orbbec_camera_msgs/srv/GetDeviceInfo.srv
[1.106s] -- Up-to-date symlink: /home/futill/dummy2_hand_eye_calibration_ws/install/share/orbbec_camera_msgs/srv/GetDeviceInfo_Request.msg
[1.107s] -- Up-to-date symlink: /home/futill/dummy2_hand_eye_calibration_ws/install/share/orbbec_camera_msgs/srv/GetDeviceInfo_Response.msg
[1.107s] -- Up-to-date symlink: /home/futill/dummy2_hand_eye_calibration_ws/install/share/orbbec_camera_msgs/srv/GetCameraInfo.srv
[1.107s] -- Up-to-date symlink: /home/futill/dummy2_hand_eye_calibration_ws/install/share/orbbec_camera_msgs/srv/GetCameraInfo_Request.msg
[1.110s] -- Up-to-date symlink: /home/futill/dummy2_hand_eye_calibration_ws/install/share/orbbec_camera_msgs/srv/GetCameraInfo_Response.msg
[1.110s] -- Up-to-date symlink: /home/futill/dummy2_hand_eye_calibration_ws/install/share/orbbec_camera_msgs/srv/GetInt32.srv
[1.112s] -- Up-to-date symlink: /home/futill/dummy2_hand_eye_calibration_ws/install/share/orbbec_camera_msgs/srv/GetInt32_Request.msg
[1.113s] -- Up-to-date symlink: /home/futill/dummy2_hand_eye_calibration_ws/install/share/orbbec_camera_msgs/srv/GetInt32_Response.msg
[1.113s] -- Up-to-date symlink: /home/futill/dummy2_hand_eye_calibration_ws/install/share/orbbec_camera_msgs/srv/GetString.srv
[1.113s] -- Up-to-date symlink: /home/futill/dummy2_hand_eye_calibration_ws/install/share/orbbec_camera_msgs/srv/GetString_Request.msg
[1.114s] -- Up-to-date symlink: /home/futill/dummy2_hand_eye_calibration_ws/install/share/orbbec_camera_msgs/srv/GetString_Response.msg
[1.114s] -- Up-to-date symlink: /home/futill/dummy2_hand_eye_calibration_ws/install/share/orbbec_camera_msgs/srv/SetInt32.srv
[1.114s] -- Up-to-date symlink: /home/futill/dummy2_hand_eye_calibration_ws/install/share/orbbec_camera_msgs/srv/SetInt32_Request.msg
[1.114s] -- Up-to-date symlink: /home/futill/dummy2_hand_eye_calibration_ws/install/share/orbbec_camera_msgs/srv/SetInt32_Response.msg
[1.114s] -- Up-to-date symlink: /home/futill/dummy2_hand_eye_calibration_ws/install/share/orbbec_camera_msgs/srv/SetString.srv
[1.128s] -- Up-to-date symlink: /home/futill/dummy2_hand_eye_calibration_ws/install/share/orbbec_camera_msgs/srv/SetString_Request.msg
[1.128s] -- Up-to-date symlink: /home/futill/dummy2_hand_eye_calibration_ws/install/share/orbbec_camera_msgs/srv/SetString_Response.msg
[1.129s] -- Up-to-date symlink: /home/futill/dummy2_hand_eye_calibration_ws/install/share/ament_index/resource_index/package_run_dependencies/orbbec_camera_msgs
[1.129s] -- Up-to-date symlink: /home/futill/dummy2_hand_eye_calibration_ws/install/share/ament_index/resource_index/parent_prefix_path/orbbec_camera_msgs
[1.129s] -- Up-to-date symlink: /home/futill/dummy2_hand_eye_calibration_ws/install/share/orbbec_camera_msgs/environment/ament_prefix_path.sh
[1.129s] -- Up-to-date symlink: /home/futill/dummy2_hand_eye_calibration_ws/install/share/orbbec_camera_msgs/environment/ament_prefix_path.dsv
[1.129s] -- Up-to-date symlink: /home/futill/dummy2_hand_eye_calibration_ws/install/share/orbbec_camera_msgs/environment/path.sh
[1.129s] -- Up-to-date symlink: /home/futill/dummy2_hand_eye_calibration_ws/install/share/orbbec_camera_msgs/environment/path.dsv
[1.131s] -- Up-to-date symlink: /home/futill/dummy2_hand_eye_calibration_ws/install/share/orbbec_camera_msgs/local_setup.bash
[1.131s] -- Up-to-date symlink: /home/futill/dummy2_hand_eye_calibration_ws/install/share/orbbec_camera_msgs/local_setup.sh
[1.131s] -- Up-to-date symlink: /home/futill/dummy2_hand_eye_calibration_ws/install/share/orbbec_camera_msgs/local_setup.zsh
[1.131s] -- Up-to-date symlink: /home/futill/dummy2_hand_eye_calibration_ws/install/share/orbbec_camera_msgs/local_setup.dsv
[1.131s] -- Symlinking: /home/futill/dummy2_hand_eye_calibration_ws/install/share/orbbec_camera_msgs/package.dsv
[1.135s] -- Up-to-date symlink: /home/futill/dummy2_hand_eye_calibration_ws/install/share/ament_index/resource_index/packages/orbbec_camera_msgs
[1.135s] -- Up-to-date symlink: /home/futill/dummy2_hand_eye_calibration_ws/install/share/orbbec_camera_msgs/cmake/rosidl_cmake-extras.cmake
[1.135s] -- Up-to-date symlink: /home/futill/dummy2_hand_eye_calibration_ws/install/share/orbbec_camera_msgs/cmake/ament_cmake_export_dependencies-extras.cmake
[1.135s] -- Up-to-date symlink: /home/futill/dummy2_hand_eye_calibration_ws/install/share/orbbec_camera_msgs/cmake/ament_cmake_export_include_directories-extras.cmake
[1.136s] -- Up-to-date symlink: /home/futill/dummy2_hand_eye_calibration_ws/install/share/orbbec_camera_msgs/cmake/ament_cmake_export_libraries-extras.cmake
[1.136s] -- Up-to-date symlink: /home/futill/dummy2_hand_eye_calibration_ws/install/share/orbbec_camera_msgs/cmake/ament_cmake_export_targets-extras.cmake
[1.136s] -- Up-to-date symlink: /home/futill/dummy2_hand_eye_calibration_ws/install/share/orbbec_camera_msgs/cmake/rosidl_cmake_export_typesupport_targets-extras.cmake
[1.138s] -- Up-to-date symlink: /home/futill/dummy2_hand_eye_calibration_ws/install/share/orbbec_camera_msgs/cmake/rosidl_cmake_export_typesupport_libraries-extras.cmake
[1.138s] -- Up-to-date symlink: /home/futill/dummy2_hand_eye_calibration_ws/install/share/orbbec_camera_msgs/cmake/orbbec_camera_msgsConfig.cmake
[1.138s] -- Up-to-date symlink: /home/futill/dummy2_hand_eye_calibration_ws/install/share/orbbec_camera_msgs/cmake/orbbec_camera_msgsConfig-version.cmake
[1.139s] -- Up-to-date symlink: /home/futill/dummy2_hand_eye_calibration_ws/install/share/orbbec_camera_msgs/package.xml
[1.141s] -- Up-to-date: /home/futill/dummy2_hand_eye_calibration_ws/install/lib/liborbbec_camera_msgs__rosidl_generator_c.so
[1.142s] -- Up-to-date: /home/futill/dummy2_hand_eye_calibration_ws/install/lib/liborbbec_camera_msgs__rosidl_typesupport_fastrtps_c.so
[1.142s] -- Up-to-date: /home/futill/dummy2_hand_eye_calibration_ws/install/lib/liborbbec_camera_msgs__rosidl_typesupport_introspection_c.so
[1.143s] -- Up-to-date: /home/futill/dummy2_hand_eye_calibration_ws/install/lib/liborbbec_camera_msgs__rosidl_typesupport_c.so
[1.144s] -- Up-to-date: /home/futill/dummy2_hand_eye_calibration_ws/install/lib/liborbbec_camera_msgs__rosidl_typesupport_fastrtps_cpp.so
[1.144s] -- Up-to-date: /home/futill/dummy2_hand_eye_calibration_ws/install/lib/liborbbec_camera_msgs__rosidl_typesupport_introspection_cpp.so
[1.144s] -- Up-to-date: /home/futill/dummy2_hand_eye_calibration_ws/install/lib/liborbbec_camera_msgs__rosidl_typesupport_cpp.so
[1.157s] Listing '/home/futill/dummy2_hand_eye_calibration_ws/install/local/lib/python3.10/dist-packages/orbbec_camera_msgs'...
[1.157s] Listing '/home/futill/dummy2_hand_eye_calibration_ws/install/local/lib/python3.10/dist-packages/orbbec_camera_msgs/msg'...
[1.157s] Listing '/home/futill/dummy2_hand_eye_calibration_ws/install/local/lib/python3.10/dist-packages/orbbec_camera_msgs/srv'...
[1.160s] -- Up-to-date: /home/futill/dummy2_hand_eye_calibration_ws/install/lib/liborbbec_camera_msgs__rosidl_generator_py.so
[1.160s] -- Up-to-date: /home/futill/dummy2_hand_eye_calibration_ws/install/share/orbbec_camera_msgs/cmake/export_orbbec_camera_msgs__rosidl_generator_cExport.cmake
[1.160s] -- Up-to-date: /home/futill/dummy2_hand_eye_calibration_ws/install/share/orbbec_camera_msgs/cmake/export_orbbec_camera_msgs__rosidl_generator_cExport-release.cmake
[1.161s] -- Up-to-date: /home/futill/dummy2_hand_eye_calibration_ws/install/share/orbbec_camera_msgs/cmake/export_orbbec_camera_msgs__rosidl_typesupport_fastrtps_cExport.cmake
[1.161s] -- Up-to-date: /home/futill/dummy2_hand_eye_calibration_ws/install/share/orbbec_camera_msgs/cmake/export_orbbec_camera_msgs__rosidl_typesupport_fastrtps_cExport-release.cmake
[1.161s] -- Up-to-date: /home/futill/dummy2_hand_eye_calibration_ws/install/share/orbbec_camera_msgs/cmake/orbbec_camera_msgs__rosidl_typesupport_introspection_cExport.cmake
[1.161s] -- Up-to-date: /home/futill/dummy2_hand_eye_calibration_ws/install/share/orbbec_camera_msgs/cmake/orbbec_camera_msgs__rosidl_typesupport_introspection_cExport-release.cmake
[1.161s] -- Up-to-date: /home/futill/dummy2_hand_eye_calibration_ws/install/share/orbbec_camera_msgs/cmake/orbbec_camera_msgs__rosidl_typesupport_cExport.cmake
[1.162s] -- Up-to-date: /home/futill/dummy2_hand_eye_calibration_ws/install/share/orbbec_camera_msgs/cmake/orbbec_camera_msgs__rosidl_typesupport_cExport-release.cmake
[1.162s] -- Up-to-date: /home/futill/dummy2_hand_eye_calibration_ws/install/share/orbbec_camera_msgs/cmake/export_orbbec_camera_msgs__rosidl_generator_cppExport.cmake
[1.162s] -- Up-to-date: /home/futill/dummy2_hand_eye_calibration_ws/install/share/orbbec_camera_msgs/cmake/export_orbbec_camera_msgs__rosidl_typesupport_fastrtps_cppExport.cmake
[1.162s] -- Up-to-date: /home/futill/dummy2_hand_eye_calibration_ws/install/share/orbbec_camera_msgs/cmake/export_orbbec_camera_msgs__rosidl_typesupport_fastrtps_cppExport-release.cmake
[1.162s] -- Up-to-date: /home/futill/dummy2_hand_eye_calibration_ws/install/share/orbbec_camera_msgs/cmake/orbbec_camera_msgs__rosidl_typesupport_introspection_cppExport.cmake
[1.162s] -- Up-to-date: /home/futill/dummy2_hand_eye_calibration_ws/install/share/orbbec_camera_msgs/cmake/orbbec_camera_msgs__rosidl_typesupport_introspection_cppExport-release.cmake
[1.162s] -- Up-to-date: /home/futill/dummy2_hand_eye_calibration_ws/install/share/orbbec_camera_msgs/cmake/orbbec_camera_msgs__rosidl_typesupport_cppExport.cmake
[1.162s] -- Up-to-date: /home/futill/dummy2_hand_eye_calibration_ws/install/share/orbbec_camera_msgs/cmake/orbbec_camera_msgs__rosidl_typesupport_cppExport-release.cmake
[1.162s] -- Up-to-date: /home/futill/dummy2_hand_eye_calibration_ws/install/share/orbbec_camera_msgs/cmake/export_orbbec_camera_msgs__rosidl_generator_pyExport.cmake
[1.163s] -- Up-to-date: /home/futill/dummy2_hand_eye_calibration_ws/install/share/orbbec_camera_msgs/cmake/export_orbbec_camera_msgs__rosidl_generator_pyExport-release.cmake
[1.305s] Invoked command in '/home/futill/dummy2_hand_eye_calibration_ws/build/orbbec_camera_msgs' returned '0': CMAKE_PREFIX_PATH=${CMAKE_PREFIX_PATH}:/home/futill/targer_ws/install/my_robot_pkg:/opt/ros/humble /usr/bin/cmake --install /home/futill/dummy2_hand_eye_calibration_ws/build/orbbec_camera_msgs
