[0.632s] Invoking command in '/home/futill/dummy_ros/build/dummy2_can2eth': AMENT_PREFIX_PATH=/home/futill/dummy_ros/install:${AMENT_PREFIX_PATH} CMAKE_PREFIX_PATH=/home/futill/dummy_ros/install LD_LIBRARY_PATH=/home/futill/dummy_ros/install/lib:${LD_LIBRARY_PATH} PYTHONPATH=/home/futill/dummy_ros/build/dummy2_can2eth/prefix_override:/usr/lib/python3/dist-packages/colcon_core/task/python/colcon_distutils_commands:/home/futill/dummy_ros/install/lib/python3.10/site-packages:/home/futill/dummy_ros/install/local/lib/python3.10/dist-packages:/home/futill/dummy_ros/install/lib/python3.10/site-packages:${PYTHONPATH} /usr/bin/python3 -W ignore:setup.py install is deprecated -W ignore:easy_install command is deprecated setup.py develop --editable --build-directory /home/futill/dummy_ros/build/dummy2_can2eth/build --no-deps symlink_data
[0.885s] running develop
[1.027s] running egg_info
[1.027s] creating dummy2_can2eth.egg-info
[1.027s] writing dummy2_can2eth.egg-info/PKG-INFO
[1.028s] writing dependency_links to dummy2_can2eth.egg-info/dependency_links.txt
[1.028s] writing entry points to dummy2_can2eth.egg-info/entry_points.txt
[1.028s] writing requirements to dummy2_can2eth.egg-info/requires.txt
[1.028s] writing top-level names to dummy2_can2eth.egg-info/top_level.txt
[1.028s] writing manifest file 'dummy2_can2eth.egg-info/SOURCES.txt'
[1.030s] reading manifest file 'dummy2_can2eth.egg-info/SOURCES.txt'
[1.030s] writing manifest file 'dummy2_can2eth.egg-info/SOURCES.txt'
[1.031s] running build_ext
[1.031s] Creating /home/futill/dummy_ros/install/lib/python3.10/site-packages/dummy2-can2eth.egg-link (link to .)
[1.032s] Installing arm_joy script to /home/futill/dummy_ros/install/lib/dummy2_can2eth
[1.032s] Installing dummy2_can2eth_server script to /home/futill/dummy_ros/install/lib/dummy2_can2eth
[1.032s] 
[1.032s] Installed /home/futill/dummy_ros/build/dummy2_can2eth
[1.033s] running symlink_data
[1.033s] symbolically linking /home/futill/dummy_ros/build/dummy2_can2eth/resource/dummy2_can2eth -> /home/futill/dummy_ros/install/share/ament_index/resource_index/packages
[1.033s] symbolically linking /home/futill/dummy_ros/build/dummy2_can2eth/package.xml -> /home/futill/dummy_ros/install/share/dummy2_can2eth
[1.033s] creating /home/futill/dummy_ros/install/share/dummy2_can2eth/launch
[1.033s] symbolically linking /home/futill/dummy_ros/build/dummy2_can2eth/launch/dummy2_can2eth_server.launch.py -> /home/futill/dummy_ros/install/share/dummy2_can2eth/launch
[1.086s] Invoked command in '/home/futill/dummy_ros/build/dummy2_can2eth' returned '0': AMENT_PREFIX_PATH=/home/futill/dummy_ros/install:${AMENT_PREFIX_PATH} CMAKE_PREFIX_PATH=/home/futill/dummy_ros/install LD_LIBRARY_PATH=/home/futill/dummy_ros/install/lib:${LD_LIBRARY_PATH} PYTHONPATH=/home/futill/dummy_ros/build/dummy2_can2eth/prefix_override:/usr/lib/python3/dist-packages/colcon_core/task/python/colcon_distutils_commands:/home/futill/dummy_ros/install/lib/python3.10/site-packages:/home/futill/dummy_ros/install/local/lib/python3.10/dist-packages:/home/futill/dummy_ros/install/lib/python3.10/site-packages:${PYTHONPATH} /usr/bin/python3 -W ignore:setup.py install is deprecated -W ignore:easy_install command is deprecated setup.py develop --editable --build-directory /home/futill/dummy_ros/build/dummy2_can2eth/build --no-deps symlink_data
