[0.571s] Invoking command in '/home/futill/dummy2_hand_eye_calibration_ws/build/ros2_aruco_interfaces': CMAKE_PREFIX_PATH=/opt/ros/humble /usr/bin/cmake /home/futill/dummy2_hand_eye_calibration_ws/src/ros2_aruco/ros2_aruco_interfaces -DCMAKE_BUILD_TYPE=Release -DAMENT_CMAKE_SYMLINK_INSTALL=1 -DCMAKE_INSTALL_PREFIX=/home/futill/dummy2_hand_eye_calibration_ws/install
[0.645s] -- The C compiler identification is GNU 11.4.0
[0.716s] -- The CXX compiler identification is GNU 11.4.0
[0.727s] -- Detecting C compiler ABI info
[0.814s] -- Detecting C compiler ABI info - done
[0.825s] -- Check for working C compiler: /usr/bin/cc - skipped
[0.825s] -- Detecting C compile features
[0.826s] -- Detecting C compile features - done
[0.830s] -- Detecting CXX compiler ABI info
[0.955s] -- Detecting CXX compiler ABI info - done
[0.961s] -- Check for working CXX compiler: /usr/bin/c++ - skipped
[0.962s] -- Detecting CXX compile features
[0.962s] -- Detecting CXX compile features - done
[0.969s] -- Found ament_cmake: 1.3.11 (/opt/ros/humble/share/ament_cmake/cmake)
[1.174s] -- Found Python3: /usr/bin/python3 (found version "3.10.12") found components: Interpreter 
[1.257s] -- Override CMake install command with custom implementation using symlinks instead of copying resources
[1.291s] -- Found geometry_msgs: 4.8.0 (/opt/ros/humble/share/geometry_msgs/cmake)
[1.328s] -- Found rosidl_generator_c: 3.1.6 (/opt/ros/humble/share/rosidl_generator_c/cmake)
[1.334s] -- Found rosidl_adapter: 3.1.6 (/opt/ros/humble/share/rosidl_adapter/cmake)
[1.344s] -- Found rosidl_generator_cpp: 3.1.6 (/opt/ros/humble/share/rosidl_generator_cpp/cmake)
[1.362s] -- Using all available rosidl_typesupport_c: rosidl_typesupport_fastrtps_c;rosidl_typesupport_introspection_c
[1.378s] -- Using all available rosidl_typesupport_cpp: rosidl_typesupport_fastrtps_cpp;rosidl_typesupport_introspection_cpp
[1.429s] -- Found rosidl_default_generators: 1.2.0 (/opt/ros/humble/share/rosidl_default_generators/cmake)
[1.858s] -- Found ament_cmake_ros: 0.10.0 (/opt/ros/humble/share/ament_cmake_ros/cmake)
[2.367s] -- Using all available rosidl_typesupport_c: rosidl_typesupport_fastrtps_c;rosidl_typesupport_introspection_c
[2.607s] -- Using all available rosidl_typesupport_cpp: rosidl_typesupport_fastrtps_cpp;rosidl_typesupport_introspection_cpp
[2.636s] -- Found PythonInterp: /usr/bin/python3 (found suitable version "3.10.12", minimum required is "3.6") 
[2.636s] -- Found python_cmake_module: 0.10.0 (/opt/ros/humble/share/python_cmake_module/cmake)
[2.689s] -- Found PythonLibs: /usr/lib/x86_64-linux-gnu/libpython3.10.so (found suitable version "3.10.12", minimum required is "3.5") 
[2.690s] -- Using PYTHON_EXECUTABLE: /usr/bin/python3
[2.690s] -- Using PYTHON_INCLUDE_DIRS: /usr/include/python3.10
[2.692s] -- Using PYTHON_LIBRARIES: /usr/lib/x86_64-linux-gnu/libpython3.10.so
[2.739s] -- Found PythonExtra: .so  
[2.849s] -- Found ament_lint_auto: 0.12.12 (/opt/ros/humble/share/ament_lint_auto/cmake)
[2.883s] -- Added test 'copyright' to check source files copyright and LICENSE
[2.886s] -- Added test 'lint_cmake' to check CMake code style
[2.887s] -- Added test 'xmllint' to check XML markup files
[2.896s] -- Configuring done
[2.952s] -- Generating done
[2.963s] -- Build files have been written to: /home/futill/dummy2_hand_eye_calibration_ws/build/ros2_aruco_interfaces
[2.980s] Invoked command in '/home/futill/dummy2_hand_eye_calibration_ws/build/ros2_aruco_interfaces' returned '0': CMAKE_PREFIX_PATH=/opt/ros/humble /usr/bin/cmake /home/futill/dummy2_hand_eye_calibration_ws/src/ros2_aruco/ros2_aruco_interfaces -DCMAKE_BUILD_TYPE=Release -DAMENT_CMAKE_SYMLINK_INSTALL=1 -DCMAKE_INSTALL_PREFIX=/home/futill/dummy2_hand_eye_calibration_ws/install
[2.981s] Invoking command in '/home/futill/dummy2_hand_eye_calibration_ws/build/ros2_aruco_interfaces': CMAKE_PREFIX_PATH=/opt/ros/humble /usr/bin/cmake --build /home/futill/dummy2_hand_eye_calibration_ws/build/ros2_aruco_interfaces -- -j8 -l8
[3.040s] [  3%] [34m[1mGenerating C code for ROS interfaces[0m
[3.053s] [  6%] [34m[1mGenerating C++ code for ROS interfaces[0m
[3.093s] [  6%] Built target ament_cmake_python_symlink_ros2_aruco_interfaces
[3.504s] [  9%] [32mBuilding C object CMakeFiles/ros2_aruco_interfaces__rosidl_generator_c.dir/rosidl_generator_c/ros2_aruco_interfaces/msg/detail/aruco_markers__functions.c.o[0m
[3.526s] [  9%] Built target ros2_aruco_interfaces__cpp
[3.557s] [ 12%] [34m[1mGenerating C++ introspection for ROS interfaces[0m
[3.557s] [ 16%] [34m[1mGenerating C++ type support for eProsima Fast-RTPS[0m
[3.559s] [ 19%] [34m[1mGenerating C++ type support dispatch for ROS interfaces[0m
[3.577s] running egg_info
[3.586s] creating ros2_aruco_interfaces.egg-info
[3.586s] writing ros2_aruco_interfaces.egg-info/PKG-INFO
[3.586s] writing dependency_links to ros2_aruco_interfaces.egg-info/dependency_links.txt
[3.586s] writing top-level names to ros2_aruco_interfaces.egg-info/top_level.txt
[3.586s] writing manifest file 'ros2_aruco_interfaces.egg-info/SOURCES.txt'
[3.702s] reading manifest file 'ros2_aruco_interfaces.egg-info/SOURCES.txt'
[3.703s] writing manifest file 'ros2_aruco_interfaces.egg-info/SOURCES.txt'
[3.740s] [ 22%] [32m[1mLinking C shared library libros2_aruco_interfaces__rosidl_generator_c.so[0m
[3.796s] [ 22%] Built target ament_cmake_python_build_ros2_aruco_interfaces_egg
[3.834s] [ 22%] Built target ros2_aruco_interfaces__rosidl_generator_c
[3.870s] [ 25%] [34m[1mGenerating C type support dispatch for ROS interfaces[0m
[3.870s] [ 29%] [34m[1mGenerating C introspection for ROS interfaces[0m
[3.871s] [ 32%] [34m[1mGenerating C type support for eProsima Fast-RTPS[0m
[3.903s] [ 35%] [32mBuilding CXX object CMakeFiles/ros2_aruco_interfaces__rosidl_typesupport_cpp.dir/rosidl_typesupport_cpp/ros2_aruco_interfaces/msg/aruco_markers__type_support.cpp.o[0m
[4.104s] [ 38%] [32mBuilding CXX object CMakeFiles/ros2_aruco_interfaces__rosidl_typesupport_fastrtps_cpp.dir/rosidl_typesupport_fastrtps_cpp/ros2_aruco_interfaces/msg/detail/dds_fastrtps/aruco_markers__type_support.cpp.o[0m
[4.214s] [ 41%] [32mBuilding CXX object CMakeFiles/ros2_aruco_interfaces__rosidl_typesupport_introspection_cpp.dir/rosidl_typesupport_introspection_cpp/ros2_aruco_interfaces/msg/detail/aruco_markers__type_support.cpp.o[0m
[4.308s] [ 45%] [32mBuilding CXX object CMakeFiles/ros2_aruco_interfaces__rosidl_typesupport_fastrtps_c.dir/rosidl_typesupport_fastrtps_c/ros2_aruco_interfaces/msg/detail/aruco_markers__type_support_c.cpp.o[0m
[4.446s] [ 48%] [32mBuilding CXX object CMakeFiles/ros2_aruco_interfaces__rosidl_typesupport_c.dir/rosidl_typesupport_c/ros2_aruco_interfaces/msg/aruco_markers__type_support.cpp.o[0m
[4.493s] [ 51%] [32mBuilding C object CMakeFiles/ros2_aruco_interfaces__rosidl_typesupport_introspection_c.dir/rosidl_typesupport_introspection_c/ros2_aruco_interfaces/msg/detail/aruco_markers__type_support.c.o[0m
[4.557s] [ 54%] [32m[1mLinking CXX shared library libros2_aruco_interfaces__rosidl_typesupport_c.so[0m
[4.649s] [ 58%] [32m[1mLinking CXX shared library libros2_aruco_interfaces__rosidl_typesupport_cpp.so[0m
[4.663s] [ 61%] [32m[1mLinking C shared library libros2_aruco_interfaces__rosidl_typesupport_introspection_c.so[0m
[4.690s] [ 61%] Built target ros2_aruco_interfaces__rosidl_typesupport_c
[4.738s] [ 61%] Built target ros2_aruco_interfaces__rosidl_typesupport_introspection_c
[4.791s] [ 61%] Built target ros2_aruco_interfaces__rosidl_typesupport_cpp
[5.490s] [ 64%] [32m[1mLinking CXX shared library libros2_aruco_interfaces__rosidl_typesupport_fastrtps_c.so[0m
[5.683s] [ 67%] [32m[1mLinking CXX shared library libros2_aruco_interfaces__rosidl_typesupport_fastrtps_cpp.so[0m
[5.811s] [ 67%] Built target ros2_aruco_interfaces__rosidl_typesupport_fastrtps_c
[5.980s] [ 67%] Built target ros2_aruco_interfaces__rosidl_typesupport_fastrtps_cpp
[5.993s] [ 70%] [32m[1mLinking CXX shared library libros2_aruco_interfaces__rosidl_typesupport_introspection_cpp.so[0m
[6.218s] [ 70%] Built target ros2_aruco_interfaces__rosidl_typesupport_introspection_cpp
[6.242s] [ 70%] Built target ros2_aruco_interfaces
[6.273s] [ 74%] [34m[1mGenerating Python code for ROS interfaces[0m
[6.882s] [ 74%] Built target ros2_aruco_interfaces__py
[6.942s] [ 77%] [32mBuilding C object CMakeFiles/ros2_aruco_interfaces__rosidl_generator_py.dir/rosidl_generator_py/ros2_aruco_interfaces/msg/_aruco_markers_s.c.o[0m
[7.630s] [ 80%] [32m[1mLinking C shared library rosidl_generator_py/ros2_aruco_interfaces/libros2_aruco_interfaces__rosidl_generator_py.so[0m
[7.798s] [ 80%] Built target ros2_aruco_interfaces__rosidl_generator_py
[7.870s] [ 83%] [32mBuilding C object CMakeFiles/ros2_aruco_interfaces__rosidl_typesupport_fastrtps_c__pyext.dir/rosidl_generator_py/ros2_aruco_interfaces/_ros2_aruco_interfaces_s.ep.rosidl_typesupport_fastrtps_c.c.o[0m
[7.885s] [ 90%] [32mBuilding C object CMakeFiles/ros2_aruco_interfaces__rosidl_typesupport_c__pyext.dir/rosidl_generator_py/ros2_aruco_interfaces/_ros2_aruco_interfaces_s.ep.rosidl_typesupport_c.c.o[0m
[7.885s] [ 90%] [32mBuilding C object CMakeFiles/ros2_aruco_interfaces__rosidl_typesupport_introspection_c__pyext.dir/rosidl_generator_py/ros2_aruco_interfaces/_ros2_aruco_interfaces_s.ep.rosidl_typesupport_introspection_c.c.o[0m
[8.173s] [ 93%] [32m[1mLinking C shared library rosidl_generator_py/ros2_aruco_interfaces/ros2_aruco_interfaces_s__rosidl_typesupport_fastrtps_c.cpython-310-x86_64-linux-gnu.so[0m
[8.202s] [ 96%] [32m[1mLinking C shared library rosidl_generator_py/ros2_aruco_interfaces/ros2_aruco_interfaces_s__rosidl_typesupport_introspection_c.cpython-310-x86_64-linux-gnu.so[0m
[8.221s] [100%] [32m[1mLinking C shared library rosidl_generator_py/ros2_aruco_interfaces/ros2_aruco_interfaces_s__rosidl_typesupport_c.cpython-310-x86_64-linux-gnu.so[0m
[8.311s] [100%] Built target ros2_aruco_interfaces__rosidl_typesupport_fastrtps_c__pyext
[8.345s] [100%] Built target ros2_aruco_interfaces__rosidl_typesupport_c__pyext
[8.360s] [100%] Built target ros2_aruco_interfaces__rosidl_typesupport_introspection_c__pyext
[8.413s] Invoked command in '/home/futill/dummy2_hand_eye_calibration_ws/build/ros2_aruco_interfaces' returned '0': CMAKE_PREFIX_PATH=/opt/ros/humble /usr/bin/cmake --build /home/futill/dummy2_hand_eye_calibration_ws/build/ros2_aruco_interfaces -- -j8 -l8
[8.414s] Invoking command in '/home/futill/dummy2_hand_eye_calibration_ws/build/ros2_aruco_interfaces': CMAKE_PREFIX_PATH=/opt/ros/humble /usr/bin/cmake --install /home/futill/dummy2_hand_eye_calibration_ws/build/ros2_aruco_interfaces
[8.439s] -- Install configuration: "Release"
[8.442s] -- Execute custom install script
[8.442s] -- Symlinking: /home/futill/dummy2_hand_eye_calibration_ws/install/share/ament_index/resource_index/rosidl_interfaces/ros2_aruco_interfaces
[8.467s] -- Symlinking: /home/futill/dummy2_hand_eye_calibration_ws/install/include/ros2_aruco_interfaces/ros2_aruco_interfaces/msg/aruco_markers.h
[8.499s] -- Symlinking: /home/futill/dummy2_hand_eye_calibration_ws/install/include/ros2_aruco_interfaces/ros2_aruco_interfaces/msg/detail/aruco_markers__functions.h
[8.524s] -- Symlinking: /home/futill/dummy2_hand_eye_calibration_ws/install/include/ros2_aruco_interfaces/ros2_aruco_interfaces/msg/detail/aruco_markers__struct.h
[8.546s] -- Symlinking: /home/futill/dummy2_hand_eye_calibration_ws/install/include/ros2_aruco_interfaces/ros2_aruco_interfaces/msg/detail/aruco_markers__type_support.h
[8.566s] -- Symlinking: /home/futill/dummy2_hand_eye_calibration_ws/install/include/ros2_aruco_interfaces/ros2_aruco_interfaces/msg/rosidl_generator_c__visibility_control.h
[8.599s] -- Symlinking: /home/futill/dummy2_hand_eye_calibration_ws/install/share/ros2_aruco_interfaces/environment/library_path.sh
[8.609s] -- Symlinking: /home/futill/dummy2_hand_eye_calibration_ws/install/share/ros2_aruco_interfaces/environment/library_path.dsv
[8.623s] -- Symlinking: /home/futill/dummy2_hand_eye_calibration_ws/install/include/ros2_aruco_interfaces/ros2_aruco_interfaces/msg/detail/aruco_markers__rosidl_typesupport_fastrtps_c.h
[8.642s] -- Symlinking: /home/futill/dummy2_hand_eye_calibration_ws/install/include/ros2_aruco_interfaces/ros2_aruco_interfaces/msg/rosidl_typesupport_fastrtps_c__visibility_control.h
[8.656s] -- Symlinking: /home/futill/dummy2_hand_eye_calibration_ws/install/include/ros2_aruco_interfaces/ros2_aruco_interfaces/msg/aruco_markers.hpp
[8.681s] -- Symlinking: /home/futill/dummy2_hand_eye_calibration_ws/install/include/ros2_aruco_interfaces/ros2_aruco_interfaces/msg/detail/aruco_markers__builder.hpp
[8.743s] -- Symlinking: /home/futill/dummy2_hand_eye_calibration_ws/install/include/ros2_aruco_interfaces/ros2_aruco_interfaces/msg/detail/aruco_markers__struct.hpp
[8.770s] -- Symlinking: /home/futill/dummy2_hand_eye_calibration_ws/install/include/ros2_aruco_interfaces/ros2_aruco_interfaces/msg/detail/aruco_markers__traits.hpp
[8.804s] -- Symlinking: /home/futill/dummy2_hand_eye_calibration_ws/install/include/ros2_aruco_interfaces/ros2_aruco_interfaces/msg/detail/aruco_markers__type_support.hpp
[8.830s] -- Symlinking: /home/futill/dummy2_hand_eye_calibration_ws/install/include/ros2_aruco_interfaces/ros2_aruco_interfaces/msg/rosidl_generator_cpp__visibility_control.hpp
[8.859s] -- Symlinking: /home/futill/dummy2_hand_eye_calibration_ws/install/include/ros2_aruco_interfaces/ros2_aruco_interfaces/msg/detail/aruco_markers__rosidl_typesupport_fastrtps_cpp.hpp
[8.868s] -- Symlinking: /home/futill/dummy2_hand_eye_calibration_ws/install/include/ros2_aruco_interfaces/ros2_aruco_interfaces/msg/rosidl_typesupport_fastrtps_cpp__visibility_control.h
[8.895s] -- Symlinking: /home/futill/dummy2_hand_eye_calibration_ws/install/include/ros2_aruco_interfaces/ros2_aruco_interfaces/msg/detail/aruco_markers__rosidl_typesupport_introspection_c.h
[8.919s] -- Symlinking: /home/futill/dummy2_hand_eye_calibration_ws/install/include/ros2_aruco_interfaces/ros2_aruco_interfaces/msg/rosidl_typesupport_introspection_c__visibility_control.h
[8.938s] -- Symlinking: /home/futill/dummy2_hand_eye_calibration_ws/install/include/ros2_aruco_interfaces/ros2_aruco_interfaces/msg/detail/aruco_markers__rosidl_typesupport_introspection_cpp.hpp
[8.957s] -- Symlinking: /home/futill/dummy2_hand_eye_calibration_ws/install/share/ros2_aruco_interfaces/environment/pythonpath.sh
[8.981s] -- Symlinking: /home/futill/dummy2_hand_eye_calibration_ws/install/share/ros2_aruco_interfaces/environment/pythonpath.dsv
[9.042s] -- Symlinking: /home/futill/dummy2_hand_eye_calibration_ws/install/local/lib/python3.10/dist-packages/ros2_aruco_interfaces-0.1.0-py3.10.egg-info/PKG-INFO
[9.062s] -- Symlinking: /home/futill/dummy2_hand_eye_calibration_ws/install/local/lib/python3.10/dist-packages/ros2_aruco_interfaces-0.1.0-py3.10.egg-info/SOURCES.txt
[9.088s] -- Symlinking: /home/futill/dummy2_hand_eye_calibration_ws/install/local/lib/python3.10/dist-packages/ros2_aruco_interfaces-0.1.0-py3.10.egg-info/dependency_links.txt
[9.113s] -- Symlinking: /home/futill/dummy2_hand_eye_calibration_ws/install/local/lib/python3.10/dist-packages/ros2_aruco_interfaces-0.1.0-py3.10.egg-info/top_level.txt
[9.140s] -- Symlinking: /home/futill/dummy2_hand_eye_calibration_ws/install/local/lib/python3.10/dist-packages/ros2_aruco_interfaces/__init__.py
[9.166s] -- Symlinking: /home/futill/dummy2_hand_eye_calibration_ws/install/local/lib/python3.10/dist-packages/ros2_aruco_interfaces/_ros2_aruco_interfaces_s.ep.rosidl_typesupport_c.c
[9.196s] -- Symlinking: /home/futill/dummy2_hand_eye_calibration_ws/install/local/lib/python3.10/dist-packages/ros2_aruco_interfaces/_ros2_aruco_interfaces_s.ep.rosidl_typesupport_fastrtps_c.c
[9.225s] -- Symlinking: /home/futill/dummy2_hand_eye_calibration_ws/install/local/lib/python3.10/dist-packages/ros2_aruco_interfaces/_ros2_aruco_interfaces_s.ep.rosidl_typesupport_introspection_c.c
[9.263s] -- Symlinking: /home/futill/dummy2_hand_eye_calibration_ws/install/local/lib/python3.10/dist-packages/ros2_aruco_interfaces/libros2_aruco_interfaces__rosidl_generator_py.so
[9.285s] -- Symlinking: /home/futill/dummy2_hand_eye_calibration_ws/install/local/lib/python3.10/dist-packages/ros2_aruco_interfaces/msg/__init__.py
[9.312s] -- Symlinking: /home/futill/dummy2_hand_eye_calibration_ws/install/local/lib/python3.10/dist-packages/ros2_aruco_interfaces/msg/_aruco_markers.py
[9.350s] -- Symlinking: /home/futill/dummy2_hand_eye_calibration_ws/install/local/lib/python3.10/dist-packages/ros2_aruco_interfaces/msg/_aruco_markers_s.c
[9.387s] -- Symlinking: /home/futill/dummy2_hand_eye_calibration_ws/install/local/lib/python3.10/dist-packages/ros2_aruco_interfaces/ros2_aruco_interfaces_s__rosidl_typesupport_c.cpython-310-x86_64-linux-gnu.so
[9.407s] -- Symlinking: /home/futill/dummy2_hand_eye_calibration_ws/install/local/lib/python3.10/dist-packages/ros2_aruco_interfaces/ros2_aruco_interfaces_s__rosidl_typesupport_fastrtps_c.cpython-310-x86_64-linux-gnu.so
[9.441s] -- Symlinking: /home/futill/dummy2_hand_eye_calibration_ws/install/local/lib/python3.10/dist-packages/ros2_aruco_interfaces/ros2_aruco_interfaces_s__rosidl_typesupport_introspection_c.cpython-310-x86_64-linux-gnu.so
[9.480s] -- Up-to-date symlink: /home/futill/dummy2_hand_eye_calibration_ws/install/local/lib/python3.10/dist-packages/ros2_aruco_interfaces/ros2_aruco_interfaces_s__rosidl_typesupport_fastrtps_c.cpython-310-x86_64-linux-gnu.so
[9.481s] -- Up-to-date symlink: /home/futill/dummy2_hand_eye_calibration_ws/install/local/lib/python3.10/dist-packages/ros2_aruco_interfaces/ros2_aruco_interfaces_s__rosidl_typesupport_introspection_c.cpython-310-x86_64-linux-gnu.so
[9.481s] -- Up-to-date symlink: /home/futill/dummy2_hand_eye_calibration_ws/install/local/lib/python3.10/dist-packages/ros2_aruco_interfaces/ros2_aruco_interfaces_s__rosidl_typesupport_c.cpython-310-x86_64-linux-gnu.so
[9.481s] -- Symlinking: /home/futill/dummy2_hand_eye_calibration_ws/install/share/ros2_aruco_interfaces/msg/ArucoMarkers.idl
[9.516s] -- Symlinking: /home/futill/dummy2_hand_eye_calibration_ws/install/share/ros2_aruco_interfaces/msg/ArucoMarkers.msg
[9.550s] -- Symlinking: /home/futill/dummy2_hand_eye_calibration_ws/install/share/ament_index/resource_index/package_run_dependencies/ros2_aruco_interfaces
[9.590s] -- Symlinking: /home/futill/dummy2_hand_eye_calibration_ws/install/share/ament_index/resource_index/parent_prefix_path/ros2_aruco_interfaces
[9.614s] -- Symlinking: /home/futill/dummy2_hand_eye_calibration_ws/install/share/ros2_aruco_interfaces/environment/ament_prefix_path.sh
[9.643s] -- Symlinking: /home/futill/dummy2_hand_eye_calibration_ws/install/share/ros2_aruco_interfaces/environment/ament_prefix_path.dsv
[9.677s] -- Symlinking: /home/futill/dummy2_hand_eye_calibration_ws/install/share/ros2_aruco_interfaces/environment/path.sh
[9.718s] -- Symlinking: /home/futill/dummy2_hand_eye_calibration_ws/install/share/ros2_aruco_interfaces/environment/path.dsv
[9.766s] -- Symlinking: /home/futill/dummy2_hand_eye_calibration_ws/install/share/ros2_aruco_interfaces/local_setup.bash
[9.784s] -- Symlinking: /home/futill/dummy2_hand_eye_calibration_ws/install/share/ros2_aruco_interfaces/local_setup.sh
[9.813s] -- Symlinking: /home/futill/dummy2_hand_eye_calibration_ws/install/share/ros2_aruco_interfaces/local_setup.zsh
[9.838s] -- Symlinking: /home/futill/dummy2_hand_eye_calibration_ws/install/share/ros2_aruco_interfaces/local_setup.dsv
[9.870s] -- Symlinking: /home/futill/dummy2_hand_eye_calibration_ws/install/share/ros2_aruco_interfaces/package.dsv
[9.892s] -- Symlinking: /home/futill/dummy2_hand_eye_calibration_ws/install/share/ament_index/resource_index/packages/ros2_aruco_interfaces
[9.932s] -- Symlinking: /home/futill/dummy2_hand_eye_calibration_ws/install/share/ros2_aruco_interfaces/cmake/rosidl_cmake-extras.cmake
[9.961s] -- Symlinking: /home/futill/dummy2_hand_eye_calibration_ws/install/share/ros2_aruco_interfaces/cmake/ament_cmake_export_dependencies-extras.cmake
[9.983s] -- Symlinking: /home/futill/dummy2_hand_eye_calibration_ws/install/share/ros2_aruco_interfaces/cmake/ament_cmake_export_include_directories-extras.cmake
[10.007s] -- Symlinking: /home/futill/dummy2_hand_eye_calibration_ws/install/share/ros2_aruco_interfaces/cmake/ament_cmake_export_libraries-extras.cmake
[10.038s] -- Symlinking: /home/futill/dummy2_hand_eye_calibration_ws/install/share/ros2_aruco_interfaces/cmake/ament_cmake_export_targets-extras.cmake
[10.063s] -- Symlinking: /home/futill/dummy2_hand_eye_calibration_ws/install/share/ros2_aruco_interfaces/cmake/rosidl_cmake_export_typesupport_targets-extras.cmake
[10.085s] -- Symlinking: /home/futill/dummy2_hand_eye_calibration_ws/install/share/ros2_aruco_interfaces/cmake/rosidl_cmake_export_typesupport_libraries-extras.cmake
[10.113s] -- Symlinking: /home/futill/dummy2_hand_eye_calibration_ws/install/share/ros2_aruco_interfaces/cmake/ros2_aruco_interfacesConfig.cmake
[10.135s] -- Symlinking: /home/futill/dummy2_hand_eye_calibration_ws/install/share/ros2_aruco_interfaces/cmake/ros2_aruco_interfacesConfig-version.cmake
[10.168s] -- Symlinking: /home/futill/dummy2_hand_eye_calibration_ws/install/share/ros2_aruco_interfaces/package.xml
[10.200s] -- Installing: /home/futill/dummy2_hand_eye_calibration_ws/install/lib/libros2_aruco_interfaces__rosidl_generator_c.so
[10.203s] -- Set runtime path of "/home/futill/dummy2_hand_eye_calibration_ws/install/lib/libros2_aruco_interfaces__rosidl_generator_c.so" to ""
[10.203s] -- Installing: /home/futill/dummy2_hand_eye_calibration_ws/install/lib/libros2_aruco_interfaces__rosidl_typesupport_fastrtps_c.so
[10.203s] -- Set runtime path of "/home/futill/dummy2_hand_eye_calibration_ws/install/lib/libros2_aruco_interfaces__rosidl_typesupport_fastrtps_c.so" to ""
[10.206s] -- Installing: /home/futill/dummy2_hand_eye_calibration_ws/install/lib/libros2_aruco_interfaces__rosidl_typesupport_fastrtps_cpp.so
[10.207s] -- Set runtime path of "/home/futill/dummy2_hand_eye_calibration_ws/install/lib/libros2_aruco_interfaces__rosidl_typesupport_fastrtps_cpp.so" to ""
[10.207s] -- Installing: /home/futill/dummy2_hand_eye_calibration_ws/install/lib/libros2_aruco_interfaces__rosidl_typesupport_introspection_c.so
[10.207s] -- Set runtime path of "/home/futill/dummy2_hand_eye_calibration_ws/install/lib/libros2_aruco_interfaces__rosidl_typesupport_introspection_c.so" to ""
[10.207s] -- Installing: /home/futill/dummy2_hand_eye_calibration_ws/install/lib/libros2_aruco_interfaces__rosidl_typesupport_c.so
[10.207s] -- Set runtime path of "/home/futill/dummy2_hand_eye_calibration_ws/install/lib/libros2_aruco_interfaces__rosidl_typesupport_c.so" to ""
[10.207s] -- Installing: /home/futill/dummy2_hand_eye_calibration_ws/install/lib/libros2_aruco_interfaces__rosidl_typesupport_introspection_cpp.so
[10.211s] -- Set runtime path of "/home/futill/dummy2_hand_eye_calibration_ws/install/lib/libros2_aruco_interfaces__rosidl_typesupport_introspection_cpp.so" to ""
[10.211s] -- Installing: /home/futill/dummy2_hand_eye_calibration_ws/install/lib/libros2_aruco_interfaces__rosidl_typesupport_cpp.so
[10.211s] -- Set runtime path of "/home/futill/dummy2_hand_eye_calibration_ws/install/lib/libros2_aruco_interfaces__rosidl_typesupport_cpp.so" to ""
[10.345s] Listing '/home/futill/dummy2_hand_eye_calibration_ws/install/local/lib/python3.10/dist-packages/ros2_aruco_interfaces'...
[10.346s] Compiling '/home/futill/dummy2_hand_eye_calibration_ws/install/local/lib/python3.10/dist-packages/ros2_aruco_interfaces/__init__.py'...
[10.346s] Listing '/home/futill/dummy2_hand_eye_calibration_ws/install/local/lib/python3.10/dist-packages/ros2_aruco_interfaces/msg'...
[10.346s] Compiling '/home/futill/dummy2_hand_eye_calibration_ws/install/local/lib/python3.10/dist-packages/ros2_aruco_interfaces/msg/__init__.py'...
[10.346s] Compiling '/home/futill/dummy2_hand_eye_calibration_ws/install/local/lib/python3.10/dist-packages/ros2_aruco_interfaces/msg/_aruco_markers.py'...
[10.359s] -- Installing: /home/futill/dummy2_hand_eye_calibration_ws/install/lib/libros2_aruco_interfaces__rosidl_generator_py.so
[10.360s] -- Set runtime path of "/home/futill/dummy2_hand_eye_calibration_ws/install/lib/libros2_aruco_interfaces__rosidl_generator_py.so" to ""
[10.360s] -- Installing: /home/futill/dummy2_hand_eye_calibration_ws/install/share/ros2_aruco_interfaces/cmake/export_ros2_aruco_interfaces__rosidl_generator_cExport.cmake
[10.360s] -- Installing: /home/futill/dummy2_hand_eye_calibration_ws/install/share/ros2_aruco_interfaces/cmake/export_ros2_aruco_interfaces__rosidl_generator_cExport-release.cmake
[10.360s] -- Installing: /home/futill/dummy2_hand_eye_calibration_ws/install/share/ros2_aruco_interfaces/cmake/export_ros2_aruco_interfaces__rosidl_typesupport_fastrtps_cExport.cmake
[10.360s] -- Installing: /home/futill/dummy2_hand_eye_calibration_ws/install/share/ros2_aruco_interfaces/cmake/export_ros2_aruco_interfaces__rosidl_typesupport_fastrtps_cExport-release.cmake
[10.360s] -- Installing: /home/futill/dummy2_hand_eye_calibration_ws/install/share/ros2_aruco_interfaces/cmake/export_ros2_aruco_interfaces__rosidl_generator_cppExport.cmake
[10.363s] -- Installing: /home/futill/dummy2_hand_eye_calibration_ws/install/share/ros2_aruco_interfaces/cmake/export_ros2_aruco_interfaces__rosidl_typesupport_fastrtps_cppExport.cmake
[10.367s] -- Installing: /home/futill/dummy2_hand_eye_calibration_ws/install/share/ros2_aruco_interfaces/cmake/export_ros2_aruco_interfaces__rosidl_typesupport_fastrtps_cppExport-release.cmake
[10.367s] -- Installing: /home/futill/dummy2_hand_eye_calibration_ws/install/share/ros2_aruco_interfaces/cmake/ros2_aruco_interfaces__rosidl_typesupport_introspection_cExport.cmake
[10.367s] -- Installing: /home/futill/dummy2_hand_eye_calibration_ws/install/share/ros2_aruco_interfaces/cmake/ros2_aruco_interfaces__rosidl_typesupport_introspection_cExport-release.cmake
[10.367s] -- Installing: /home/futill/dummy2_hand_eye_calibration_ws/install/share/ros2_aruco_interfaces/cmake/ros2_aruco_interfaces__rosidl_typesupport_cExport.cmake
[10.367s] -- Installing: /home/futill/dummy2_hand_eye_calibration_ws/install/share/ros2_aruco_interfaces/cmake/ros2_aruco_interfaces__rosidl_typesupport_cExport-release.cmake
[10.367s] -- Installing: /home/futill/dummy2_hand_eye_calibration_ws/install/share/ros2_aruco_interfaces/cmake/ros2_aruco_interfaces__rosidl_typesupport_introspection_cppExport.cmake
[10.367s] -- Installing: /home/futill/dummy2_hand_eye_calibration_ws/install/share/ros2_aruco_interfaces/cmake/ros2_aruco_interfaces__rosidl_typesupport_introspection_cppExport-release.cmake
[10.368s] -- Installing: /home/futill/dummy2_hand_eye_calibration_ws/install/share/ros2_aruco_interfaces/cmake/ros2_aruco_interfaces__rosidl_typesupport_cppExport.cmake
[10.368s] -- Installing: /home/futill/dummy2_hand_eye_calibration_ws/install/share/ros2_aruco_interfaces/cmake/ros2_aruco_interfaces__rosidl_typesupport_cppExport-release.cmake
[10.368s] -- Installing: /home/futill/dummy2_hand_eye_calibration_ws/install/share/ros2_aruco_interfaces/cmake/export_ros2_aruco_interfaces__rosidl_generator_pyExport.cmake
[10.368s] -- Installing: /home/futill/dummy2_hand_eye_calibration_ws/install/share/ros2_aruco_interfaces/cmake/export_ros2_aruco_interfaces__rosidl_generator_pyExport-release.cmake
[10.383s] Invoked command in '/home/futill/dummy2_hand_eye_calibration_ws/build/ros2_aruco_interfaces' returned '0': CMAKE_PREFIX_PATH=/opt/ros/humble /usr/bin/cmake --install /home/futill/dummy2_hand_eye_calibration_ws/build/ros2_aruco_interfaces
