[0.052s] Invoking command in '/home/futill/dummy2_hand_eye_calibration_ws/build/easy_handeye2_msgs': CMAKE_PREFIX_PATH=${CMAKE_PREFIX_PATH}:/home/futill/targer_ws/install/my_robot_pkg:/opt/ros/humble /usr/bin/cmake --build /home/futill/dummy2_hand_eye_calibration_ws/build/easy_handeye2_msgs -- -j8 -l8
[0.664s] [  0%] Built target easy_handeye2_msgs__cpp
[0.664s] [ 12%] Built target easy_handeye2_msgs__rosidl_generator_c
[0.664s] [ 12%] Built target ament_cmake_python_symlink_easy_handeye2_msgs
[0.664s] [ 24%] Built target easy_handeye2_msgs__rosidl_typesupport_c
[0.664s] [ 36%] Built target easy_handeye2_msgs__rosidl_typesupport_cpp
[0.664s] [ 60%] Built target easy_handeye2_msgs__rosidl_typesupport_introspection_cpp
[0.664s] [ 59%] Built target easy_handeye2_msgs__rosidl_typesupport_introspection_c
[0.665s] [ 72%] Built target easy_handeye2_msgs__rosidl_typesupport_fastrtps_cpp
[0.665s] [ 84%] Built target easy_handeye2_msgs__rosidl_typesupport_fastrtps_c
[0.665s] [ 84%] Built target easy_handeye2_msgs
[0.665s] [ 85%] Built target easy_handeye2_msgs__py
[0.665s] [ 96%] Built target easy_handeye2_msgs__rosidl_generator_py
[0.665s] [100%] Built target easy_handeye2_msgs__rosidl_typesupport_c__pyext
[0.665s] [100%] Built target easy_handeye2_msgs__rosidl_typesupport_fastrtps_c__pyext
[0.665s] [100%] Built target easy_handeye2_msgs__rosidl_typesupport_introspection_c__pyext
[0.665s] running egg_info
[0.665s] writing easy_handeye2_msgs.egg-info/PKG-INFO
[0.666s] writing dependency_links to easy_handeye2_msgs.egg-info/dependency_links.txt
[0.666s] writing top-level names to easy_handeye2_msgs.egg-info/top_level.txt
[0.666s] reading manifest file 'easy_handeye2_msgs.egg-info/SOURCES.txt'
[0.666s] writing manifest file 'easy_handeye2_msgs.egg-info/SOURCES.txt'
[0.666s] [100%] Built target ament_cmake_python_build_easy_handeye2_msgs_egg
[0.678s] Invoked command in '/home/futill/dummy2_hand_eye_calibration_ws/build/easy_handeye2_msgs' returned '0': CMAKE_PREFIX_PATH=${CMAKE_PREFIX_PATH}:/home/futill/targer_ws/install/my_robot_pkg:/opt/ros/humble /usr/bin/cmake --build /home/futill/dummy2_hand_eye_calibration_ws/build/easy_handeye2_msgs -- -j8 -l8
[0.687s] Invoking command in '/home/futill/dummy2_hand_eye_calibration_ws/build/easy_handeye2_msgs': CMAKE_PREFIX_PATH=${CMAKE_PREFIX_PATH}:/home/futill/targer_ws/install/my_robot_pkg:/opt/ros/humble /usr/bin/cmake --install /home/futill/dummy2_hand_eye_calibration_ws/build/easy_handeye2_msgs
[0.711s] -- Install configuration: "Release"
[0.711s] -- Execute custom install script
[0.711s] -- Up-to-date symlink: /home/futill/dummy2_hand_eye_calibration_ws/install/share/ament_index/resource_index/rosidl_interfaces/easy_handeye2_msgs
[0.711s] -- Up-to-date symlink: /home/futill/dummy2_hand_eye_calibration_ws/install/include/easy_handeye2_msgs/easy_handeye2_msgs/msg/detail/handeye_calibration__functions.h
[0.713s] -- Up-to-date symlink: /home/futill/dummy2_hand_eye_calibration_ws/install/include/easy_handeye2_msgs/easy_handeye2_msgs/msg/detail/handeye_calibration__struct.h
[0.713s] -- Up-to-date symlink: /home/futill/dummy2_hand_eye_calibration_ws/install/include/easy_handeye2_msgs/easy_handeye2_msgs/msg/detail/handeye_calibration__type_support.h
[0.713s] -- Up-to-date symlink: /home/futill/dummy2_hand_eye_calibration_ws/install/include/easy_handeye2_msgs/easy_handeye2_msgs/msg/detail/handeye_calibration_parameters__functions.h
[0.713s] -- Up-to-date symlink: /home/futill/dummy2_hand_eye_calibration_ws/install/include/easy_handeye2_msgs/easy_handeye2_msgs/msg/detail/handeye_calibration_parameters__struct.h
[0.713s] -- Up-to-date symlink: /home/futill/dummy2_hand_eye_calibration_ws/install/include/easy_handeye2_msgs/easy_handeye2_msgs/msg/detail/handeye_calibration_parameters__type_support.h
[0.713s] -- Up-to-date symlink: /home/futill/dummy2_hand_eye_calibration_ws/install/include/easy_handeye2_msgs/easy_handeye2_msgs/msg/detail/sample__functions.h
[0.713s] -- Up-to-date symlink: /home/futill/dummy2_hand_eye_calibration_ws/install/include/easy_handeye2_msgs/easy_handeye2_msgs/msg/detail/sample__struct.h
[0.713s] -- Up-to-date symlink: /home/futill/dummy2_hand_eye_calibration_ws/install/include/easy_handeye2_msgs/easy_handeye2_msgs/msg/detail/sample__type_support.h
[0.713s] -- Up-to-date symlink: /home/futill/dummy2_hand_eye_calibration_ws/install/include/easy_handeye2_msgs/easy_handeye2_msgs/msg/detail/sample_list__functions.h
[0.713s] -- Up-to-date symlink: /home/futill/dummy2_hand_eye_calibration_ws/install/include/easy_handeye2_msgs/easy_handeye2_msgs/msg/detail/sample_list__struct.h
[0.713s] -- Up-to-date symlink: /home/futill/dummy2_hand_eye_calibration_ws/install/include/easy_handeye2_msgs/easy_handeye2_msgs/msg/detail/sample_list__type_support.h
[0.713s] -- Up-to-date symlink: /home/futill/dummy2_hand_eye_calibration_ws/install/include/easy_handeye2_msgs/easy_handeye2_msgs/msg/detail/target_pose_list__functions.h
[0.713s] -- Up-to-date symlink: /home/futill/dummy2_hand_eye_calibration_ws/install/include/easy_handeye2_msgs/easy_handeye2_msgs/msg/detail/target_pose_list__struct.h
[0.713s] -- Up-to-date symlink: /home/futill/dummy2_hand_eye_calibration_ws/install/include/easy_handeye2_msgs/easy_handeye2_msgs/msg/detail/target_pose_list__type_support.h
[0.713s] -- Up-to-date symlink: /home/futill/dummy2_hand_eye_calibration_ws/install/include/easy_handeye2_msgs/easy_handeye2_msgs/msg/handeye_calibration.h
[0.713s] -- Up-to-date symlink: /home/futill/dummy2_hand_eye_calibration_ws/install/include/easy_handeye2_msgs/easy_handeye2_msgs/msg/handeye_calibration_parameters.h
[0.714s] -- Up-to-date symlink: /home/futill/dummy2_hand_eye_calibration_ws/install/include/easy_handeye2_msgs/easy_handeye2_msgs/msg/rosidl_generator_c__visibility_control.h
[0.714s] -- Up-to-date symlink: /home/futill/dummy2_hand_eye_calibration_ws/install/include/easy_handeye2_msgs/easy_handeye2_msgs/msg/sample.h
[0.714s] -- Up-to-date symlink: /home/futill/dummy2_hand_eye_calibration_ws/install/include/easy_handeye2_msgs/easy_handeye2_msgs/msg/sample_list.h
[0.714s] -- Up-to-date symlink: /home/futill/dummy2_hand_eye_calibration_ws/install/include/easy_handeye2_msgs/easy_handeye2_msgs/msg/target_pose_list.h
[0.714s] -- Up-to-date symlink: /home/futill/dummy2_hand_eye_calibration_ws/install/include/easy_handeye2_msgs/easy_handeye2_msgs/srv/check_starting_pose.h
[0.714s] -- Up-to-date symlink: /home/futill/dummy2_hand_eye_calibration_ws/install/include/easy_handeye2_msgs/easy_handeye2_msgs/srv/compute_calibration.h
[0.714s] -- Up-to-date symlink: /home/futill/dummy2_hand_eye_calibration_ws/install/include/easy_handeye2_msgs/easy_handeye2_msgs/srv/detail/check_starting_pose__functions.h
[0.714s] -- Up-to-date symlink: /home/futill/dummy2_hand_eye_calibration_ws/install/include/easy_handeye2_msgs/easy_handeye2_msgs/srv/detail/check_starting_pose__struct.h
[0.714s] -- Up-to-date symlink: /home/futill/dummy2_hand_eye_calibration_ws/install/include/easy_handeye2_msgs/easy_handeye2_msgs/srv/detail/check_starting_pose__type_support.h
[0.714s] -- Up-to-date symlink: /home/futill/dummy2_hand_eye_calibration_ws/install/include/easy_handeye2_msgs/easy_handeye2_msgs/srv/detail/compute_calibration__functions.h
[0.714s] -- Up-to-date symlink: /home/futill/dummy2_hand_eye_calibration_ws/install/include/easy_handeye2_msgs/easy_handeye2_msgs/srv/detail/compute_calibration__struct.h
[0.714s] -- Up-to-date symlink: /home/futill/dummy2_hand_eye_calibration_ws/install/include/easy_handeye2_msgs/easy_handeye2_msgs/srv/detail/compute_calibration__type_support.h
[0.714s] -- Up-to-date symlink: /home/futill/dummy2_hand_eye_calibration_ws/install/include/easy_handeye2_msgs/easy_handeye2_msgs/srv/detail/enumerate_target_poses__functions.h
[0.714s] -- Up-to-date symlink: /home/futill/dummy2_hand_eye_calibration_ws/install/include/easy_handeye2_msgs/easy_handeye2_msgs/srv/detail/enumerate_target_poses__struct.h
[0.714s] -- Up-to-date symlink: /home/futill/dummy2_hand_eye_calibration_ws/install/include/easy_handeye2_msgs/easy_handeye2_msgs/srv/detail/enumerate_target_poses__type_support.h
[0.714s] -- Up-to-date symlink: /home/futill/dummy2_hand_eye_calibration_ws/install/include/easy_handeye2_msgs/easy_handeye2_msgs/srv/detail/execute_plan__functions.h
[0.714s] -- Up-to-date symlink: /home/futill/dummy2_hand_eye_calibration_ws/install/include/easy_handeye2_msgs/easy_handeye2_msgs/srv/detail/execute_plan__struct.h
[0.714s] -- Up-to-date symlink: /home/futill/dummy2_hand_eye_calibration_ws/install/include/easy_handeye2_msgs/easy_handeye2_msgs/srv/detail/execute_plan__type_support.h
[0.715s] -- Up-to-date symlink: /home/futill/dummy2_hand_eye_calibration_ws/install/include/easy_handeye2_msgs/easy_handeye2_msgs/srv/detail/list_algorithms__functions.h
[0.715s] -- Up-to-date symlink: /home/futill/dummy2_hand_eye_calibration_ws/install/include/easy_handeye2_msgs/easy_handeye2_msgs/srv/detail/list_algorithms__struct.h
[0.715s] -- Up-to-date symlink: /home/futill/dummy2_hand_eye_calibration_ws/install/include/easy_handeye2_msgs/easy_handeye2_msgs/srv/detail/list_algorithms__type_support.h
[0.715s] -- Up-to-date symlink: /home/futill/dummy2_hand_eye_calibration_ws/install/include/easy_handeye2_msgs/easy_handeye2_msgs/srv/detail/load_samples__functions.h
[0.715s] -- Up-to-date symlink: /home/futill/dummy2_hand_eye_calibration_ws/install/include/easy_handeye2_msgs/easy_handeye2_msgs/srv/detail/load_samples__struct.h
[0.715s] -- Up-to-date symlink: /home/futill/dummy2_hand_eye_calibration_ws/install/include/easy_handeye2_msgs/easy_handeye2_msgs/srv/detail/load_samples__type_support.h
[0.715s] -- Up-to-date symlink: /home/futill/dummy2_hand_eye_calibration_ws/install/include/easy_handeye2_msgs/easy_handeye2_msgs/srv/detail/plan_to_selected_target_pose__functions.h
[0.715s] -- Up-to-date symlink: /home/futill/dummy2_hand_eye_calibration_ws/install/include/easy_handeye2_msgs/easy_handeye2_msgs/srv/detail/plan_to_selected_target_pose__struct.h
[0.716s] -- Up-to-date symlink: /home/futill/dummy2_hand_eye_calibration_ws/install/include/easy_handeye2_msgs/easy_handeye2_msgs/srv/detail/plan_to_selected_target_pose__type_support.h
[0.716s] -- Up-to-date symlink: /home/futill/dummy2_hand_eye_calibration_ws/install/include/easy_handeye2_msgs/easy_handeye2_msgs/srv/detail/remove_sample__functions.h
[0.716s] -- Up-to-date symlink: /home/futill/dummy2_hand_eye_calibration_ws/install/include/easy_handeye2_msgs/easy_handeye2_msgs/srv/detail/remove_sample__struct.h
[0.716s] -- Up-to-date symlink: /home/futill/dummy2_hand_eye_calibration_ws/install/include/easy_handeye2_msgs/easy_handeye2_msgs/srv/detail/remove_sample__type_support.h
[0.716s] -- Up-to-date symlink: /home/futill/dummy2_hand_eye_calibration_ws/install/include/easy_handeye2_msgs/easy_handeye2_msgs/srv/detail/save_calibration__functions.h
[0.716s] -- Up-to-date symlink: /home/futill/dummy2_hand_eye_calibration_ws/install/include/easy_handeye2_msgs/easy_handeye2_msgs/srv/detail/save_calibration__struct.h
[0.716s] -- Up-to-date symlink: /home/futill/dummy2_hand_eye_calibration_ws/install/include/easy_handeye2_msgs/easy_handeye2_msgs/srv/detail/save_calibration__type_support.h
[0.716s] -- Up-to-date symlink: /home/futill/dummy2_hand_eye_calibration_ws/install/include/easy_handeye2_msgs/easy_handeye2_msgs/srv/detail/save_samples__functions.h
[0.717s] -- Up-to-date symlink: /home/futill/dummy2_hand_eye_calibration_ws/install/include/easy_handeye2_msgs/easy_handeye2_msgs/srv/detail/save_samples__struct.h
[0.717s] -- Up-to-date symlink: /home/futill/dummy2_hand_eye_calibration_ws/install/include/easy_handeye2_msgs/easy_handeye2_msgs/srv/detail/save_samples__type_support.h
[0.717s] -- Up-to-date symlink: /home/futill/dummy2_hand_eye_calibration_ws/install/include/easy_handeye2_msgs/easy_handeye2_msgs/srv/detail/select_target_pose__functions.h
[0.717s] -- Up-to-date symlink: /home/futill/dummy2_hand_eye_calibration_ws/install/include/easy_handeye2_msgs/easy_handeye2_msgs/srv/detail/select_target_pose__struct.h
[0.717s] -- Up-to-date symlink: /home/futill/dummy2_hand_eye_calibration_ws/install/include/easy_handeye2_msgs/easy_handeye2_msgs/srv/detail/select_target_pose__type_support.h
[0.717s] -- Up-to-date symlink: /home/futill/dummy2_hand_eye_calibration_ws/install/include/easy_handeye2_msgs/easy_handeye2_msgs/srv/detail/set_algorithm__functions.h
[0.717s] -- Up-to-date symlink: /home/futill/dummy2_hand_eye_calibration_ws/install/include/easy_handeye2_msgs/easy_handeye2_msgs/srv/detail/set_algorithm__struct.h
[0.718s] -- Up-to-date symlink: /home/futill/dummy2_hand_eye_calibration_ws/install/include/easy_handeye2_msgs/easy_handeye2_msgs/srv/detail/set_algorithm__type_support.h
[0.718s] -- Up-to-date symlink: /home/futill/dummy2_hand_eye_calibration_ws/install/include/easy_handeye2_msgs/easy_handeye2_msgs/srv/detail/take_sample__functions.h
[0.718s] -- Up-to-date symlink: /home/futill/dummy2_hand_eye_calibration_ws/install/include/easy_handeye2_msgs/easy_handeye2_msgs/srv/detail/take_sample__struct.h
[0.718s] -- Up-to-date symlink: /home/futill/dummy2_hand_eye_calibration_ws/install/include/easy_handeye2_msgs/easy_handeye2_msgs/srv/detail/take_sample__type_support.h
[0.718s] -- Up-to-date symlink: /home/futill/dummy2_hand_eye_calibration_ws/install/include/easy_handeye2_msgs/easy_handeye2_msgs/srv/enumerate_target_poses.h
[0.718s] -- Up-to-date symlink: /home/futill/dummy2_hand_eye_calibration_ws/install/include/easy_handeye2_msgs/easy_handeye2_msgs/srv/execute_plan.h
[0.718s] -- Up-to-date symlink: /home/futill/dummy2_hand_eye_calibration_ws/install/include/easy_handeye2_msgs/easy_handeye2_msgs/srv/list_algorithms.h
[0.718s] -- Up-to-date symlink: /home/futill/dummy2_hand_eye_calibration_ws/install/include/easy_handeye2_msgs/easy_handeye2_msgs/srv/load_samples.h
[0.719s] -- Up-to-date symlink: /home/futill/dummy2_hand_eye_calibration_ws/install/include/easy_handeye2_msgs/easy_handeye2_msgs/srv/plan_to_selected_target_pose.h
[0.719s] -- Up-to-date symlink: /home/futill/dummy2_hand_eye_calibration_ws/install/include/easy_handeye2_msgs/easy_handeye2_msgs/srv/remove_sample.h
[0.719s] -- Up-to-date symlink: /home/futill/dummy2_hand_eye_calibration_ws/install/include/easy_handeye2_msgs/easy_handeye2_msgs/srv/save_calibration.h
[0.719s] -- Up-to-date symlink: /home/futill/dummy2_hand_eye_calibration_ws/install/include/easy_handeye2_msgs/easy_handeye2_msgs/srv/save_samples.h
[0.719s] -- Up-to-date symlink: /home/futill/dummy2_hand_eye_calibration_ws/install/include/easy_handeye2_msgs/easy_handeye2_msgs/srv/select_target_pose.h
[0.719s] -- Up-to-date symlink: /home/futill/dummy2_hand_eye_calibration_ws/install/include/easy_handeye2_msgs/easy_handeye2_msgs/srv/set_algorithm.h
[0.719s] -- Up-to-date symlink: /home/futill/dummy2_hand_eye_calibration_ws/install/include/easy_handeye2_msgs/easy_handeye2_msgs/srv/take_sample.h
[0.719s] -- Up-to-date symlink: /home/futill/dummy2_hand_eye_calibration_ws/install/share/easy_handeye2_msgs/environment/library_path.sh
[0.720s] -- Up-to-date symlink: /home/futill/dummy2_hand_eye_calibration_ws/install/share/easy_handeye2_msgs/environment/library_path.dsv
[0.720s] -- Up-to-date symlink: /home/futill/dummy2_hand_eye_calibration_ws/install/include/easy_handeye2_msgs/easy_handeye2_msgs/msg/detail/handeye_calibration__rosidl_typesupport_fastrtps_c.h
[0.720s] -- Up-to-date symlink: /home/futill/dummy2_hand_eye_calibration_ws/install/include/easy_handeye2_msgs/easy_handeye2_msgs/msg/detail/handeye_calibration_parameters__rosidl_typesupport_fastrtps_c.h
[0.720s] -- Up-to-date symlink: /home/futill/dummy2_hand_eye_calibration_ws/install/include/easy_handeye2_msgs/easy_handeye2_msgs/msg/detail/sample__rosidl_typesupport_fastrtps_c.h
[0.720s] -- Up-to-date symlink: /home/futill/dummy2_hand_eye_calibration_ws/install/include/easy_handeye2_msgs/easy_handeye2_msgs/msg/detail/sample_list__rosidl_typesupport_fastrtps_c.h
[0.720s] -- Up-to-date symlink: /home/futill/dummy2_hand_eye_calibration_ws/install/include/easy_handeye2_msgs/easy_handeye2_msgs/msg/detail/target_pose_list__rosidl_typesupport_fastrtps_c.h
[0.720s] -- Up-to-date symlink: /home/futill/dummy2_hand_eye_calibration_ws/install/include/easy_handeye2_msgs/easy_handeye2_msgs/msg/rosidl_typesupport_fastrtps_c__visibility_control.h
[0.720s] -- Up-to-date symlink: /home/futill/dummy2_hand_eye_calibration_ws/install/include/easy_handeye2_msgs/easy_handeye2_msgs/srv/detail/check_starting_pose__rosidl_typesupport_fastrtps_c.h
[0.720s] -- Up-to-date symlink: /home/futill/dummy2_hand_eye_calibration_ws/install/include/easy_handeye2_msgs/easy_handeye2_msgs/srv/detail/compute_calibration__rosidl_typesupport_fastrtps_c.h
[0.720s] -- Up-to-date symlink: /home/futill/dummy2_hand_eye_calibration_ws/install/include/easy_handeye2_msgs/easy_handeye2_msgs/srv/detail/enumerate_target_poses__rosidl_typesupport_fastrtps_c.h
[0.720s] -- Up-to-date symlink: /home/futill/dummy2_hand_eye_calibration_ws/install/include/easy_handeye2_msgs/easy_handeye2_msgs/srv/detail/execute_plan__rosidl_typesupport_fastrtps_c.h
[0.721s] -- Up-to-date symlink: /home/futill/dummy2_hand_eye_calibration_ws/install/include/easy_handeye2_msgs/easy_handeye2_msgs/srv/detail/list_algorithms__rosidl_typesupport_fastrtps_c.h
[0.721s] -- Up-to-date symlink: /home/futill/dummy2_hand_eye_calibration_ws/install/include/easy_handeye2_msgs/easy_handeye2_msgs/srv/detail/load_samples__rosidl_typesupport_fastrtps_c.h
[0.721s] -- Up-to-date symlink: /home/futill/dummy2_hand_eye_calibration_ws/install/include/easy_handeye2_msgs/easy_handeye2_msgs/srv/detail/plan_to_selected_target_pose__rosidl_typesupport_fastrtps_c.h
[0.721s] -- Up-to-date symlink: /home/futill/dummy2_hand_eye_calibration_ws/install/include/easy_handeye2_msgs/easy_handeye2_msgs/srv/detail/remove_sample__rosidl_typesupport_fastrtps_c.h
[0.721s] -- Up-to-date symlink: /home/futill/dummy2_hand_eye_calibration_ws/install/include/easy_handeye2_msgs/easy_handeye2_msgs/srv/detail/save_calibration__rosidl_typesupport_fastrtps_c.h
[0.721s] -- Up-to-date symlink: /home/futill/dummy2_hand_eye_calibration_ws/install/include/easy_handeye2_msgs/easy_handeye2_msgs/srv/detail/save_samples__rosidl_typesupport_fastrtps_c.h
[0.721s] -- Up-to-date symlink: /home/futill/dummy2_hand_eye_calibration_ws/install/include/easy_handeye2_msgs/easy_handeye2_msgs/srv/detail/select_target_pose__rosidl_typesupport_fastrtps_c.h
[0.721s] -- Up-to-date symlink: /home/futill/dummy2_hand_eye_calibration_ws/install/include/easy_handeye2_msgs/easy_handeye2_msgs/srv/detail/set_algorithm__rosidl_typesupport_fastrtps_c.h
[0.721s] -- Up-to-date symlink: /home/futill/dummy2_hand_eye_calibration_ws/install/include/easy_handeye2_msgs/easy_handeye2_msgs/srv/detail/take_sample__rosidl_typesupport_fastrtps_c.h
[0.721s] -- Up-to-date symlink: /home/futill/dummy2_hand_eye_calibration_ws/install/include/easy_handeye2_msgs/easy_handeye2_msgs/msg/detail/handeye_calibration__rosidl_typesupport_introspection_c.h
[0.721s] -- Up-to-date symlink: /home/futill/dummy2_hand_eye_calibration_ws/install/include/easy_handeye2_msgs/easy_handeye2_msgs/msg/detail/handeye_calibration_parameters__rosidl_typesupport_introspection_c.h
[0.721s] -- Up-to-date symlink: /home/futill/dummy2_hand_eye_calibration_ws/install/include/easy_handeye2_msgs/easy_handeye2_msgs/msg/detail/sample__rosidl_typesupport_introspection_c.h
[0.722s] -- Up-to-date symlink: /home/futill/dummy2_hand_eye_calibration_ws/install/include/easy_handeye2_msgs/easy_handeye2_msgs/msg/detail/sample_list__rosidl_typesupport_introspection_c.h
[0.722s] -- Up-to-date symlink: /home/futill/dummy2_hand_eye_calibration_ws/install/include/easy_handeye2_msgs/easy_handeye2_msgs/msg/detail/target_pose_list__rosidl_typesupport_introspection_c.h
[0.722s] -- Up-to-date symlink: /home/futill/dummy2_hand_eye_calibration_ws/install/include/easy_handeye2_msgs/easy_handeye2_msgs/msg/rosidl_typesupport_introspection_c__visibility_control.h
[0.722s] -- Up-to-date symlink: /home/futill/dummy2_hand_eye_calibration_ws/install/include/easy_handeye2_msgs/easy_handeye2_msgs/srv/detail/check_starting_pose__rosidl_typesupport_introspection_c.h
[0.722s] -- Up-to-date symlink: /home/futill/dummy2_hand_eye_calibration_ws/install/include/easy_handeye2_msgs/easy_handeye2_msgs/srv/detail/compute_calibration__rosidl_typesupport_introspection_c.h
[0.722s] -- Up-to-date symlink: /home/futill/dummy2_hand_eye_calibration_ws/install/include/easy_handeye2_msgs/easy_handeye2_msgs/srv/detail/enumerate_target_poses__rosidl_typesupport_introspection_c.h
[0.722s] -- Up-to-date symlink: /home/futill/dummy2_hand_eye_calibration_ws/install/include/easy_handeye2_msgs/easy_handeye2_msgs/srv/detail/execute_plan__rosidl_typesupport_introspection_c.h
[0.722s] -- Up-to-date symlink: /home/futill/dummy2_hand_eye_calibration_ws/install/include/easy_handeye2_msgs/easy_handeye2_msgs/srv/detail/list_algorithms__rosidl_typesupport_introspection_c.h
[0.722s] -- Up-to-date symlink: /home/futill/dummy2_hand_eye_calibration_ws/install/include/easy_handeye2_msgs/easy_handeye2_msgs/srv/detail/load_samples__rosidl_typesupport_introspection_c.h
[0.722s] -- Up-to-date symlink: /home/futill/dummy2_hand_eye_calibration_ws/install/include/easy_handeye2_msgs/easy_handeye2_msgs/srv/detail/plan_to_selected_target_pose__rosidl_typesupport_introspection_c.h
[0.722s] -- Up-to-date symlink: /home/futill/dummy2_hand_eye_calibration_ws/install/include/easy_handeye2_msgs/easy_handeye2_msgs/srv/detail/remove_sample__rosidl_typesupport_introspection_c.h
[0.722s] -- Up-to-date symlink: /home/futill/dummy2_hand_eye_calibration_ws/install/include/easy_handeye2_msgs/easy_handeye2_msgs/srv/detail/save_calibration__rosidl_typesupport_introspection_c.h
[0.722s] -- Up-to-date symlink: /home/futill/dummy2_hand_eye_calibration_ws/install/include/easy_handeye2_msgs/easy_handeye2_msgs/srv/detail/save_samples__rosidl_typesupport_introspection_c.h
[0.722s] -- Up-to-date symlink: /home/futill/dummy2_hand_eye_calibration_ws/install/include/easy_handeye2_msgs/easy_handeye2_msgs/srv/detail/select_target_pose__rosidl_typesupport_introspection_c.h
[0.722s] -- Up-to-date symlink: /home/futill/dummy2_hand_eye_calibration_ws/install/include/easy_handeye2_msgs/easy_handeye2_msgs/srv/detail/set_algorithm__rosidl_typesupport_introspection_c.h
[0.722s] -- Up-to-date symlink: /home/futill/dummy2_hand_eye_calibration_ws/install/include/easy_handeye2_msgs/easy_handeye2_msgs/srv/detail/take_sample__rosidl_typesupport_introspection_c.h
[0.723s] -- Up-to-date symlink: /home/futill/dummy2_hand_eye_calibration_ws/install/include/easy_handeye2_msgs/easy_handeye2_msgs/msg/detail/handeye_calibration__builder.hpp
[0.723s] -- Up-to-date symlink: /home/futill/dummy2_hand_eye_calibration_ws/install/include/easy_handeye2_msgs/easy_handeye2_msgs/msg/detail/handeye_calibration__struct.hpp
[0.723s] -- Up-to-date symlink: /home/futill/dummy2_hand_eye_calibration_ws/install/include/easy_handeye2_msgs/easy_handeye2_msgs/msg/detail/handeye_calibration__traits.hpp
[0.723s] -- Up-to-date symlink: /home/futill/dummy2_hand_eye_calibration_ws/install/include/easy_handeye2_msgs/easy_handeye2_msgs/msg/detail/handeye_calibration__type_support.hpp
[0.724s] -- Up-to-date symlink: /home/futill/dummy2_hand_eye_calibration_ws/install/include/easy_handeye2_msgs/easy_handeye2_msgs/msg/detail/handeye_calibration_parameters__builder.hpp
[0.724s] -- Up-to-date symlink: /home/futill/dummy2_hand_eye_calibration_ws/install/include/easy_handeye2_msgs/easy_handeye2_msgs/msg/detail/handeye_calibration_parameters__struct.hpp
[0.724s] -- Up-to-date symlink: /home/futill/dummy2_hand_eye_calibration_ws/install/include/easy_handeye2_msgs/easy_handeye2_msgs/msg/detail/handeye_calibration_parameters__traits.hpp
[0.724s] -- Up-to-date symlink: /home/futill/dummy2_hand_eye_calibration_ws/install/include/easy_handeye2_msgs/easy_handeye2_msgs/msg/detail/handeye_calibration_parameters__type_support.hpp
[0.724s] -- Up-to-date symlink: /home/futill/dummy2_hand_eye_calibration_ws/install/include/easy_handeye2_msgs/easy_handeye2_msgs/msg/detail/sample__builder.hpp
[0.724s] -- Up-to-date symlink: /home/futill/dummy2_hand_eye_calibration_ws/install/include/easy_handeye2_msgs/easy_handeye2_msgs/msg/detail/sample__struct.hpp
[0.724s] -- Up-to-date symlink: /home/futill/dummy2_hand_eye_calibration_ws/install/include/easy_handeye2_msgs/easy_handeye2_msgs/msg/detail/sample__traits.hpp
[0.724s] -- Up-to-date symlink: /home/futill/dummy2_hand_eye_calibration_ws/install/include/easy_handeye2_msgs/easy_handeye2_msgs/msg/detail/sample__type_support.hpp
[0.724s] -- Up-to-date symlink: /home/futill/dummy2_hand_eye_calibration_ws/install/include/easy_handeye2_msgs/easy_handeye2_msgs/msg/detail/sample_list__builder.hpp
[0.724s] -- Up-to-date symlink: /home/futill/dummy2_hand_eye_calibration_ws/install/include/easy_handeye2_msgs/easy_handeye2_msgs/msg/detail/sample_list__struct.hpp
[0.724s] -- Up-to-date symlink: /home/futill/dummy2_hand_eye_calibration_ws/install/include/easy_handeye2_msgs/easy_handeye2_msgs/msg/detail/sample_list__traits.hpp
[0.725s] -- Up-to-date symlink: /home/futill/dummy2_hand_eye_calibration_ws/install/include/easy_handeye2_msgs/easy_handeye2_msgs/msg/detail/sample_list__type_support.hpp
[0.725s] -- Up-to-date symlink: /home/futill/dummy2_hand_eye_calibration_ws/install/include/easy_handeye2_msgs/easy_handeye2_msgs/msg/detail/target_pose_list__builder.hpp
[0.725s] -- Up-to-date symlink: /home/futill/dummy2_hand_eye_calibration_ws/install/include/easy_handeye2_msgs/easy_handeye2_msgs/msg/detail/target_pose_list__struct.hpp
[0.725s] -- Up-to-date symlink: /home/futill/dummy2_hand_eye_calibration_ws/install/include/easy_handeye2_msgs/easy_handeye2_msgs/msg/detail/target_pose_list__traits.hpp
[0.726s] -- Up-to-date symlink: /home/futill/dummy2_hand_eye_calibration_ws/install/include/easy_handeye2_msgs/easy_handeye2_msgs/msg/detail/target_pose_list__type_support.hpp
[0.726s] -- Up-to-date symlink: /home/futill/dummy2_hand_eye_calibration_ws/install/include/easy_handeye2_msgs/easy_handeye2_msgs/msg/handeye_calibration.hpp
[0.726s] -- Up-to-date symlink: /home/futill/dummy2_hand_eye_calibration_ws/install/include/easy_handeye2_msgs/easy_handeye2_msgs/msg/handeye_calibration_parameters.hpp
[0.726s] -- Up-to-date symlink: /home/futill/dummy2_hand_eye_calibration_ws/install/include/easy_handeye2_msgs/easy_handeye2_msgs/msg/rosidl_generator_cpp__visibility_control.hpp
[0.726s] -- Up-to-date symlink: /home/futill/dummy2_hand_eye_calibration_ws/install/include/easy_handeye2_msgs/easy_handeye2_msgs/msg/sample.hpp
[0.726s] -- Up-to-date symlink: /home/futill/dummy2_hand_eye_calibration_ws/install/include/easy_handeye2_msgs/easy_handeye2_msgs/msg/sample_list.hpp
[0.727s] -- Up-to-date symlink: /home/futill/dummy2_hand_eye_calibration_ws/install/include/easy_handeye2_msgs/easy_handeye2_msgs/msg/target_pose_list.hpp
[0.727s] -- Up-to-date symlink: /home/futill/dummy2_hand_eye_calibration_ws/install/include/easy_handeye2_msgs/easy_handeye2_msgs/srv/check_starting_pose.hpp
[0.727s] -- Up-to-date symlink: /home/futill/dummy2_hand_eye_calibration_ws/install/include/easy_handeye2_msgs/easy_handeye2_msgs/srv/compute_calibration.hpp
[0.727s] -- Up-to-date symlink: /home/futill/dummy2_hand_eye_calibration_ws/install/include/easy_handeye2_msgs/easy_handeye2_msgs/srv/detail/check_starting_pose__builder.hpp
[0.727s] -- Up-to-date symlink: /home/futill/dummy2_hand_eye_calibration_ws/install/include/easy_handeye2_msgs/easy_handeye2_msgs/srv/detail/check_starting_pose__struct.hpp
[0.727s] -- Up-to-date symlink: /home/futill/dummy2_hand_eye_calibration_ws/install/include/easy_handeye2_msgs/easy_handeye2_msgs/srv/detail/check_starting_pose__traits.hpp
[0.727s] -- Up-to-date symlink: /home/futill/dummy2_hand_eye_calibration_ws/install/include/easy_handeye2_msgs/easy_handeye2_msgs/srv/detail/check_starting_pose__type_support.hpp
[0.727s] -- Up-to-date symlink: /home/futill/dummy2_hand_eye_calibration_ws/install/include/easy_handeye2_msgs/easy_handeye2_msgs/srv/detail/compute_calibration__builder.hpp
[0.727s] -- Up-to-date symlink: /home/futill/dummy2_hand_eye_calibration_ws/install/include/easy_handeye2_msgs/easy_handeye2_msgs/srv/detail/compute_calibration__struct.hpp
[0.727s] -- Up-to-date symlink: /home/futill/dummy2_hand_eye_calibration_ws/install/include/easy_handeye2_msgs/easy_handeye2_msgs/srv/detail/compute_calibration__traits.hpp
[0.727s] -- Up-to-date symlink: /home/futill/dummy2_hand_eye_calibration_ws/install/include/easy_handeye2_msgs/easy_handeye2_msgs/srv/detail/compute_calibration__type_support.hpp
[0.727s] -- Up-to-date symlink: /home/futill/dummy2_hand_eye_calibration_ws/install/include/easy_handeye2_msgs/easy_handeye2_msgs/srv/detail/enumerate_target_poses__builder.hpp
[0.727s] -- Up-to-date symlink: /home/futill/dummy2_hand_eye_calibration_ws/install/include/easy_handeye2_msgs/easy_handeye2_msgs/srv/detail/enumerate_target_poses__struct.hpp
[0.728s] -- Up-to-date symlink: /home/futill/dummy2_hand_eye_calibration_ws/install/include/easy_handeye2_msgs/easy_handeye2_msgs/srv/detail/enumerate_target_poses__traits.hpp
[0.728s] -- Up-to-date symlink: /home/futill/dummy2_hand_eye_calibration_ws/install/include/easy_handeye2_msgs/easy_handeye2_msgs/srv/detail/enumerate_target_poses__type_support.hpp
[0.728s] -- Up-to-date symlink: /home/futill/dummy2_hand_eye_calibration_ws/install/include/easy_handeye2_msgs/easy_handeye2_msgs/srv/detail/execute_plan__builder.hpp
[0.728s] -- Up-to-date symlink: /home/futill/dummy2_hand_eye_calibration_ws/install/include/easy_handeye2_msgs/easy_handeye2_msgs/srv/detail/execute_plan__struct.hpp
[0.728s] -- Up-to-date symlink: /home/futill/dummy2_hand_eye_calibration_ws/install/include/easy_handeye2_msgs/easy_handeye2_msgs/srv/detail/execute_plan__traits.hpp
[0.728s] -- Up-to-date symlink: /home/futill/dummy2_hand_eye_calibration_ws/install/include/easy_handeye2_msgs/easy_handeye2_msgs/srv/detail/execute_plan__type_support.hpp
[0.728s] -- Up-to-date symlink: /home/futill/dummy2_hand_eye_calibration_ws/install/include/easy_handeye2_msgs/easy_handeye2_msgs/srv/detail/list_algorithms__builder.hpp
[0.728s] -- Up-to-date symlink: /home/futill/dummy2_hand_eye_calibration_ws/install/include/easy_handeye2_msgs/easy_handeye2_msgs/srv/detail/list_algorithms__struct.hpp
[0.728s] -- Up-to-date symlink: /home/futill/dummy2_hand_eye_calibration_ws/install/include/easy_handeye2_msgs/easy_handeye2_msgs/srv/detail/list_algorithms__traits.hpp
[0.728s] -- Up-to-date symlink: /home/futill/dummy2_hand_eye_calibration_ws/install/include/easy_handeye2_msgs/easy_handeye2_msgs/srv/detail/list_algorithms__type_support.hpp
[0.728s] -- Up-to-date symlink: /home/futill/dummy2_hand_eye_calibration_ws/install/include/easy_handeye2_msgs/easy_handeye2_msgs/srv/detail/load_samples__builder.hpp
[0.728s] -- Up-to-date symlink: /home/futill/dummy2_hand_eye_calibration_ws/install/include/easy_handeye2_msgs/easy_handeye2_msgs/srv/detail/load_samples__struct.hpp
[0.728s] -- Up-to-date symlink: /home/futill/dummy2_hand_eye_calibration_ws/install/include/easy_handeye2_msgs/easy_handeye2_msgs/srv/detail/load_samples__traits.hpp
[0.728s] -- Up-to-date symlink: /home/futill/dummy2_hand_eye_calibration_ws/install/include/easy_handeye2_msgs/easy_handeye2_msgs/srv/detail/load_samples__type_support.hpp
[0.728s] -- Up-to-date symlink: /home/futill/dummy2_hand_eye_calibration_ws/install/include/easy_handeye2_msgs/easy_handeye2_msgs/srv/detail/plan_to_selected_target_pose__builder.hpp
[0.729s] -- Up-to-date symlink: /home/futill/dummy2_hand_eye_calibration_ws/install/include/easy_handeye2_msgs/easy_handeye2_msgs/srv/detail/plan_to_selected_target_pose__struct.hpp
[0.729s] -- Up-to-date symlink: /home/futill/dummy2_hand_eye_calibration_ws/install/include/easy_handeye2_msgs/easy_handeye2_msgs/srv/detail/plan_to_selected_target_pose__traits.hpp
[0.729s] -- Up-to-date symlink: /home/futill/dummy2_hand_eye_calibration_ws/install/include/easy_handeye2_msgs/easy_handeye2_msgs/srv/detail/plan_to_selected_target_pose__type_support.hpp
[0.729s] -- Up-to-date symlink: /home/futill/dummy2_hand_eye_calibration_ws/install/include/easy_handeye2_msgs/easy_handeye2_msgs/srv/detail/remove_sample__builder.hpp
[0.729s] -- Up-to-date symlink: /home/futill/dummy2_hand_eye_calibration_ws/install/include/easy_handeye2_msgs/easy_handeye2_msgs/srv/detail/remove_sample__struct.hpp
[0.730s] -- Up-to-date symlink: /home/futill/dummy2_hand_eye_calibration_ws/install/include/easy_handeye2_msgs/easy_handeye2_msgs/srv/detail/remove_sample__traits.hpp
[0.730s] -- Up-to-date symlink: /home/futill/dummy2_hand_eye_calibration_ws/install/include/easy_handeye2_msgs/easy_handeye2_msgs/srv/detail/remove_sample__type_support.hpp
[0.730s] -- Up-to-date symlink: /home/futill/dummy2_hand_eye_calibration_ws/install/include/easy_handeye2_msgs/easy_handeye2_msgs/srv/detail/save_calibration__builder.hpp
[0.730s] -- Up-to-date symlink: /home/futill/dummy2_hand_eye_calibration_ws/install/include/easy_handeye2_msgs/easy_handeye2_msgs/srv/detail/save_calibration__struct.hpp
[0.730s] -- Up-to-date symlink: /home/futill/dummy2_hand_eye_calibration_ws/install/include/easy_handeye2_msgs/easy_handeye2_msgs/srv/detail/save_calibration__traits.hpp
[0.730s] -- Up-to-date symlink: /home/futill/dummy2_hand_eye_calibration_ws/install/include/easy_handeye2_msgs/easy_handeye2_msgs/srv/detail/save_calibration__type_support.hpp
[0.731s] -- Up-to-date symlink: /home/futill/dummy2_hand_eye_calibration_ws/install/include/easy_handeye2_msgs/easy_handeye2_msgs/srv/detail/save_samples__builder.hpp
[0.731s] -- Up-to-date symlink: /home/futill/dummy2_hand_eye_calibration_ws/install/include/easy_handeye2_msgs/easy_handeye2_msgs/srv/detail/save_samples__struct.hpp
[0.731s] -- Up-to-date symlink: /home/futill/dummy2_hand_eye_calibration_ws/install/include/easy_handeye2_msgs/easy_handeye2_msgs/srv/detail/save_samples__traits.hpp
[0.731s] -- Up-to-date symlink: /home/futill/dummy2_hand_eye_calibration_ws/install/include/easy_handeye2_msgs/easy_handeye2_msgs/srv/detail/save_samples__type_support.hpp
[0.731s] -- Up-to-date symlink: /home/futill/dummy2_hand_eye_calibration_ws/install/include/easy_handeye2_msgs/easy_handeye2_msgs/srv/detail/select_target_pose__builder.hpp
[0.731s] -- Up-to-date symlink: /home/futill/dummy2_hand_eye_calibration_ws/install/include/easy_handeye2_msgs/easy_handeye2_msgs/srv/detail/select_target_pose__struct.hpp
[0.731s] -- Up-to-date symlink: /home/futill/dummy2_hand_eye_calibration_ws/install/include/easy_handeye2_msgs/easy_handeye2_msgs/srv/detail/select_target_pose__traits.hpp
[0.731s] -- Up-to-date symlink: /home/futill/dummy2_hand_eye_calibration_ws/install/include/easy_handeye2_msgs/easy_handeye2_msgs/srv/detail/select_target_pose__type_support.hpp
[0.731s] -- Up-to-date symlink: /home/futill/dummy2_hand_eye_calibration_ws/install/include/easy_handeye2_msgs/easy_handeye2_msgs/srv/detail/set_algorithm__builder.hpp
[0.731s] -- Up-to-date symlink: /home/futill/dummy2_hand_eye_calibration_ws/install/include/easy_handeye2_msgs/easy_handeye2_msgs/srv/detail/set_algorithm__struct.hpp
[0.731s] -- Up-to-date symlink: /home/futill/dummy2_hand_eye_calibration_ws/install/include/easy_handeye2_msgs/easy_handeye2_msgs/srv/detail/set_algorithm__traits.hpp
[0.731s] -- Up-to-date symlink: /home/futill/dummy2_hand_eye_calibration_ws/install/include/easy_handeye2_msgs/easy_handeye2_msgs/srv/detail/set_algorithm__type_support.hpp
[0.731s] -- Up-to-date symlink: /home/futill/dummy2_hand_eye_calibration_ws/install/include/easy_handeye2_msgs/easy_handeye2_msgs/srv/detail/take_sample__builder.hpp
[0.731s] -- Up-to-date symlink: /home/futill/dummy2_hand_eye_calibration_ws/install/include/easy_handeye2_msgs/easy_handeye2_msgs/srv/detail/take_sample__struct.hpp
[0.731s] -- Up-to-date symlink: /home/futill/dummy2_hand_eye_calibration_ws/install/include/easy_handeye2_msgs/easy_handeye2_msgs/srv/detail/take_sample__traits.hpp
[0.732s] -- Up-to-date symlink: /home/futill/dummy2_hand_eye_calibration_ws/install/include/easy_handeye2_msgs/easy_handeye2_msgs/srv/detail/take_sample__type_support.hpp
[0.732s] -- Up-to-date symlink: /home/futill/dummy2_hand_eye_calibration_ws/install/include/easy_handeye2_msgs/easy_handeye2_msgs/srv/enumerate_target_poses.hpp
[0.732s] -- Up-to-date symlink: /home/futill/dummy2_hand_eye_calibration_ws/install/include/easy_handeye2_msgs/easy_handeye2_msgs/srv/execute_plan.hpp
[0.732s] -- Up-to-date symlink: /home/futill/dummy2_hand_eye_calibration_ws/install/include/easy_handeye2_msgs/easy_handeye2_msgs/srv/list_algorithms.hpp
[0.732s] -- Up-to-date symlink: /home/futill/dummy2_hand_eye_calibration_ws/install/include/easy_handeye2_msgs/easy_handeye2_msgs/srv/load_samples.hpp
[0.732s] -- Up-to-date symlink: /home/futill/dummy2_hand_eye_calibration_ws/install/include/easy_handeye2_msgs/easy_handeye2_msgs/srv/plan_to_selected_target_pose.hpp
[0.732s] -- Up-to-date symlink: /home/futill/dummy2_hand_eye_calibration_ws/install/include/easy_handeye2_msgs/easy_handeye2_msgs/srv/remove_sample.hpp
[0.732s] -- Up-to-date symlink: /home/futill/dummy2_hand_eye_calibration_ws/install/include/easy_handeye2_msgs/easy_handeye2_msgs/srv/save_calibration.hpp
[0.732s] -- Up-to-date symlink: /home/futill/dummy2_hand_eye_calibration_ws/install/include/easy_handeye2_msgs/easy_handeye2_msgs/srv/save_samples.hpp
[0.733s] -- Up-to-date symlink: /home/futill/dummy2_hand_eye_calibration_ws/install/include/easy_handeye2_msgs/easy_handeye2_msgs/srv/select_target_pose.hpp
[0.733s] -- Up-to-date symlink: /home/futill/dummy2_hand_eye_calibration_ws/install/include/easy_handeye2_msgs/easy_handeye2_msgs/srv/set_algorithm.hpp
[0.733s] -- Up-to-date symlink: /home/futill/dummy2_hand_eye_calibration_ws/install/include/easy_handeye2_msgs/easy_handeye2_msgs/srv/take_sample.hpp
[0.733s] -- Up-to-date symlink: /home/futill/dummy2_hand_eye_calibration_ws/install/include/easy_handeye2_msgs/easy_handeye2_msgs/msg/detail/handeye_calibration__rosidl_typesupport_fastrtps_cpp.hpp
[0.733s] -- Up-to-date symlink: /home/futill/dummy2_hand_eye_calibration_ws/install/include/easy_handeye2_msgs/easy_handeye2_msgs/msg/detail/handeye_calibration_parameters__rosidl_typesupport_fastrtps_cpp.hpp
[0.733s] -- Up-to-date symlink: /home/futill/dummy2_hand_eye_calibration_ws/install/include/easy_handeye2_msgs/easy_handeye2_msgs/msg/detail/sample__rosidl_typesupport_fastrtps_cpp.hpp
[0.733s] -- Up-to-date symlink: /home/futill/dummy2_hand_eye_calibration_ws/install/include/easy_handeye2_msgs/easy_handeye2_msgs/msg/detail/sample_list__rosidl_typesupport_fastrtps_cpp.hpp
[0.734s] -- Up-to-date symlink: /home/futill/dummy2_hand_eye_calibration_ws/install/include/easy_handeye2_msgs/easy_handeye2_msgs/msg/detail/target_pose_list__rosidl_typesupport_fastrtps_cpp.hpp
[0.734s] -- Up-to-date symlink: /home/futill/dummy2_hand_eye_calibration_ws/install/include/easy_handeye2_msgs/easy_handeye2_msgs/msg/rosidl_typesupport_fastrtps_cpp__visibility_control.h
[0.734s] -- Up-to-date symlink: /home/futill/dummy2_hand_eye_calibration_ws/install/include/easy_handeye2_msgs/easy_handeye2_msgs/srv/detail/check_starting_pose__rosidl_typesupport_fastrtps_cpp.hpp
[0.734s] -- Up-to-date symlink: /home/futill/dummy2_hand_eye_calibration_ws/install/include/easy_handeye2_msgs/easy_handeye2_msgs/srv/detail/compute_calibration__rosidl_typesupport_fastrtps_cpp.hpp
[0.734s] -- Up-to-date symlink: /home/futill/dummy2_hand_eye_calibration_ws/install/include/easy_handeye2_msgs/easy_handeye2_msgs/srv/detail/enumerate_target_poses__rosidl_typesupport_fastrtps_cpp.hpp
[0.734s] -- Up-to-date symlink: /home/futill/dummy2_hand_eye_calibration_ws/install/include/easy_handeye2_msgs/easy_handeye2_msgs/srv/detail/execute_plan__rosidl_typesupport_fastrtps_cpp.hpp
[0.734s] -- Up-to-date symlink: /home/futill/dummy2_hand_eye_calibration_ws/install/include/easy_handeye2_msgs/easy_handeye2_msgs/srv/detail/list_algorithms__rosidl_typesupport_fastrtps_cpp.hpp
[0.734s] -- Up-to-date symlink: /home/futill/dummy2_hand_eye_calibration_ws/install/include/easy_handeye2_msgs/easy_handeye2_msgs/srv/detail/load_samples__rosidl_typesupport_fastrtps_cpp.hpp
[0.734s] -- Up-to-date symlink: /home/futill/dummy2_hand_eye_calibration_ws/install/include/easy_handeye2_msgs/easy_handeye2_msgs/srv/detail/plan_to_selected_target_pose__rosidl_typesupport_fastrtps_cpp.hpp
[0.734s] -- Up-to-date symlink: /home/futill/dummy2_hand_eye_calibration_ws/install/include/easy_handeye2_msgs/easy_handeye2_msgs/srv/detail/remove_sample__rosidl_typesupport_fastrtps_cpp.hpp
[0.734s] -- Up-to-date symlink: /home/futill/dummy2_hand_eye_calibration_ws/install/include/easy_handeye2_msgs/easy_handeye2_msgs/srv/detail/save_calibration__rosidl_typesupport_fastrtps_cpp.hpp
[0.734s] -- Up-to-date symlink: /home/futill/dummy2_hand_eye_calibration_ws/install/include/easy_handeye2_msgs/easy_handeye2_msgs/srv/detail/save_samples__rosidl_typesupport_fastrtps_cpp.hpp
[0.735s] -- Up-to-date symlink: /home/futill/dummy2_hand_eye_calibration_ws/install/include/easy_handeye2_msgs/easy_handeye2_msgs/srv/detail/select_target_pose__rosidl_typesupport_fastrtps_cpp.hpp
[0.735s] -- Up-to-date symlink: /home/futill/dummy2_hand_eye_calibration_ws/install/include/easy_handeye2_msgs/easy_handeye2_msgs/srv/detail/set_algorithm__rosidl_typesupport_fastrtps_cpp.hpp
[0.735s] -- Up-to-date symlink: /home/futill/dummy2_hand_eye_calibration_ws/install/include/easy_handeye2_msgs/easy_handeye2_msgs/srv/detail/take_sample__rosidl_typesupport_fastrtps_cpp.hpp
[0.735s] -- Up-to-date symlink: /home/futill/dummy2_hand_eye_calibration_ws/install/include/easy_handeye2_msgs/easy_handeye2_msgs/msg/detail/handeye_calibration__rosidl_typesupport_introspection_cpp.hpp
[0.735s] -- Up-to-date symlink: /home/futill/dummy2_hand_eye_calibration_ws/install/include/easy_handeye2_msgs/easy_handeye2_msgs/msg/detail/handeye_calibration_parameters__rosidl_typesupport_introspection_cpp.hpp
[0.735s] -- Up-to-date symlink: /home/futill/dummy2_hand_eye_calibration_ws/install/include/easy_handeye2_msgs/easy_handeye2_msgs/msg/detail/sample__rosidl_typesupport_introspection_cpp.hpp
[0.735s] -- Up-to-date symlink: /home/futill/dummy2_hand_eye_calibration_ws/install/include/easy_handeye2_msgs/easy_handeye2_msgs/msg/detail/sample_list__rosidl_typesupport_introspection_cpp.hpp
[0.735s] -- Up-to-date symlink: /home/futill/dummy2_hand_eye_calibration_ws/install/include/easy_handeye2_msgs/easy_handeye2_msgs/msg/detail/target_pose_list__rosidl_typesupport_introspection_cpp.hpp
[0.735s] -- Up-to-date symlink: /home/futill/dummy2_hand_eye_calibration_ws/install/include/easy_handeye2_msgs/easy_handeye2_msgs/srv/detail/check_starting_pose__rosidl_typesupport_introspection_cpp.hpp
[0.735s] -- Up-to-date symlink: /home/futill/dummy2_hand_eye_calibration_ws/install/include/easy_handeye2_msgs/easy_handeye2_msgs/srv/detail/compute_calibration__rosidl_typesupport_introspection_cpp.hpp
[0.735s] -- Up-to-date symlink: /home/futill/dummy2_hand_eye_calibration_ws/install/include/easy_handeye2_msgs/easy_handeye2_msgs/srv/detail/enumerate_target_poses__rosidl_typesupport_introspection_cpp.hpp
[0.735s] -- Up-to-date symlink: /home/futill/dummy2_hand_eye_calibration_ws/install/include/easy_handeye2_msgs/easy_handeye2_msgs/srv/detail/execute_plan__rosidl_typesupport_introspection_cpp.hpp
[0.735s] -- Up-to-date symlink: /home/futill/dummy2_hand_eye_calibration_ws/install/include/easy_handeye2_msgs/easy_handeye2_msgs/srv/detail/list_algorithms__rosidl_typesupport_introspection_cpp.hpp
[0.735s] -- Up-to-date symlink: /home/futill/dummy2_hand_eye_calibration_ws/install/include/easy_handeye2_msgs/easy_handeye2_msgs/srv/detail/load_samples__rosidl_typesupport_introspection_cpp.hpp
[0.735s] -- Up-to-date symlink: /home/futill/dummy2_hand_eye_calibration_ws/install/include/easy_handeye2_msgs/easy_handeye2_msgs/srv/detail/plan_to_selected_target_pose__rosidl_typesupport_introspection_cpp.hpp
[0.736s] -- Up-to-date symlink: /home/futill/dummy2_hand_eye_calibration_ws/install/include/easy_handeye2_msgs/easy_handeye2_msgs/srv/detail/remove_sample__rosidl_typesupport_introspection_cpp.hpp
[0.736s] -- Up-to-date symlink: /home/futill/dummy2_hand_eye_calibration_ws/install/include/easy_handeye2_msgs/easy_handeye2_msgs/srv/detail/save_calibration__rosidl_typesupport_introspection_cpp.hpp
[0.736s] -- Up-to-date symlink: /home/futill/dummy2_hand_eye_calibration_ws/install/include/easy_handeye2_msgs/easy_handeye2_msgs/srv/detail/save_samples__rosidl_typesupport_introspection_cpp.hpp
[0.736s] -- Up-to-date symlink: /home/futill/dummy2_hand_eye_calibration_ws/install/include/easy_handeye2_msgs/easy_handeye2_msgs/srv/detail/select_target_pose__rosidl_typesupport_introspection_cpp.hpp
[0.736s] -- Up-to-date symlink: /home/futill/dummy2_hand_eye_calibration_ws/install/include/easy_handeye2_msgs/easy_handeye2_msgs/srv/detail/set_algorithm__rosidl_typesupport_introspection_cpp.hpp
[0.736s] -- Up-to-date symlink: /home/futill/dummy2_hand_eye_calibration_ws/install/include/easy_handeye2_msgs/easy_handeye2_msgs/srv/detail/take_sample__rosidl_typesupport_introspection_cpp.hpp
[0.736s] -- Up-to-date symlink: /home/futill/dummy2_hand_eye_calibration_ws/install/share/easy_handeye2_msgs/environment/pythonpath.sh
[0.736s] -- Up-to-date symlink: /home/futill/dummy2_hand_eye_calibration_ws/install/share/easy_handeye2_msgs/environment/pythonpath.dsv
[0.736s] -- Up-to-date symlink: /home/futill/dummy2_hand_eye_calibration_ws/install/local/lib/python3.10/dist-packages/easy_handeye2_msgs-0.5.0-py3.10.egg-info/PKG-INFO
[0.736s] -- Up-to-date symlink: /home/futill/dummy2_hand_eye_calibration_ws/install/local/lib/python3.10/dist-packages/easy_handeye2_msgs-0.5.0-py3.10.egg-info/SOURCES.txt
[0.736s] -- Up-to-date symlink: /home/futill/dummy2_hand_eye_calibration_ws/install/local/lib/python3.10/dist-packages/easy_handeye2_msgs-0.5.0-py3.10.egg-info/dependency_links.txt
[0.740s] -- Up-to-date symlink: /home/futill/dummy2_hand_eye_calibration_ws/install/local/lib/python3.10/dist-packages/easy_handeye2_msgs-0.5.0-py3.10.egg-info/top_level.txt
[0.740s] -- Up-to-date symlink: /home/futill/dummy2_hand_eye_calibration_ws/install/local/lib/python3.10/dist-packages/easy_handeye2_msgs/__init__.py
[0.740s] -- Up-to-date symlink: /home/futill/dummy2_hand_eye_calibration_ws/install/local/lib/python3.10/dist-packages/easy_handeye2_msgs/_easy_handeye2_msgs_s.ep.rosidl_typesupport_c.c
[0.740s] -- Up-to-date symlink: /home/futill/dummy2_hand_eye_calibration_ws/install/local/lib/python3.10/dist-packages/easy_handeye2_msgs/_easy_handeye2_msgs_s.ep.rosidl_typesupport_fastrtps_c.c
[0.741s] -- Up-to-date symlink: /home/futill/dummy2_hand_eye_calibration_ws/install/local/lib/python3.10/dist-packages/easy_handeye2_msgs/_easy_handeye2_msgs_s.ep.rosidl_typesupport_introspection_c.c
[0.741s] -- Up-to-date symlink: /home/futill/dummy2_hand_eye_calibration_ws/install/local/lib/python3.10/dist-packages/easy_handeye2_msgs/easy_handeye2_msgs_s__rosidl_typesupport_c.cpython-310-x86_64-linux-gnu.so
[0.741s] -- Up-to-date symlink: /home/futill/dummy2_hand_eye_calibration_ws/install/local/lib/python3.10/dist-packages/easy_handeye2_msgs/easy_handeye2_msgs_s__rosidl_typesupport_fastrtps_c.cpython-310-x86_64-linux-gnu.so
[0.741s] -- Up-to-date symlink: /home/futill/dummy2_hand_eye_calibration_ws/install/local/lib/python3.10/dist-packages/easy_handeye2_msgs/easy_handeye2_msgs_s__rosidl_typesupport_introspection_c.cpython-310-x86_64-linux-gnu.so
[0.741s] -- Up-to-date symlink: /home/futill/dummy2_hand_eye_calibration_ws/install/local/lib/python3.10/dist-packages/easy_handeye2_msgs/libeasy_handeye2_msgs__rosidl_generator_py.so
[0.742s] -- Up-to-date symlink: /home/futill/dummy2_hand_eye_calibration_ws/install/local/lib/python3.10/dist-packages/easy_handeye2_msgs/msg/__init__.py
[0.742s] -- Up-to-date symlink: /home/futill/dummy2_hand_eye_calibration_ws/install/local/lib/python3.10/dist-packages/easy_handeye2_msgs/msg/_handeye_calibration.py
[0.742s] -- Up-to-date symlink: /home/futill/dummy2_hand_eye_calibration_ws/install/local/lib/python3.10/dist-packages/easy_handeye2_msgs/msg/_handeye_calibration_parameters.py
[0.742s] -- Up-to-date symlink: /home/futill/dummy2_hand_eye_calibration_ws/install/local/lib/python3.10/dist-packages/easy_handeye2_msgs/msg/_handeye_calibration_parameters_s.c
[0.742s] -- Up-to-date symlink: /home/futill/dummy2_hand_eye_calibration_ws/install/local/lib/python3.10/dist-packages/easy_handeye2_msgs/msg/_handeye_calibration_s.c
[0.742s] -- Up-to-date symlink: /home/futill/dummy2_hand_eye_calibration_ws/install/local/lib/python3.10/dist-packages/easy_handeye2_msgs/msg/_sample.py
[0.745s] -- Up-to-date symlink: /home/futill/dummy2_hand_eye_calibration_ws/install/local/lib/python3.10/dist-packages/easy_handeye2_msgs/msg/_sample_list.py
[0.746s] -- Up-to-date symlink: /home/futill/dummy2_hand_eye_calibration_ws/install/local/lib/python3.10/dist-packages/easy_handeye2_msgs/msg/_sample_list_s.c
[0.746s] -- Up-to-date symlink: /home/futill/dummy2_hand_eye_calibration_ws/install/local/lib/python3.10/dist-packages/easy_handeye2_msgs/msg/_sample_s.c
[0.746s] -- Up-to-date symlink: /home/futill/dummy2_hand_eye_calibration_ws/install/local/lib/python3.10/dist-packages/easy_handeye2_msgs/msg/_target_pose_list.py
[0.746s] -- Up-to-date symlink: /home/futill/dummy2_hand_eye_calibration_ws/install/local/lib/python3.10/dist-packages/easy_handeye2_msgs/msg/_target_pose_list_s.c
[0.746s] -- Up-to-date symlink: /home/futill/dummy2_hand_eye_calibration_ws/install/local/lib/python3.10/dist-packages/easy_handeye2_msgs/srv/__init__.py
[0.746s] -- Up-to-date symlink: /home/futill/dummy2_hand_eye_calibration_ws/install/local/lib/python3.10/dist-packages/easy_handeye2_msgs/srv/_check_starting_pose.py
[0.746s] -- Up-to-date symlink: /home/futill/dummy2_hand_eye_calibration_ws/install/local/lib/python3.10/dist-packages/easy_handeye2_msgs/srv/_check_starting_pose_s.c
[0.747s] -- Up-to-date symlink: /home/futill/dummy2_hand_eye_calibration_ws/install/local/lib/python3.10/dist-packages/easy_handeye2_msgs/srv/_compute_calibration.py
[0.747s] -- Up-to-date symlink: /home/futill/dummy2_hand_eye_calibration_ws/install/local/lib/python3.10/dist-packages/easy_handeye2_msgs/srv/_compute_calibration_s.c
[0.747s] -- Up-to-date symlink: /home/futill/dummy2_hand_eye_calibration_ws/install/local/lib/python3.10/dist-packages/easy_handeye2_msgs/srv/_enumerate_target_poses.py
[0.747s] -- Up-to-date symlink: /home/futill/dummy2_hand_eye_calibration_ws/install/local/lib/python3.10/dist-packages/easy_handeye2_msgs/srv/_enumerate_target_poses_s.c
[0.747s] -- Up-to-date symlink: /home/futill/dummy2_hand_eye_calibration_ws/install/local/lib/python3.10/dist-packages/easy_handeye2_msgs/srv/_execute_plan.py
[0.747s] -- Up-to-date symlink: /home/futill/dummy2_hand_eye_calibration_ws/install/local/lib/python3.10/dist-packages/easy_handeye2_msgs/srv/_execute_plan_s.c
[0.747s] -- Up-to-date symlink: /home/futill/dummy2_hand_eye_calibration_ws/install/local/lib/python3.10/dist-packages/easy_handeye2_msgs/srv/_list_algorithms.py
[0.747s] -- Up-to-date symlink: /home/futill/dummy2_hand_eye_calibration_ws/install/local/lib/python3.10/dist-packages/easy_handeye2_msgs/srv/_list_algorithms_s.c
[0.748s] -- Up-to-date symlink: /home/futill/dummy2_hand_eye_calibration_ws/install/local/lib/python3.10/dist-packages/easy_handeye2_msgs/srv/_load_samples.py
[0.748s] -- Up-to-date symlink: /home/futill/dummy2_hand_eye_calibration_ws/install/local/lib/python3.10/dist-packages/easy_handeye2_msgs/srv/_load_samples_s.c
[0.748s] -- Up-to-date symlink: /home/futill/dummy2_hand_eye_calibration_ws/install/local/lib/python3.10/dist-packages/easy_handeye2_msgs/srv/_plan_to_selected_target_pose.py
[0.748s] -- Up-to-date symlink: /home/futill/dummy2_hand_eye_calibration_ws/install/local/lib/python3.10/dist-packages/easy_handeye2_msgs/srv/_plan_to_selected_target_pose_s.c
[0.748s] -- Up-to-date symlink: /home/futill/dummy2_hand_eye_calibration_ws/install/local/lib/python3.10/dist-packages/easy_handeye2_msgs/srv/_remove_sample.py
[0.748s] -- Up-to-date symlink: /home/futill/dummy2_hand_eye_calibration_ws/install/local/lib/python3.10/dist-packages/easy_handeye2_msgs/srv/_remove_sample_s.c
[0.748s] -- Up-to-date symlink: /home/futill/dummy2_hand_eye_calibration_ws/install/local/lib/python3.10/dist-packages/easy_handeye2_msgs/srv/_save_calibration.py
[0.748s] -- Up-to-date symlink: /home/futill/dummy2_hand_eye_calibration_ws/install/local/lib/python3.10/dist-packages/easy_handeye2_msgs/srv/_save_calibration_s.c
[0.748s] -- Up-to-date symlink: /home/futill/dummy2_hand_eye_calibration_ws/install/local/lib/python3.10/dist-packages/easy_handeye2_msgs/srv/_save_samples.py
[0.748s] -- Up-to-date symlink: /home/futill/dummy2_hand_eye_calibration_ws/install/local/lib/python3.10/dist-packages/easy_handeye2_msgs/srv/_save_samples_s.c
[0.748s] -- Up-to-date symlink: /home/futill/dummy2_hand_eye_calibration_ws/install/local/lib/python3.10/dist-packages/easy_handeye2_msgs/srv/_select_target_pose.py
[0.748s] -- Up-to-date symlink: /home/futill/dummy2_hand_eye_calibration_ws/install/local/lib/python3.10/dist-packages/easy_handeye2_msgs/srv/_select_target_pose_s.c
[0.748s] -- Up-to-date symlink: /home/futill/dummy2_hand_eye_calibration_ws/install/local/lib/python3.10/dist-packages/easy_handeye2_msgs/srv/_set_algorithm.py
[0.748s] -- Up-to-date symlink: /home/futill/dummy2_hand_eye_calibration_ws/install/local/lib/python3.10/dist-packages/easy_handeye2_msgs/srv/_set_algorithm_s.c
[0.748s] -- Up-to-date symlink: /home/futill/dummy2_hand_eye_calibration_ws/install/local/lib/python3.10/dist-packages/easy_handeye2_msgs/srv/_take_sample.py
[0.748s] -- Up-to-date symlink: /home/futill/dummy2_hand_eye_calibration_ws/install/local/lib/python3.10/dist-packages/easy_handeye2_msgs/srv/_take_sample_s.c
[0.748s] -- Up-to-date symlink: /home/futill/dummy2_hand_eye_calibration_ws/install/local/lib/python3.10/dist-packages/easy_handeye2_msgs/easy_handeye2_msgs_s__rosidl_typesupport_fastrtps_c.cpython-310-x86_64-linux-gnu.so
[0.748s] -- Up-to-date symlink: /home/futill/dummy2_hand_eye_calibration_ws/install/local/lib/python3.10/dist-packages/easy_handeye2_msgs/easy_handeye2_msgs_s__rosidl_typesupport_introspection_c.cpython-310-x86_64-linux-gnu.so
[0.748s] -- Up-to-date symlink: /home/futill/dummy2_hand_eye_calibration_ws/install/local/lib/python3.10/dist-packages/easy_handeye2_msgs/easy_handeye2_msgs_s__rosidl_typesupport_c.cpython-310-x86_64-linux-gnu.so
[0.748s] -- Up-to-date symlink: /home/futill/dummy2_hand_eye_calibration_ws/install/share/easy_handeye2_msgs/msg/HandeyeCalibration.idl
[0.749s] -- Up-to-date symlink: /home/futill/dummy2_hand_eye_calibration_ws/install/share/easy_handeye2_msgs/msg/HandeyeCalibrationParameters.idl
[0.749s] -- Up-to-date symlink: /home/futill/dummy2_hand_eye_calibration_ws/install/share/easy_handeye2_msgs/msg/Sample.idl
[0.749s] -- Up-to-date symlink: /home/futill/dummy2_hand_eye_calibration_ws/install/share/easy_handeye2_msgs/msg/SampleList.idl
[0.749s] -- Up-to-date symlink: /home/futill/dummy2_hand_eye_calibration_ws/install/share/easy_handeye2_msgs/msg/TargetPoseList.idl
[0.749s] -- Up-to-date symlink: /home/futill/dummy2_hand_eye_calibration_ws/install/share/easy_handeye2_msgs/srv/ListAlgorithms.idl
[0.749s] -- Up-to-date symlink: /home/futill/dummy2_hand_eye_calibration_ws/install/share/easy_handeye2_msgs/srv/SetAlgorithm.idl
[0.749s] -- Up-to-date symlink: /home/futill/dummy2_hand_eye_calibration_ws/install/share/easy_handeye2_msgs/srv/ComputeCalibration.idl
[0.749s] -- Up-to-date symlink: /home/futill/dummy2_hand_eye_calibration_ws/install/share/easy_handeye2_msgs/srv/SaveCalibration.idl
[0.749s] -- Up-to-date symlink: /home/futill/dummy2_hand_eye_calibration_ws/install/share/easy_handeye2_msgs/srv/RemoveSample.idl
[0.749s] -- Up-to-date symlink: /home/futill/dummy2_hand_eye_calibration_ws/install/share/easy_handeye2_msgs/srv/TakeSample.idl
[0.749s] -- Up-to-date symlink: /home/futill/dummy2_hand_eye_calibration_ws/install/share/easy_handeye2_msgs/srv/SaveSamples.idl
[0.749s] -- Up-to-date symlink: /home/futill/dummy2_hand_eye_calibration_ws/install/share/easy_handeye2_msgs/srv/LoadSamples.idl
[0.749s] -- Up-to-date symlink: /home/futill/dummy2_hand_eye_calibration_ws/install/share/easy_handeye2_msgs/srv/CheckStartingPose.idl
[0.749s] -- Up-to-date symlink: /home/futill/dummy2_hand_eye_calibration_ws/install/share/easy_handeye2_msgs/srv/EnumerateTargetPoses.idl
[0.749s] -- Up-to-date symlink: /home/futill/dummy2_hand_eye_calibration_ws/install/share/easy_handeye2_msgs/srv/SelectTargetPose.idl
[0.749s] -- Up-to-date symlink: /home/futill/dummy2_hand_eye_calibration_ws/install/share/easy_handeye2_msgs/srv/PlanToSelectedTargetPose.idl
[0.749s] -- Up-to-date symlink: /home/futill/dummy2_hand_eye_calibration_ws/install/share/easy_handeye2_msgs/srv/ExecutePlan.idl
[0.751s] -- Up-to-date symlink: /home/futill/dummy2_hand_eye_calibration_ws/install/share/easy_handeye2_msgs/msg/HandeyeCalibration.msg
[0.752s] -- Up-to-date symlink: /home/futill/dummy2_hand_eye_calibration_ws/install/share/easy_handeye2_msgs/msg/HandeyeCalibrationParameters.msg
[0.752s] -- Up-to-date symlink: /home/futill/dummy2_hand_eye_calibration_ws/install/share/easy_handeye2_msgs/msg/Sample.msg
[0.752s] -- Up-to-date symlink: /home/futill/dummy2_hand_eye_calibration_ws/install/share/easy_handeye2_msgs/msg/SampleList.msg
[0.752s] -- Up-to-date symlink: /home/futill/dummy2_hand_eye_calibration_ws/install/share/easy_handeye2_msgs/msg/TargetPoseList.msg
[0.752s] -- Up-to-date symlink: /home/futill/dummy2_hand_eye_calibration_ws/install/share/easy_handeye2_msgs/calibration/ListAlgorithms.srv
[0.752s] -- Up-to-date symlink: /home/futill/dummy2_hand_eye_calibration_ws/install/share/easy_handeye2_msgs/calibration/ListAlgorithms_Request.msg
[0.752s] -- Up-to-date symlink: /home/futill/dummy2_hand_eye_calibration_ws/install/share/easy_handeye2_msgs/calibration/ListAlgorithms_Response.msg
[0.752s] -- Up-to-date symlink: /home/futill/dummy2_hand_eye_calibration_ws/install/share/easy_handeye2_msgs/calibration/SetAlgorithm.srv
[0.753s] -- Up-to-date symlink: /home/futill/dummy2_hand_eye_calibration_ws/install/share/easy_handeye2_msgs/calibration/SetAlgorithm_Request.msg
[0.754s] -- Up-to-date symlink: /home/futill/dummy2_hand_eye_calibration_ws/install/share/easy_handeye2_msgs/calibration/SetAlgorithm_Response.msg
[0.754s] -- Up-to-date symlink: /home/futill/dummy2_hand_eye_calibration_ws/install/share/easy_handeye2_msgs/calibration/ComputeCalibration.srv
[0.754s] -- Up-to-date symlink: /home/futill/dummy2_hand_eye_calibration_ws/install/share/easy_handeye2_msgs/calibration/ComputeCalibration_Request.msg
[0.754s] -- Up-to-date symlink: /home/futill/dummy2_hand_eye_calibration_ws/install/share/easy_handeye2_msgs/calibration/ComputeCalibration_Response.msg
[0.754s] -- Up-to-date symlink: /home/futill/dummy2_hand_eye_calibration_ws/install/share/easy_handeye2_msgs/calibration/SaveCalibration.srv
[0.754s] -- Up-to-date symlink: /home/futill/dummy2_hand_eye_calibration_ws/install/share/easy_handeye2_msgs/calibration/SaveCalibration_Request.msg
[0.756s] -- Up-to-date symlink: /home/futill/dummy2_hand_eye_calibration_ws/install/share/easy_handeye2_msgs/calibration/SaveCalibration_Response.msg
[0.756s] -- Up-to-date symlink: /home/futill/dummy2_hand_eye_calibration_ws/install/share/easy_handeye2_msgs/calibration/RemoveSample.srv
[0.756s] -- Up-to-date symlink: /home/futill/dummy2_hand_eye_calibration_ws/install/share/easy_handeye2_msgs/calibration/RemoveSample_Request.msg
[0.756s] -- Up-to-date symlink: /home/futill/dummy2_hand_eye_calibration_ws/install/share/easy_handeye2_msgs/calibration/RemoveSample_Response.msg
[0.756s] -- Up-to-date symlink: /home/futill/dummy2_hand_eye_calibration_ws/install/share/easy_handeye2_msgs/calibration/TakeSample.srv
[0.756s] -- Up-to-date symlink: /home/futill/dummy2_hand_eye_calibration_ws/install/share/easy_handeye2_msgs/calibration/TakeSample_Request.msg
[0.756s] -- Up-to-date symlink: /home/futill/dummy2_hand_eye_calibration_ws/install/share/easy_handeye2_msgs/calibration/TakeSample_Response.msg
[0.757s] -- Up-to-date symlink: /home/futill/dummy2_hand_eye_calibration_ws/install/share/easy_handeye2_msgs/calibration/SaveSamples.srv
[0.757s] -- Up-to-date symlink: /home/futill/dummy2_hand_eye_calibration_ws/install/share/easy_handeye2_msgs/calibration/SaveSamples_Request.msg
[0.757s] -- Up-to-date symlink: /home/futill/dummy2_hand_eye_calibration_ws/install/share/easy_handeye2_msgs/calibration/SaveSamples_Response.msg
[0.757s] -- Up-to-date symlink: /home/futill/dummy2_hand_eye_calibration_ws/install/share/easy_handeye2_msgs/calibration/LoadSamples.srv
[0.757s] -- Up-to-date symlink: /home/futill/dummy2_hand_eye_calibration_ws/install/share/easy_handeye2_msgs/calibration/LoadSamples_Request.msg
[0.757s] -- Up-to-date symlink: /home/futill/dummy2_hand_eye_calibration_ws/install/share/easy_handeye2_msgs/calibration/LoadSamples_Response.msg
[0.757s] -- Up-to-date symlink: /home/futill/dummy2_hand_eye_calibration_ws/install/share/easy_handeye2_msgs/robot_movements/CheckStartingPose.srv
[0.757s] -- Up-to-date symlink: /home/futill/dummy2_hand_eye_calibration_ws/install/share/easy_handeye2_msgs/robot_movements/CheckStartingPose_Request.msg
[0.757s] -- Up-to-date symlink: /home/futill/dummy2_hand_eye_calibration_ws/install/share/easy_handeye2_msgs/robot_movements/CheckStartingPose_Response.msg
[0.757s] -- Up-to-date symlink: /home/futill/dummy2_hand_eye_calibration_ws/install/share/easy_handeye2_msgs/robot_movements/EnumerateTargetPoses.srv
[0.757s] -- Up-to-date symlink: /home/futill/dummy2_hand_eye_calibration_ws/install/share/easy_handeye2_msgs/robot_movements/EnumerateTargetPoses_Request.msg
[0.757s] -- Up-to-date symlink: /home/futill/dummy2_hand_eye_calibration_ws/install/share/easy_handeye2_msgs/robot_movements/EnumerateTargetPoses_Response.msg
[0.757s] -- Up-to-date symlink: /home/futill/dummy2_hand_eye_calibration_ws/install/share/easy_handeye2_msgs/robot_movements/SelectTargetPose.srv
[0.758s] -- Up-to-date symlink: /home/futill/dummy2_hand_eye_calibration_ws/install/share/easy_handeye2_msgs/robot_movements/SelectTargetPose_Request.msg
[0.758s] -- Up-to-date symlink: /home/futill/dummy2_hand_eye_calibration_ws/install/share/easy_handeye2_msgs/robot_movements/SelectTargetPose_Response.msg
[0.758s] -- Up-to-date symlink: /home/futill/dummy2_hand_eye_calibration_ws/install/share/easy_handeye2_msgs/robot_movements/PlanToSelectedTargetPose.srv
[0.758s] -- Up-to-date symlink: /home/futill/dummy2_hand_eye_calibration_ws/install/share/easy_handeye2_msgs/robot_movements/PlanToSelectedTargetPose_Request.msg
[0.758s] -- Up-to-date symlink: /home/futill/dummy2_hand_eye_calibration_ws/install/share/easy_handeye2_msgs/robot_movements/PlanToSelectedTargetPose_Response.msg
[0.758s] -- Up-to-date symlink: /home/futill/dummy2_hand_eye_calibration_ws/install/share/easy_handeye2_msgs/robot_movements/ExecutePlan.srv
[0.758s] -- Up-to-date symlink: /home/futill/dummy2_hand_eye_calibration_ws/install/share/easy_handeye2_msgs/robot_movements/ExecutePlan_Request.msg
[0.758s] -- Up-to-date symlink: /home/futill/dummy2_hand_eye_calibration_ws/install/share/easy_handeye2_msgs/robot_movements/ExecutePlan_Response.msg
[0.758s] -- Up-to-date symlink: /home/futill/dummy2_hand_eye_calibration_ws/install/share/ament_index/resource_index/package_run_dependencies/easy_handeye2_msgs
[0.758s] -- Up-to-date symlink: /home/futill/dummy2_hand_eye_calibration_ws/install/share/ament_index/resource_index/parent_prefix_path/easy_handeye2_msgs
[0.758s] -- Up-to-date symlink: /home/futill/dummy2_hand_eye_calibration_ws/install/share/easy_handeye2_msgs/environment/ament_prefix_path.sh
[0.758s] -- Up-to-date symlink: /home/futill/dummy2_hand_eye_calibration_ws/install/share/easy_handeye2_msgs/environment/ament_prefix_path.dsv
[0.758s] -- Up-to-date symlink: /home/futill/dummy2_hand_eye_calibration_ws/install/share/easy_handeye2_msgs/environment/path.sh
[0.758s] -- Up-to-date symlink: /home/futill/dummy2_hand_eye_calibration_ws/install/share/easy_handeye2_msgs/environment/path.dsv
[0.759s] -- Up-to-date symlink: /home/futill/dummy2_hand_eye_calibration_ws/install/share/easy_handeye2_msgs/local_setup.bash
[0.759s] -- Up-to-date symlink: /home/futill/dummy2_hand_eye_calibration_ws/install/share/easy_handeye2_msgs/local_setup.sh
[0.759s] -- Up-to-date symlink: /home/futill/dummy2_hand_eye_calibration_ws/install/share/easy_handeye2_msgs/local_setup.zsh
[0.759s] -- Up-to-date symlink: /home/futill/dummy2_hand_eye_calibration_ws/install/share/easy_handeye2_msgs/local_setup.dsv
[0.759s] -- Symlinking: /home/futill/dummy2_hand_eye_calibration_ws/install/share/easy_handeye2_msgs/package.dsv
[0.794s] -- Up-to-date symlink: /home/futill/dummy2_hand_eye_calibration_ws/install/share/ament_index/resource_index/packages/easy_handeye2_msgs
[0.814s] -- Up-to-date symlink: /home/futill/dummy2_hand_eye_calibration_ws/install/share/easy_handeye2_msgs/cmake/rosidl_cmake-extras.cmake
[0.815s] -- Up-to-date symlink: /home/futill/dummy2_hand_eye_calibration_ws/install/share/easy_handeye2_msgs/cmake/ament_cmake_export_dependencies-extras.cmake
[0.815s] -- Up-to-date symlink: /home/futill/dummy2_hand_eye_calibration_ws/install/share/easy_handeye2_msgs/cmake/ament_cmake_export_include_directories-extras.cmake
[0.815s] -- Up-to-date symlink: /home/futill/dummy2_hand_eye_calibration_ws/install/share/easy_handeye2_msgs/cmake/ament_cmake_export_libraries-extras.cmake
[0.815s] -- Up-to-date symlink: /home/futill/dummy2_hand_eye_calibration_ws/install/share/easy_handeye2_msgs/cmake/ament_cmake_export_targets-extras.cmake
[0.816s] -- Up-to-date symlink: /home/futill/dummy2_hand_eye_calibration_ws/install/share/easy_handeye2_msgs/cmake/rosidl_cmake_export_typesupport_targets-extras.cmake
[0.816s] -- Up-to-date symlink: /home/futill/dummy2_hand_eye_calibration_ws/install/share/easy_handeye2_msgs/cmake/rosidl_cmake_export_typesupport_libraries-extras.cmake
[0.816s] -- Up-to-date symlink: /home/futill/dummy2_hand_eye_calibration_ws/install/share/easy_handeye2_msgs/cmake/easy_handeye2_msgsConfig.cmake
[0.816s] -- Up-to-date symlink: /home/futill/dummy2_hand_eye_calibration_ws/install/share/easy_handeye2_msgs/cmake/easy_handeye2_msgsConfig-version.cmake
[0.816s] -- Up-to-date symlink: /home/futill/dummy2_hand_eye_calibration_ws/install/share/easy_handeye2_msgs/package.xml
[0.816s] -- Up-to-date: /home/futill/dummy2_hand_eye_calibration_ws/install/lib/libeasy_handeye2_msgs__rosidl_generator_c.so
[0.816s] -- Up-to-date: /home/futill/dummy2_hand_eye_calibration_ws/install/lib/libeasy_handeye2_msgs__rosidl_typesupport_fastrtps_c.so
[0.816s] -- Up-to-date: /home/futill/dummy2_hand_eye_calibration_ws/install/lib/libeasy_handeye2_msgs__rosidl_typesupport_introspection_c.so
[0.816s] -- Up-to-date: /home/futill/dummy2_hand_eye_calibration_ws/install/lib/libeasy_handeye2_msgs__rosidl_typesupport_c.so
[0.816s] -- Up-to-date: /home/futill/dummy2_hand_eye_calibration_ws/install/lib/libeasy_handeye2_msgs__rosidl_typesupport_fastrtps_cpp.so
[0.816s] -- Up-to-date: /home/futill/dummy2_hand_eye_calibration_ws/install/lib/libeasy_handeye2_msgs__rosidl_typesupport_introspection_cpp.so
[0.817s] -- Up-to-date: /home/futill/dummy2_hand_eye_calibration_ws/install/lib/libeasy_handeye2_msgs__rosidl_typesupport_cpp.so
[0.915s] Listing '/home/futill/dummy2_hand_eye_calibration_ws/install/local/lib/python3.10/dist-packages/easy_handeye2_msgs'...
[0.916s] Listing '/home/futill/dummy2_hand_eye_calibration_ws/install/local/lib/python3.10/dist-packages/easy_handeye2_msgs/msg'...
[0.916s] Listing '/home/futill/dummy2_hand_eye_calibration_ws/install/local/lib/python3.10/dist-packages/easy_handeye2_msgs/srv'...
[0.966s] -- Up-to-date: /home/futill/dummy2_hand_eye_calibration_ws/install/lib/libeasy_handeye2_msgs__rosidl_generator_py.so
[0.966s] -- Up-to-date: /home/futill/dummy2_hand_eye_calibration_ws/install/share/easy_handeye2_msgs/cmake/export_easy_handeye2_msgs__rosidl_generator_cExport.cmake
[0.968s] -- Up-to-date: /home/futill/dummy2_hand_eye_calibration_ws/install/share/easy_handeye2_msgs/cmake/export_easy_handeye2_msgs__rosidl_generator_cExport-release.cmake
[0.969s] -- Up-to-date: /home/futill/dummy2_hand_eye_calibration_ws/install/share/easy_handeye2_msgs/cmake/export_easy_handeye2_msgs__rosidl_typesupport_fastrtps_cExport.cmake
[0.969s] -- Up-to-date: /home/futill/dummy2_hand_eye_calibration_ws/install/share/easy_handeye2_msgs/cmake/export_easy_handeye2_msgs__rosidl_typesupport_fastrtps_cExport-release.cmake
[0.969s] -- Up-to-date: /home/futill/dummy2_hand_eye_calibration_ws/install/share/easy_handeye2_msgs/cmake/easy_handeye2_msgs__rosidl_typesupport_introspection_cExport.cmake
[0.969s] -- Up-to-date: /home/futill/dummy2_hand_eye_calibration_ws/install/share/easy_handeye2_msgs/cmake/easy_handeye2_msgs__rosidl_typesupport_introspection_cExport-release.cmake
[0.969s] -- Up-to-date: /home/futill/dummy2_hand_eye_calibration_ws/install/share/easy_handeye2_msgs/cmake/easy_handeye2_msgs__rosidl_typesupport_cExport.cmake
[0.970s] -- Up-to-date: /home/futill/dummy2_hand_eye_calibration_ws/install/share/easy_handeye2_msgs/cmake/easy_handeye2_msgs__rosidl_typesupport_cExport-release.cmake
[0.970s] -- Up-to-date: /home/futill/dummy2_hand_eye_calibration_ws/install/share/easy_handeye2_msgs/cmake/export_easy_handeye2_msgs__rosidl_generator_cppExport.cmake
[0.970s] -- Up-to-date: /home/futill/dummy2_hand_eye_calibration_ws/install/share/easy_handeye2_msgs/cmake/export_easy_handeye2_msgs__rosidl_typesupport_fastrtps_cppExport.cmake
[0.973s] -- Up-to-date: /home/futill/dummy2_hand_eye_calibration_ws/install/share/easy_handeye2_msgs/cmake/export_easy_handeye2_msgs__rosidl_typesupport_fastrtps_cppExport-release.cmake
[0.973s] -- Up-to-date: /home/futill/dummy2_hand_eye_calibration_ws/install/share/easy_handeye2_msgs/cmake/easy_handeye2_msgs__rosidl_typesupport_introspection_cppExport.cmake
[0.973s] -- Up-to-date: /home/futill/dummy2_hand_eye_calibration_ws/install/share/easy_handeye2_msgs/cmake/easy_handeye2_msgs__rosidl_typesupport_introspection_cppExport-release.cmake
[0.973s] -- Up-to-date: /home/futill/dummy2_hand_eye_calibration_ws/install/share/easy_handeye2_msgs/cmake/easy_handeye2_msgs__rosidl_typesupport_cppExport.cmake
[0.973s] -- Up-to-date: /home/futill/dummy2_hand_eye_calibration_ws/install/share/easy_handeye2_msgs/cmake/easy_handeye2_msgs__rosidl_typesupport_cppExport-release.cmake
[0.973s] -- Up-to-date: /home/futill/dummy2_hand_eye_calibration_ws/install/share/easy_handeye2_msgs/cmake/export_easy_handeye2_msgs__rosidl_generator_pyExport.cmake
[0.973s] -- Up-to-date: /home/futill/dummy2_hand_eye_calibration_ws/install/share/easy_handeye2_msgs/cmake/export_easy_handeye2_msgs__rosidl_generator_pyExport-release.cmake
[1.052s] Invoked command in '/home/futill/dummy2_hand_eye_calibration_ws/build/easy_handeye2_msgs' returned '0': CMAKE_PREFIX_PATH=${CMAKE_PREFIX_PATH}:/home/futill/targer_ws/install/my_robot_pkg:/opt/ros/humble /usr/bin/cmake --install /home/futill/dummy2_hand_eye_calibration_ws/build/easy_handeye2_msgs
