[0.275s] Invoking command in '/home/futill/dummy2_hand_eye_calibration_ws/build/orbbec_camera_msgs': CMAKE_PREFIX_PATH=/opt/ros/humble /usr/bin/cmake /home/futill/dummy2_hand_eye_calibration_ws/src/OrbbecSDK_ROS2/orbbec_camera_msgs -DCMAKE_BUILD_TYPE=Release -DAMENT_CMAKE_SYMLINK_INSTALL=1 -DCMAKE_INSTALL_PREFIX=/home/futill/dummy2_hand_eye_calibration_ws/install
[0.588s] -- The C compiler identification is GNU 11.4.0
[0.588s] -- The CXX compiler identification is GNU 11.4.0
[0.588s] -- Detecting C compiler ABI info
[0.588s] -- Detecting C compiler ABI info - done
[0.588s] -- Check for working C compiler: /usr/bin/cc - skipped
[0.588s] -- Detecting C compile features
[0.588s] -- Detecting C compile features - done
[0.588s] -- Detecting CXX compiler ABI info
[0.650s] -- Detecting CXX compiler ABI info - done
[0.656s] -- Check for working CXX compiler: /usr/bin/c++ - skipped
[0.656s] -- Detecting CXX compile features
[0.657s] -- Detecting CXX compile features - done
[0.660s] -- Found ament_cmake: 1.3.11 (/opt/ros/humble/share/ament_cmake/cmake)
[0.845s] -- Found Python3: /usr/bin/python3 (found version "3.10.12") found components: Interpreter 
[0.938s] -- Override CMake install command with custom implementation using symlinks instead of copying resources
[0.972s] -- Found rosidl_default_generators: 1.2.0 (/opt/ros/humble/share/rosidl_default_generators/cmake)
[0.980s] -- Using all available rosidl_typesupport_c: rosidl_typesupport_fastrtps_c;rosidl_typesupport_introspection_c
[0.983s] -- Found rosidl_adapter: 3.1.6 (/opt/ros/humble/share/rosidl_adapter/cmake)
[1.031s] -- Using all available rosidl_typesupport_cpp: rosidl_typesupport_fastrtps_cpp;rosidl_typesupport_introspection_cpp
[1.072s] -- Found sensor_msgs: 4.8.0 (/opt/ros/humble/share/sensor_msgs/cmake)
[1.731s] -- Found ament_cmake_ros: 0.10.0 (/opt/ros/humble/share/ament_cmake_ros/cmake)
[2.079s] -- Using all available rosidl_typesupport_c: rosidl_typesupport_fastrtps_c;rosidl_typesupport_introspection_c
[2.495s] -- Using all available rosidl_typesupport_cpp: rosidl_typesupport_fastrtps_cpp;rosidl_typesupport_introspection_cpp
[2.535s] -- Found PythonInterp: /usr/bin/python3 (found suitable version "3.10.12", minimum required is "3.6") 
[2.539s] -- Found python_cmake_module: 0.10.0 (/opt/ros/humble/share/python_cmake_module/cmake)
[2.578s] -- Found PythonLibs: /usr/lib/x86_64-linux-gnu/libpython3.10.so (found suitable version "3.10.12", minimum required is "3.5") 
[2.578s] -- Using PYTHON_EXECUTABLE: /usr/bin/python3
[2.578s] -- Using PYTHON_INCLUDE_DIRS: /usr/include/python3.10
[2.578s] -- Using PYTHON_LIBRARIES: /usr/lib/x86_64-linux-gnu/libpython3.10.so
[2.619s] -- Found PythonExtra: .so  
[2.762s] -- Found ament_lint_auto: 0.12.12 (/opt/ros/humble/share/ament_lint_auto/cmake)
[2.808s] -- Added test 'copyright' to check source files copyright and LICENSE
[2.817s] -- Added test 'lint_cmake' to check CMake code style
[2.820s] -- Added test 'xmllint' to check XML markup files
[2.831s] -- Configuring done
[2.939s] -- Generating done
[2.957s] -- Build files have been written to: /home/futill/dummy2_hand_eye_calibration_ws/build/orbbec_camera_msgs
[2.994s] Invoked command in '/home/futill/dummy2_hand_eye_calibration_ws/build/orbbec_camera_msgs' returned '0': CMAKE_PREFIX_PATH=/opt/ros/humble /usr/bin/cmake /home/futill/dummy2_hand_eye_calibration_ws/src/OrbbecSDK_ROS2/orbbec_camera_msgs -DCMAKE_BUILD_TYPE=Release -DAMENT_CMAKE_SYMLINK_INSTALL=1 -DCMAKE_INSTALL_PREFIX=/home/futill/dummy2_hand_eye_calibration_ws/install
[2.995s] Invoking command in '/home/futill/dummy2_hand_eye_calibration_ws/build/orbbec_camera_msgs': CMAKE_PREFIX_PATH=/opt/ros/humble /usr/bin/cmake --build /home/futill/dummy2_hand_eye_calibration_ws/build/orbbec_camera_msgs -- -j8 -l8
[3.056s] [  1%] [34m[1mGenerating C code for ROS interfaces[0m
[3.076s] [  1%] [34m[1mGenerating C++ code for ROS interfaces[0m
[3.091s] [  1%] Built target ament_cmake_python_symlink_orbbec_camera_msgs
[3.586s] running egg_info
[3.587s] creating orbbec_camera_msgs.egg-info
[3.593s] writing orbbec_camera_msgs.egg-info/PKG-INFO
[3.597s] writing dependency_links to orbbec_camera_msgs.egg-info/dependency_links.txt
[3.597s] writing top-level names to orbbec_camera_msgs.egg-info/top_level.txt
[3.598s] writing manifest file 'orbbec_camera_msgs.egg-info/SOURCES.txt'
[3.598s] reading manifest file 'orbbec_camera_msgs.egg-info/SOURCES.txt'
[3.598s] writing manifest file 'orbbec_camera_msgs.egg-info/SOURCES.txt'
[3.726s] [  1%] Built target ament_cmake_python_build_orbbec_camera_msgs_egg
[5.013s] [  1%] Built target orbbec_camera_msgs__cpp
[5.041s] [  2%] [34m[1mGenerating C++ type support dispatch for ROS interfaces[0m
[5.042s] [  2%] [34m[1mGenerating C++ type support for eProsima Fast-RTPS[0m
[5.057s] [  3%] [34m[1mGenerating C++ introspection for ROS interfaces[0m
[5.601s] [  4%] [32mBuilding C object CMakeFiles/orbbec_camera_msgs__rosidl_generator_c.dir/rosidl_generator_c/orbbec_camera_msgs/msg/detail/device_info__functions.c.o[0m
[5.613s] [  5%] [32mBuilding C object CMakeFiles/orbbec_camera_msgs__rosidl_generator_c.dir/rosidl_generator_c/orbbec_camera_msgs/msg/detail/metadata__functions.c.o[0m
[5.627s] [  6%] [32mBuilding C object CMakeFiles/orbbec_camera_msgs__rosidl_generator_c.dir/rosidl_generator_c/orbbec_camera_msgs/msg/detail/extrinsics__functions.c.o[0m
[5.640s] [  7%] [32mBuilding C object CMakeFiles/orbbec_camera_msgs__rosidl_generator_c.dir/rosidl_generator_c/orbbec_camera_msgs/msg/detail/rgbd__functions.c.o[0m
[5.642s] [  7%] [32mBuilding C object CMakeFiles/orbbec_camera_msgs__rosidl_generator_c.dir/rosidl_generator_c/orbbec_camera_msgs/msg/detail/imu_info__functions.c.o[0m
[5.828s] [  8%] [32mBuilding C object CMakeFiles/orbbec_camera_msgs__rosidl_generator_c.dir/rosidl_generator_c/orbbec_camera_msgs/srv/detail/get_bool__functions.c.o[0m
[5.840s] [  9%] [32mBuilding C object CMakeFiles/orbbec_camera_msgs__rosidl_generator_c.dir/rosidl_generator_c/orbbec_camera_msgs/srv/detail/get_device_info__functions.c.o[0m
[5.874s] [ 10%] [32mBuilding C object CMakeFiles/orbbec_camera_msgs__rosidl_generator_c.dir/rosidl_generator_c/orbbec_camera_msgs/srv/detail/get_camera_info__functions.c.o[0m
[5.891s] [ 11%] [32mBuilding C object CMakeFiles/orbbec_camera_msgs__rosidl_generator_c.dir/rosidl_generator_c/orbbec_camera_msgs/srv/detail/get_int32__functions.c.o[0m
[5.968s] [ 11%] [32mBuilding C object CMakeFiles/orbbec_camera_msgs__rosidl_generator_c.dir/rosidl_generator_c/orbbec_camera_msgs/srv/detail/get_string__functions.c.o[0m
[6.073s] [ 12%] [32mBuilding C object CMakeFiles/orbbec_camera_msgs__rosidl_generator_c.dir/rosidl_generator_c/orbbec_camera_msgs/srv/detail/set_int32__functions.c.o[0m
[6.093s] [ 13%] [32mBuilding C object CMakeFiles/orbbec_camera_msgs__rosidl_generator_c.dir/rosidl_generator_c/orbbec_camera_msgs/srv/detail/set_string__functions.c.o[0m
[6.345s] [ 14%] [32m[1mLinking C shared library liborbbec_camera_msgs__rosidl_generator_c.so[0m
[6.416s] [ 16%] [32mBuilding CXX object CMakeFiles/orbbec_camera_msgs__rosidl_typesupport_cpp.dir/rosidl_typesupport_cpp/orbbec_camera_msgs/msg/device_info__type_support.cpp.o[0m
[6.417s] [ 16%] [32mBuilding CXX object CMakeFiles/orbbec_camera_msgs__rosidl_typesupport_cpp.dir/rosidl_typesupport_cpp/orbbec_camera_msgs/msg/extrinsics__type_support.cpp.o[0m
[6.419s] [ 17%] [32mBuilding CXX object CMakeFiles/orbbec_camera_msgs__rosidl_typesupport_cpp.dir/rosidl_typesupport_cpp/orbbec_camera_msgs/msg/metadata__type_support.cpp.o[0m
[6.436s] [ 17%] [32mBuilding CXX object CMakeFiles/orbbec_camera_msgs__rosidl_typesupport_cpp.dir/rosidl_typesupport_cpp/orbbec_camera_msgs/msg/rgbd__type_support.cpp.o[0m
[6.440s] [ 18%] [32mBuilding CXX object CMakeFiles/orbbec_camera_msgs__rosidl_typesupport_cpp.dir/rosidl_typesupport_cpp/orbbec_camera_msgs/msg/imu_info__type_support.cpp.o[0m
[6.497s] [ 18%] Built target orbbec_camera_msgs__rosidl_generator_c
[6.551s] [ 19%] [34m[1mGenerating C type support for eProsima Fast-RTPS[0m
[7.186s] [ 20%] [32mBuilding CXX object CMakeFiles/orbbec_camera_msgs__rosidl_typesupport_cpp.dir/rosidl_typesupport_cpp/orbbec_camera_msgs/srv/get_bool__type_support.cpp.o[0m
[7.325s] [ 21%] [32mBuilding CXX object CMakeFiles/orbbec_camera_msgs__rosidl_typesupport_fastrtps_cpp.dir/rosidl_typesupport_fastrtps_cpp/orbbec_camera_msgs/msg/detail/dds_fastrtps/device_info__type_support.cpp.o[0m
[7.341s] [ 21%] [32mBuilding CXX object CMakeFiles/orbbec_camera_msgs__rosidl_typesupport_introspection_cpp.dir/rosidl_typesupport_introspection_cpp/orbbec_camera_msgs/msg/detail/device_info__type_support.cpp.o[0m
[7.383s] [ 22%] [34m[1mGenerating C introspection for ROS interfaces[0m
[7.441s] [ 23%] [32mBuilding CXX object CMakeFiles/orbbec_camera_msgs__rosidl_typesupport_cpp.dir/rosidl_typesupport_cpp/orbbec_camera_msgs/srv/get_device_info__type_support.cpp.o[0m
[7.651s] [ 24%] [32mBuilding CXX object CMakeFiles/orbbec_camera_msgs__rosidl_typesupport_cpp.dir/rosidl_typesupport_cpp/orbbec_camera_msgs/srv/get_camera_info__type_support.cpp.o[0m
[7.683s] [ 25%] [32mBuilding CXX object CMakeFiles/orbbec_camera_msgs__rosidl_typesupport_cpp.dir/rosidl_typesupport_cpp/orbbec_camera_msgs/srv/get_int32__type_support.cpp.o[0m
[7.893s] [ 26%] [32mBuilding CXX object CMakeFiles/orbbec_camera_msgs__rosidl_typesupport_cpp.dir/rosidl_typesupport_cpp/orbbec_camera_msgs/srv/get_string__type_support.cpp.o[0m
[8.143s] [ 27%] [32mBuilding CXX object CMakeFiles/orbbec_camera_msgs__rosidl_typesupport_introspection_cpp.dir/rosidl_typesupport_introspection_cpp/orbbec_camera_msgs/msg/detail/extrinsics__type_support.cpp.o[0m
[8.400s] [ 27%] [32mBuilding CXX object CMakeFiles/orbbec_camera_msgs__rosidl_typesupport_cpp.dir/rosidl_typesupport_cpp/orbbec_camera_msgs/srv/set_int32__type_support.cpp.o[0m
[8.850s] [ 28%] [32mBuilding CXX object CMakeFiles/orbbec_camera_msgs__rosidl_typesupport_cpp.dir/rosidl_typesupport_cpp/orbbec_camera_msgs/srv/set_string__type_support.cpp.o[0m
[8.901s] [ 29%] [32mBuilding CXX object CMakeFiles/orbbec_camera_msgs__rosidl_typesupport_fastrtps_c.dir/rosidl_typesupport_fastrtps_c/orbbec_camera_msgs/msg/detail/device_info__type_support_c.cpp.o[0m
[9.198s] [ 30%] [32mBuilding CXX object CMakeFiles/orbbec_camera_msgs__rosidl_typesupport_fastrtps_cpp.dir/rosidl_typesupport_fastrtps_cpp/orbbec_camera_msgs/msg/detail/dds_fastrtps/extrinsics__type_support.cpp.o[0m
[9.250s] [ 31%] [32mBuilding CXX object CMakeFiles/orbbec_camera_msgs__rosidl_typesupport_introspection_cpp.dir/rosidl_typesupport_introspection_cpp/orbbec_camera_msgs/msg/detail/metadata__type_support.cpp.o[0m
[9.297s] [ 32%] [32mBuilding CXX object CMakeFiles/orbbec_camera_msgs__rosidl_typesupport_fastrtps_cpp.dir/rosidl_typesupport_fastrtps_cpp/orbbec_camera_msgs/msg/detail/dds_fastrtps/metadata__type_support.cpp.o[0m
[9.360s] [ 33%] [32mBuilding CXX object CMakeFiles/orbbec_camera_msgs__rosidl_typesupport_introspection_cpp.dir/rosidl_typesupport_introspection_cpp/orbbec_camera_msgs/msg/detail/imu_info__type_support.cpp.o[0m
[9.378s] [ 34%] [34m[1mGenerating C type support dispatch for ROS interfaces[0m
[9.839s] [ 35%] [32m[1mLinking CXX shared library liborbbec_camera_msgs__rosidl_typesupport_cpp.so[0m
[9.863s] [ 36%] [32mBuilding C object CMakeFiles/orbbec_camera_msgs__rosidl_typesupport_introspection_c.dir/rosidl_typesupport_introspection_c/orbbec_camera_msgs/msg/detail/device_info__type_support.c.o[0m
[9.958s] [ 37%] [32mBuilding C object CMakeFiles/orbbec_camera_msgs__rosidl_typesupport_introspection_c.dir/rosidl_typesupport_introspection_c/orbbec_camera_msgs/msg/detail/extrinsics__type_support.c.o[0m
[9.996s] [ 37%] Built target orbbec_camera_msgs__rosidl_typesupport_cpp
[10.022s] [ 38%] [32mBuilding C object CMakeFiles/orbbec_camera_msgs__rosidl_typesupport_introspection_c.dir/rosidl_typesupport_introspection_c/orbbec_camera_msgs/msg/detail/metadata__type_support.c.o[0m
[10.133s] [ 38%] [32mBuilding C object CMakeFiles/orbbec_camera_msgs__rosidl_typesupport_introspection_c.dir/rosidl_typesupport_introspection_c/orbbec_camera_msgs/msg/detail/imu_info__type_support.c.o[0m
[10.218s] [ 39%] [32mBuilding C object CMakeFiles/orbbec_camera_msgs__rosidl_typesupport_introspection_c.dir/rosidl_typesupport_introspection_c/orbbec_camera_msgs/msg/detail/rgbd__type_support.c.o[0m
[10.232s] [ 40%] [32mBuilding CXX object CMakeFiles/orbbec_camera_msgs__rosidl_typesupport_fastrtps_c.dir/rosidl_typesupport_fastrtps_c/orbbec_camera_msgs/msg/detail/extrinsics__type_support_c.cpp.o[0m
[10.297s] [ 41%] [32mBuilding C object CMakeFiles/orbbec_camera_msgs__rosidl_typesupport_introspection_c.dir/rosidl_typesupport_introspection_c/orbbec_camera_msgs/srv/detail/get_bool__type_support.c.o[0m
[10.336s] [ 42%] [32mBuilding C object CMakeFiles/orbbec_camera_msgs__rosidl_typesupport_introspection_c.dir/rosidl_typesupport_introspection_c/orbbec_camera_msgs/srv/detail/get_device_info__type_support.c.o[0m
[10.463s] [ 43%] [32mBuilding C object CMakeFiles/orbbec_camera_msgs__rosidl_typesupport_introspection_c.dir/rosidl_typesupport_introspection_c/orbbec_camera_msgs/srv/detail/get_camera_info__type_support.c.o[0m
[10.468s] [ 44%] [32mBuilding CXX object CMakeFiles/orbbec_camera_msgs__rosidl_typesupport_fastrtps_cpp.dir/rosidl_typesupport_fastrtps_cpp/orbbec_camera_msgs/msg/detail/dds_fastrtps/imu_info__type_support.cpp.o[0m
[10.515s] [ 45%] [32mBuilding C object CMakeFiles/orbbec_camera_msgs__rosidl_typesupport_introspection_c.dir/rosidl_typesupport_introspection_c/orbbec_camera_msgs/srv/detail/get_int32__type_support.c.o[0m
[10.562s] [ 46%] [32mBuilding C object CMakeFiles/orbbec_camera_msgs__rosidl_typesupport_introspection_c.dir/rosidl_typesupport_introspection_c/orbbec_camera_msgs/srv/detail/get_string__type_support.c.o[0m
[10.645s] [ 46%] [32mBuilding C object CMakeFiles/orbbec_camera_msgs__rosidl_typesupport_introspection_c.dir/rosidl_typesupport_introspection_c/orbbec_camera_msgs/srv/detail/set_int32__type_support.c.o[0m
[10.648s] [ 47%] [32mBuilding CXX object CMakeFiles/orbbec_camera_msgs__rosidl_typesupport_fastrtps_cpp.dir/rosidl_typesupport_fastrtps_cpp/orbbec_camera_msgs/msg/detail/dds_fastrtps/rgbd__type_support.cpp.o[0m
[10.690s] [ 48%] [32mBuilding CXX object CMakeFiles/orbbec_camera_msgs__rosidl_typesupport_introspection_cpp.dir/rosidl_typesupport_introspection_cpp/orbbec_camera_msgs/msg/detail/rgbd__type_support.cpp.o[0m
[10.701s] [ 48%] [32mBuilding CXX object CMakeFiles/orbbec_camera_msgs__rosidl_typesupport_fastrtps_c.dir/rosidl_typesupport_fastrtps_c/orbbec_camera_msgs/msg/detail/metadata__type_support_c.cpp.o[0m
[10.771s] [ 49%] [32mBuilding C object CMakeFiles/orbbec_camera_msgs__rosidl_typesupport_introspection_c.dir/rosidl_typesupport_introspection_c/orbbec_camera_msgs/srv/detail/set_string__type_support.c.o[0m
[10.837s] [ 50%] [32mBuilding CXX object CMakeFiles/orbbec_camera_msgs__rosidl_typesupport_introspection_cpp.dir/rosidl_typesupport_introspection_cpp/orbbec_camera_msgs/srv/detail/get_bool__type_support.cpp.o[0m
[10.881s] [ 51%] [32m[1mLinking C shared library liborbbec_camera_msgs__rosidl_typesupport_introspection_c.so[0m
[11.030s] [ 51%] Built target orbbec_camera_msgs__rosidl_typesupport_introspection_c
[11.053s] [ 52%] [32mBuilding CXX object CMakeFiles/orbbec_camera_msgs__rosidl_typesupport_fastrtps_c.dir/rosidl_typesupport_fastrtps_c/orbbec_camera_msgs/msg/detail/imu_info__type_support_c.cpp.o[0m
[11.185s] [ 53%] [32mBuilding CXX object CMakeFiles/orbbec_camera_msgs__rosidl_typesupport_c.dir/rosidl_typesupport_c/orbbec_camera_msgs/msg/device_info__type_support.cpp.o[0m
[11.241s] [ 54%] [32mBuilding CXX object CMakeFiles/orbbec_camera_msgs__rosidl_typesupport_fastrtps_c.dir/rosidl_typesupport_fastrtps_c/orbbec_camera_msgs/msg/detail/rgbd__type_support_c.cpp.o[0m
[11.282s] [ 54%] [32mBuilding CXX object CMakeFiles/orbbec_camera_msgs__rosidl_typesupport_c.dir/rosidl_typesupport_c/orbbec_camera_msgs/msg/extrinsics__type_support.cpp.o[0m
[11.365s] [ 55%] [32mBuilding CXX object CMakeFiles/orbbec_camera_msgs__rosidl_typesupport_c.dir/rosidl_typesupport_c/orbbec_camera_msgs/msg/metadata__type_support.cpp.o[0m
[11.452s] [ 56%] [32mBuilding CXX object CMakeFiles/orbbec_camera_msgs__rosidl_typesupport_c.dir/rosidl_typesupport_c/orbbec_camera_msgs/msg/imu_info__type_support.cpp.o[0m
[11.548s] [ 57%] [32mBuilding CXX object CMakeFiles/orbbec_camera_msgs__rosidl_typesupport_c.dir/rosidl_typesupport_c/orbbec_camera_msgs/msg/rgbd__type_support.cpp.o[0m
[11.641s] [ 58%] [32mBuilding CXX object CMakeFiles/orbbec_camera_msgs__rosidl_typesupport_c.dir/rosidl_typesupport_c/orbbec_camera_msgs/srv/get_bool__type_support.cpp.o[0m
[11.756s] [ 59%] [32mBuilding CXX object CMakeFiles/orbbec_camera_msgs__rosidl_typesupport_c.dir/rosidl_typesupport_c/orbbec_camera_msgs/srv/get_device_info__type_support.cpp.o[0m
[11.784s] [ 60%] [32mBuilding CXX object CMakeFiles/orbbec_camera_msgs__rosidl_typesupport_fastrtps_c.dir/rosidl_typesupport_fastrtps_c/orbbec_camera_msgs/srv/detail/get_bool__type_support_c.cpp.o[0m
[11.839s] [ 60%] [32mBuilding CXX object CMakeFiles/orbbec_camera_msgs__rosidl_typesupport_fastrtps_cpp.dir/rosidl_typesupport_fastrtps_cpp/orbbec_camera_msgs/srv/detail/dds_fastrtps/get_bool__type_support.cpp.o[0m
[11.854s] [ 60%] [32mBuilding CXX object CMakeFiles/orbbec_camera_msgs__rosidl_typesupport_c.dir/rosidl_typesupport_c/orbbec_camera_msgs/srv/get_camera_info__type_support.cpp.o[0m
[11.936s] [ 61%] [32mBuilding CXX object CMakeFiles/orbbec_camera_msgs__rosidl_typesupport_c.dir/rosidl_typesupport_c/orbbec_camera_msgs/srv/get_int32__type_support.cpp.o[0m
[11.975s] [ 62%] [32mBuilding CXX object CMakeFiles/orbbec_camera_msgs__rosidl_typesupport_fastrtps_c.dir/rosidl_typesupport_fastrtps_c/orbbec_camera_msgs/srv/detail/get_device_info__type_support_c.cpp.o[0m
[12.009s] [ 63%] [32mBuilding CXX object CMakeFiles/orbbec_camera_msgs__rosidl_typesupport_c.dir/rosidl_typesupport_c/orbbec_camera_msgs/srv/get_string__type_support.cpp.o[0m
[12.109s] [ 64%] [32mBuilding CXX object CMakeFiles/orbbec_camera_msgs__rosidl_typesupport_c.dir/rosidl_typesupport_c/orbbec_camera_msgs/srv/set_int32__type_support.cpp.o[0m
[12.198s] [ 65%] [32mBuilding CXX object CMakeFiles/orbbec_camera_msgs__rosidl_typesupport_fastrtps_cpp.dir/rosidl_typesupport_fastrtps_cpp/orbbec_camera_msgs/srv/detail/dds_fastrtps/get_device_info__type_support.cpp.o[0m
[12.198s] [ 66%] [32mBuilding CXX object CMakeFiles/orbbec_camera_msgs__rosidl_typesupport_c.dir/rosidl_typesupport_c/orbbec_camera_msgs/srv/set_string__type_support.cpp.o[0m
[12.235s] [ 66%] [32mBuilding CXX object CMakeFiles/orbbec_camera_msgs__rosidl_typesupport_introspection_cpp.dir/rosidl_typesupport_introspection_cpp/orbbec_camera_msgs/srv/detail/get_device_info__type_support.cpp.o[0m
[12.299s] [ 67%] [32m[1mLinking CXX shared library liborbbec_camera_msgs__rosidl_typesupport_c.so[0m
[12.356s] [ 68%] [32mBuilding CXX object CMakeFiles/orbbec_camera_msgs__rosidl_typesupport_introspection_cpp.dir/rosidl_typesupport_introspection_cpp/orbbec_camera_msgs/srv/detail/get_camera_info__type_support.cpp.o[0m
[12.432s] [ 68%] Built target orbbec_camera_msgs__rosidl_typesupport_c
[12.452s] [ 69%] [32mBuilding CXX object CMakeFiles/orbbec_camera_msgs__rosidl_typesupport_fastrtps_c.dir/rosidl_typesupport_fastrtps_c/orbbec_camera_msgs/srv/detail/get_camera_info__type_support_c.cpp.o[0m
[12.460s] [ 70%] [32mBuilding CXX object CMakeFiles/orbbec_camera_msgs__rosidl_typesupport_fastrtps_cpp.dir/rosidl_typesupport_fastrtps_cpp/orbbec_camera_msgs/srv/detail/dds_fastrtps/get_camera_info__type_support.cpp.o[0m
[12.688s] [ 70%] [32mBuilding CXX object CMakeFiles/orbbec_camera_msgs__rosidl_typesupport_fastrtps_c.dir/rosidl_typesupport_fastrtps_c/orbbec_camera_msgs/srv/detail/get_int32__type_support_c.cpp.o[0m
[13.074s] [ 71%] [32mBuilding CXX object CMakeFiles/orbbec_camera_msgs__rosidl_typesupport_fastrtps_c.dir/rosidl_typesupport_fastrtps_c/orbbec_camera_msgs/srv/detail/get_string__type_support_c.cpp.o[0m
[13.093s] [ 72%] [32mBuilding CXX object CMakeFiles/orbbec_camera_msgs__rosidl_typesupport_fastrtps_cpp.dir/rosidl_typesupport_fastrtps_cpp/orbbec_camera_msgs/srv/detail/dds_fastrtps/get_int32__type_support.cpp.o[0m
[13.348s] [ 73%] [32mBuilding CXX object CMakeFiles/orbbec_camera_msgs__rosidl_typesupport_fastrtps_c.dir/rosidl_typesupport_fastrtps_c/orbbec_camera_msgs/srv/detail/set_int32__type_support_c.cpp.o[0m
[13.387s] [ 74%] [32mBuilding CXX object CMakeFiles/orbbec_camera_msgs__rosidl_typesupport_introspection_cpp.dir/rosidl_typesupport_introspection_cpp/orbbec_camera_msgs/srv/detail/get_int32__type_support.cpp.o[0m
[13.552s] [ 75%] [32mBuilding CXX object CMakeFiles/orbbec_camera_msgs__rosidl_typesupport_fastrtps_cpp.dir/rosidl_typesupport_fastrtps_cpp/orbbec_camera_msgs/srv/detail/dds_fastrtps/get_string__type_support.cpp.o[0m
[13.814s] [ 76%] [32mBuilding CXX object CMakeFiles/orbbec_camera_msgs__rosidl_typesupport_introspection_cpp.dir/rosidl_typesupport_introspection_cpp/orbbec_camera_msgs/srv/detail/get_string__type_support.cpp.o[0m
[13.932s] [ 77%] [32mBuilding CXX object CMakeFiles/orbbec_camera_msgs__rosidl_typesupport_fastrtps_cpp.dir/rosidl_typesupport_fastrtps_cpp/orbbec_camera_msgs/srv/detail/dds_fastrtps/set_int32__type_support.cpp.o[0m
[14.217s] [ 78%] [32mBuilding CXX object CMakeFiles/orbbec_camera_msgs__rosidl_typesupport_fastrtps_c.dir/rosidl_typesupport_fastrtps_c/orbbec_camera_msgs/srv/detail/set_string__type_support_c.cpp.o[0m
[14.305s] [ 79%] [32mBuilding CXX object CMakeFiles/orbbec_camera_msgs__rosidl_typesupport_introspection_cpp.dir/rosidl_typesupport_introspection_cpp/orbbec_camera_msgs/srv/detail/set_int32__type_support.cpp.o[0m
[14.316s] [ 79%] [32mBuilding CXX object CMakeFiles/orbbec_camera_msgs__rosidl_typesupport_fastrtps_cpp.dir/rosidl_typesupport_fastrtps_cpp/orbbec_camera_msgs/srv/detail/dds_fastrtps/set_string__type_support.cpp.o[0m
[14.587s] [ 80%] [32mBuilding CXX object CMakeFiles/orbbec_camera_msgs__rosidl_typesupport_introspection_cpp.dir/rosidl_typesupport_introspection_cpp/orbbec_camera_msgs/srv/detail/set_string__type_support.cpp.o[0m
[15.571s] [ 81%] [32m[1mLinking CXX shared library liborbbec_camera_msgs__rosidl_typesupport_fastrtps_c.so[0m
[15.710s] [ 82%] [32m[1mLinking CXX shared library liborbbec_camera_msgs__rosidl_typesupport_fastrtps_cpp.so[0m
[15.769s] [ 83%] [32m[1mLinking CXX shared library liborbbec_camera_msgs__rosidl_typesupport_introspection_cpp.so[0m
[15.854s] [ 83%] Built target orbbec_camera_msgs__rosidl_typesupport_fastrtps_c
[15.991s] [ 83%] Built target orbbec_camera_msgs__rosidl_typesupport_fastrtps_cpp
[16.014s] [ 83%] Built target orbbec_camera_msgs__rosidl_typesupport_introspection_cpp
[16.099s] [ 83%] Built target orbbec_camera_msgs
[16.167s] [ 84%] [34m[1mGenerating Python code for ROS interfaces[0m
[18.722s] [ 84%] Built target orbbec_camera_msgs__py
[18.750s] [ 85%] [32mBuilding C object CMakeFiles/orbbec_camera_msgs__rosidl_generator_py.dir/rosidl_generator_py/orbbec_camera_msgs/msg/_metadata_s.c.o[0m
[18.751s] [ 86%] [32mBuilding C object CMakeFiles/orbbec_camera_msgs__rosidl_generator_py.dir/rosidl_generator_py/orbbec_camera_msgs/msg/_rgbd_s.c.o[0m
[18.751s] [ 87%] [32mBuilding C object CMakeFiles/orbbec_camera_msgs__rosidl_generator_py.dir/rosidl_generator_py/orbbec_camera_msgs/msg/_imu_info_s.c.o[0m
[18.751s] [ 87%] [32mBuilding C object CMakeFiles/orbbec_camera_msgs__rosidl_generator_py.dir/rosidl_generator_py/orbbec_camera_msgs/msg/_extrinsics_s.c.o[0m
[18.753s] [ 88%] [32mBuilding C object CMakeFiles/orbbec_camera_msgs__rosidl_generator_py.dir/rosidl_generator_py/orbbec_camera_msgs/msg/_device_info_s.c.o[0m
[18.759s] [ 89%] [32mBuilding C object CMakeFiles/orbbec_camera_msgs__rosidl_generator_py.dir/rosidl_generator_py/orbbec_camera_msgs/srv/_get_device_info_s.c.o[0m
[18.762s] [ 91%] [32mBuilding C object CMakeFiles/orbbec_camera_msgs__rosidl_generator_py.dir/rosidl_generator_py/orbbec_camera_msgs/srv/_get_camera_info_s.c.o[0m
[18.762s] [ 90%] [32mBuilding C object CMakeFiles/orbbec_camera_msgs__rosidl_generator_py.dir/rosidl_generator_py/orbbec_camera_msgs/srv/_get_bool_s.c.o[0m
[18.927s] [ 92%] [32mBuilding C object CMakeFiles/orbbec_camera_msgs__rosidl_generator_py.dir/rosidl_generator_py/orbbec_camera_msgs/srv/_get_int32_s.c.o[0m
[18.928s] [ 92%] [32mBuilding C object CMakeFiles/orbbec_camera_msgs__rosidl_generator_py.dir/rosidl_generator_py/orbbec_camera_msgs/srv/_get_string_s.c.o[0m
[18.980s] [ 93%] [32mBuilding C object CMakeFiles/orbbec_camera_msgs__rosidl_generator_py.dir/rosidl_generator_py/orbbec_camera_msgs/srv/_set_int32_s.c.o[0m
[19.001s] [ 94%] [32mBuilding C object CMakeFiles/orbbec_camera_msgs__rosidl_generator_py.dir/rosidl_generator_py/orbbec_camera_msgs/srv/_set_string_s.c.o[0m
[19.157s] [ 95%] [32m[1mLinking C shared library rosidl_generator_py/orbbec_camera_msgs/liborbbec_camera_msgs__rosidl_generator_py.so[0m
[19.210s] [ 95%] Built target orbbec_camera_msgs__rosidl_generator_py
[19.234s] [ 96%] [32mBuilding C object CMakeFiles/orbbec_camera_msgs__rosidl_typesupport_fastrtps_c__pyext.dir/rosidl_generator_py/orbbec_camera_msgs/_orbbec_camera_msgs_s.ep.rosidl_typesupport_fastrtps_c.c.o[0m
[19.236s] [ 96%] [32mBuilding C object CMakeFiles/orbbec_camera_msgs__rosidl_typesupport_c__pyext.dir/rosidl_generator_py/orbbec_camera_msgs/_orbbec_camera_msgs_s.ep.rosidl_typesupport_c.c.o[0m
[19.236s] [ 97%] [32mBuilding C object CMakeFiles/orbbec_camera_msgs__rosidl_typesupport_introspection_c__pyext.dir/rosidl_generator_py/orbbec_camera_msgs/_orbbec_camera_msgs_s.ep.rosidl_typesupport_introspection_c.c.o[0m
[19.537s] [ 98%] [32m[1mLinking C shared library rosidl_generator_py/orbbec_camera_msgs/orbbec_camera_msgs_s__rosidl_typesupport_fastrtps_c.cpython-310-x86_64-linux-gnu.so[0m
[19.545s] [ 99%] [32m[1mLinking C shared library rosidl_generator_py/orbbec_camera_msgs/orbbec_camera_msgs_s__rosidl_typesupport_introspection_c.cpython-310-x86_64-linux-gnu.so[0m
[19.546s] [100%] [32m[1mLinking C shared library rosidl_generator_py/orbbec_camera_msgs/orbbec_camera_msgs_s__rosidl_typesupport_c.cpython-310-x86_64-linux-gnu.so[0m
[19.604s] [100%] Built target orbbec_camera_msgs__rosidl_typesupport_introspection_c__pyext
[19.604s] [100%] Built target orbbec_camera_msgs__rosidl_typesupport_fastrtps_c__pyext
[19.621s] [100%] Built target orbbec_camera_msgs__rosidl_typesupport_c__pyext
[19.639s] Invoked command in '/home/futill/dummy2_hand_eye_calibration_ws/build/orbbec_camera_msgs' returned '0': CMAKE_PREFIX_PATH=/opt/ros/humble /usr/bin/cmake --build /home/futill/dummy2_hand_eye_calibration_ws/build/orbbec_camera_msgs -- -j8 -l8
[19.641s] Invoking command in '/home/futill/dummy2_hand_eye_calibration_ws/build/orbbec_camera_msgs': CMAKE_PREFIX_PATH=/opt/ros/humble /usr/bin/cmake --install /home/futill/dummy2_hand_eye_calibration_ws/build/orbbec_camera_msgs
[19.651s] -- Install configuration: "Release"
[19.651s] -- Execute custom install script
[19.651s] -- Symlinking: /home/futill/dummy2_hand_eye_calibration_ws/install/share/ament_index/resource_index/rosidl_interfaces/orbbec_camera_msgs
[19.664s] -- Symlinking: /home/futill/dummy2_hand_eye_calibration_ws/install/include/orbbec_camera_msgs/orbbec_camera_msgs/msg/detail/device_info__functions.h
[19.674s] -- Symlinking: /home/futill/dummy2_hand_eye_calibration_ws/install/include/orbbec_camera_msgs/orbbec_camera_msgs/msg/detail/device_info__struct.h
[19.684s] -- Symlinking: /home/futill/dummy2_hand_eye_calibration_ws/install/include/orbbec_camera_msgs/orbbec_camera_msgs/msg/detail/device_info__type_support.h
[19.694s] -- Symlinking: /home/futill/dummy2_hand_eye_calibration_ws/install/include/orbbec_camera_msgs/orbbec_camera_msgs/msg/detail/extrinsics__functions.h
[19.704s] -- Symlinking: /home/futill/dummy2_hand_eye_calibration_ws/install/include/orbbec_camera_msgs/orbbec_camera_msgs/msg/detail/extrinsics__struct.h
[19.714s] -- Symlinking: /home/futill/dummy2_hand_eye_calibration_ws/install/include/orbbec_camera_msgs/orbbec_camera_msgs/msg/detail/extrinsics__type_support.h
[19.730s] -- Symlinking: /home/futill/dummy2_hand_eye_calibration_ws/install/include/orbbec_camera_msgs/orbbec_camera_msgs/msg/detail/imu_info__functions.h
[19.747s] -- Symlinking: /home/futill/dummy2_hand_eye_calibration_ws/install/include/orbbec_camera_msgs/orbbec_camera_msgs/msg/detail/imu_info__struct.h
[19.762s] -- Symlinking: /home/futill/dummy2_hand_eye_calibration_ws/install/include/orbbec_camera_msgs/orbbec_camera_msgs/msg/detail/imu_info__type_support.h
[19.774s] -- Symlinking: /home/futill/dummy2_hand_eye_calibration_ws/install/include/orbbec_camera_msgs/orbbec_camera_msgs/msg/detail/metadata__functions.h
[19.783s] -- Symlinking: /home/futill/dummy2_hand_eye_calibration_ws/install/include/orbbec_camera_msgs/orbbec_camera_msgs/msg/detail/metadata__struct.h
[19.794s] -- Symlinking: /home/futill/dummy2_hand_eye_calibration_ws/install/include/orbbec_camera_msgs/orbbec_camera_msgs/msg/detail/metadata__type_support.h
[19.805s] -- Symlinking: /home/futill/dummy2_hand_eye_calibration_ws/install/include/orbbec_camera_msgs/orbbec_camera_msgs/msg/detail/rgbd__functions.h
[19.815s] -- Symlinking: /home/futill/dummy2_hand_eye_calibration_ws/install/include/orbbec_camera_msgs/orbbec_camera_msgs/msg/detail/rgbd__struct.h
[19.826s] -- Symlinking: /home/futill/dummy2_hand_eye_calibration_ws/install/include/orbbec_camera_msgs/orbbec_camera_msgs/msg/detail/rgbd__type_support.h
[19.837s] -- Symlinking: /home/futill/dummy2_hand_eye_calibration_ws/install/include/orbbec_camera_msgs/orbbec_camera_msgs/msg/device_info.h
[19.848s] -- Symlinking: /home/futill/dummy2_hand_eye_calibration_ws/install/include/orbbec_camera_msgs/orbbec_camera_msgs/msg/extrinsics.h
[19.862s] -- Symlinking: /home/futill/dummy2_hand_eye_calibration_ws/install/include/orbbec_camera_msgs/orbbec_camera_msgs/msg/imu_info.h
[19.890s] -- Symlinking: /home/futill/dummy2_hand_eye_calibration_ws/install/include/orbbec_camera_msgs/orbbec_camera_msgs/msg/metadata.h
[19.901s] -- Symlinking: /home/futill/dummy2_hand_eye_calibration_ws/install/include/orbbec_camera_msgs/orbbec_camera_msgs/msg/rgbd.h
[19.910s] -- Symlinking: /home/futill/dummy2_hand_eye_calibration_ws/install/include/orbbec_camera_msgs/orbbec_camera_msgs/msg/rosidl_generator_c__visibility_control.h
[19.920s] -- Symlinking: /home/futill/dummy2_hand_eye_calibration_ws/install/include/orbbec_camera_msgs/orbbec_camera_msgs/srv/detail/get_bool__functions.h
[19.930s] -- Symlinking: /home/futill/dummy2_hand_eye_calibration_ws/install/include/orbbec_camera_msgs/orbbec_camera_msgs/srv/detail/get_bool__struct.h
[19.939s] -- Symlinking: /home/futill/dummy2_hand_eye_calibration_ws/install/include/orbbec_camera_msgs/orbbec_camera_msgs/srv/detail/get_bool__type_support.h
[19.949s] -- Symlinking: /home/futill/dummy2_hand_eye_calibration_ws/install/include/orbbec_camera_msgs/orbbec_camera_msgs/srv/detail/get_camera_info__functions.h
[19.958s] -- Symlinking: /home/futill/dummy2_hand_eye_calibration_ws/install/include/orbbec_camera_msgs/orbbec_camera_msgs/srv/detail/get_camera_info__struct.h
[19.968s] -- Symlinking: /home/futill/dummy2_hand_eye_calibration_ws/install/include/orbbec_camera_msgs/orbbec_camera_msgs/srv/detail/get_camera_info__type_support.h
[19.984s] -- Symlinking: /home/futill/dummy2_hand_eye_calibration_ws/install/include/orbbec_camera_msgs/orbbec_camera_msgs/srv/detail/get_device_info__functions.h
[19.994s] -- Symlinking: /home/futill/dummy2_hand_eye_calibration_ws/install/include/orbbec_camera_msgs/orbbec_camera_msgs/srv/detail/get_device_info__struct.h
[20.003s] -- Symlinking: /home/futill/dummy2_hand_eye_calibration_ws/install/include/orbbec_camera_msgs/orbbec_camera_msgs/srv/detail/get_device_info__type_support.h
[20.013s] -- Symlinking: /home/futill/dummy2_hand_eye_calibration_ws/install/include/orbbec_camera_msgs/orbbec_camera_msgs/srv/detail/get_int32__functions.h
[20.023s] -- Symlinking: /home/futill/dummy2_hand_eye_calibration_ws/install/include/orbbec_camera_msgs/orbbec_camera_msgs/srv/detail/get_int32__struct.h
[20.032s] -- Symlinking: /home/futill/dummy2_hand_eye_calibration_ws/install/include/orbbec_camera_msgs/orbbec_camera_msgs/srv/detail/get_int32__type_support.h
[20.042s] -- Symlinking: /home/futill/dummy2_hand_eye_calibration_ws/install/include/orbbec_camera_msgs/orbbec_camera_msgs/srv/detail/get_string__functions.h
[20.052s] -- Symlinking: /home/futill/dummy2_hand_eye_calibration_ws/install/include/orbbec_camera_msgs/orbbec_camera_msgs/srv/detail/get_string__struct.h
[20.061s] -- Symlinking: /home/futill/dummy2_hand_eye_calibration_ws/install/include/orbbec_camera_msgs/orbbec_camera_msgs/srv/detail/get_string__type_support.h
[20.072s] -- Symlinking: /home/futill/dummy2_hand_eye_calibration_ws/install/include/orbbec_camera_msgs/orbbec_camera_msgs/srv/detail/set_int32__functions.h
[20.081s] -- Symlinking: /home/futill/dummy2_hand_eye_calibration_ws/install/include/orbbec_camera_msgs/orbbec_camera_msgs/srv/detail/set_int32__struct.h
[20.091s] -- Symlinking: /home/futill/dummy2_hand_eye_calibration_ws/install/include/orbbec_camera_msgs/orbbec_camera_msgs/srv/detail/set_int32__type_support.h
[20.101s] -- Symlinking: /home/futill/dummy2_hand_eye_calibration_ws/install/include/orbbec_camera_msgs/orbbec_camera_msgs/srv/detail/set_string__functions.h
[20.110s] -- Symlinking: /home/futill/dummy2_hand_eye_calibration_ws/install/include/orbbec_camera_msgs/orbbec_camera_msgs/srv/detail/set_string__struct.h
[20.120s] -- Symlinking: /home/futill/dummy2_hand_eye_calibration_ws/install/include/orbbec_camera_msgs/orbbec_camera_msgs/srv/detail/set_string__type_support.h
[20.129s] -- Symlinking: /home/futill/dummy2_hand_eye_calibration_ws/install/include/orbbec_camera_msgs/orbbec_camera_msgs/srv/get_bool.h
[20.139s] -- Symlinking: /home/futill/dummy2_hand_eye_calibration_ws/install/include/orbbec_camera_msgs/orbbec_camera_msgs/srv/get_camera_info.h
[20.149s] -- Symlinking: /home/futill/dummy2_hand_eye_calibration_ws/install/include/orbbec_camera_msgs/orbbec_camera_msgs/srv/get_device_info.h
[20.159s] -- Symlinking: /home/futill/dummy2_hand_eye_calibration_ws/install/include/orbbec_camera_msgs/orbbec_camera_msgs/srv/get_int32.h
[20.169s] -- Symlinking: /home/futill/dummy2_hand_eye_calibration_ws/install/include/orbbec_camera_msgs/orbbec_camera_msgs/srv/get_string.h
[20.180s] -- Symlinking: /home/futill/dummy2_hand_eye_calibration_ws/install/include/orbbec_camera_msgs/orbbec_camera_msgs/srv/set_int32.h
[20.189s] -- Symlinking: /home/futill/dummy2_hand_eye_calibration_ws/install/include/orbbec_camera_msgs/orbbec_camera_msgs/srv/set_string.h
[20.199s] -- Symlinking: /home/futill/dummy2_hand_eye_calibration_ws/install/share/orbbec_camera_msgs/environment/library_path.sh
[20.209s] -- Symlinking: /home/futill/dummy2_hand_eye_calibration_ws/install/share/orbbec_camera_msgs/environment/library_path.dsv
[20.220s] -- Symlinking: /home/futill/dummy2_hand_eye_calibration_ws/install/include/orbbec_camera_msgs/orbbec_camera_msgs/msg/detail/device_info__rosidl_typesupport_fastrtps_c.h
[20.230s] -- Symlinking: /home/futill/dummy2_hand_eye_calibration_ws/install/include/orbbec_camera_msgs/orbbec_camera_msgs/msg/detail/extrinsics__rosidl_typesupport_fastrtps_c.h
[20.240s] -- Symlinking: /home/futill/dummy2_hand_eye_calibration_ws/install/include/orbbec_camera_msgs/orbbec_camera_msgs/msg/detail/imu_info__rosidl_typesupport_fastrtps_c.h
[20.250s] -- Symlinking: /home/futill/dummy2_hand_eye_calibration_ws/install/include/orbbec_camera_msgs/orbbec_camera_msgs/msg/detail/metadata__rosidl_typesupport_fastrtps_c.h
[20.263s] -- Symlinking: /home/futill/dummy2_hand_eye_calibration_ws/install/include/orbbec_camera_msgs/orbbec_camera_msgs/msg/detail/rgbd__rosidl_typesupport_fastrtps_c.h
[20.272s] -- Symlinking: /home/futill/dummy2_hand_eye_calibration_ws/install/include/orbbec_camera_msgs/orbbec_camera_msgs/msg/rosidl_typesupport_fastrtps_c__visibility_control.h
[20.284s] -- Symlinking: /home/futill/dummy2_hand_eye_calibration_ws/install/include/orbbec_camera_msgs/orbbec_camera_msgs/srv/detail/get_bool__rosidl_typesupport_fastrtps_c.h
[20.294s] -- Symlinking: /home/futill/dummy2_hand_eye_calibration_ws/install/include/orbbec_camera_msgs/orbbec_camera_msgs/srv/detail/get_camera_info__rosidl_typesupport_fastrtps_c.h
[20.304s] -- Symlinking: /home/futill/dummy2_hand_eye_calibration_ws/install/include/orbbec_camera_msgs/orbbec_camera_msgs/srv/detail/get_device_info__rosidl_typesupport_fastrtps_c.h
[20.315s] -- Symlinking: /home/futill/dummy2_hand_eye_calibration_ws/install/include/orbbec_camera_msgs/orbbec_camera_msgs/srv/detail/get_int32__rosidl_typesupport_fastrtps_c.h
[20.327s] -- Symlinking: /home/futill/dummy2_hand_eye_calibration_ws/install/include/orbbec_camera_msgs/orbbec_camera_msgs/srv/detail/get_string__rosidl_typesupport_fastrtps_c.h
[20.338s] -- Symlinking: /home/futill/dummy2_hand_eye_calibration_ws/install/include/orbbec_camera_msgs/orbbec_camera_msgs/srv/detail/set_int32__rosidl_typesupport_fastrtps_c.h
[20.349s] -- Symlinking: /home/futill/dummy2_hand_eye_calibration_ws/install/include/orbbec_camera_msgs/orbbec_camera_msgs/srv/detail/set_string__rosidl_typesupport_fastrtps_c.h
[20.361s] -- Symlinking: /home/futill/dummy2_hand_eye_calibration_ws/install/include/orbbec_camera_msgs/orbbec_camera_msgs/msg/detail/device_info__rosidl_typesupport_introspection_c.h
[20.370s] -- Symlinking: /home/futill/dummy2_hand_eye_calibration_ws/install/include/orbbec_camera_msgs/orbbec_camera_msgs/msg/detail/extrinsics__rosidl_typesupport_introspection_c.h
[20.381s] -- Symlinking: /home/futill/dummy2_hand_eye_calibration_ws/install/include/orbbec_camera_msgs/orbbec_camera_msgs/msg/detail/imu_info__rosidl_typesupport_introspection_c.h
[20.392s] -- Symlinking: /home/futill/dummy2_hand_eye_calibration_ws/install/include/orbbec_camera_msgs/orbbec_camera_msgs/msg/detail/metadata__rosidl_typesupport_introspection_c.h
[20.402s] -- Symlinking: /home/futill/dummy2_hand_eye_calibration_ws/install/include/orbbec_camera_msgs/orbbec_camera_msgs/msg/detail/rgbd__rosidl_typesupport_introspection_c.h
[20.414s] -- Symlinking: /home/futill/dummy2_hand_eye_calibration_ws/install/include/orbbec_camera_msgs/orbbec_camera_msgs/msg/rosidl_typesupport_introspection_c__visibility_control.h
[20.427s] -- Symlinking: /home/futill/dummy2_hand_eye_calibration_ws/install/include/orbbec_camera_msgs/orbbec_camera_msgs/srv/detail/get_bool__rosidl_typesupport_introspection_c.h
[20.434s] -- Symlinking: /home/futill/dummy2_hand_eye_calibration_ws/install/include/orbbec_camera_msgs/orbbec_camera_msgs/srv/detail/get_camera_info__rosidl_typesupport_introspection_c.h
[20.446s] -- Symlinking: /home/futill/dummy2_hand_eye_calibration_ws/install/include/orbbec_camera_msgs/orbbec_camera_msgs/srv/detail/get_device_info__rosidl_typesupport_introspection_c.h
[20.459s] -- Symlinking: /home/futill/dummy2_hand_eye_calibration_ws/install/include/orbbec_camera_msgs/orbbec_camera_msgs/srv/detail/get_int32__rosidl_typesupport_introspection_c.h
[20.466s] -- Symlinking: /home/futill/dummy2_hand_eye_calibration_ws/install/include/orbbec_camera_msgs/orbbec_camera_msgs/srv/detail/get_string__rosidl_typesupport_introspection_c.h
[20.475s] -- Symlinking: /home/futill/dummy2_hand_eye_calibration_ws/install/include/orbbec_camera_msgs/orbbec_camera_msgs/srv/detail/set_int32__rosidl_typesupport_introspection_c.h
[20.485s] -- Symlinking: /home/futill/dummy2_hand_eye_calibration_ws/install/include/orbbec_camera_msgs/orbbec_camera_msgs/srv/detail/set_string__rosidl_typesupport_introspection_c.h
[20.502s] -- Symlinking: /home/futill/dummy2_hand_eye_calibration_ws/install/include/orbbec_camera_msgs/orbbec_camera_msgs/msg/detail/device_info__builder.hpp
[20.514s] -- Symlinking: /home/futill/dummy2_hand_eye_calibration_ws/install/include/orbbec_camera_msgs/orbbec_camera_msgs/msg/detail/device_info__struct.hpp
[20.525s] -- Symlinking: /home/futill/dummy2_hand_eye_calibration_ws/install/include/orbbec_camera_msgs/orbbec_camera_msgs/msg/detail/device_info__traits.hpp
[20.536s] -- Symlinking: /home/futill/dummy2_hand_eye_calibration_ws/install/include/orbbec_camera_msgs/orbbec_camera_msgs/msg/detail/device_info__type_support.hpp
[20.550s] -- Symlinking: /home/futill/dummy2_hand_eye_calibration_ws/install/include/orbbec_camera_msgs/orbbec_camera_msgs/msg/detail/extrinsics__builder.hpp
[20.563s] -- Symlinking: /home/futill/dummy2_hand_eye_calibration_ws/install/include/orbbec_camera_msgs/orbbec_camera_msgs/msg/detail/extrinsics__struct.hpp
[20.588s] -- Symlinking: /home/futill/dummy2_hand_eye_calibration_ws/install/include/orbbec_camera_msgs/orbbec_camera_msgs/msg/detail/extrinsics__traits.hpp
[20.616s] -- Symlinking: /home/futill/dummy2_hand_eye_calibration_ws/install/include/orbbec_camera_msgs/orbbec_camera_msgs/msg/detail/extrinsics__type_support.hpp
[20.640s] -- Symlinking: /home/futill/dummy2_hand_eye_calibration_ws/install/include/orbbec_camera_msgs/orbbec_camera_msgs/msg/detail/imu_info__builder.hpp
[20.670s] -- Symlinking: /home/futill/dummy2_hand_eye_calibration_ws/install/include/orbbec_camera_msgs/orbbec_camera_msgs/msg/detail/imu_info__struct.hpp
[20.693s] -- Symlinking: /home/futill/dummy2_hand_eye_calibration_ws/install/include/orbbec_camera_msgs/orbbec_camera_msgs/msg/detail/imu_info__traits.hpp
[20.712s] -- Symlinking: /home/futill/dummy2_hand_eye_calibration_ws/install/include/orbbec_camera_msgs/orbbec_camera_msgs/msg/detail/imu_info__type_support.hpp
[20.724s] -- Symlinking: /home/futill/dummy2_hand_eye_calibration_ws/install/include/orbbec_camera_msgs/orbbec_camera_msgs/msg/detail/metadata__builder.hpp
[20.734s] -- Symlinking: /home/futill/dummy2_hand_eye_calibration_ws/install/include/orbbec_camera_msgs/orbbec_camera_msgs/msg/detail/metadata__struct.hpp
[20.756s] -- Symlinking: /home/futill/dummy2_hand_eye_calibration_ws/install/include/orbbec_camera_msgs/orbbec_camera_msgs/msg/detail/metadata__traits.hpp
[20.771s] -- Symlinking: /home/futill/dummy2_hand_eye_calibration_ws/install/include/orbbec_camera_msgs/orbbec_camera_msgs/msg/detail/metadata__type_support.hpp
[20.782s] -- Symlinking: /home/futill/dummy2_hand_eye_calibration_ws/install/include/orbbec_camera_msgs/orbbec_camera_msgs/msg/detail/rgbd__builder.hpp
[20.803s] -- Symlinking: /home/futill/dummy2_hand_eye_calibration_ws/install/include/orbbec_camera_msgs/orbbec_camera_msgs/msg/detail/rgbd__struct.hpp
[20.826s] -- Symlinking: /home/futill/dummy2_hand_eye_calibration_ws/install/include/orbbec_camera_msgs/orbbec_camera_msgs/msg/detail/rgbd__traits.hpp
[20.846s] -- Symlinking: /home/futill/dummy2_hand_eye_calibration_ws/install/include/orbbec_camera_msgs/orbbec_camera_msgs/msg/detail/rgbd__type_support.hpp
[20.861s] -- Symlinking: /home/futill/dummy2_hand_eye_calibration_ws/install/include/orbbec_camera_msgs/orbbec_camera_msgs/msg/device_info.hpp
[20.872s] -- Symlinking: /home/futill/dummy2_hand_eye_calibration_ws/install/include/orbbec_camera_msgs/orbbec_camera_msgs/msg/extrinsics.hpp
[20.894s] -- Symlinking: /home/futill/dummy2_hand_eye_calibration_ws/install/include/orbbec_camera_msgs/orbbec_camera_msgs/msg/imu_info.hpp
[20.906s] -- Symlinking: /home/futill/dummy2_hand_eye_calibration_ws/install/include/orbbec_camera_msgs/orbbec_camera_msgs/msg/metadata.hpp
[20.915s] -- Symlinking: /home/futill/dummy2_hand_eye_calibration_ws/install/include/orbbec_camera_msgs/orbbec_camera_msgs/msg/rgbd.hpp
[20.927s] -- Symlinking: /home/futill/dummy2_hand_eye_calibration_ws/install/include/orbbec_camera_msgs/orbbec_camera_msgs/msg/rosidl_generator_cpp__visibility_control.hpp
[20.937s] -- Symlinking: /home/futill/dummy2_hand_eye_calibration_ws/install/include/orbbec_camera_msgs/orbbec_camera_msgs/srv/detail/get_bool__builder.hpp
[20.946s] -- Symlinking: /home/futill/dummy2_hand_eye_calibration_ws/install/include/orbbec_camera_msgs/orbbec_camera_msgs/srv/detail/get_bool__struct.hpp
[20.957s] -- Symlinking: /home/futill/dummy2_hand_eye_calibration_ws/install/include/orbbec_camera_msgs/orbbec_camera_msgs/srv/detail/get_bool__traits.hpp
[20.968s] -- Symlinking: /home/futill/dummy2_hand_eye_calibration_ws/install/include/orbbec_camera_msgs/orbbec_camera_msgs/srv/detail/get_bool__type_support.hpp
[20.979s] -- Symlinking: /home/futill/dummy2_hand_eye_calibration_ws/install/include/orbbec_camera_msgs/orbbec_camera_msgs/srv/detail/get_camera_info__builder.hpp
[20.990s] -- Symlinking: /home/futill/dummy2_hand_eye_calibration_ws/install/include/orbbec_camera_msgs/orbbec_camera_msgs/srv/detail/get_camera_info__struct.hpp
[21.000s] -- Symlinking: /home/futill/dummy2_hand_eye_calibration_ws/install/include/orbbec_camera_msgs/orbbec_camera_msgs/srv/detail/get_camera_info__traits.hpp
[21.011s] -- Symlinking: /home/futill/dummy2_hand_eye_calibration_ws/install/include/orbbec_camera_msgs/orbbec_camera_msgs/srv/detail/get_camera_info__type_support.hpp
[21.019s] -- Symlinking: /home/futill/dummy2_hand_eye_calibration_ws/install/include/orbbec_camera_msgs/orbbec_camera_msgs/srv/detail/get_device_info__builder.hpp
[21.028s] -- Symlinking: /home/futill/dummy2_hand_eye_calibration_ws/install/include/orbbec_camera_msgs/orbbec_camera_msgs/srv/detail/get_device_info__struct.hpp
[21.037s] -- Symlinking: /home/futill/dummy2_hand_eye_calibration_ws/install/include/orbbec_camera_msgs/orbbec_camera_msgs/srv/detail/get_device_info__traits.hpp
[21.046s] -- Symlinking: /home/futill/dummy2_hand_eye_calibration_ws/install/include/orbbec_camera_msgs/orbbec_camera_msgs/srv/detail/get_device_info__type_support.hpp
[21.056s] -- Symlinking: /home/futill/dummy2_hand_eye_calibration_ws/install/include/orbbec_camera_msgs/orbbec_camera_msgs/srv/detail/get_int32__builder.hpp
[21.067s] -- Symlinking: /home/futill/dummy2_hand_eye_calibration_ws/install/include/orbbec_camera_msgs/orbbec_camera_msgs/srv/detail/get_int32__struct.hpp
[21.077s] -- Symlinking: /home/futill/dummy2_hand_eye_calibration_ws/install/include/orbbec_camera_msgs/orbbec_camera_msgs/srv/detail/get_int32__traits.hpp
[21.087s] -- Symlinking: /home/futill/dummy2_hand_eye_calibration_ws/install/include/orbbec_camera_msgs/orbbec_camera_msgs/srv/detail/get_int32__type_support.hpp
[21.097s] -- Symlinking: /home/futill/dummy2_hand_eye_calibration_ws/install/include/orbbec_camera_msgs/orbbec_camera_msgs/srv/detail/get_string__builder.hpp
[21.108s] -- Symlinking: /home/futill/dummy2_hand_eye_calibration_ws/install/include/orbbec_camera_msgs/orbbec_camera_msgs/srv/detail/get_string__struct.hpp
[21.118s] -- Symlinking: /home/futill/dummy2_hand_eye_calibration_ws/install/include/orbbec_camera_msgs/orbbec_camera_msgs/srv/detail/get_string__traits.hpp
[21.129s] -- Symlinking: /home/futill/dummy2_hand_eye_calibration_ws/install/include/orbbec_camera_msgs/orbbec_camera_msgs/srv/detail/get_string__type_support.hpp
[21.139s] -- Symlinking: /home/futill/dummy2_hand_eye_calibration_ws/install/include/orbbec_camera_msgs/orbbec_camera_msgs/srv/detail/set_int32__builder.hpp
[21.149s] -- Symlinking: /home/futill/dummy2_hand_eye_calibration_ws/install/include/orbbec_camera_msgs/orbbec_camera_msgs/srv/detail/set_int32__struct.hpp
[21.158s] -- Symlinking: /home/futill/dummy2_hand_eye_calibration_ws/install/include/orbbec_camera_msgs/orbbec_camera_msgs/srv/detail/set_int32__traits.hpp
[21.168s] -- Symlinking: /home/futill/dummy2_hand_eye_calibration_ws/install/include/orbbec_camera_msgs/orbbec_camera_msgs/srv/detail/set_int32__type_support.hpp
[21.179s] -- Symlinking: /home/futill/dummy2_hand_eye_calibration_ws/install/include/orbbec_camera_msgs/orbbec_camera_msgs/srv/detail/set_string__builder.hpp
[21.190s] -- Symlinking: /home/futill/dummy2_hand_eye_calibration_ws/install/include/orbbec_camera_msgs/orbbec_camera_msgs/srv/detail/set_string__struct.hpp
[21.201s] -- Symlinking: /home/futill/dummy2_hand_eye_calibration_ws/install/include/orbbec_camera_msgs/orbbec_camera_msgs/srv/detail/set_string__traits.hpp
[21.211s] -- Symlinking: /home/futill/dummy2_hand_eye_calibration_ws/install/include/orbbec_camera_msgs/orbbec_camera_msgs/srv/detail/set_string__type_support.hpp
[21.221s] -- Symlinking: /home/futill/dummy2_hand_eye_calibration_ws/install/include/orbbec_camera_msgs/orbbec_camera_msgs/srv/get_bool.hpp
[21.231s] -- Symlinking: /home/futill/dummy2_hand_eye_calibration_ws/install/include/orbbec_camera_msgs/orbbec_camera_msgs/srv/get_camera_info.hpp
[21.241s] -- Symlinking: /home/futill/dummy2_hand_eye_calibration_ws/install/include/orbbec_camera_msgs/orbbec_camera_msgs/srv/get_device_info.hpp
[21.251s] -- Symlinking: /home/futill/dummy2_hand_eye_calibration_ws/install/include/orbbec_camera_msgs/orbbec_camera_msgs/srv/get_int32.hpp
[21.261s] -- Symlinking: /home/futill/dummy2_hand_eye_calibration_ws/install/include/orbbec_camera_msgs/orbbec_camera_msgs/srv/get_string.hpp
[21.271s] -- Symlinking: /home/futill/dummy2_hand_eye_calibration_ws/install/include/orbbec_camera_msgs/orbbec_camera_msgs/srv/set_int32.hpp
[21.281s] -- Symlinking: /home/futill/dummy2_hand_eye_calibration_ws/install/include/orbbec_camera_msgs/orbbec_camera_msgs/srv/set_string.hpp
[21.293s] -- Symlinking: /home/futill/dummy2_hand_eye_calibration_ws/install/include/orbbec_camera_msgs/orbbec_camera_msgs/msg/detail/device_info__rosidl_typesupport_fastrtps_cpp.hpp
[21.304s] -- Symlinking: /home/futill/dummy2_hand_eye_calibration_ws/install/include/orbbec_camera_msgs/orbbec_camera_msgs/msg/detail/extrinsics__rosidl_typesupport_fastrtps_cpp.hpp
[21.314s] -- Symlinking: /home/futill/dummy2_hand_eye_calibration_ws/install/include/orbbec_camera_msgs/orbbec_camera_msgs/msg/detail/imu_info__rosidl_typesupport_fastrtps_cpp.hpp
[21.324s] -- Symlinking: /home/futill/dummy2_hand_eye_calibration_ws/install/include/orbbec_camera_msgs/orbbec_camera_msgs/msg/detail/metadata__rosidl_typesupport_fastrtps_cpp.hpp
[21.334s] -- Symlinking: /home/futill/dummy2_hand_eye_calibration_ws/install/include/orbbec_camera_msgs/orbbec_camera_msgs/msg/detail/rgbd__rosidl_typesupport_fastrtps_cpp.hpp
[21.345s] -- Symlinking: /home/futill/dummy2_hand_eye_calibration_ws/install/include/orbbec_camera_msgs/orbbec_camera_msgs/msg/rosidl_typesupport_fastrtps_cpp__visibility_control.h
[21.355s] -- Symlinking: /home/futill/dummy2_hand_eye_calibration_ws/install/include/orbbec_camera_msgs/orbbec_camera_msgs/srv/detail/get_bool__rosidl_typesupport_fastrtps_cpp.hpp
[21.365s] -- Symlinking: /home/futill/dummy2_hand_eye_calibration_ws/install/include/orbbec_camera_msgs/orbbec_camera_msgs/srv/detail/get_camera_info__rosidl_typesupport_fastrtps_cpp.hpp
[21.375s] -- Symlinking: /home/futill/dummy2_hand_eye_calibration_ws/install/include/orbbec_camera_msgs/orbbec_camera_msgs/srv/detail/get_device_info__rosidl_typesupport_fastrtps_cpp.hpp
[21.385s] -- Symlinking: /home/futill/dummy2_hand_eye_calibration_ws/install/include/orbbec_camera_msgs/orbbec_camera_msgs/srv/detail/get_int32__rosidl_typesupport_fastrtps_cpp.hpp
[21.396s] -- Symlinking: /home/futill/dummy2_hand_eye_calibration_ws/install/include/orbbec_camera_msgs/orbbec_camera_msgs/srv/detail/get_string__rosidl_typesupport_fastrtps_cpp.hpp
[21.407s] -- Symlinking: /home/futill/dummy2_hand_eye_calibration_ws/install/include/orbbec_camera_msgs/orbbec_camera_msgs/srv/detail/set_int32__rosidl_typesupport_fastrtps_cpp.hpp
[21.417s] -- Symlinking: /home/futill/dummy2_hand_eye_calibration_ws/install/include/orbbec_camera_msgs/orbbec_camera_msgs/srv/detail/set_string__rosidl_typesupport_fastrtps_cpp.hpp
[21.427s] -- Symlinking: /home/futill/dummy2_hand_eye_calibration_ws/install/include/orbbec_camera_msgs/orbbec_camera_msgs/msg/detail/device_info__rosidl_typesupport_introspection_cpp.hpp
[21.437s] -- Symlinking: /home/futill/dummy2_hand_eye_calibration_ws/install/include/orbbec_camera_msgs/orbbec_camera_msgs/msg/detail/extrinsics__rosidl_typesupport_introspection_cpp.hpp
[21.448s] -- Symlinking: /home/futill/dummy2_hand_eye_calibration_ws/install/include/orbbec_camera_msgs/orbbec_camera_msgs/msg/detail/imu_info__rosidl_typesupport_introspection_cpp.hpp
[21.458s] -- Symlinking: /home/futill/dummy2_hand_eye_calibration_ws/install/include/orbbec_camera_msgs/orbbec_camera_msgs/msg/detail/metadata__rosidl_typesupport_introspection_cpp.hpp
[21.468s] -- Symlinking: /home/futill/dummy2_hand_eye_calibration_ws/install/include/orbbec_camera_msgs/orbbec_camera_msgs/msg/detail/rgbd__rosidl_typesupport_introspection_cpp.hpp
[21.480s] -- Symlinking: /home/futill/dummy2_hand_eye_calibration_ws/install/include/orbbec_camera_msgs/orbbec_camera_msgs/srv/detail/get_bool__rosidl_typesupport_introspection_cpp.hpp
[21.491s] -- Symlinking: /home/futill/dummy2_hand_eye_calibration_ws/install/include/orbbec_camera_msgs/orbbec_camera_msgs/srv/detail/get_camera_info__rosidl_typesupport_introspection_cpp.hpp
[21.501s] -- Symlinking: /home/futill/dummy2_hand_eye_calibration_ws/install/include/orbbec_camera_msgs/orbbec_camera_msgs/srv/detail/get_device_info__rosidl_typesupport_introspection_cpp.hpp
[21.510s] -- Symlinking: /home/futill/dummy2_hand_eye_calibration_ws/install/include/orbbec_camera_msgs/orbbec_camera_msgs/srv/detail/get_int32__rosidl_typesupport_introspection_cpp.hpp
[21.519s] -- Symlinking: /home/futill/dummy2_hand_eye_calibration_ws/install/include/orbbec_camera_msgs/orbbec_camera_msgs/srv/detail/get_string__rosidl_typesupport_introspection_cpp.hpp
[21.529s] -- Symlinking: /home/futill/dummy2_hand_eye_calibration_ws/install/include/orbbec_camera_msgs/orbbec_camera_msgs/srv/detail/set_int32__rosidl_typesupport_introspection_cpp.hpp
[21.539s] -- Symlinking: /home/futill/dummy2_hand_eye_calibration_ws/install/include/orbbec_camera_msgs/orbbec_camera_msgs/srv/detail/set_string__rosidl_typesupport_introspection_cpp.hpp
[21.547s] -- Symlinking: /home/futill/dummy2_hand_eye_calibration_ws/install/share/orbbec_camera_msgs/environment/pythonpath.sh
[21.557s] -- Symlinking: /home/futill/dummy2_hand_eye_calibration_ws/install/share/orbbec_camera_msgs/environment/pythonpath.dsv
[21.567s] -- Symlinking: /home/futill/dummy2_hand_eye_calibration_ws/install/local/lib/python3.10/dist-packages/orbbec_camera_msgs-1.2.2-py3.10.egg-info/PKG-INFO
[21.575s] -- Symlinking: /home/futill/dummy2_hand_eye_calibration_ws/install/local/lib/python3.10/dist-packages/orbbec_camera_msgs-1.2.2-py3.10.egg-info/SOURCES.txt
[21.584s] -- Symlinking: /home/futill/dummy2_hand_eye_calibration_ws/install/local/lib/python3.10/dist-packages/orbbec_camera_msgs-1.2.2-py3.10.egg-info/dependency_links.txt
[21.593s] -- Symlinking: /home/futill/dummy2_hand_eye_calibration_ws/install/local/lib/python3.10/dist-packages/orbbec_camera_msgs-1.2.2-py3.10.egg-info/top_level.txt
[21.603s] -- Symlinking: /home/futill/dummy2_hand_eye_calibration_ws/install/local/lib/python3.10/dist-packages/orbbec_camera_msgs/__init__.py
[21.611s] -- Symlinking: /home/futill/dummy2_hand_eye_calibration_ws/install/local/lib/python3.10/dist-packages/orbbec_camera_msgs/_orbbec_camera_msgs_s.ep.rosidl_typesupport_c.c
[21.620s] -- Symlinking: /home/futill/dummy2_hand_eye_calibration_ws/install/local/lib/python3.10/dist-packages/orbbec_camera_msgs/_orbbec_camera_msgs_s.ep.rosidl_typesupport_fastrtps_c.c
[21.629s] -- Symlinking: /home/futill/dummy2_hand_eye_calibration_ws/install/local/lib/python3.10/dist-packages/orbbec_camera_msgs/_orbbec_camera_msgs_s.ep.rosidl_typesupport_introspection_c.c
[21.638s] -- Symlinking: /home/futill/dummy2_hand_eye_calibration_ws/install/local/lib/python3.10/dist-packages/orbbec_camera_msgs/liborbbec_camera_msgs__rosidl_generator_py.so
[21.646s] -- Symlinking: /home/futill/dummy2_hand_eye_calibration_ws/install/local/lib/python3.10/dist-packages/orbbec_camera_msgs/msg/__init__.py
[21.655s] -- Symlinking: /home/futill/dummy2_hand_eye_calibration_ws/install/local/lib/python3.10/dist-packages/orbbec_camera_msgs/msg/_device_info.py
[21.664s] -- Symlinking: /home/futill/dummy2_hand_eye_calibration_ws/install/local/lib/python3.10/dist-packages/orbbec_camera_msgs/msg/_device_info_s.c
[21.674s] -- Symlinking: /home/futill/dummy2_hand_eye_calibration_ws/install/local/lib/python3.10/dist-packages/orbbec_camera_msgs/msg/_extrinsics.py
[21.682s] -- Symlinking: /home/futill/dummy2_hand_eye_calibration_ws/install/local/lib/python3.10/dist-packages/orbbec_camera_msgs/msg/_extrinsics_s.c
[21.692s] -- Symlinking: /home/futill/dummy2_hand_eye_calibration_ws/install/local/lib/python3.10/dist-packages/orbbec_camera_msgs/msg/_imu_info.py
[21.701s] -- Symlinking: /home/futill/dummy2_hand_eye_calibration_ws/install/local/lib/python3.10/dist-packages/orbbec_camera_msgs/msg/_imu_info_s.c
[21.710s] -- Symlinking: /home/futill/dummy2_hand_eye_calibration_ws/install/local/lib/python3.10/dist-packages/orbbec_camera_msgs/msg/_metadata.py
[21.719s] -- Symlinking: /home/futill/dummy2_hand_eye_calibration_ws/install/local/lib/python3.10/dist-packages/orbbec_camera_msgs/msg/_metadata_s.c
[21.727s] -- Symlinking: /home/futill/dummy2_hand_eye_calibration_ws/install/local/lib/python3.10/dist-packages/orbbec_camera_msgs/msg/_rgbd.py
[21.736s] -- Symlinking: /home/futill/dummy2_hand_eye_calibration_ws/install/local/lib/python3.10/dist-packages/orbbec_camera_msgs/msg/_rgbd_s.c
[21.745s] -- Symlinking: /home/futill/dummy2_hand_eye_calibration_ws/install/local/lib/python3.10/dist-packages/orbbec_camera_msgs/orbbec_camera_msgs_s__rosidl_typesupport_c.cpython-310-x86_64-linux-gnu.so
[21.755s] -- Symlinking: /home/futill/dummy2_hand_eye_calibration_ws/install/local/lib/python3.10/dist-packages/orbbec_camera_msgs/orbbec_camera_msgs_s__rosidl_typesupport_fastrtps_c.cpython-310-x86_64-linux-gnu.so
[21.764s] -- Symlinking: /home/futill/dummy2_hand_eye_calibration_ws/install/local/lib/python3.10/dist-packages/orbbec_camera_msgs/orbbec_camera_msgs_s__rosidl_typesupport_introspection_c.cpython-310-x86_64-linux-gnu.so
[21.774s] -- Symlinking: /home/futill/dummy2_hand_eye_calibration_ws/install/local/lib/python3.10/dist-packages/orbbec_camera_msgs/srv/__init__.py
[21.783s] -- Symlinking: /home/futill/dummy2_hand_eye_calibration_ws/install/local/lib/python3.10/dist-packages/orbbec_camera_msgs/srv/_get_bool.py
[21.793s] -- Symlinking: /home/futill/dummy2_hand_eye_calibration_ws/install/local/lib/python3.10/dist-packages/orbbec_camera_msgs/srv/_get_bool_s.c
[21.802s] -- Symlinking: /home/futill/dummy2_hand_eye_calibration_ws/install/local/lib/python3.10/dist-packages/orbbec_camera_msgs/srv/_get_camera_info.py
[21.811s] -- Symlinking: /home/futill/dummy2_hand_eye_calibration_ws/install/local/lib/python3.10/dist-packages/orbbec_camera_msgs/srv/_get_camera_info_s.c
[21.820s] -- Symlinking: /home/futill/dummy2_hand_eye_calibration_ws/install/local/lib/python3.10/dist-packages/orbbec_camera_msgs/srv/_get_device_info.py
[21.828s] -- Symlinking: /home/futill/dummy2_hand_eye_calibration_ws/install/local/lib/python3.10/dist-packages/orbbec_camera_msgs/srv/_get_device_info_s.c
[21.837s] -- Symlinking: /home/futill/dummy2_hand_eye_calibration_ws/install/local/lib/python3.10/dist-packages/orbbec_camera_msgs/srv/_get_int32.py
[21.846s] -- Symlinking: /home/futill/dummy2_hand_eye_calibration_ws/install/local/lib/python3.10/dist-packages/orbbec_camera_msgs/srv/_get_int32_s.c
[21.854s] -- Symlinking: /home/futill/dummy2_hand_eye_calibration_ws/install/local/lib/python3.10/dist-packages/orbbec_camera_msgs/srv/_get_string.py
[21.863s] -- Symlinking: /home/futill/dummy2_hand_eye_calibration_ws/install/local/lib/python3.10/dist-packages/orbbec_camera_msgs/srv/_get_string_s.c
[21.873s] -- Symlinking: /home/futill/dummy2_hand_eye_calibration_ws/install/local/lib/python3.10/dist-packages/orbbec_camera_msgs/srv/_set_int32.py
[21.881s] -- Symlinking: /home/futill/dummy2_hand_eye_calibration_ws/install/local/lib/python3.10/dist-packages/orbbec_camera_msgs/srv/_set_int32_s.c
[21.892s] -- Symlinking: /home/futill/dummy2_hand_eye_calibration_ws/install/local/lib/python3.10/dist-packages/orbbec_camera_msgs/srv/_set_string.py
[21.901s] -- Symlinking: /home/futill/dummy2_hand_eye_calibration_ws/install/local/lib/python3.10/dist-packages/orbbec_camera_msgs/srv/_set_string_s.c
[21.910s] -- Up-to-date symlink: /home/futill/dummy2_hand_eye_calibration_ws/install/local/lib/python3.10/dist-packages/orbbec_camera_msgs/orbbec_camera_msgs_s__rosidl_typesupport_fastrtps_c.cpython-310-x86_64-linux-gnu.so
[21.910s] -- Up-to-date symlink: /home/futill/dummy2_hand_eye_calibration_ws/install/local/lib/python3.10/dist-packages/orbbec_camera_msgs/orbbec_camera_msgs_s__rosidl_typesupport_introspection_c.cpython-310-x86_64-linux-gnu.so
[21.911s] -- Up-to-date symlink: /home/futill/dummy2_hand_eye_calibration_ws/install/local/lib/python3.10/dist-packages/orbbec_camera_msgs/orbbec_camera_msgs_s__rosidl_typesupport_c.cpython-310-x86_64-linux-gnu.so
[21.911s] -- Symlinking: /home/futill/dummy2_hand_eye_calibration_ws/install/share/orbbec_camera_msgs/msg/DeviceInfo.idl
[21.919s] -- Symlinking: /home/futill/dummy2_hand_eye_calibration_ws/install/share/orbbec_camera_msgs/msg/Extrinsics.idl
[21.928s] -- Symlinking: /home/futill/dummy2_hand_eye_calibration_ws/install/share/orbbec_camera_msgs/msg/Metadata.idl
[21.937s] -- Symlinking: /home/futill/dummy2_hand_eye_calibration_ws/install/share/orbbec_camera_msgs/msg/IMUInfo.idl
[21.945s] -- Symlinking: /home/futill/dummy2_hand_eye_calibration_ws/install/share/orbbec_camera_msgs/msg/RGBD.idl
[21.954s] -- Symlinking: /home/futill/dummy2_hand_eye_calibration_ws/install/share/orbbec_camera_msgs/srv/GetBool.idl
[21.963s] -- Symlinking: /home/futill/dummy2_hand_eye_calibration_ws/install/share/orbbec_camera_msgs/srv/GetDeviceInfo.idl
[21.972s] -- Symlinking: /home/futill/dummy2_hand_eye_calibration_ws/install/share/orbbec_camera_msgs/srv/GetCameraInfo.idl
[21.981s] -- Symlinking: /home/futill/dummy2_hand_eye_calibration_ws/install/share/orbbec_camera_msgs/srv/GetInt32.idl
[21.991s] -- Symlinking: /home/futill/dummy2_hand_eye_calibration_ws/install/share/orbbec_camera_msgs/srv/GetString.idl
[22.001s] -- Symlinking: /home/futill/dummy2_hand_eye_calibration_ws/install/share/orbbec_camera_msgs/srv/SetInt32.idl
[22.009s] -- Symlinking: /home/futill/dummy2_hand_eye_calibration_ws/install/share/orbbec_camera_msgs/srv/SetString.idl
[22.018s] -- Symlinking: /home/futill/dummy2_hand_eye_calibration_ws/install/share/orbbec_camera_msgs/msg/DeviceInfo.msg
[22.027s] -- Symlinking: /home/futill/dummy2_hand_eye_calibration_ws/install/share/orbbec_camera_msgs/msg/Extrinsics.msg
[22.036s] -- Symlinking: /home/futill/dummy2_hand_eye_calibration_ws/install/share/orbbec_camera_msgs/msg/Metadata.msg
[22.044s] -- Symlinking: /home/futill/dummy2_hand_eye_calibration_ws/install/share/orbbec_camera_msgs/msg/IMUInfo.msg
[22.053s] -- Symlinking: /home/futill/dummy2_hand_eye_calibration_ws/install/share/orbbec_camera_msgs/msg/RGBD.msg
[22.062s] -- Symlinking: /home/futill/dummy2_hand_eye_calibration_ws/install/share/orbbec_camera_msgs/srv/GetBool.srv
[22.071s] -- Symlinking: /home/futill/dummy2_hand_eye_calibration_ws/install/share/orbbec_camera_msgs/srv/GetBool_Request.msg
[22.081s] -- Symlinking: /home/futill/dummy2_hand_eye_calibration_ws/install/share/orbbec_camera_msgs/srv/GetBool_Response.msg
[22.090s] -- Symlinking: /home/futill/dummy2_hand_eye_calibration_ws/install/share/orbbec_camera_msgs/srv/GetDeviceInfo.srv
[22.099s] -- Symlinking: /home/futill/dummy2_hand_eye_calibration_ws/install/share/orbbec_camera_msgs/srv/GetDeviceInfo_Request.msg
[22.108s] -- Symlinking: /home/futill/dummy2_hand_eye_calibration_ws/install/share/orbbec_camera_msgs/srv/GetDeviceInfo_Response.msg
[22.117s] -- Symlinking: /home/futill/dummy2_hand_eye_calibration_ws/install/share/orbbec_camera_msgs/srv/GetCameraInfo.srv
[22.126s] -- Symlinking: /home/futill/dummy2_hand_eye_calibration_ws/install/share/orbbec_camera_msgs/srv/GetCameraInfo_Request.msg
[22.134s] -- Symlinking: /home/futill/dummy2_hand_eye_calibration_ws/install/share/orbbec_camera_msgs/srv/GetCameraInfo_Response.msg
[22.143s] -- Symlinking: /home/futill/dummy2_hand_eye_calibration_ws/install/share/orbbec_camera_msgs/srv/GetInt32.srv
[22.152s] -- Symlinking: /home/futill/dummy2_hand_eye_calibration_ws/install/share/orbbec_camera_msgs/srv/GetInt32_Request.msg
[22.161s] -- Symlinking: /home/futill/dummy2_hand_eye_calibration_ws/install/share/orbbec_camera_msgs/srv/GetInt32_Response.msg
[22.170s] -- Symlinking: /home/futill/dummy2_hand_eye_calibration_ws/install/share/orbbec_camera_msgs/srv/GetString.srv
[22.179s] -- Symlinking: /home/futill/dummy2_hand_eye_calibration_ws/install/share/orbbec_camera_msgs/srv/GetString_Request.msg
[22.188s] -- Symlinking: /home/futill/dummy2_hand_eye_calibration_ws/install/share/orbbec_camera_msgs/srv/GetString_Response.msg
[22.198s] -- Symlinking: /home/futill/dummy2_hand_eye_calibration_ws/install/share/orbbec_camera_msgs/srv/SetInt32.srv
[22.206s] -- Symlinking: /home/futill/dummy2_hand_eye_calibration_ws/install/share/orbbec_camera_msgs/srv/SetInt32_Request.msg
[22.215s] -- Symlinking: /home/futill/dummy2_hand_eye_calibration_ws/install/share/orbbec_camera_msgs/srv/SetInt32_Response.msg
[22.223s] -- Symlinking: /home/futill/dummy2_hand_eye_calibration_ws/install/share/orbbec_camera_msgs/srv/SetString.srv
[22.232s] -- Symlinking: /home/futill/dummy2_hand_eye_calibration_ws/install/share/orbbec_camera_msgs/srv/SetString_Request.msg
[22.241s] -- Symlinking: /home/futill/dummy2_hand_eye_calibration_ws/install/share/orbbec_camera_msgs/srv/SetString_Response.msg
[22.250s] -- Symlinking: /home/futill/dummy2_hand_eye_calibration_ws/install/share/ament_index/resource_index/package_run_dependencies/orbbec_camera_msgs
[22.258s] -- Symlinking: /home/futill/dummy2_hand_eye_calibration_ws/install/share/ament_index/resource_index/parent_prefix_path/orbbec_camera_msgs
[22.266s] -- Symlinking: /home/futill/dummy2_hand_eye_calibration_ws/install/share/orbbec_camera_msgs/environment/ament_prefix_path.sh
[22.276s] -- Symlinking: /home/futill/dummy2_hand_eye_calibration_ws/install/share/orbbec_camera_msgs/environment/ament_prefix_path.dsv
[22.286s] -- Symlinking: /home/futill/dummy2_hand_eye_calibration_ws/install/share/orbbec_camera_msgs/environment/path.sh
[22.296s] -- Symlinking: /home/futill/dummy2_hand_eye_calibration_ws/install/share/orbbec_camera_msgs/environment/path.dsv
[22.304s] -- Symlinking: /home/futill/dummy2_hand_eye_calibration_ws/install/share/orbbec_camera_msgs/local_setup.bash
[22.313s] -- Symlinking: /home/futill/dummy2_hand_eye_calibration_ws/install/share/orbbec_camera_msgs/local_setup.sh
[22.322s] -- Symlinking: /home/futill/dummy2_hand_eye_calibration_ws/install/share/orbbec_camera_msgs/local_setup.zsh
[22.331s] -- Symlinking: /home/futill/dummy2_hand_eye_calibration_ws/install/share/orbbec_camera_msgs/local_setup.dsv
[22.339s] -- Symlinking: /home/futill/dummy2_hand_eye_calibration_ws/install/share/orbbec_camera_msgs/package.dsv
[22.348s] -- Symlinking: /home/futill/dummy2_hand_eye_calibration_ws/install/share/ament_index/resource_index/packages/orbbec_camera_msgs
[22.357s] -- Symlinking: /home/futill/dummy2_hand_eye_calibration_ws/install/share/orbbec_camera_msgs/cmake/rosidl_cmake-extras.cmake
[22.366s] -- Symlinking: /home/futill/dummy2_hand_eye_calibration_ws/install/share/orbbec_camera_msgs/cmake/ament_cmake_export_dependencies-extras.cmake
[22.375s] -- Symlinking: /home/futill/dummy2_hand_eye_calibration_ws/install/share/orbbec_camera_msgs/cmake/ament_cmake_export_include_directories-extras.cmake
[22.384s] -- Symlinking: /home/futill/dummy2_hand_eye_calibration_ws/install/share/orbbec_camera_msgs/cmake/ament_cmake_export_libraries-extras.cmake
[22.393s] -- Symlinking: /home/futill/dummy2_hand_eye_calibration_ws/install/share/orbbec_camera_msgs/cmake/ament_cmake_export_targets-extras.cmake
[22.402s] -- Symlinking: /home/futill/dummy2_hand_eye_calibration_ws/install/share/orbbec_camera_msgs/cmake/rosidl_cmake_export_typesupport_targets-extras.cmake
[22.412s] -- Symlinking: /home/futill/dummy2_hand_eye_calibration_ws/install/share/orbbec_camera_msgs/cmake/rosidl_cmake_export_typesupport_libraries-extras.cmake
[22.420s] -- Symlinking: /home/futill/dummy2_hand_eye_calibration_ws/install/share/orbbec_camera_msgs/cmake/orbbec_camera_msgsConfig.cmake
[22.430s] -- Symlinking: /home/futill/dummy2_hand_eye_calibration_ws/install/share/orbbec_camera_msgs/cmake/orbbec_camera_msgsConfig-version.cmake
[22.439s] -- Symlinking: /home/futill/dummy2_hand_eye_calibration_ws/install/share/orbbec_camera_msgs/package.xml
[22.447s] -- Installing: /home/futill/dummy2_hand_eye_calibration_ws/install/lib/liborbbec_camera_msgs__rosidl_generator_c.so
[22.448s] -- Set runtime path of "/home/futill/dummy2_hand_eye_calibration_ws/install/lib/liborbbec_camera_msgs__rosidl_generator_c.so" to ""
[22.448s] -- Installing: /home/futill/dummy2_hand_eye_calibration_ws/install/lib/liborbbec_camera_msgs__rosidl_typesupport_fastrtps_c.so
[22.449s] -- Set runtime path of "/home/futill/dummy2_hand_eye_calibration_ws/install/lib/liborbbec_camera_msgs__rosidl_typesupport_fastrtps_c.so" to ""
[22.449s] -- Installing: /home/futill/dummy2_hand_eye_calibration_ws/install/lib/liborbbec_camera_msgs__rosidl_typesupport_introspection_c.so
[22.449s] -- Set runtime path of "/home/futill/dummy2_hand_eye_calibration_ws/install/lib/liborbbec_camera_msgs__rosidl_typesupport_introspection_c.so" to ""
[22.450s] -- Installing: /home/futill/dummy2_hand_eye_calibration_ws/install/lib/liborbbec_camera_msgs__rosidl_typesupport_c.so
[22.450s] -- Set runtime path of "/home/futill/dummy2_hand_eye_calibration_ws/install/lib/liborbbec_camera_msgs__rosidl_typesupport_c.so" to ""
[22.450s] -- Installing: /home/futill/dummy2_hand_eye_calibration_ws/install/lib/liborbbec_camera_msgs__rosidl_typesupport_fastrtps_cpp.so
[22.451s] -- Set runtime path of "/home/futill/dummy2_hand_eye_calibration_ws/install/lib/liborbbec_camera_msgs__rosidl_typesupport_fastrtps_cpp.so" to ""
[22.451s] -- Installing: /home/futill/dummy2_hand_eye_calibration_ws/install/lib/liborbbec_camera_msgs__rosidl_typesupport_introspection_cpp.so
[22.451s] -- Set runtime path of "/home/futill/dummy2_hand_eye_calibration_ws/install/lib/liborbbec_camera_msgs__rosidl_typesupport_introspection_cpp.so" to ""
[22.451s] -- Installing: /home/futill/dummy2_hand_eye_calibration_ws/install/lib/liborbbec_camera_msgs__rosidl_typesupport_cpp.so
[22.452s] -- Set runtime path of "/home/futill/dummy2_hand_eye_calibration_ws/install/lib/liborbbec_camera_msgs__rosidl_typesupport_cpp.so" to ""
[22.495s] Listing '/home/futill/dummy2_hand_eye_calibration_ws/install/local/lib/python3.10/dist-packages/orbbec_camera_msgs'...
[22.495s] Compiling '/home/futill/dummy2_hand_eye_calibration_ws/install/local/lib/python3.10/dist-packages/orbbec_camera_msgs/__init__.py'...
[22.495s] Listing '/home/futill/dummy2_hand_eye_calibration_ws/install/local/lib/python3.10/dist-packages/orbbec_camera_msgs/msg'...
[22.495s] Compiling '/home/futill/dummy2_hand_eye_calibration_ws/install/local/lib/python3.10/dist-packages/orbbec_camera_msgs/msg/__init__.py'...
[22.495s] Compiling '/home/futill/dummy2_hand_eye_calibration_ws/install/local/lib/python3.10/dist-packages/orbbec_camera_msgs/msg/_device_info.py'...
[22.495s] Compiling '/home/futill/dummy2_hand_eye_calibration_ws/install/local/lib/python3.10/dist-packages/orbbec_camera_msgs/msg/_extrinsics.py'...
[22.495s] Compiling '/home/futill/dummy2_hand_eye_calibration_ws/install/local/lib/python3.10/dist-packages/orbbec_camera_msgs/msg/_imu_info.py'...
[22.495s] Compiling '/home/futill/dummy2_hand_eye_calibration_ws/install/local/lib/python3.10/dist-packages/orbbec_camera_msgs/msg/_metadata.py'...
[22.495s] Compiling '/home/futill/dummy2_hand_eye_calibration_ws/install/local/lib/python3.10/dist-packages/orbbec_camera_msgs/msg/_rgbd.py'...
[22.495s] Listing '/home/futill/dummy2_hand_eye_calibration_ws/install/local/lib/python3.10/dist-packages/orbbec_camera_msgs/srv'...
[22.495s] Compiling '/home/futill/dummy2_hand_eye_calibration_ws/install/local/lib/python3.10/dist-packages/orbbec_camera_msgs/srv/__init__.py'...
[22.495s] Compiling '/home/futill/dummy2_hand_eye_calibration_ws/install/local/lib/python3.10/dist-packages/orbbec_camera_msgs/srv/_get_bool.py'...
[22.495s] Compiling '/home/futill/dummy2_hand_eye_calibration_ws/install/local/lib/python3.10/dist-packages/orbbec_camera_msgs/srv/_get_camera_info.py'...
[22.495s] Compiling '/home/futill/dummy2_hand_eye_calibration_ws/install/local/lib/python3.10/dist-packages/orbbec_camera_msgs/srv/_get_device_info.py'...
[22.496s] Compiling '/home/futill/dummy2_hand_eye_calibration_ws/install/local/lib/python3.10/dist-packages/orbbec_camera_msgs/srv/_get_int32.py'...
[22.496s] Compiling '/home/futill/dummy2_hand_eye_calibration_ws/install/local/lib/python3.10/dist-packages/orbbec_camera_msgs/srv/_get_string.py'...
[22.496s] Compiling '/home/futill/dummy2_hand_eye_calibration_ws/install/local/lib/python3.10/dist-packages/orbbec_camera_msgs/srv/_set_int32.py'...
[22.496s] Compiling '/home/futill/dummy2_hand_eye_calibration_ws/install/local/lib/python3.10/dist-packages/orbbec_camera_msgs/srv/_set_string.py'...
[22.499s] -- Installing: /home/futill/dummy2_hand_eye_calibration_ws/install/lib/liborbbec_camera_msgs__rosidl_generator_py.so
[22.500s] -- Set runtime path of "/home/futill/dummy2_hand_eye_calibration_ws/install/lib/liborbbec_camera_msgs__rosidl_generator_py.so" to ""
[22.500s] -- Installing: /home/futill/dummy2_hand_eye_calibration_ws/install/share/orbbec_camera_msgs/cmake/export_orbbec_camera_msgs__rosidl_generator_cExport.cmake
[22.500s] -- Installing: /home/futill/dummy2_hand_eye_calibration_ws/install/share/orbbec_camera_msgs/cmake/export_orbbec_camera_msgs__rosidl_generator_cExport-release.cmake
[22.501s] -- Installing: /home/futill/dummy2_hand_eye_calibration_ws/install/share/orbbec_camera_msgs/cmake/export_orbbec_camera_msgs__rosidl_typesupport_fastrtps_cExport.cmake
[22.501s] -- Installing: /home/futill/dummy2_hand_eye_calibration_ws/install/share/orbbec_camera_msgs/cmake/export_orbbec_camera_msgs__rosidl_typesupport_fastrtps_cExport-release.cmake
[22.501s] -- Installing: /home/futill/dummy2_hand_eye_calibration_ws/install/share/orbbec_camera_msgs/cmake/orbbec_camera_msgs__rosidl_typesupport_introspection_cExport.cmake
[22.501s] -- Installing: /home/futill/dummy2_hand_eye_calibration_ws/install/share/orbbec_camera_msgs/cmake/orbbec_camera_msgs__rosidl_typesupport_introspection_cExport-release.cmake
[22.501s] -- Installing: /home/futill/dummy2_hand_eye_calibration_ws/install/share/orbbec_camera_msgs/cmake/orbbec_camera_msgs__rosidl_typesupport_cExport.cmake
[22.502s] -- Installing: /home/futill/dummy2_hand_eye_calibration_ws/install/share/orbbec_camera_msgs/cmake/orbbec_camera_msgs__rosidl_typesupport_cExport-release.cmake
[22.502s] -- Installing: /home/futill/dummy2_hand_eye_calibration_ws/install/share/orbbec_camera_msgs/cmake/export_orbbec_camera_msgs__rosidl_generator_cppExport.cmake
[22.502s] -- Installing: /home/futill/dummy2_hand_eye_calibration_ws/install/share/orbbec_camera_msgs/cmake/export_orbbec_camera_msgs__rosidl_typesupport_fastrtps_cppExport.cmake
[22.502s] -- Installing: /home/futill/dummy2_hand_eye_calibration_ws/install/share/orbbec_camera_msgs/cmake/export_orbbec_camera_msgs__rosidl_typesupport_fastrtps_cppExport-release.cmake
[22.502s] -- Installing: /home/futill/dummy2_hand_eye_calibration_ws/install/share/orbbec_camera_msgs/cmake/orbbec_camera_msgs__rosidl_typesupport_introspection_cppExport.cmake
[22.503s] -- Installing: /home/futill/dummy2_hand_eye_calibration_ws/install/share/orbbec_camera_msgs/cmake/orbbec_camera_msgs__rosidl_typesupport_introspection_cppExport-release.cmake
[22.503s] -- Installing: /home/futill/dummy2_hand_eye_calibration_ws/install/share/orbbec_camera_msgs/cmake/orbbec_camera_msgs__rosidl_typesupport_cppExport.cmake
[22.503s] -- Installing: /home/futill/dummy2_hand_eye_calibration_ws/install/share/orbbec_camera_msgs/cmake/orbbec_camera_msgs__rosidl_typesupport_cppExport-release.cmake
[22.503s] -- Installing: /home/futill/dummy2_hand_eye_calibration_ws/install/share/orbbec_camera_msgs/cmake/export_orbbec_camera_msgs__rosidl_generator_pyExport.cmake
[22.503s] -- Installing: /home/futill/dummy2_hand_eye_calibration_ws/install/share/orbbec_camera_msgs/cmake/export_orbbec_camera_msgs__rosidl_generator_pyExport-release.cmake
[22.506s] Invoked command in '/home/futill/dummy2_hand_eye_calibration_ws/build/orbbec_camera_msgs' returned '0': CMAKE_PREFIX_PATH=/opt/ros/humble /usr/bin/cmake --install /home/futill/dummy2_hand_eye_calibration_ws/build/orbbec_camera_msgs
