running develop
/usr/lib/python3/dist-packages/setuptools/dist.py:723: UserWarning: Usage of dash-separated 'script-dir' will not be supported in future versions. Please use the underscore name 'script_dir' instead
  warnings.warn(
running egg_info
creating dummy2_gripperv3_description.egg-info
writing dummy2_gripperv3_description.egg-info/PKG-INFO
writing dependency_links to dummy2_gripperv3_description.egg-info/dependency_links.txt
writing entry points to dummy2_gripperv3_description.egg-info/entry_points.txt
writing requirements to dummy2_gripperv3_description.egg-info/requires.txt
writing top-level names to dummy2_gripperv3_description.egg-info/top_level.txt
writing manifest file 'dummy2_gripperv3_description.egg-info/SOURCES.txt'
reading manifest file 'dummy2_gripperv3_description.egg-info/SOURCES.txt'
writing manifest file 'dummy2_gripperv3_description.egg-info/SOURCES.txt'
running build_ext
Creating /home/futill/dummy2_hand_eye_calibration_ws/install/lib/python3.10/site-packages/dummy2-gripperv3-description.egg-link (link to .)

Installed /home/futill/dummy2_hand_eye_calibration_ws/build/dummy2-gripperv3_description
running symlink_data
symbolically linking /home/futill/dummy2_hand_eye_calibration_ws/build/dummy2-gripperv3_description/resource/dummy2-gripperv3_description -> /home/futill/dummy2_hand_eye_calibration_ws/install/share/ament_index/resource_index/packages
symbolically linking /home/futill/dummy2_hand_eye_calibration_ws/build/dummy2-gripperv3_description/package.xml -> /home/futill/dummy2_hand_eye_calibration_ws/install/share/dummy2-gripperv3_description
creating /home/futill/dummy2_hand_eye_calibration_ws/install/share/dummy2-gripperv3_description/launch
symbolically linking /home/futill/dummy2_hand_eye_calibration_ws/build/dummy2-gripperv3_description/launch/display.launch.py -> /home/futill/dummy2_hand_eye_calibration_ws/install/share/dummy2-gripperv3_description/launch
symbolically linking /home/futill/dummy2_hand_eye_calibration_ws/build/dummy2-gripperv3_description/launch/gazebo.launch.py -> /home/futill/dummy2_hand_eye_calibration_ws/install/share/dummy2-gripperv3_description/launch
creating /home/futill/dummy2_hand_eye_calibration_ws/install/share/dummy2-gripperv3_description/urdf
symbolically linking /home/futill/dummy2_hand_eye_calibration_ws/build/dummy2-gripperv3_description/urdf/dummy2-gripperv3.trans -> /home/futill/dummy2_hand_eye_calibration_ws/install/share/dummy2-gripperv3_description/urdf
symbolically linking /home/futill/dummy2_hand_eye_calibration_ws/build/dummy2-gripperv3_description/urdf/materials.xacro -> /home/futill/dummy2_hand_eye_calibration_ws/install/share/dummy2-gripperv3_description/urdf
symbolically linking /home/futill/dummy2_hand_eye_calibration_ws/build/dummy2-gripperv3_description/urdf/dummy2-SLDASM.urdf -> /home/futill/dummy2_hand_eye_calibration_ws/install/share/dummy2-gripperv3_description/urdf
symbolically linking /home/futill/dummy2_hand_eye_calibration_ws/build/dummy2-gripperv3_description/urdf/dummy2-gripperv3.xacro -> /home/futill/dummy2_hand_eye_calibration_ws/install/share/dummy2-gripperv3_description/urdf
symbolically linking /home/futill/dummy2_hand_eye_calibration_ws/build/dummy2-gripperv3_description/urdf/dummy2-gripperv3.gazebo -> /home/futill/dummy2_hand_eye_calibration_ws/install/share/dummy2-gripperv3_description/urdf
creating /home/futill/dummy2_hand_eye_calibration_ws/install/share/dummy2-gripperv3_description/meshes
symbolically linking /home/futill/dummy2_hand_eye_calibration_ws/build/dummy2-gripperv3_description/meshes/base_link.STL -> /home/futill/dummy2_hand_eye_calibration_ws/install/share/dummy2-gripperv3_description/meshes
symbolically linking /home/futill/dummy2_hand_eye_calibration_ws/build/dummy2-gripperv3_description/meshes/l1.STL -> /home/futill/dummy2_hand_eye_calibration_ws/install/share/dummy2-gripperv3_description/meshes
symbolically linking /home/futill/dummy2_hand_eye_calibration_ws/build/dummy2-gripperv3_description/meshes/l2.STL -> /home/futill/dummy2_hand_eye_calibration_ws/install/share/dummy2-gripperv3_description/meshes
symbolically linking /home/futill/dummy2_hand_eye_calibration_ws/build/dummy2-gripperv3_description/meshes/l5.STL -> /home/futill/dummy2_hand_eye_calibration_ws/install/share/dummy2-gripperv3_description/meshes
symbolically linking /home/futill/dummy2_hand_eye_calibration_ws/build/dummy2-gripperv3_description/meshes/l3.STL -> /home/futill/dummy2_hand_eye_calibration_ws/install/share/dummy2-gripperv3_description/meshes
symbolically linking /home/futill/dummy2_hand_eye_calibration_ws/build/dummy2-gripperv3_description/meshes/l6.STL -> /home/futill/dummy2_hand_eye_calibration_ws/install/share/dummy2-gripperv3_description/meshes
symbolically linking /home/futill/dummy2_hand_eye_calibration_ws/build/dummy2-gripperv3_description/meshes/l4.STL -> /home/futill/dummy2_hand_eye_calibration_ws/install/share/dummy2-gripperv3_description/meshes
creating /home/futill/dummy2_hand_eye_calibration_ws/install/share/dummy2-gripperv3_description/config
symbolically linking /home/futill/dummy2_hand_eye_calibration_ws/build/dummy2-gripperv3_description/config/display.rviz -> /home/futill/dummy2_hand_eye_calibration_ws/install/share/dummy2-gripperv3_description/config
