[0.035s] Invoking command in '/home/futill/dummy_ros/build/easy_handeye2_msgs': CMAKE_PREFIX_PATH=/opt/ros/humble /usr/bin/cmake /home/futill/dummy_ros/src/easy_handeye2/easy_handeye2_msgs -DCMAKE_BUILD_TYPE=Release -DAMENT_CMAKE_SYMLINK_INSTALL=1 -DCMAKE_INSTALL_PREFIX=/home/futill/dummy_ros/install
[0.721s] -- The C compiler identification is GNU 11.4.0
[0.722s] -- The CXX compiler identification is GNU 11.4.0
[0.722s] -- Detecting C compiler ABI info
[0.722s] -- Detecting C compiler ABI info - done
[0.722s] -- Check for working C compiler: /usr/bin/cc - skipped
[0.722s] -- Detecting C compile features
[0.722s] -- Detecting C compile features - done
[0.722s] -- Detecting CXX compiler ABI info
[0.723s] -- Detecting CXX compiler ABI info - done
[0.723s] -- Check for working CXX compiler: /usr/bin/c++ - skipped
[0.723s] -- Detecting CXX compile features
[0.723s] -- Detecting CXX compile features - done
[0.723s] -- Found ament_cmake: 1.3.11 (/opt/ros/humble/share/ament_cmake/cmake)
[0.723s] -- Found Python3: /usr/bin/python3 (found version "3.10.12") found components: Interpreter 
[0.723s] -- Override CMake install command with custom implementation using symlinks instead of copying resources
[0.723s] -- Found rosidl_default_generators: 1.2.0 (/opt/ros/humble/share/rosidl_default_generators/cmake)
[0.723s] -- Using all available rosidl_typesupport_c: rosidl_typesupport_fastrtps_c;rosidl_typesupport_introspection_c
[0.723s] -- Found rosidl_adapter: 3.1.6 (/opt/ros/humble/share/rosidl_adapter/cmake)
[0.724s] -- Using all available rosidl_typesupport_cpp: rosidl_typesupport_fastrtps_cpp;rosidl_typesupport_introspection_cpp
[0.724s] -- Found std_msgs: 4.9.0 (/opt/ros/humble/share/std_msgs/cmake)
[0.724s] -- Found geometry_msgs: 4.9.0 (/opt/ros/humble/share/geometry_msgs/cmake)
[1.050s] -- Found ament_cmake_ros: 0.10.0 (/opt/ros/humble/share/ament_cmake_ros/cmake)
[1.295s] -- Using all available rosidl_typesupport_c: rosidl_typesupport_fastrtps_c;rosidl_typesupport_introspection_c
[1.650s] -- Using all available rosidl_typesupport_cpp: rosidl_typesupport_fastrtps_cpp;rosidl_typesupport_introspection_cpp
[1.670s] -- Found PythonInterp: /usr/bin/python3 (found suitable version "3.10.12", minimum required is "3.6") 
[1.672s] -- Found python_cmake_module: 0.10.0 (/opt/ros/humble/share/python_cmake_module/cmake)
[1.695s] -- Found PythonLibs: /usr/lib/x86_64-linux-gnu/libpython3.10.so (found suitable version "3.10.12", minimum required is "3.5") 
[1.695s] -- Using PYTHON_EXECUTABLE: /usr/bin/python3
[1.695s] -- Using PYTHON_INCLUDE_DIRS: /usr/include/python3.10
[1.695s] -- Using PYTHON_LIBRARIES: /usr/lib/x86_64-linux-gnu/libpython3.10.so
[1.713s] -- Found PythonExtra: .so  
[1.782s] -- Configuring done
[1.840s] -- Generating done
[1.852s] -- Build files have been written to: /home/futill/dummy_ros/build/easy_handeye2_msgs
[1.861s] Invoked command in '/home/futill/dummy_ros/build/easy_handeye2_msgs' returned '0': CMAKE_PREFIX_PATH=/opt/ros/humble /usr/bin/cmake /home/futill/dummy_ros/src/easy_handeye2/easy_handeye2_msgs -DCMAKE_BUILD_TYPE=Release -DAMENT_CMAKE_SYMLINK_INSTALL=1 -DCMAKE_INSTALL_PREFIX=/home/futill/dummy_ros/install
[1.863s] Invoking command in '/home/futill/dummy_ros/build/easy_handeye2_msgs': CMAKE_PREFIX_PATH=/opt/ros/humble /usr/bin/cmake --build /home/futill/dummy_ros/build/easy_handeye2_msgs -- -j16 -l16
[1.904s] [  0%] [34m[1mGenerating C code for ROS interfaces[0m
[1.914s] [  0%] [34m[1mGenerating C++ code for ROS interfaces[0m
[1.921s] [  0%] Built target ament_cmake_python_symlink_easy_handeye2_msgs
[2.156s] running egg_info
[2.157s] creating easy_handeye2_msgs.egg-info
[2.157s] writing easy_handeye2_msgs.egg-info/PKG-INFO
[2.157s] writing dependency_links to easy_handeye2_msgs.egg-info/dependency_links.txt
[2.157s] writing top-level names to easy_handeye2_msgs.egg-info/top_level.txt
[2.158s] writing manifest file 'easy_handeye2_msgs.egg-info/SOURCES.txt'
[2.159s] reading manifest file 'easy_handeye2_msgs.egg-info/SOURCES.txt'
[2.160s] writing manifest file 'easy_handeye2_msgs.egg-info/SOURCES.txt'
[2.199s] [  0%] Built target ament_cmake_python_build_easy_handeye2_msgs_egg
[3.307s] [  3%] [32mBuilding C object CMakeFiles/easy_handeye2_msgs__rosidl_generator_c.dir/rosidl_generator_c/easy_handeye2_msgs/msg/detail/sample__functions.c.o[0m
[3.309s] [  3%] [32mBuilding C object CMakeFiles/easy_handeye2_msgs__rosidl_generator_c.dir/rosidl_generator_c/easy_handeye2_msgs/msg/detail/target_pose_list__functions.c.o[0m
[3.309s] [  3%] [32mBuilding C object CMakeFiles/easy_handeye2_msgs__rosidl_generator_c.dir/rosidl_generator_c/easy_handeye2_msgs/srv/detail/list_algorithms__functions.c.o[0m
[3.310s] [  3%] [32mBuilding C object CMakeFiles/easy_handeye2_msgs__rosidl_generator_c.dir/rosidl_generator_c/easy_handeye2_msgs/srv/detail/set_algorithm__functions.c.o[0m
[3.311s] [  3%] [32mBuilding C object CMakeFiles/easy_handeye2_msgs__rosidl_generator_c.dir/rosidl_generator_c/easy_handeye2_msgs/msg/detail/handeye_calibration__functions.c.o[0m
[3.313s] [  4%] [32mBuilding C object CMakeFiles/easy_handeye2_msgs__rosidl_generator_c.dir/rosidl_generator_c/easy_handeye2_msgs/msg/detail/sample_list__functions.c.o[0m
[3.313s] [  4%] [32mBuilding C object CMakeFiles/easy_handeye2_msgs__rosidl_generator_c.dir/rosidl_generator_c/easy_handeye2_msgs/msg/detail/handeye_calibration_parameters__functions.c.o[0m
[3.313s] [  4%] [32mBuilding C object CMakeFiles/easy_handeye2_msgs__rosidl_generator_c.dir/rosidl_generator_c/easy_handeye2_msgs/srv/detail/remove_sample__functions.c.o[0m
[3.314s] [  5%] [32mBuilding C object CMakeFiles/easy_handeye2_msgs__rosidl_generator_c.dir/rosidl_generator_c/easy_handeye2_msgs/srv/detail/save_calibration__functions.c.o[0m
[3.314s] [  6%] [32mBuilding C object CMakeFiles/easy_handeye2_msgs__rosidl_generator_c.dir/rosidl_generator_c/easy_handeye2_msgs/srv/detail/compute_calibration__functions.c.o[0m
[3.318s] [  7%] [32mBuilding C object CMakeFiles/easy_handeye2_msgs__rosidl_generator_c.dir/rosidl_generator_c/easy_handeye2_msgs/srv/detail/take_sample__functions.c.o[0m
[3.338s] [  8%] [32mBuilding C object CMakeFiles/easy_handeye2_msgs__rosidl_generator_c.dir/rosidl_generator_c/easy_handeye2_msgs/srv/detail/check_starting_pose__functions.c.o[0m
[3.347s] [  8%] [32mBuilding C object CMakeFiles/easy_handeye2_msgs__rosidl_generator_c.dir/rosidl_generator_c/easy_handeye2_msgs/srv/detail/save_samples__functions.c.o[0m
[3.348s] [  8%] [32mBuilding C object CMakeFiles/easy_handeye2_msgs__rosidl_generator_c.dir/rosidl_generator_c/easy_handeye2_msgs/srv/detail/enumerate_target_poses__functions.c.o[0m
[3.353s] [  9%] [32mBuilding C object CMakeFiles/easy_handeye2_msgs__rosidl_generator_c.dir/rosidl_generator_c/easy_handeye2_msgs/srv/detail/load_samples__functions.c.o[0m
[3.496s] [ 10%] [32mBuilding C object CMakeFiles/easy_handeye2_msgs__rosidl_generator_c.dir/rosidl_generator_c/easy_handeye2_msgs/srv/detail/select_target_pose__functions.c.o[0m
[3.502s] [ 11%] [32mBuilding C object CMakeFiles/easy_handeye2_msgs__rosidl_generator_c.dir/rosidl_generator_c/easy_handeye2_msgs/srv/detail/execute_plan__functions.c.o[0m
[3.506s] [ 11%] [32mBuilding C object CMakeFiles/easy_handeye2_msgs__rosidl_generator_c.dir/rosidl_generator_c/easy_handeye2_msgs/srv/detail/plan_to_selected_target_pose__functions.c.o[0m
[3.709s] [ 12%] [32m[1mLinking C shared library libeasy_handeye2_msgs__rosidl_generator_c.so[0m
[3.714s] [ 12%] Built target easy_handeye2_msgs__cpp
[3.727s] [ 13%] [34m[1mGenerating C++ type support dispatch for ROS interfaces[0m
[3.727s] [ 14%] [34m[1mGenerating C++ type support for eProsima Fast-RTPS[0m
[3.729s] [ 14%] [34m[1mGenerating C++ introspection for ROS interfaces[0m
[3.762s] [ 14%] Built target easy_handeye2_msgs__rosidl_generator_c
[3.775s] [ 17%] [34m[1mGenerating C type support dispatch for ROS interfaces[0m
[3.775s] [ 17%] [34m[1mGenerating C introspection for ROS interfaces[0m
[3.775s] [ 17%] [34m[1mGenerating C type support for eProsima Fast-RTPS[0m
[4.436s] [ 17%] [32mBuilding CXX object CMakeFiles/easy_handeye2_msgs__rosidl_typesupport_cpp.dir/rosidl_typesupport_cpp/easy_handeye2_msgs/msg/sample_list__type_support.cpp.o[0m
[4.437s] [ 17%] [32mBuilding CXX object CMakeFiles/easy_handeye2_msgs__rosidl_typesupport_cpp.dir/rosidl_typesupport_cpp/easy_handeye2_msgs/msg/handeye_calibration__type_support.cpp.o[0m
[4.437s] [ 18%] [32mBuilding CXX object CMakeFiles/easy_handeye2_msgs__rosidl_typesupport_cpp.dir/rosidl_typesupport_cpp/easy_handeye2_msgs/msg/handeye_calibration_parameters__type_support.cpp.o[0m
[4.441s] [ 19%] [32mBuilding CXX object CMakeFiles/easy_handeye2_msgs__rosidl_typesupport_cpp.dir/rosidl_typesupport_cpp/easy_handeye2_msgs/srv/list_algorithms__type_support.cpp.o[0m
[4.442s] [ 19%] [32mBuilding CXX object CMakeFiles/easy_handeye2_msgs__rosidl_typesupport_cpp.dir/rosidl_typesupport_cpp/easy_handeye2_msgs/msg/sample__type_support.cpp.o[0m
[4.444s] [ 19%] [32mBuilding CXX object CMakeFiles/easy_handeye2_msgs__rosidl_typesupport_cpp.dir/rosidl_typesupport_cpp/easy_handeye2_msgs/srv/save_calibration__type_support.cpp.o[0m
[4.447s] [ 20%] [32mBuilding CXX object CMakeFiles/easy_handeye2_msgs__rosidl_typesupport_cpp.dir/rosidl_typesupport_cpp/easy_handeye2_msgs/msg/target_pose_list__type_support.cpp.o[0m
[4.449s] [ 21%] [32mBuilding CXX object CMakeFiles/easy_handeye2_msgs__rosidl_typesupport_cpp.dir/rosidl_typesupport_cpp/easy_handeye2_msgs/srv/set_algorithm__type_support.cpp.o[0m
[4.452s] [ 21%] [32mBuilding CXX object CMakeFiles/easy_handeye2_msgs__rosidl_typesupport_cpp.dir/rosidl_typesupport_cpp/easy_handeye2_msgs/srv/take_sample__type_support.cpp.o[0m
[4.453s] [ 22%] [32mBuilding CXX object CMakeFiles/easy_handeye2_msgs__rosidl_typesupport_cpp.dir/rosidl_typesupport_cpp/easy_handeye2_msgs/srv/compute_calibration__type_support.cpp.o[0m
[4.455s] [ 23%] [32mBuilding CXX object CMakeFiles/easy_handeye2_msgs__rosidl_typesupport_cpp.dir/rosidl_typesupport_cpp/easy_handeye2_msgs/srv/remove_sample__type_support.cpp.o[0m
[4.912s] [ 23%] [32mBuilding CXX object CMakeFiles/easy_handeye2_msgs__rosidl_typesupport_c.dir/rosidl_typesupport_c/easy_handeye2_msgs/msg/handeye_calibration__type_support.cpp.o[0m
[4.917s] [ 24%] [32mBuilding CXX object CMakeFiles/easy_handeye2_msgs__rosidl_typesupport_cpp.dir/rosidl_typesupport_cpp/easy_handeye2_msgs/srv/save_samples__type_support.cpp.o[0m
[4.951s] [ 25%] [32mBuilding CXX object CMakeFiles/easy_handeye2_msgs__rosidl_typesupport_c.dir/rosidl_typesupport_c/easy_handeye2_msgs/msg/handeye_calibration_parameters__type_support.cpp.o[0m
[4.957s] [ 26%] [32mBuilding CXX object CMakeFiles/easy_handeye2_msgs__rosidl_typesupport_cpp.dir/rosidl_typesupport_cpp/easy_handeye2_msgs/srv/load_samples__type_support.cpp.o[0m
[4.963s] [ 26%] [32mBuilding CXX object CMakeFiles/easy_handeye2_msgs__rosidl_typesupport_c.dir/rosidl_typesupport_c/easy_handeye2_msgs/msg/sample__type_support.cpp.o[0m
[4.968s] [ 26%] [32mBuilding CXX object CMakeFiles/easy_handeye2_msgs__rosidl_typesupport_cpp.dir/rosidl_typesupport_cpp/easy_handeye2_msgs/srv/check_starting_pose__type_support.cpp.o[0m
[4.984s] [ 27%] [32mBuilding CXX object CMakeFiles/easy_handeye2_msgs__rosidl_typesupport_cpp.dir/rosidl_typesupport_cpp/easy_handeye2_msgs/srv/enumerate_target_poses__type_support.cpp.o[0m
[4.997s] [ 28%] [32mBuilding CXX object CMakeFiles/easy_handeye2_msgs__rosidl_typesupport_c.dir/rosidl_typesupport_c/easy_handeye2_msgs/msg/sample_list__type_support.cpp.o[0m
[5.001s] [ 29%] [32mBuilding CXX object CMakeFiles/easy_handeye2_msgs__rosidl_typesupport_c.dir/rosidl_typesupport_c/easy_handeye2_msgs/msg/target_pose_list__type_support.cpp.o[0m
[5.001s] [ 29%] [32mBuilding CXX object CMakeFiles/easy_handeye2_msgs__rosidl_typesupport_c.dir/rosidl_typesupport_c/easy_handeye2_msgs/srv/list_algorithms__type_support.cpp.o[0m
[5.029s] [ 30%] [32mBuilding CXX object CMakeFiles/easy_handeye2_msgs__rosidl_typesupport_c.dir/rosidl_typesupport_c/easy_handeye2_msgs/srv/set_algorithm__type_support.cpp.o[0m
[5.033s] [ 30%] [32mBuilding CXX object CMakeFiles/easy_handeye2_msgs__rosidl_typesupport_cpp.dir/rosidl_typesupport_cpp/easy_handeye2_msgs/srv/select_target_pose__type_support.cpp.o[0m
[5.041s] [ 30%] [32mBuilding CXX object CMakeFiles/easy_handeye2_msgs__rosidl_typesupport_c.dir/rosidl_typesupport_c/easy_handeye2_msgs/srv/compute_calibration__type_support.cpp.o[0m
[5.045s] [ 31%] [32mBuilding CXX object CMakeFiles/easy_handeye2_msgs__rosidl_typesupport_cpp.dir/rosidl_typesupport_cpp/easy_handeye2_msgs/srv/plan_to_selected_target_pose__type_support.cpp.o[0m
[5.059s] [ 32%] [32mBuilding CXX object CMakeFiles/easy_handeye2_msgs__rosidl_typesupport_c.dir/rosidl_typesupport_c/easy_handeye2_msgs/srv/save_calibration__type_support.cpp.o[0m
[5.059s] [ 33%] [32mBuilding CXX object CMakeFiles/easy_handeye2_msgs__rosidl_typesupport_cpp.dir/rosidl_typesupport_cpp/easy_handeye2_msgs/srv/execute_plan__type_support.cpp.o[0m
[5.073s] [ 34%] [32mBuilding CXX object CMakeFiles/easy_handeye2_msgs__rosidl_typesupport_c.dir/rosidl_typesupport_c/easy_handeye2_msgs/srv/remove_sample__type_support.cpp.o[0m
[5.079s] [ 34%] [32mBuilding CXX object CMakeFiles/easy_handeye2_msgs__rosidl_typesupport_c.dir/rosidl_typesupport_c/easy_handeye2_msgs/srv/take_sample__type_support.cpp.o[0m
[5.080s] [ 35%] [32mBuilding CXX object CMakeFiles/easy_handeye2_msgs__rosidl_typesupport_c.dir/rosidl_typesupport_c/easy_handeye2_msgs/srv/save_samples__type_support.cpp.o[0m
[5.136s] [ 36%] [32mBuilding CXX object CMakeFiles/easy_handeye2_msgs__rosidl_typesupport_c.dir/rosidl_typesupport_c/easy_handeye2_msgs/srv/check_starting_pose__type_support.cpp.o[0m
[5.140s] [ 36%] [32mBuilding CXX object CMakeFiles/easy_handeye2_msgs__rosidl_typesupport_c.dir/rosidl_typesupport_c/easy_handeye2_msgs/srv/load_samples__type_support.cpp.o[0m
[5.166s] [ 37%] [32mBuilding CXX object CMakeFiles/easy_handeye2_msgs__rosidl_typesupport_c.dir/rosidl_typesupport_c/easy_handeye2_msgs/srv/enumerate_target_poses__type_support.cpp.o[0m
[5.189s] [ 37%] [32mBuilding CXX object CMakeFiles/easy_handeye2_msgs__rosidl_typesupport_c.dir/rosidl_typesupport_c/easy_handeye2_msgs/srv/select_target_pose__type_support.cpp.o[0m
[5.224s] [ 38%] [32mBuilding CXX object CMakeFiles/easy_handeye2_msgs__rosidl_typesupport_c.dir/rosidl_typesupport_c/easy_handeye2_msgs/srv/plan_to_selected_target_pose__type_support.cpp.o[0m
[5.229s] [ 38%] [32mBuilding CXX object CMakeFiles/easy_handeye2_msgs__rosidl_typesupport_c.dir/rosidl_typesupport_c/easy_handeye2_msgs/srv/execute_plan__type_support.cpp.o[0m
[5.294s] [ 39%] [32m[1mLinking CXX shared library libeasy_handeye2_msgs__rosidl_typesupport_c.so[0m
[5.344s] [ 39%] [32mBuilding CXX object CMakeFiles/easy_handeye2_msgs__rosidl_typesupport_introspection_cpp.dir/rosidl_typesupport_introspection_cpp/easy_handeye2_msgs/msg/detail/handeye_calibration_parameters__type_support.cpp.o[0m
[5.348s] [ 40%] [32mBuilding CXX object CMakeFiles/easy_handeye2_msgs__rosidl_typesupport_introspection_cpp.dir/rosidl_typesupport_introspection_cpp/easy_handeye2_msgs/msg/detail/handeye_calibration__type_support.cpp.o[0m
[5.353s] [ 41%] [32mBuilding CXX object CMakeFiles/easy_handeye2_msgs__rosidl_typesupport_introspection_cpp.dir/rosidl_typesupport_introspection_cpp/easy_handeye2_msgs/msg/detail/sample_list__type_support.cpp.o[0m
[5.353s] [ 42%] [32mBuilding CXX object CMakeFiles/easy_handeye2_msgs__rosidl_typesupport_introspection_cpp.dir/rosidl_typesupport_introspection_cpp/easy_handeye2_msgs/msg/detail/sample__type_support.cpp.o[0m
[5.359s] [ 42%] [32mBuilding CXX object CMakeFiles/easy_handeye2_msgs__rosidl_typesupport_introspection_cpp.dir/rosidl_typesupport_introspection_cpp/easy_handeye2_msgs/msg/detail/target_pose_list__type_support.cpp.o[0m
[5.382s] [ 43%] [32mBuilding CXX object CMakeFiles/easy_handeye2_msgs__rosidl_typesupport_introspection_cpp.dir/rosidl_typesupport_introspection_cpp/easy_handeye2_msgs/srv/detail/list_algorithms__type_support.cpp.o[0m
[5.389s] [ 43%] Built target easy_handeye2_msgs__rosidl_typesupport_c
[5.400s] [ 43%] [32mBuilding CXX object CMakeFiles/easy_handeye2_msgs__rosidl_typesupport_fastrtps_c.dir/rosidl_typesupport_fastrtps_c/easy_handeye2_msgs/msg/detail/handeye_calibration__type_support_c.cpp.o[0m
[5.425s] [ 43%] [32mBuilding CXX object CMakeFiles/easy_handeye2_msgs__rosidl_typesupport_introspection_cpp.dir/rosidl_typesupport_introspection_cpp/easy_handeye2_msgs/srv/detail/set_algorithm__type_support.cpp.o[0m
[5.441s] [ 44%] [32mBuilding CXX object CMakeFiles/easy_handeye2_msgs__rosidl_typesupport_fastrtps_c.dir/rosidl_typesupport_fastrtps_c/easy_handeye2_msgs/msg/detail/handeye_calibration_parameters__type_support_c.cpp.o[0m
[5.448s] [ 45%] [32mBuilding CXX object CMakeFiles/easy_handeye2_msgs__rosidl_typesupport_introspection_cpp.dir/rosidl_typesupport_introspection_cpp/easy_handeye2_msgs/srv/detail/compute_calibration__type_support.cpp.o[0m
[5.462s] [ 46%] [32mBuilding CXX object CMakeFiles/easy_handeye2_msgs__rosidl_typesupport_fastrtps_c.dir/rosidl_typesupport_fastrtps_c/easy_handeye2_msgs/msg/detail/sample__type_support_c.cpp.o[0m
[5.507s] [ 46%] [32mBuilding CXX object CMakeFiles/easy_handeye2_msgs__rosidl_typesupport_fastrtps_c.dir/rosidl_typesupport_fastrtps_c/easy_handeye2_msgs/msg/detail/sample_list__type_support_c.cpp.o[0m
[5.508s] [ 47%] [32mBuilding CXX object CMakeFiles/easy_handeye2_msgs__rosidl_typesupport_introspection_cpp.dir/rosidl_typesupport_introspection_cpp/easy_handeye2_msgs/srv/detail/save_calibration__type_support.cpp.o[0m
[5.530s] [ 47%] [32m[1mLinking CXX shared library libeasy_handeye2_msgs__rosidl_typesupport_cpp.so[0m
[5.621s] [ 47%] Built target easy_handeye2_msgs__rosidl_typesupport_cpp
[5.641s] [ 48%] [32mBuilding CXX object CMakeFiles/easy_handeye2_msgs__rosidl_typesupport_fastrtps_cpp.dir/rosidl_typesupport_fastrtps_cpp/easy_handeye2_msgs/msg/detail/dds_fastrtps/handeye_calibration__type_support.cpp.o[0m
[5.657s] [ 48%] [32mBuilding CXX object CMakeFiles/easy_handeye2_msgs__rosidl_typesupport_introspection_cpp.dir/rosidl_typesupport_introspection_cpp/easy_handeye2_msgs/srv/detail/remove_sample__type_support.cpp.o[0m
[6.004s] [ 49%] [32mBuilding CXX object CMakeFiles/easy_handeye2_msgs__rosidl_typesupport_introspection_cpp.dir/rosidl_typesupport_introspection_cpp/easy_handeye2_msgs/srv/detail/take_sample__type_support.cpp.o[0m
[6.034s] [ 49%] [32mBuilding CXX object CMakeFiles/easy_handeye2_msgs__rosidl_typesupport_fastrtps_cpp.dir/rosidl_typesupport_fastrtps_cpp/easy_handeye2_msgs/msg/detail/dds_fastrtps/handeye_calibration_parameters__type_support.cpp.o[0m
[6.069s] [ 50%] [32mBuilding CXX object CMakeFiles/easy_handeye2_msgs__rosidl_typesupport_fastrtps_cpp.dir/rosidl_typesupport_fastrtps_cpp/easy_handeye2_msgs/msg/detail/dds_fastrtps/sample__type_support.cpp.o[0m
[6.094s] [ 51%] [32mBuilding CXX object CMakeFiles/easy_handeye2_msgs__rosidl_typesupport_fastrtps_c.dir/rosidl_typesupport_fastrtps_c/easy_handeye2_msgs/msg/detail/target_pose_list__type_support_c.cpp.o[0m
[6.100s] [ 51%] [32mBuilding CXX object CMakeFiles/easy_handeye2_msgs__rosidl_typesupport_fastrtps_c.dir/rosidl_typesupport_fastrtps_c/easy_handeye2_msgs/srv/detail/list_algorithms__type_support_c.cpp.o[0m
[6.110s] [ 51%] [32mBuilding CXX object CMakeFiles/easy_handeye2_msgs__rosidl_typesupport_introspection_cpp.dir/rosidl_typesupport_introspection_cpp/easy_handeye2_msgs/srv/detail/save_samples__type_support.cpp.o[0m
[6.112s] [ 52%] [32mBuilding CXX object CMakeFiles/easy_handeye2_msgs__rosidl_typesupport_fastrtps_c.dir/rosidl_typesupport_fastrtps_c/easy_handeye2_msgs/srv/detail/set_algorithm__type_support_c.cpp.o[0m
[6.121s] [ 53%] [32mBuilding CXX object CMakeFiles/easy_handeye2_msgs__rosidl_typesupport_fastrtps_c.dir/rosidl_typesupport_fastrtps_c/easy_handeye2_msgs/srv/detail/compute_calibration__type_support_c.cpp.o[0m
[6.141s] [ 53%] [32mBuilding CXX object CMakeFiles/easy_handeye2_msgs__rosidl_typesupport_fastrtps_cpp.dir/rosidl_typesupport_fastrtps_cpp/easy_handeye2_msgs/msg/detail/dds_fastrtps/sample_list__type_support.cpp.o[0m
[6.150s] [ 53%] [32mBuilding CXX object CMakeFiles/easy_handeye2_msgs__rosidl_typesupport_fastrtps_c.dir/rosidl_typesupport_fastrtps_c/easy_handeye2_msgs/srv/detail/save_calibration__type_support_c.cpp.o[0m
[6.156s] [ 54%] [32mBuilding C object CMakeFiles/easy_handeye2_msgs__rosidl_typesupport_introspection_c.dir/rosidl_typesupport_introspection_c/easy_handeye2_msgs/msg/detail/handeye_calibration__type_support.c.o[0m
[6.244s] [ 55%] [32mBuilding CXX object CMakeFiles/easy_handeye2_msgs__rosidl_typesupport_fastrtps_cpp.dir/rosidl_typesupport_fastrtps_cpp/easy_handeye2_msgs/msg/detail/dds_fastrtps/target_pose_list__type_support.cpp.o[0m
[6.263s] [ 55%] [32mBuilding C object CMakeFiles/easy_handeye2_msgs__rosidl_typesupport_introspection_c.dir/rosidl_typesupport_introspection_c/easy_handeye2_msgs/msg/detail/handeye_calibration_parameters__type_support.c.o[0m
[6.328s] [ 56%] [32mBuilding CXX object CMakeFiles/easy_handeye2_msgs__rosidl_typesupport_introspection_cpp.dir/rosidl_typesupport_introspection_cpp/easy_handeye2_msgs/srv/detail/load_samples__type_support.cpp.o[0m
[6.347s] [ 57%] [32mBuilding C object CMakeFiles/easy_handeye2_msgs__rosidl_typesupport_introspection_c.dir/rosidl_typesupport_introspection_c/easy_handeye2_msgs/msg/detail/sample__type_support.c.o[0m
[6.412s] [ 58%] [32mBuilding CXX object CMakeFiles/easy_handeye2_msgs__rosidl_typesupport_fastrtps_c.dir/rosidl_typesupport_fastrtps_c/easy_handeye2_msgs/srv/detail/remove_sample__type_support_c.cpp.o[0m
[6.428s] [ 59%] [32mBuilding C object CMakeFiles/easy_handeye2_msgs__rosidl_typesupport_introspection_c.dir/rosidl_typesupport_introspection_c/easy_handeye2_msgs/msg/detail/sample_list__type_support.c.o[0m
[6.428s] [ 59%] [32mBuilding CXX object CMakeFiles/easy_handeye2_msgs__rosidl_typesupport_fastrtps_cpp.dir/rosidl_typesupport_fastrtps_cpp/easy_handeye2_msgs/srv/detail/dds_fastrtps/list_algorithms__type_support.cpp.o[0m
[6.499s] [ 60%] [32mBuilding C object CMakeFiles/easy_handeye2_msgs__rosidl_typesupport_introspection_c.dir/rosidl_typesupport_introspection_c/easy_handeye2_msgs/msg/detail/target_pose_list__type_support.c.o[0m
[6.522s] [ 60%] [32mBuilding CXX object CMakeFiles/easy_handeye2_msgs__rosidl_typesupport_fastrtps_cpp.dir/rosidl_typesupport_fastrtps_cpp/easy_handeye2_msgs/srv/detail/dds_fastrtps/set_algorithm__type_support.cpp.o[0m
[6.604s] [ 61%] [32mBuilding C object CMakeFiles/easy_handeye2_msgs__rosidl_typesupport_introspection_c.dir/rosidl_typesupport_introspection_c/easy_handeye2_msgs/srv/detail/list_algorithms__type_support.c.o[0m
[6.710s] [ 62%] [32mBuilding CXX object CMakeFiles/easy_handeye2_msgs__rosidl_typesupport_introspection_cpp.dir/rosidl_typesupport_introspection_cpp/easy_handeye2_msgs/srv/detail/check_starting_pose__type_support.cpp.o[0m
[6.724s] [ 62%] [32mBuilding CXX object CMakeFiles/easy_handeye2_msgs__rosidl_typesupport_fastrtps_c.dir/rosidl_typesupport_fastrtps_c/easy_handeye2_msgs/srv/detail/take_sample__type_support_c.cpp.o[0m
[6.726s] [ 62%] [32mBuilding CXX object CMakeFiles/easy_handeye2_msgs__rosidl_typesupport_introspection_cpp.dir/rosidl_typesupport_introspection_cpp/easy_handeye2_msgs/srv/detail/enumerate_target_poses__type_support.cpp.o[0m
[6.744s] [ 62%] [32mBuilding C object CMakeFiles/easy_handeye2_msgs__rosidl_typesupport_introspection_c.dir/rosidl_typesupport_introspection_c/easy_handeye2_msgs/srv/detail/set_algorithm__type_support.c.o[0m
[6.745s] [ 63%] [32mBuilding CXX object CMakeFiles/easy_handeye2_msgs__rosidl_typesupport_fastrtps_cpp.dir/rosidl_typesupport_fastrtps_cpp/easy_handeye2_msgs/srv/detail/dds_fastrtps/compute_calibration__type_support.cpp.o[0m
[6.784s] [ 64%] [32mBuilding C object CMakeFiles/easy_handeye2_msgs__rosidl_typesupport_introspection_c.dir/rosidl_typesupport_introspection_c/easy_handeye2_msgs/srv/detail/compute_calibration__type_support.c.o[0m
[6.797s] [ 64%] [32mBuilding CXX object CMakeFiles/easy_handeye2_msgs__rosidl_typesupport_fastrtps_cpp.dir/rosidl_typesupport_fastrtps_cpp/easy_handeye2_msgs/srv/detail/dds_fastrtps/save_calibration__type_support.cpp.o[0m
[6.801s] [ 65%] [32mBuilding CXX object CMakeFiles/easy_handeye2_msgs__rosidl_typesupport_introspection_cpp.dir/rosidl_typesupport_introspection_cpp/easy_handeye2_msgs/srv/detail/select_target_pose__type_support.cpp.o[0m
[6.808s] [ 65%] [32mBuilding C object CMakeFiles/easy_handeye2_msgs__rosidl_typesupport_introspection_c.dir/rosidl_typesupport_introspection_c/easy_handeye2_msgs/srv/detail/save_calibration__type_support.c.o[0m
[6.810s] [ 65%] [32mBuilding CXX object CMakeFiles/easy_handeye2_msgs__rosidl_typesupport_introspection_cpp.dir/rosidl_typesupport_introspection_cpp/easy_handeye2_msgs/srv/detail/plan_to_selected_target_pose__type_support.cpp.o[0m
[6.859s] [ 66%] [32mBuilding CXX object CMakeFiles/easy_handeye2_msgs__rosidl_typesupport_fastrtps_cpp.dir/rosidl_typesupport_fastrtps_cpp/easy_handeye2_msgs/srv/detail/dds_fastrtps/remove_sample__type_support.cpp.o[0m
[6.874s] [ 67%] [32mBuilding C object CMakeFiles/easy_handeye2_msgs__rosidl_typesupport_introspection_c.dir/rosidl_typesupport_introspection_c/easy_handeye2_msgs/srv/detail/remove_sample__type_support.c.o[0m
[6.883s] [ 68%] [32mBuilding CXX object CMakeFiles/easy_handeye2_msgs__rosidl_typesupport_fastrtps_c.dir/rosidl_typesupport_fastrtps_c/easy_handeye2_msgs/srv/detail/save_samples__type_support_c.cpp.o[0m
[6.890s] [ 69%] [32mBuilding CXX object CMakeFiles/easy_handeye2_msgs__rosidl_typesupport_introspection_cpp.dir/rosidl_typesupport_introspection_cpp/easy_handeye2_msgs/srv/detail/execute_plan__type_support.cpp.o[0m
[6.967s] [ 70%] [32mBuilding C object CMakeFiles/easy_handeye2_msgs__rosidl_typesupport_introspection_c.dir/rosidl_typesupport_introspection_c/easy_handeye2_msgs/srv/detail/take_sample__type_support.c.o[0m
[7.068s] [ 70%] [32mBuilding C object CMakeFiles/easy_handeye2_msgs__rosidl_typesupport_introspection_c.dir/rosidl_typesupport_introspection_c/easy_handeye2_msgs/srv/detail/save_samples__type_support.c.o[0m
[7.098s] [ 71%] [32mBuilding CXX object CMakeFiles/easy_handeye2_msgs__rosidl_typesupport_fastrtps_c.dir/rosidl_typesupport_fastrtps_c/easy_handeye2_msgs/srv/detail/load_samples__type_support_c.cpp.o[0m
[7.118s] [ 72%] [32mBuilding CXX object CMakeFiles/easy_handeye2_msgs__rosidl_typesupport_fastrtps_cpp.dir/rosidl_typesupport_fastrtps_cpp/easy_handeye2_msgs/srv/detail/dds_fastrtps/take_sample__type_support.cpp.o[0m
[7.138s] [ 72%] [32mBuilding CXX object CMakeFiles/easy_handeye2_msgs__rosidl_typesupport_fastrtps_c.dir/rosidl_typesupport_fastrtps_c/easy_handeye2_msgs/srv/detail/check_starting_pose__type_support_c.cpp.o[0m
[7.160s] [ 73%] [32mBuilding C object CMakeFiles/easy_handeye2_msgs__rosidl_typesupport_introspection_c.dir/rosidl_typesupport_introspection_c/easy_handeye2_msgs/srv/detail/load_samples__type_support.c.o[0m
[7.265s] [ 73%] [32mBuilding C object CMakeFiles/easy_handeye2_msgs__rosidl_typesupport_introspection_c.dir/rosidl_typesupport_introspection_c/easy_handeye2_msgs/srv/detail/check_starting_pose__type_support.c.o[0m
[7.317s] [ 74%] [32mBuilding C object CMakeFiles/easy_handeye2_msgs__rosidl_typesupport_introspection_c.dir/rosidl_typesupport_introspection_c/easy_handeye2_msgs/srv/detail/enumerate_target_poses__type_support.c.o[0m
[7.350s] [ 74%] [32mBuilding CXX object CMakeFiles/easy_handeye2_msgs__rosidl_typesupport_fastrtps_cpp.dir/rosidl_typesupport_fastrtps_cpp/easy_handeye2_msgs/srv/detail/dds_fastrtps/save_samples__type_support.cpp.o[0m
[7.364s] [ 75%] [32mBuilding CXX object CMakeFiles/easy_handeye2_msgs__rosidl_typesupport_fastrtps_c.dir/rosidl_typesupport_fastrtps_c/easy_handeye2_msgs/srv/detail/enumerate_target_poses__type_support_c.cpp.o[0m
[7.402s] [ 76%] [32mBuilding C object CMakeFiles/easy_handeye2_msgs__rosidl_typesupport_introspection_c.dir/rosidl_typesupport_introspection_c/easy_handeye2_msgs/srv/detail/select_target_pose__type_support.c.o[0m
[7.428s] [ 76%] [32mBuilding C object CMakeFiles/easy_handeye2_msgs__rosidl_typesupport_introspection_c.dir/rosidl_typesupport_introspection_c/easy_handeye2_msgs/srv/detail/plan_to_selected_target_pose__type_support.c.o[0m
[7.444s] [ 77%] [32mBuilding CXX object CMakeFiles/easy_handeye2_msgs__rosidl_typesupport_fastrtps_cpp.dir/rosidl_typesupport_fastrtps_cpp/easy_handeye2_msgs/srv/detail/dds_fastrtps/load_samples__type_support.cpp.o[0m
[7.472s] [ 78%] [32mBuilding C object CMakeFiles/easy_handeye2_msgs__rosidl_typesupport_introspection_c.dir/rosidl_typesupport_introspection_c/easy_handeye2_msgs/srv/detail/execute_plan__type_support.c.o[0m
[7.476s] [ 78%] [32mBuilding CXX object CMakeFiles/easy_handeye2_msgs__rosidl_typesupport_fastrtps_cpp.dir/rosidl_typesupport_fastrtps_cpp/easy_handeye2_msgs/srv/detail/dds_fastrtps/check_starting_pose__type_support.cpp.o[0m
[7.497s] [ 79%] [32mBuilding CXX object CMakeFiles/easy_handeye2_msgs__rosidl_typesupport_fastrtps_c.dir/rosidl_typesupport_fastrtps_c/easy_handeye2_msgs/srv/detail/plan_to_selected_target_pose__type_support_c.cpp.o[0m
[7.500s] [ 79%] [32mBuilding CXX object CMakeFiles/easy_handeye2_msgs__rosidl_typesupport_fastrtps_c.dir/rosidl_typesupport_fastrtps_c/easy_handeye2_msgs/srv/detail/select_target_pose__type_support_c.cpp.o[0m
[7.500s] [ 80%] [32mBuilding CXX object CMakeFiles/easy_handeye2_msgs__rosidl_typesupport_fastrtps_cpp.dir/rosidl_typesupport_fastrtps_cpp/easy_handeye2_msgs/srv/detail/dds_fastrtps/enumerate_target_poses__type_support.cpp.o[0m
[7.552s] [ 80%] [32m[1mLinking C shared library libeasy_handeye2_msgs__rosidl_typesupport_introspection_c.so[0m
[7.555s] [ 81%] [32mBuilding CXX object CMakeFiles/easy_handeye2_msgs__rosidl_typesupport_fastrtps_cpp.dir/rosidl_typesupport_fastrtps_cpp/easy_handeye2_msgs/srv/detail/dds_fastrtps/select_target_pose__type_support.cpp.o[0m
[7.566s] [ 82%] [32mBuilding CXX object CMakeFiles/easy_handeye2_msgs__rosidl_typesupport_fastrtps_c.dir/rosidl_typesupport_fastrtps_c/easy_handeye2_msgs/srv/detail/execute_plan__type_support_c.cpp.o[0m
[7.623s] [ 82%] [32mBuilding CXX object CMakeFiles/easy_handeye2_msgs__rosidl_typesupport_fastrtps_cpp.dir/rosidl_typesupport_fastrtps_cpp/easy_handeye2_msgs/srv/detail/dds_fastrtps/plan_to_selected_target_pose__type_support.cpp.o[0m
[7.649s] [ 83%] [32m[1mLinking CXX shared library libeasy_handeye2_msgs__rosidl_typesupport_introspection_cpp.so[0m
[7.659s] [ 83%] Built target easy_handeye2_msgs__rosidl_typesupport_introspection_c
[7.669s] [ 84%] [32mBuilding CXX object CMakeFiles/easy_handeye2_msgs__rosidl_typesupport_fastrtps_cpp.dir/rosidl_typesupport_fastrtps_cpp/easy_handeye2_msgs/srv/detail/dds_fastrtps/execute_plan__type_support.cpp.o[0m
[7.813s] [ 84%] Built target easy_handeye2_msgs__rosidl_typesupport_introspection_cpp
[8.070s] [ 84%] [32m[1mLinking CXX shared library libeasy_handeye2_msgs__rosidl_typesupport_fastrtps_c.so[0m
[8.158s] [ 84%] Built target easy_handeye2_msgs__rosidl_typesupport_fastrtps_c
[8.178s] [ 84%] [32m[1mLinking CXX shared library libeasy_handeye2_msgs__rosidl_typesupport_fastrtps_cpp.so[0m
[8.247s] [ 84%] Built target easy_handeye2_msgs__rosidl_typesupport_fastrtps_cpp
[8.266s] [ 84%] Built target easy_handeye2_msgs
[8.285s] [ 85%] [34m[1mGenerating Python code for ROS interfaces[0m
[10.072s] [ 85%] Built target easy_handeye2_msgs__py
[10.095s] [ 87%] [32mBuilding C object CMakeFiles/easy_handeye2_msgs__rosidl_generator_py.dir/rosidl_generator_py/easy_handeye2_msgs/msg/_sample_s.c.o[0m
[10.095s] [ 87%] [32mBuilding C object CMakeFiles/easy_handeye2_msgs__rosidl_generator_py.dir/rosidl_generator_py/easy_handeye2_msgs/srv/_list_algorithms_s.c.o[0m
[10.095s] [ 88%] [32mBuilding C object CMakeFiles/easy_handeye2_msgs__rosidl_generator_py.dir/rosidl_generator_py/easy_handeye2_msgs/msg/_handeye_calibration_parameters_s.c.o[0m
[10.095s] [ 88%] [32mBuilding C object CMakeFiles/easy_handeye2_msgs__rosidl_generator_py.dir/rosidl_generator_py/easy_handeye2_msgs/msg/_sample_list_s.c.o[0m
[10.095s] [ 88%] [32mBuilding C object CMakeFiles/easy_handeye2_msgs__rosidl_generator_py.dir/rosidl_generator_py/easy_handeye2_msgs/srv/_compute_calibration_s.c.o[0m
[10.095s] [ 88%] [32mBuilding C object CMakeFiles/easy_handeye2_msgs__rosidl_generator_py.dir/rosidl_generator_py/easy_handeye2_msgs/srv/_take_sample_s.c.o[0m
[10.096s] [ 87%] [32mBuilding C object CMakeFiles/easy_handeye2_msgs__rosidl_generator_py.dir/rosidl_generator_py/easy_handeye2_msgs/msg/_target_pose_list_s.c.o[0m
[10.096s] [ 87%] [32mBuilding C object CMakeFiles/easy_handeye2_msgs__rosidl_generator_py.dir/rosidl_generator_py/easy_handeye2_msgs/msg/_handeye_calibration_s.c.o[0m
[10.096s] [ 92%] [32mBuilding C object CMakeFiles/easy_handeye2_msgs__rosidl_generator_py.dir/rosidl_generator_py/easy_handeye2_msgs/srv/_load_samples_s.c.o[0m
[10.096s] [ 92%] [32mBuilding C object CMakeFiles/easy_handeye2_msgs__rosidl_generator_py.dir/rosidl_generator_py/easy_handeye2_msgs/srv/_check_starting_pose_s.c.o[0m
[10.096s] [ 90%] [32mBuilding C object CMakeFiles/easy_handeye2_msgs__rosidl_generator_py.dir/rosidl_generator_py/easy_handeye2_msgs/srv/_save_calibration_s.c.o[0m
[10.096s] [ 92%] [32mBuilding C object CMakeFiles/easy_handeye2_msgs__rosidl_generator_py.dir/rosidl_generator_py/easy_handeye2_msgs/srv/_save_samples_s.c.o[0m
[10.096s] [ 93%] [32mBuilding C object CMakeFiles/easy_handeye2_msgs__rosidl_generator_py.dir/rosidl_generator_py/easy_handeye2_msgs/srv/_remove_sample_s.c.o[0m
[10.096s] [ 93%] [32mBuilding C object CMakeFiles/easy_handeye2_msgs__rosidl_generator_py.dir/rosidl_generator_py/easy_handeye2_msgs/srv/_set_algorithm_s.c.o[0m
[10.104s] [ 94%] [32mBuilding C object CMakeFiles/easy_handeye2_msgs__rosidl_generator_py.dir/rosidl_generator_py/easy_handeye2_msgs/srv/_enumerate_target_poses_s.c.o[0m
[10.104s] [ 94%] [32mBuilding C object CMakeFiles/easy_handeye2_msgs__rosidl_generator_py.dir/rosidl_generator_py/easy_handeye2_msgs/srv/_select_target_pose_s.c.o[0m
[10.281s] [ 95%] [32mBuilding C object CMakeFiles/easy_handeye2_msgs__rosidl_generator_py.dir/rosidl_generator_py/easy_handeye2_msgs/srv/_execute_plan_s.c.o[0m
[10.281s] [ 95%] [32mBuilding C object CMakeFiles/easy_handeye2_msgs__rosidl_generator_py.dir/rosidl_generator_py/easy_handeye2_msgs/srv/_plan_to_selected_target_pose_s.c.o[0m
[10.388s] [ 96%] [32m[1mLinking C shared library rosidl_generator_py/easy_handeye2_msgs/libeasy_handeye2_msgs__rosidl_generator_py.so[0m
[10.432s] [ 96%] Built target easy_handeye2_msgs__rosidl_generator_py
[10.450s] [ 99%] [32mBuilding C object CMakeFiles/easy_handeye2_msgs__rosidl_typesupport_introspection_c__pyext.dir/rosidl_generator_py/easy_handeye2_msgs/_easy_handeye2_msgs_s.ep.rosidl_typesupport_introspection_c.c.o[0m
[10.450s] [ 99%] [32mBuilding C object CMakeFiles/easy_handeye2_msgs__rosidl_typesupport_c__pyext.dir/rosidl_generator_py/easy_handeye2_msgs/_easy_handeye2_msgs_s.ep.rosidl_typesupport_c.c.o[0m
[10.451s] [ 99%] [32mBuilding C object CMakeFiles/easy_handeye2_msgs__rosidl_typesupport_fastrtps_c__pyext.dir/rosidl_generator_py/easy_handeye2_msgs/_easy_handeye2_msgs_s.ep.rosidl_typesupport_fastrtps_c.c.o[0m
[10.813s] [ 99%] [32m[1mLinking C shared library rosidl_generator_py/easy_handeye2_msgs/easy_handeye2_msgs_s__rosidl_typesupport_c.cpython-310-x86_64-linux-gnu.so[0m
[10.817s] [ 99%] [32m[1mLinking C shared library rosidl_generator_py/easy_handeye2_msgs/easy_handeye2_msgs_s__rosidl_typesupport_fastrtps_c.cpython-310-x86_64-linux-gnu.so[0m
[10.817s] [100%] [32m[1mLinking C shared library rosidl_generator_py/easy_handeye2_msgs/easy_handeye2_msgs_s__rosidl_typesupport_introspection_c.cpython-310-x86_64-linux-gnu.so[0m
[10.852s] [100%] Built target easy_handeye2_msgs__rosidl_typesupport_c__pyext
[10.853s] [100%] Built target easy_handeye2_msgs__rosidl_typesupport_fastrtps_c__pyext
[10.854s] [100%] Built target easy_handeye2_msgs__rosidl_typesupport_introspection_c__pyext
[10.867s] Invoked command in '/home/futill/dummy_ros/build/easy_handeye2_msgs' returned '0': CMAKE_PREFIX_PATH=/opt/ros/humble /usr/bin/cmake --build /home/futill/dummy_ros/build/easy_handeye2_msgs -- -j16 -l16
[10.868s] Invoking command in '/home/futill/dummy_ros/build/easy_handeye2_msgs': CMAKE_PREFIX_PATH=/opt/ros/humble /usr/bin/cmake --install /home/futill/dummy_ros/build/easy_handeye2_msgs
[10.875s] -- Install configuration: "Release"
[10.876s] -- Execute custom install script
[10.876s] -- Symlinking: /home/futill/dummy_ros/install/share/ament_index/resource_index/rosidl_interfaces/easy_handeye2_msgs
[10.885s] -- Symlinking: /home/futill/dummy_ros/install/include/easy_handeye2_msgs/easy_handeye2_msgs/msg/detail/handeye_calibration__functions.h
[10.893s] -- Symlinking: /home/futill/dummy_ros/install/include/easy_handeye2_msgs/easy_handeye2_msgs/msg/detail/handeye_calibration__struct.h
[10.901s] -- Symlinking: /home/futill/dummy_ros/install/include/easy_handeye2_msgs/easy_handeye2_msgs/msg/detail/handeye_calibration__type_support.h
[10.908s] -- Symlinking: /home/futill/dummy_ros/install/include/easy_handeye2_msgs/easy_handeye2_msgs/msg/detail/handeye_calibration_parameters__functions.h
[10.916s] -- Symlinking: /home/futill/dummy_ros/install/include/easy_handeye2_msgs/easy_handeye2_msgs/msg/detail/handeye_calibration_parameters__struct.h
[10.924s] -- Symlinking: /home/futill/dummy_ros/install/include/easy_handeye2_msgs/easy_handeye2_msgs/msg/detail/handeye_calibration_parameters__type_support.h
[10.932s] -- Symlinking: /home/futill/dummy_ros/install/include/easy_handeye2_msgs/easy_handeye2_msgs/msg/detail/sample__functions.h
[10.940s] -- Symlinking: /home/futill/dummy_ros/install/include/easy_handeye2_msgs/easy_handeye2_msgs/msg/detail/sample__struct.h
[10.947s] -- Symlinking: /home/futill/dummy_ros/install/include/easy_handeye2_msgs/easy_handeye2_msgs/msg/detail/sample__type_support.h
[10.955s] -- Symlinking: /home/futill/dummy_ros/install/include/easy_handeye2_msgs/easy_handeye2_msgs/msg/detail/sample_list__functions.h
[10.963s] -- Symlinking: /home/futill/dummy_ros/install/include/easy_handeye2_msgs/easy_handeye2_msgs/msg/detail/sample_list__struct.h
[10.971s] -- Symlinking: /home/futill/dummy_ros/install/include/easy_handeye2_msgs/easy_handeye2_msgs/msg/detail/sample_list__type_support.h
[10.979s] -- Symlinking: /home/futill/dummy_ros/install/include/easy_handeye2_msgs/easy_handeye2_msgs/msg/detail/target_pose_list__functions.h
[10.987s] -- Symlinking: /home/futill/dummy_ros/install/include/easy_handeye2_msgs/easy_handeye2_msgs/msg/detail/target_pose_list__struct.h
[10.994s] -- Symlinking: /home/futill/dummy_ros/install/include/easy_handeye2_msgs/easy_handeye2_msgs/msg/detail/target_pose_list__type_support.h
[11.002s] -- Symlinking: /home/futill/dummy_ros/install/include/easy_handeye2_msgs/easy_handeye2_msgs/msg/handeye_calibration.h
[11.010s] -- Symlinking: /home/futill/dummy_ros/install/include/easy_handeye2_msgs/easy_handeye2_msgs/msg/handeye_calibration_parameters.h
[11.018s] -- Symlinking: /home/futill/dummy_ros/install/include/easy_handeye2_msgs/easy_handeye2_msgs/msg/rosidl_generator_c__visibility_control.h
[11.025s] -- Symlinking: /home/futill/dummy_ros/install/include/easy_handeye2_msgs/easy_handeye2_msgs/msg/sample.h
[11.033s] -- Symlinking: /home/futill/dummy_ros/install/include/easy_handeye2_msgs/easy_handeye2_msgs/msg/sample_list.h
[11.041s] -- Symlinking: /home/futill/dummy_ros/install/include/easy_handeye2_msgs/easy_handeye2_msgs/msg/target_pose_list.h
[11.048s] -- Symlinking: /home/futill/dummy_ros/install/include/easy_handeye2_msgs/easy_handeye2_msgs/srv/check_starting_pose.h
[11.056s] -- Symlinking: /home/futill/dummy_ros/install/include/easy_handeye2_msgs/easy_handeye2_msgs/srv/compute_calibration.h
[11.064s] -- Symlinking: /home/futill/dummy_ros/install/include/easy_handeye2_msgs/easy_handeye2_msgs/srv/detail/check_starting_pose__functions.h
[11.072s] -- Symlinking: /home/futill/dummy_ros/install/include/easy_handeye2_msgs/easy_handeye2_msgs/srv/detail/check_starting_pose__struct.h
[11.079s] -- Symlinking: /home/futill/dummy_ros/install/include/easy_handeye2_msgs/easy_handeye2_msgs/srv/detail/check_starting_pose__type_support.h
[11.087s] -- Symlinking: /home/futill/dummy_ros/install/include/easy_handeye2_msgs/easy_handeye2_msgs/srv/detail/compute_calibration__functions.h
[11.094s] -- Symlinking: /home/futill/dummy_ros/install/include/easy_handeye2_msgs/easy_handeye2_msgs/srv/detail/compute_calibration__struct.h
[11.101s] -- Symlinking: /home/futill/dummy_ros/install/include/easy_handeye2_msgs/easy_handeye2_msgs/srv/detail/compute_calibration__type_support.h
[11.109s] -- Symlinking: /home/futill/dummy_ros/install/include/easy_handeye2_msgs/easy_handeye2_msgs/srv/detail/enumerate_target_poses__functions.h
[11.117s] -- Symlinking: /home/futill/dummy_ros/install/include/easy_handeye2_msgs/easy_handeye2_msgs/srv/detail/enumerate_target_poses__struct.h
[11.124s] -- Symlinking: /home/futill/dummy_ros/install/include/easy_handeye2_msgs/easy_handeye2_msgs/srv/detail/enumerate_target_poses__type_support.h
[11.131s] -- Symlinking: /home/futill/dummy_ros/install/include/easy_handeye2_msgs/easy_handeye2_msgs/srv/detail/execute_plan__functions.h
[11.138s] -- Symlinking: /home/futill/dummy_ros/install/include/easy_handeye2_msgs/easy_handeye2_msgs/srv/detail/execute_plan__struct.h
[11.146s] -- Symlinking: /home/futill/dummy_ros/install/include/easy_handeye2_msgs/easy_handeye2_msgs/srv/detail/execute_plan__type_support.h
[11.153s] -- Symlinking: /home/futill/dummy_ros/install/include/easy_handeye2_msgs/easy_handeye2_msgs/srv/detail/list_algorithms__functions.h
[11.160s] -- Symlinking: /home/futill/dummy_ros/install/include/easy_handeye2_msgs/easy_handeye2_msgs/srv/detail/list_algorithms__struct.h
[11.168s] -- Symlinking: /home/futill/dummy_ros/install/include/easy_handeye2_msgs/easy_handeye2_msgs/srv/detail/list_algorithms__type_support.h
[11.176s] -- Symlinking: /home/futill/dummy_ros/install/include/easy_handeye2_msgs/easy_handeye2_msgs/srv/detail/load_samples__functions.h
[11.184s] -- Symlinking: /home/futill/dummy_ros/install/include/easy_handeye2_msgs/easy_handeye2_msgs/srv/detail/load_samples__struct.h
[11.192s] -- Symlinking: /home/futill/dummy_ros/install/include/easy_handeye2_msgs/easy_handeye2_msgs/srv/detail/load_samples__type_support.h
[11.199s] -- Symlinking: /home/futill/dummy_ros/install/include/easy_handeye2_msgs/easy_handeye2_msgs/srv/detail/plan_to_selected_target_pose__functions.h
[11.206s] -- Symlinking: /home/futill/dummy_ros/install/include/easy_handeye2_msgs/easy_handeye2_msgs/srv/detail/plan_to_selected_target_pose__struct.h
[11.213s] -- Symlinking: /home/futill/dummy_ros/install/include/easy_handeye2_msgs/easy_handeye2_msgs/srv/detail/plan_to_selected_target_pose__type_support.h
[11.221s] -- Symlinking: /home/futill/dummy_ros/install/include/easy_handeye2_msgs/easy_handeye2_msgs/srv/detail/remove_sample__functions.h
[11.228s] -- Symlinking: /home/futill/dummy_ros/install/include/easy_handeye2_msgs/easy_handeye2_msgs/srv/detail/remove_sample__struct.h
[11.235s] -- Symlinking: /home/futill/dummy_ros/install/include/easy_handeye2_msgs/easy_handeye2_msgs/srv/detail/remove_sample__type_support.h
[11.243s] -- Symlinking: /home/futill/dummy_ros/install/include/easy_handeye2_msgs/easy_handeye2_msgs/srv/detail/save_calibration__functions.h
[11.251s] -- Symlinking: /home/futill/dummy_ros/install/include/easy_handeye2_msgs/easy_handeye2_msgs/srv/detail/save_calibration__struct.h
[11.258s] -- Symlinking: /home/futill/dummy_ros/install/include/easy_handeye2_msgs/easy_handeye2_msgs/srv/detail/save_calibration__type_support.h
[11.266s] -- Symlinking: /home/futill/dummy_ros/install/include/easy_handeye2_msgs/easy_handeye2_msgs/srv/detail/save_samples__functions.h
[11.273s] -- Symlinking: /home/futill/dummy_ros/install/include/easy_handeye2_msgs/easy_handeye2_msgs/srv/detail/save_samples__struct.h
[11.280s] -- Symlinking: /home/futill/dummy_ros/install/include/easy_handeye2_msgs/easy_handeye2_msgs/srv/detail/save_samples__type_support.h
[11.288s] -- Symlinking: /home/futill/dummy_ros/install/include/easy_handeye2_msgs/easy_handeye2_msgs/srv/detail/select_target_pose__functions.h
[11.296s] -- Symlinking: /home/futill/dummy_ros/install/include/easy_handeye2_msgs/easy_handeye2_msgs/srv/detail/select_target_pose__struct.h
[11.304s] -- Symlinking: /home/futill/dummy_ros/install/include/easy_handeye2_msgs/easy_handeye2_msgs/srv/detail/select_target_pose__type_support.h
[11.311s] -- Symlinking: /home/futill/dummy_ros/install/include/easy_handeye2_msgs/easy_handeye2_msgs/srv/detail/set_algorithm__functions.h
[11.319s] -- Symlinking: /home/futill/dummy_ros/install/include/easy_handeye2_msgs/easy_handeye2_msgs/srv/detail/set_algorithm__struct.h
[11.327s] -- Symlinking: /home/futill/dummy_ros/install/include/easy_handeye2_msgs/easy_handeye2_msgs/srv/detail/set_algorithm__type_support.h
[11.334s] -- Symlinking: /home/futill/dummy_ros/install/include/easy_handeye2_msgs/easy_handeye2_msgs/srv/detail/take_sample__functions.h
[11.341s] -- Symlinking: /home/futill/dummy_ros/install/include/easy_handeye2_msgs/easy_handeye2_msgs/srv/detail/take_sample__struct.h
[11.349s] -- Symlinking: /home/futill/dummy_ros/install/include/easy_handeye2_msgs/easy_handeye2_msgs/srv/detail/take_sample__type_support.h
[11.357s] -- Symlinking: /home/futill/dummy_ros/install/include/easy_handeye2_msgs/easy_handeye2_msgs/srv/enumerate_target_poses.h
[11.365s] -- Symlinking: /home/futill/dummy_ros/install/include/easy_handeye2_msgs/easy_handeye2_msgs/srv/execute_plan.h
[11.373s] -- Symlinking: /home/futill/dummy_ros/install/include/easy_handeye2_msgs/easy_handeye2_msgs/srv/list_algorithms.h
[11.381s] -- Symlinking: /home/futill/dummy_ros/install/include/easy_handeye2_msgs/easy_handeye2_msgs/srv/load_samples.h
[11.388s] -- Symlinking: /home/futill/dummy_ros/install/include/easy_handeye2_msgs/easy_handeye2_msgs/srv/plan_to_selected_target_pose.h
[11.396s] -- Symlinking: /home/futill/dummy_ros/install/include/easy_handeye2_msgs/easy_handeye2_msgs/srv/remove_sample.h
[11.403s] -- Symlinking: /home/futill/dummy_ros/install/include/easy_handeye2_msgs/easy_handeye2_msgs/srv/save_calibration.h
[11.411s] -- Symlinking: /home/futill/dummy_ros/install/include/easy_handeye2_msgs/easy_handeye2_msgs/srv/save_samples.h
[11.418s] -- Symlinking: /home/futill/dummy_ros/install/include/easy_handeye2_msgs/easy_handeye2_msgs/srv/select_target_pose.h
[11.427s] -- Symlinking: /home/futill/dummy_ros/install/include/easy_handeye2_msgs/easy_handeye2_msgs/srv/set_algorithm.h
[11.434s] -- Symlinking: /home/futill/dummy_ros/install/include/easy_handeye2_msgs/easy_handeye2_msgs/srv/take_sample.h
[11.442s] -- Symlinking: /home/futill/dummy_ros/install/share/easy_handeye2_msgs/environment/library_path.sh
[11.449s] -- Symlinking: /home/futill/dummy_ros/install/share/easy_handeye2_msgs/environment/library_path.dsv
[11.458s] -- Symlinking: /home/futill/dummy_ros/install/include/easy_handeye2_msgs/easy_handeye2_msgs/msg/detail/handeye_calibration__rosidl_typesupport_fastrtps_c.h
[11.465s] -- Symlinking: /home/futill/dummy_ros/install/include/easy_handeye2_msgs/easy_handeye2_msgs/msg/detail/handeye_calibration_parameters__rosidl_typesupport_fastrtps_c.h
[11.473s] -- Symlinking: /home/futill/dummy_ros/install/include/easy_handeye2_msgs/easy_handeye2_msgs/msg/detail/sample__rosidl_typesupport_fastrtps_c.h
[11.480s] -- Symlinking: /home/futill/dummy_ros/install/include/easy_handeye2_msgs/easy_handeye2_msgs/msg/detail/sample_list__rosidl_typesupport_fastrtps_c.h
[11.488s] -- Symlinking: /home/futill/dummy_ros/install/include/easy_handeye2_msgs/easy_handeye2_msgs/msg/detail/target_pose_list__rosidl_typesupport_fastrtps_c.h
[11.495s] -- Symlinking: /home/futill/dummy_ros/install/include/easy_handeye2_msgs/easy_handeye2_msgs/msg/rosidl_typesupport_fastrtps_c__visibility_control.h
[11.502s] -- Symlinking: /home/futill/dummy_ros/install/include/easy_handeye2_msgs/easy_handeye2_msgs/srv/detail/check_starting_pose__rosidl_typesupport_fastrtps_c.h
[11.510s] -- Symlinking: /home/futill/dummy_ros/install/include/easy_handeye2_msgs/easy_handeye2_msgs/srv/detail/compute_calibration__rosidl_typesupport_fastrtps_c.h
[11.517s] -- Symlinking: /home/futill/dummy_ros/install/include/easy_handeye2_msgs/easy_handeye2_msgs/srv/detail/enumerate_target_poses__rosidl_typesupport_fastrtps_c.h
[11.525s] -- Symlinking: /home/futill/dummy_ros/install/include/easy_handeye2_msgs/easy_handeye2_msgs/srv/detail/execute_plan__rosidl_typesupport_fastrtps_c.h
[11.532s] -- Symlinking: /home/futill/dummy_ros/install/include/easy_handeye2_msgs/easy_handeye2_msgs/srv/detail/list_algorithms__rosidl_typesupport_fastrtps_c.h
[11.539s] -- Symlinking: /home/futill/dummy_ros/install/include/easy_handeye2_msgs/easy_handeye2_msgs/srv/detail/load_samples__rosidl_typesupport_fastrtps_c.h
[11.547s] -- Symlinking: /home/futill/dummy_ros/install/include/easy_handeye2_msgs/easy_handeye2_msgs/srv/detail/plan_to_selected_target_pose__rosidl_typesupport_fastrtps_c.h
[11.554s] -- Symlinking: /home/futill/dummy_ros/install/include/easy_handeye2_msgs/easy_handeye2_msgs/srv/detail/remove_sample__rosidl_typesupport_fastrtps_c.h
[11.562s] -- Symlinking: /home/futill/dummy_ros/install/include/easy_handeye2_msgs/easy_handeye2_msgs/srv/detail/save_calibration__rosidl_typesupport_fastrtps_c.h
[11.569s] -- Symlinking: /home/futill/dummy_ros/install/include/easy_handeye2_msgs/easy_handeye2_msgs/srv/detail/save_samples__rosidl_typesupport_fastrtps_c.h
[11.577s] -- Symlinking: /home/futill/dummy_ros/install/include/easy_handeye2_msgs/easy_handeye2_msgs/srv/detail/select_target_pose__rosidl_typesupport_fastrtps_c.h
[11.584s] -- Symlinking: /home/futill/dummy_ros/install/include/easy_handeye2_msgs/easy_handeye2_msgs/srv/detail/set_algorithm__rosidl_typesupport_fastrtps_c.h
[11.591s] -- Symlinking: /home/futill/dummy_ros/install/include/easy_handeye2_msgs/easy_handeye2_msgs/srv/detail/take_sample__rosidl_typesupport_fastrtps_c.h
[11.599s] -- Symlinking: /home/futill/dummy_ros/install/include/easy_handeye2_msgs/easy_handeye2_msgs/msg/detail/handeye_calibration__rosidl_typesupport_introspection_c.h
[11.606s] -- Symlinking: /home/futill/dummy_ros/install/include/easy_handeye2_msgs/easy_handeye2_msgs/msg/detail/handeye_calibration_parameters__rosidl_typesupport_introspection_c.h
[11.613s] -- Symlinking: /home/futill/dummy_ros/install/include/easy_handeye2_msgs/easy_handeye2_msgs/msg/detail/sample__rosidl_typesupport_introspection_c.h
[11.621s] -- Symlinking: /home/futill/dummy_ros/install/include/easy_handeye2_msgs/easy_handeye2_msgs/msg/detail/sample_list__rosidl_typesupport_introspection_c.h
[11.628s] -- Symlinking: /home/futill/dummy_ros/install/include/easy_handeye2_msgs/easy_handeye2_msgs/msg/detail/target_pose_list__rosidl_typesupport_introspection_c.h
[11.635s] -- Symlinking: /home/futill/dummy_ros/install/include/easy_handeye2_msgs/easy_handeye2_msgs/msg/rosidl_typesupport_introspection_c__visibility_control.h
[11.642s] -- Symlinking: /home/futill/dummy_ros/install/include/easy_handeye2_msgs/easy_handeye2_msgs/srv/detail/check_starting_pose__rosidl_typesupport_introspection_c.h
[11.649s] -- Symlinking: /home/futill/dummy_ros/install/include/easy_handeye2_msgs/easy_handeye2_msgs/srv/detail/compute_calibration__rosidl_typesupport_introspection_c.h
[11.657s] -- Symlinking: /home/futill/dummy_ros/install/include/easy_handeye2_msgs/easy_handeye2_msgs/srv/detail/enumerate_target_poses__rosidl_typesupport_introspection_c.h
[11.664s] -- Symlinking: /home/futill/dummy_ros/install/include/easy_handeye2_msgs/easy_handeye2_msgs/srv/detail/execute_plan__rosidl_typesupport_introspection_c.h
[11.672s] -- Symlinking: /home/futill/dummy_ros/install/include/easy_handeye2_msgs/easy_handeye2_msgs/srv/detail/list_algorithms__rosidl_typesupport_introspection_c.h
[11.679s] -- Symlinking: /home/futill/dummy_ros/install/include/easy_handeye2_msgs/easy_handeye2_msgs/srv/detail/load_samples__rosidl_typesupport_introspection_c.h
[11.687s] -- Symlinking: /home/futill/dummy_ros/install/include/easy_handeye2_msgs/easy_handeye2_msgs/srv/detail/plan_to_selected_target_pose__rosidl_typesupport_introspection_c.h
[11.694s] -- Symlinking: /home/futill/dummy_ros/install/include/easy_handeye2_msgs/easy_handeye2_msgs/srv/detail/remove_sample__rosidl_typesupport_introspection_c.h
[11.702s] -- Symlinking: /home/futill/dummy_ros/install/include/easy_handeye2_msgs/easy_handeye2_msgs/srv/detail/save_calibration__rosidl_typesupport_introspection_c.h
[11.709s] -- Symlinking: /home/futill/dummy_ros/install/include/easy_handeye2_msgs/easy_handeye2_msgs/srv/detail/save_samples__rosidl_typesupport_introspection_c.h
[11.717s] -- Symlinking: /home/futill/dummy_ros/install/include/easy_handeye2_msgs/easy_handeye2_msgs/srv/detail/select_target_pose__rosidl_typesupport_introspection_c.h
[11.725s] -- Symlinking: /home/futill/dummy_ros/install/include/easy_handeye2_msgs/easy_handeye2_msgs/srv/detail/set_algorithm__rosidl_typesupport_introspection_c.h
[11.732s] -- Symlinking: /home/futill/dummy_ros/install/include/easy_handeye2_msgs/easy_handeye2_msgs/srv/detail/take_sample__rosidl_typesupport_introspection_c.h
[11.741s] -- Symlinking: /home/futill/dummy_ros/install/include/easy_handeye2_msgs/easy_handeye2_msgs/msg/detail/handeye_calibration__builder.hpp
[11.749s] -- Symlinking: /home/futill/dummy_ros/install/include/easy_handeye2_msgs/easy_handeye2_msgs/msg/detail/handeye_calibration__struct.hpp
[11.756s] -- Symlinking: /home/futill/dummy_ros/install/include/easy_handeye2_msgs/easy_handeye2_msgs/msg/detail/handeye_calibration__traits.hpp
[11.763s] -- Symlinking: /home/futill/dummy_ros/install/include/easy_handeye2_msgs/easy_handeye2_msgs/msg/detail/handeye_calibration__type_support.hpp
[11.771s] -- Symlinking: /home/futill/dummy_ros/install/include/easy_handeye2_msgs/easy_handeye2_msgs/msg/detail/handeye_calibration_parameters__builder.hpp
[11.779s] -- Symlinking: /home/futill/dummy_ros/install/include/easy_handeye2_msgs/easy_handeye2_msgs/msg/detail/handeye_calibration_parameters__struct.hpp
[11.787s] -- Symlinking: /home/futill/dummy_ros/install/include/easy_handeye2_msgs/easy_handeye2_msgs/msg/detail/handeye_calibration_parameters__traits.hpp
[11.795s] -- Symlinking: /home/futill/dummy_ros/install/include/easy_handeye2_msgs/easy_handeye2_msgs/msg/detail/handeye_calibration_parameters__type_support.hpp
[11.803s] -- Symlinking: /home/futill/dummy_ros/install/include/easy_handeye2_msgs/easy_handeye2_msgs/msg/detail/sample__builder.hpp
[11.811s] -- Symlinking: /home/futill/dummy_ros/install/include/easy_handeye2_msgs/easy_handeye2_msgs/msg/detail/sample__struct.hpp
[11.819s] -- Symlinking: /home/futill/dummy_ros/install/include/easy_handeye2_msgs/easy_handeye2_msgs/msg/detail/sample__traits.hpp
[11.827s] -- Symlinking: /home/futill/dummy_ros/install/include/easy_handeye2_msgs/easy_handeye2_msgs/msg/detail/sample__type_support.hpp
[11.835s] -- Symlinking: /home/futill/dummy_ros/install/include/easy_handeye2_msgs/easy_handeye2_msgs/msg/detail/sample_list__builder.hpp
[11.843s] -- Symlinking: /home/futill/dummy_ros/install/include/easy_handeye2_msgs/easy_handeye2_msgs/msg/detail/sample_list__struct.hpp
[11.850s] -- Symlinking: /home/futill/dummy_ros/install/include/easy_handeye2_msgs/easy_handeye2_msgs/msg/detail/sample_list__traits.hpp
[11.858s] -- Symlinking: /home/futill/dummy_ros/install/include/easy_handeye2_msgs/easy_handeye2_msgs/msg/detail/sample_list__type_support.hpp
[11.866s] -- Symlinking: /home/futill/dummy_ros/install/include/easy_handeye2_msgs/easy_handeye2_msgs/msg/detail/target_pose_list__builder.hpp
[11.874s] -- Symlinking: /home/futill/dummy_ros/install/include/easy_handeye2_msgs/easy_handeye2_msgs/msg/detail/target_pose_list__struct.hpp
[11.882s] -- Symlinking: /home/futill/dummy_ros/install/include/easy_handeye2_msgs/easy_handeye2_msgs/msg/detail/target_pose_list__traits.hpp
[11.889s] -- Symlinking: /home/futill/dummy_ros/install/include/easy_handeye2_msgs/easy_handeye2_msgs/msg/detail/target_pose_list__type_support.hpp
[11.897s] -- Symlinking: /home/futill/dummy_ros/install/include/easy_handeye2_msgs/easy_handeye2_msgs/msg/handeye_calibration.hpp
[11.905s] -- Symlinking: /home/futill/dummy_ros/install/include/easy_handeye2_msgs/easy_handeye2_msgs/msg/handeye_calibration_parameters.hpp
[11.912s] -- Symlinking: /home/futill/dummy_ros/install/include/easy_handeye2_msgs/easy_handeye2_msgs/msg/rosidl_generator_cpp__visibility_control.hpp
[11.920s] -- Symlinking: /home/futill/dummy_ros/install/include/easy_handeye2_msgs/easy_handeye2_msgs/msg/sample.hpp
[11.928s] -- Symlinking: /home/futill/dummy_ros/install/include/easy_handeye2_msgs/easy_handeye2_msgs/msg/sample_list.hpp
[11.936s] -- Symlinking: /home/futill/dummy_ros/install/include/easy_handeye2_msgs/easy_handeye2_msgs/msg/target_pose_list.hpp
[11.944s] -- Symlinking: /home/futill/dummy_ros/install/include/easy_handeye2_msgs/easy_handeye2_msgs/srv/check_starting_pose.hpp
[11.951s] -- Symlinking: /home/futill/dummy_ros/install/include/easy_handeye2_msgs/easy_handeye2_msgs/srv/compute_calibration.hpp
[11.959s] -- Symlinking: /home/futill/dummy_ros/install/include/easy_handeye2_msgs/easy_handeye2_msgs/srv/detail/check_starting_pose__builder.hpp
[11.967s] -- Symlinking: /home/futill/dummy_ros/install/include/easy_handeye2_msgs/easy_handeye2_msgs/srv/detail/check_starting_pose__struct.hpp
[11.975s] -- Symlinking: /home/futill/dummy_ros/install/include/easy_handeye2_msgs/easy_handeye2_msgs/srv/detail/check_starting_pose__traits.hpp
[11.983s] -- Symlinking: /home/futill/dummy_ros/install/include/easy_handeye2_msgs/easy_handeye2_msgs/srv/detail/check_starting_pose__type_support.hpp
[11.991s] -- Symlinking: /home/futill/dummy_ros/install/include/easy_handeye2_msgs/easy_handeye2_msgs/srv/detail/compute_calibration__builder.hpp
[11.999s] -- Symlinking: /home/futill/dummy_ros/install/include/easy_handeye2_msgs/easy_handeye2_msgs/srv/detail/compute_calibration__struct.hpp
[12.006s] -- Symlinking: /home/futill/dummy_ros/install/include/easy_handeye2_msgs/easy_handeye2_msgs/srv/detail/compute_calibration__traits.hpp
[12.014s] -- Symlinking: /home/futill/dummy_ros/install/include/easy_handeye2_msgs/easy_handeye2_msgs/srv/detail/compute_calibration__type_support.hpp
[12.023s] -- Symlinking: /home/futill/dummy_ros/install/include/easy_handeye2_msgs/easy_handeye2_msgs/srv/detail/enumerate_target_poses__builder.hpp
[12.030s] -- Symlinking: /home/futill/dummy_ros/install/include/easy_handeye2_msgs/easy_handeye2_msgs/srv/detail/enumerate_target_poses__struct.hpp
[12.038s] -- Symlinking: /home/futill/dummy_ros/install/include/easy_handeye2_msgs/easy_handeye2_msgs/srv/detail/enumerate_target_poses__traits.hpp
[12.046s] -- Symlinking: /home/futill/dummy_ros/install/include/easy_handeye2_msgs/easy_handeye2_msgs/srv/detail/enumerate_target_poses__type_support.hpp
[12.054s] -- Symlinking: /home/futill/dummy_ros/install/include/easy_handeye2_msgs/easy_handeye2_msgs/srv/detail/execute_plan__builder.hpp
[12.063s] -- Symlinking: /home/futill/dummy_ros/install/include/easy_handeye2_msgs/easy_handeye2_msgs/srv/detail/execute_plan__struct.hpp
[12.070s] -- Symlinking: /home/futill/dummy_ros/install/include/easy_handeye2_msgs/easy_handeye2_msgs/srv/detail/execute_plan__traits.hpp
[12.078s] -- Symlinking: /home/futill/dummy_ros/install/include/easy_handeye2_msgs/easy_handeye2_msgs/srv/detail/execute_plan__type_support.hpp
[12.086s] -- Symlinking: /home/futill/dummy_ros/install/include/easy_handeye2_msgs/easy_handeye2_msgs/srv/detail/list_algorithms__builder.hpp
[12.094s] -- Symlinking: /home/futill/dummy_ros/install/include/easy_handeye2_msgs/easy_handeye2_msgs/srv/detail/list_algorithms__struct.hpp
[12.102s] -- Symlinking: /home/futill/dummy_ros/install/include/easy_handeye2_msgs/easy_handeye2_msgs/srv/detail/list_algorithms__traits.hpp
[12.110s] -- Symlinking: /home/futill/dummy_ros/install/include/easy_handeye2_msgs/easy_handeye2_msgs/srv/detail/list_algorithms__type_support.hpp
[12.118s] -- Symlinking: /home/futill/dummy_ros/install/include/easy_handeye2_msgs/easy_handeye2_msgs/srv/detail/load_samples__builder.hpp
[12.126s] -- Symlinking: /home/futill/dummy_ros/install/include/easy_handeye2_msgs/easy_handeye2_msgs/srv/detail/load_samples__struct.hpp
[12.134s] -- Symlinking: /home/futill/dummy_ros/install/include/easy_handeye2_msgs/easy_handeye2_msgs/srv/detail/load_samples__traits.hpp
[12.142s] -- Symlinking: /home/futill/dummy_ros/install/include/easy_handeye2_msgs/easy_handeye2_msgs/srv/detail/load_samples__type_support.hpp
[12.150s] -- Symlinking: /home/futill/dummy_ros/install/include/easy_handeye2_msgs/easy_handeye2_msgs/srv/detail/plan_to_selected_target_pose__builder.hpp
[12.158s] -- Symlinking: /home/futill/dummy_ros/install/include/easy_handeye2_msgs/easy_handeye2_msgs/srv/detail/plan_to_selected_target_pose__struct.hpp
[12.166s] -- Symlinking: /home/futill/dummy_ros/install/include/easy_handeye2_msgs/easy_handeye2_msgs/srv/detail/plan_to_selected_target_pose__traits.hpp
[12.174s] -- Symlinking: /home/futill/dummy_ros/install/include/easy_handeye2_msgs/easy_handeye2_msgs/srv/detail/plan_to_selected_target_pose__type_support.hpp
[12.183s] -- Symlinking: /home/futill/dummy_ros/install/include/easy_handeye2_msgs/easy_handeye2_msgs/srv/detail/remove_sample__builder.hpp
[12.191s] -- Symlinking: /home/futill/dummy_ros/install/include/easy_handeye2_msgs/easy_handeye2_msgs/srv/detail/remove_sample__struct.hpp
[12.199s] -- Symlinking: /home/futill/dummy_ros/install/include/easy_handeye2_msgs/easy_handeye2_msgs/srv/detail/remove_sample__traits.hpp
[12.207s] -- Symlinking: /home/futill/dummy_ros/install/include/easy_handeye2_msgs/easy_handeye2_msgs/srv/detail/remove_sample__type_support.hpp
[12.215s] -- Symlinking: /home/futill/dummy_ros/install/include/easy_handeye2_msgs/easy_handeye2_msgs/srv/detail/save_calibration__builder.hpp
[12.222s] -- Symlinking: /home/futill/dummy_ros/install/include/easy_handeye2_msgs/easy_handeye2_msgs/srv/detail/save_calibration__struct.hpp
[12.230s] -- Symlinking: /home/futill/dummy_ros/install/include/easy_handeye2_msgs/easy_handeye2_msgs/srv/detail/save_calibration__traits.hpp
[12.238s] -- Symlinking: /home/futill/dummy_ros/install/include/easy_handeye2_msgs/easy_handeye2_msgs/srv/detail/save_calibration__type_support.hpp
[12.246s] -- Symlinking: /home/futill/dummy_ros/install/include/easy_handeye2_msgs/easy_handeye2_msgs/srv/detail/save_samples__builder.hpp
[12.254s] -- Symlinking: /home/futill/dummy_ros/install/include/easy_handeye2_msgs/easy_handeye2_msgs/srv/detail/save_samples__struct.hpp
[12.261s] -- Symlinking: /home/futill/dummy_ros/install/include/easy_handeye2_msgs/easy_handeye2_msgs/srv/detail/save_samples__traits.hpp
[12.269s] -- Symlinking: /home/futill/dummy_ros/install/include/easy_handeye2_msgs/easy_handeye2_msgs/srv/detail/save_samples__type_support.hpp
[12.277s] -- Symlinking: /home/futill/dummy_ros/install/include/easy_handeye2_msgs/easy_handeye2_msgs/srv/detail/select_target_pose__builder.hpp
[12.286s] -- Symlinking: /home/futill/dummy_ros/install/include/easy_handeye2_msgs/easy_handeye2_msgs/srv/detail/select_target_pose__struct.hpp
[12.294s] -- Symlinking: /home/futill/dummy_ros/install/include/easy_handeye2_msgs/easy_handeye2_msgs/srv/detail/select_target_pose__traits.hpp
[12.302s] -- Symlinking: /home/futill/dummy_ros/install/include/easy_handeye2_msgs/easy_handeye2_msgs/srv/detail/select_target_pose__type_support.hpp
[12.310s] -- Symlinking: /home/futill/dummy_ros/install/include/easy_handeye2_msgs/easy_handeye2_msgs/srv/detail/set_algorithm__builder.hpp
[12.318s] -- Symlinking: /home/futill/dummy_ros/install/include/easy_handeye2_msgs/easy_handeye2_msgs/srv/detail/set_algorithm__struct.hpp
[12.326s] -- Symlinking: /home/futill/dummy_ros/install/include/easy_handeye2_msgs/easy_handeye2_msgs/srv/detail/set_algorithm__traits.hpp
[12.333s] -- Symlinking: /home/futill/dummy_ros/install/include/easy_handeye2_msgs/easy_handeye2_msgs/srv/detail/set_algorithm__type_support.hpp
[12.342s] -- Symlinking: /home/futill/dummy_ros/install/include/easy_handeye2_msgs/easy_handeye2_msgs/srv/detail/take_sample__builder.hpp
[12.350s] -- Symlinking: /home/futill/dummy_ros/install/include/easy_handeye2_msgs/easy_handeye2_msgs/srv/detail/take_sample__struct.hpp
[12.358s] -- Symlinking: /home/futill/dummy_ros/install/include/easy_handeye2_msgs/easy_handeye2_msgs/srv/detail/take_sample__traits.hpp
[12.366s] -- Symlinking: /home/futill/dummy_ros/install/include/easy_handeye2_msgs/easy_handeye2_msgs/srv/detail/take_sample__type_support.hpp
[12.374s] -- Symlinking: /home/futill/dummy_ros/install/include/easy_handeye2_msgs/easy_handeye2_msgs/srv/enumerate_target_poses.hpp
[12.382s] -- Symlinking: /home/futill/dummy_ros/install/include/easy_handeye2_msgs/easy_handeye2_msgs/srv/execute_plan.hpp
[12.390s] -- Symlinking: /home/futill/dummy_ros/install/include/easy_handeye2_msgs/easy_handeye2_msgs/srv/list_algorithms.hpp
[12.398s] -- Symlinking: /home/futill/dummy_ros/install/include/easy_handeye2_msgs/easy_handeye2_msgs/srv/load_samples.hpp
[12.407s] -- Symlinking: /home/futill/dummy_ros/install/include/easy_handeye2_msgs/easy_handeye2_msgs/srv/plan_to_selected_target_pose.hpp
[12.414s] -- Symlinking: /home/futill/dummy_ros/install/include/easy_handeye2_msgs/easy_handeye2_msgs/srv/remove_sample.hpp
[12.422s] -- Symlinking: /home/futill/dummy_ros/install/include/easy_handeye2_msgs/easy_handeye2_msgs/srv/save_calibration.hpp
[12.431s] -- Symlinking: /home/futill/dummy_ros/install/include/easy_handeye2_msgs/easy_handeye2_msgs/srv/save_samples.hpp
[12.439s] -- Symlinking: /home/futill/dummy_ros/install/include/easy_handeye2_msgs/easy_handeye2_msgs/srv/select_target_pose.hpp
[12.447s] -- Symlinking: /home/futill/dummy_ros/install/include/easy_handeye2_msgs/easy_handeye2_msgs/srv/set_algorithm.hpp
[12.455s] -- Symlinking: /home/futill/dummy_ros/install/include/easy_handeye2_msgs/easy_handeye2_msgs/srv/take_sample.hpp
[12.464s] -- Symlinking: /home/futill/dummy_ros/install/include/easy_handeye2_msgs/easy_handeye2_msgs/msg/detail/handeye_calibration__rosidl_typesupport_fastrtps_cpp.hpp
[12.472s] -- Symlinking: /home/futill/dummy_ros/install/include/easy_handeye2_msgs/easy_handeye2_msgs/msg/detail/handeye_calibration_parameters__rosidl_typesupport_fastrtps_cpp.hpp
[12.480s] -- Symlinking: /home/futill/dummy_ros/install/include/easy_handeye2_msgs/easy_handeye2_msgs/msg/detail/sample__rosidl_typesupport_fastrtps_cpp.hpp
[12.488s] -- Symlinking: /home/futill/dummy_ros/install/include/easy_handeye2_msgs/easy_handeye2_msgs/msg/detail/sample_list__rosidl_typesupport_fastrtps_cpp.hpp
[12.495s] -- Symlinking: /home/futill/dummy_ros/install/include/easy_handeye2_msgs/easy_handeye2_msgs/msg/detail/target_pose_list__rosidl_typesupport_fastrtps_cpp.hpp
[12.504s] -- Symlinking: /home/futill/dummy_ros/install/include/easy_handeye2_msgs/easy_handeye2_msgs/msg/rosidl_typesupport_fastrtps_cpp__visibility_control.h
[12.512s] -- Symlinking: /home/futill/dummy_ros/install/include/easy_handeye2_msgs/easy_handeye2_msgs/srv/detail/check_starting_pose__rosidl_typesupport_fastrtps_cpp.hpp
[12.519s] -- Symlinking: /home/futill/dummy_ros/install/include/easy_handeye2_msgs/easy_handeye2_msgs/srv/detail/compute_calibration__rosidl_typesupport_fastrtps_cpp.hpp
[12.526s] -- Symlinking: /home/futill/dummy_ros/install/include/easy_handeye2_msgs/easy_handeye2_msgs/srv/detail/enumerate_target_poses__rosidl_typesupport_fastrtps_cpp.hpp
[12.534s] -- Symlinking: /home/futill/dummy_ros/install/include/easy_handeye2_msgs/easy_handeye2_msgs/srv/detail/execute_plan__rosidl_typesupport_fastrtps_cpp.hpp
[12.542s] -- Symlinking: /home/futill/dummy_ros/install/include/easy_handeye2_msgs/easy_handeye2_msgs/srv/detail/list_algorithms__rosidl_typesupport_fastrtps_cpp.hpp
[12.549s] -- Symlinking: /home/futill/dummy_ros/install/include/easy_handeye2_msgs/easy_handeye2_msgs/srv/detail/load_samples__rosidl_typesupport_fastrtps_cpp.hpp
[12.557s] -- Symlinking: /home/futill/dummy_ros/install/include/easy_handeye2_msgs/easy_handeye2_msgs/srv/detail/plan_to_selected_target_pose__rosidl_typesupport_fastrtps_cpp.hpp
[12.565s] -- Symlinking: /home/futill/dummy_ros/install/include/easy_handeye2_msgs/easy_handeye2_msgs/srv/detail/remove_sample__rosidl_typesupport_fastrtps_cpp.hpp
[12.572s] -- Symlinking: /home/futill/dummy_ros/install/include/easy_handeye2_msgs/easy_handeye2_msgs/srv/detail/save_calibration__rosidl_typesupport_fastrtps_cpp.hpp
[12.579s] -- Symlinking: /home/futill/dummy_ros/install/include/easy_handeye2_msgs/easy_handeye2_msgs/srv/detail/save_samples__rosidl_typesupport_fastrtps_cpp.hpp
[12.588s] -- Symlinking: /home/futill/dummy_ros/install/include/easy_handeye2_msgs/easy_handeye2_msgs/srv/detail/select_target_pose__rosidl_typesupport_fastrtps_cpp.hpp
[12.595s] -- Symlinking: /home/futill/dummy_ros/install/include/easy_handeye2_msgs/easy_handeye2_msgs/srv/detail/set_algorithm__rosidl_typesupport_fastrtps_cpp.hpp
[12.603s] -- Symlinking: /home/futill/dummy_ros/install/include/easy_handeye2_msgs/easy_handeye2_msgs/srv/detail/take_sample__rosidl_typesupport_fastrtps_cpp.hpp
[12.611s] -- Symlinking: /home/futill/dummy_ros/install/include/easy_handeye2_msgs/easy_handeye2_msgs/msg/detail/handeye_calibration__rosidl_typesupport_introspection_cpp.hpp
[12.619s] -- Symlinking: /home/futill/dummy_ros/install/include/easy_handeye2_msgs/easy_handeye2_msgs/msg/detail/handeye_calibration_parameters__rosidl_typesupport_introspection_cpp.hpp
[12.627s] -- Symlinking: /home/futill/dummy_ros/install/include/easy_handeye2_msgs/easy_handeye2_msgs/msg/detail/sample__rosidl_typesupport_introspection_cpp.hpp
[12.634s] -- Symlinking: /home/futill/dummy_ros/install/include/easy_handeye2_msgs/easy_handeye2_msgs/msg/detail/sample_list__rosidl_typesupport_introspection_cpp.hpp
[12.642s] -- Symlinking: /home/futill/dummy_ros/install/include/easy_handeye2_msgs/easy_handeye2_msgs/msg/detail/target_pose_list__rosidl_typesupport_introspection_cpp.hpp
[12.650s] -- Symlinking: /home/futill/dummy_ros/install/include/easy_handeye2_msgs/easy_handeye2_msgs/srv/detail/check_starting_pose__rosidl_typesupport_introspection_cpp.hpp
[12.658s] -- Symlinking: /home/futill/dummy_ros/install/include/easy_handeye2_msgs/easy_handeye2_msgs/srv/detail/compute_calibration__rosidl_typesupport_introspection_cpp.hpp
[12.665s] -- Symlinking: /home/futill/dummy_ros/install/include/easy_handeye2_msgs/easy_handeye2_msgs/srv/detail/enumerate_target_poses__rosidl_typesupport_introspection_cpp.hpp
[12.673s] -- Symlinking: /home/futill/dummy_ros/install/include/easy_handeye2_msgs/easy_handeye2_msgs/srv/detail/execute_plan__rosidl_typesupport_introspection_cpp.hpp
[12.681s] -- Symlinking: /home/futill/dummy_ros/install/include/easy_handeye2_msgs/easy_handeye2_msgs/srv/detail/list_algorithms__rosidl_typesupport_introspection_cpp.hpp
[12.688s] -- Symlinking: /home/futill/dummy_ros/install/include/easy_handeye2_msgs/easy_handeye2_msgs/srv/detail/load_samples__rosidl_typesupport_introspection_cpp.hpp
[12.696s] -- Symlinking: /home/futill/dummy_ros/install/include/easy_handeye2_msgs/easy_handeye2_msgs/srv/detail/plan_to_selected_target_pose__rosidl_typesupport_introspection_cpp.hpp
[12.704s] -- Symlinking: /home/futill/dummy_ros/install/include/easy_handeye2_msgs/easy_handeye2_msgs/srv/detail/remove_sample__rosidl_typesupport_introspection_cpp.hpp
[12.711s] -- Symlinking: /home/futill/dummy_ros/install/include/easy_handeye2_msgs/easy_handeye2_msgs/srv/detail/save_calibration__rosidl_typesupport_introspection_cpp.hpp
[12.719s] -- Symlinking: /home/futill/dummy_ros/install/include/easy_handeye2_msgs/easy_handeye2_msgs/srv/detail/save_samples__rosidl_typesupport_introspection_cpp.hpp
[12.726s] -- Symlinking: /home/futill/dummy_ros/install/include/easy_handeye2_msgs/easy_handeye2_msgs/srv/detail/select_target_pose__rosidl_typesupport_introspection_cpp.hpp
[12.733s] -- Symlinking: /home/futill/dummy_ros/install/include/easy_handeye2_msgs/easy_handeye2_msgs/srv/detail/set_algorithm__rosidl_typesupport_introspection_cpp.hpp
[12.741s] -- Symlinking: /home/futill/dummy_ros/install/include/easy_handeye2_msgs/easy_handeye2_msgs/srv/detail/take_sample__rosidl_typesupport_introspection_cpp.hpp
[12.748s] -- Symlinking: /home/futill/dummy_ros/install/share/easy_handeye2_msgs/environment/pythonpath.sh
[12.756s] -- Symlinking: /home/futill/dummy_ros/install/share/easy_handeye2_msgs/environment/pythonpath.dsv
[12.763s] -- Symlinking: /home/futill/dummy_ros/install/local/lib/python3.10/dist-packages/easy_handeye2_msgs-0.5.0-py3.10.egg-info/PKG-INFO
[12.771s] -- Symlinking: /home/futill/dummy_ros/install/local/lib/python3.10/dist-packages/easy_handeye2_msgs-0.5.0-py3.10.egg-info/SOURCES.txt
[12.779s] -- Symlinking: /home/futill/dummy_ros/install/local/lib/python3.10/dist-packages/easy_handeye2_msgs-0.5.0-py3.10.egg-info/dependency_links.txt
[12.787s] -- Symlinking: /home/futill/dummy_ros/install/local/lib/python3.10/dist-packages/easy_handeye2_msgs-0.5.0-py3.10.egg-info/top_level.txt
[12.796s] -- Symlinking: /home/futill/dummy_ros/install/local/lib/python3.10/dist-packages/easy_handeye2_msgs/__init__.py
[12.804s] -- Symlinking: /home/futill/dummy_ros/install/local/lib/python3.10/dist-packages/easy_handeye2_msgs/_easy_handeye2_msgs_s.ep.rosidl_typesupport_c.c
[12.811s] -- Symlinking: /home/futill/dummy_ros/install/local/lib/python3.10/dist-packages/easy_handeye2_msgs/_easy_handeye2_msgs_s.ep.rosidl_typesupport_fastrtps_c.c
[12.820s] -- Symlinking: /home/futill/dummy_ros/install/local/lib/python3.10/dist-packages/easy_handeye2_msgs/_easy_handeye2_msgs_s.ep.rosidl_typesupport_introspection_c.c
[12.828s] -- Symlinking: /home/futill/dummy_ros/install/local/lib/python3.10/dist-packages/easy_handeye2_msgs/easy_handeye2_msgs_s__rosidl_typesupport_c.cpython-310-x86_64-linux-gnu.so
[12.835s] -- Symlinking: /home/futill/dummy_ros/install/local/lib/python3.10/dist-packages/easy_handeye2_msgs/easy_handeye2_msgs_s__rosidl_typesupport_fastrtps_c.cpython-310-x86_64-linux-gnu.so
[12.843s] -- Symlinking: /home/futill/dummy_ros/install/local/lib/python3.10/dist-packages/easy_handeye2_msgs/easy_handeye2_msgs_s__rosidl_typesupport_introspection_c.cpython-310-x86_64-linux-gnu.so
[12.850s] -- Symlinking: /home/futill/dummy_ros/install/local/lib/python3.10/dist-packages/easy_handeye2_msgs/libeasy_handeye2_msgs__rosidl_generator_py.so
[12.858s] -- Symlinking: /home/futill/dummy_ros/install/local/lib/python3.10/dist-packages/easy_handeye2_msgs/msg/__init__.py
[12.866s] -- Symlinking: /home/futill/dummy_ros/install/local/lib/python3.10/dist-packages/easy_handeye2_msgs/msg/_handeye_calibration.py
[12.874s] -- Symlinking: /home/futill/dummy_ros/install/local/lib/python3.10/dist-packages/easy_handeye2_msgs/msg/_handeye_calibration_parameters.py
[12.882s] -- Symlinking: /home/futill/dummy_ros/install/local/lib/python3.10/dist-packages/easy_handeye2_msgs/msg/_handeye_calibration_parameters_s.c
[12.889s] -- Symlinking: /home/futill/dummy_ros/install/local/lib/python3.10/dist-packages/easy_handeye2_msgs/msg/_handeye_calibration_s.c
[12.896s] -- Symlinking: /home/futill/dummy_ros/install/local/lib/python3.10/dist-packages/easy_handeye2_msgs/msg/_sample.py
[12.904s] -- Symlinking: /home/futill/dummy_ros/install/local/lib/python3.10/dist-packages/easy_handeye2_msgs/msg/_sample_list.py
[12.912s] -- Symlinking: /home/futill/dummy_ros/install/local/lib/python3.10/dist-packages/easy_handeye2_msgs/msg/_sample_list_s.c
[12.920s] -- Symlinking: /home/futill/dummy_ros/install/local/lib/python3.10/dist-packages/easy_handeye2_msgs/msg/_sample_s.c
[12.927s] -- Symlinking: /home/futill/dummy_ros/install/local/lib/python3.10/dist-packages/easy_handeye2_msgs/msg/_target_pose_list.py
[12.935s] -- Symlinking: /home/futill/dummy_ros/install/local/lib/python3.10/dist-packages/easy_handeye2_msgs/msg/_target_pose_list_s.c
[12.942s] -- Symlinking: /home/futill/dummy_ros/install/local/lib/python3.10/dist-packages/easy_handeye2_msgs/srv/__init__.py
[12.950s] -- Symlinking: /home/futill/dummy_ros/install/local/lib/python3.10/dist-packages/easy_handeye2_msgs/srv/_check_starting_pose.py
[12.958s] -- Symlinking: /home/futill/dummy_ros/install/local/lib/python3.10/dist-packages/easy_handeye2_msgs/srv/_check_starting_pose_s.c
[12.965s] -- Symlinking: /home/futill/dummy_ros/install/local/lib/python3.10/dist-packages/easy_handeye2_msgs/srv/_compute_calibration.py
[12.972s] -- Symlinking: /home/futill/dummy_ros/install/local/lib/python3.10/dist-packages/easy_handeye2_msgs/srv/_compute_calibration_s.c
[12.980s] -- Symlinking: /home/futill/dummy_ros/install/local/lib/python3.10/dist-packages/easy_handeye2_msgs/srv/_enumerate_target_poses.py
[12.988s] -- Symlinking: /home/futill/dummy_ros/install/local/lib/python3.10/dist-packages/easy_handeye2_msgs/srv/_enumerate_target_poses_s.c
[12.995s] -- Symlinking: /home/futill/dummy_ros/install/local/lib/python3.10/dist-packages/easy_handeye2_msgs/srv/_execute_plan.py
[13.003s] -- Symlinking: /home/futill/dummy_ros/install/local/lib/python3.10/dist-packages/easy_handeye2_msgs/srv/_execute_plan_s.c
[13.011s] -- Symlinking: /home/futill/dummy_ros/install/local/lib/python3.10/dist-packages/easy_handeye2_msgs/srv/_list_algorithms.py
[13.018s] -- Symlinking: /home/futill/dummy_ros/install/local/lib/python3.10/dist-packages/easy_handeye2_msgs/srv/_list_algorithms_s.c
[13.026s] -- Symlinking: /home/futill/dummy_ros/install/local/lib/python3.10/dist-packages/easy_handeye2_msgs/srv/_load_samples.py
[13.033s] -- Symlinking: /home/futill/dummy_ros/install/local/lib/python3.10/dist-packages/easy_handeye2_msgs/srv/_load_samples_s.c
[13.041s] -- Symlinking: /home/futill/dummy_ros/install/local/lib/python3.10/dist-packages/easy_handeye2_msgs/srv/_plan_to_selected_target_pose.py
[13.049s] -- Symlinking: /home/futill/dummy_ros/install/local/lib/python3.10/dist-packages/easy_handeye2_msgs/srv/_plan_to_selected_target_pose_s.c
[13.057s] -- Symlinking: /home/futill/dummy_ros/install/local/lib/python3.10/dist-packages/easy_handeye2_msgs/srv/_remove_sample.py
[13.064s] -- Symlinking: /home/futill/dummy_ros/install/local/lib/python3.10/dist-packages/easy_handeye2_msgs/srv/_remove_sample_s.c
[13.072s] -- Symlinking: /home/futill/dummy_ros/install/local/lib/python3.10/dist-packages/easy_handeye2_msgs/srv/_save_calibration.py
[13.080s] -- Symlinking: /home/futill/dummy_ros/install/local/lib/python3.10/dist-packages/easy_handeye2_msgs/srv/_save_calibration_s.c
[13.088s] -- Symlinking: /home/futill/dummy_ros/install/local/lib/python3.10/dist-packages/easy_handeye2_msgs/srv/_save_samples.py
[13.095s] -- Symlinking: /home/futill/dummy_ros/install/local/lib/python3.10/dist-packages/easy_handeye2_msgs/srv/_save_samples_s.c
[13.102s] -- Symlinking: /home/futill/dummy_ros/install/local/lib/python3.10/dist-packages/easy_handeye2_msgs/srv/_select_target_pose.py
[13.109s] -- Symlinking: /home/futill/dummy_ros/install/local/lib/python3.10/dist-packages/easy_handeye2_msgs/srv/_select_target_pose_s.c
[13.117s] -- Symlinking: /home/futill/dummy_ros/install/local/lib/python3.10/dist-packages/easy_handeye2_msgs/srv/_set_algorithm.py
[13.125s] -- Symlinking: /home/futill/dummy_ros/install/local/lib/python3.10/dist-packages/easy_handeye2_msgs/srv/_set_algorithm_s.c
[13.132s] -- Symlinking: /home/futill/dummy_ros/install/local/lib/python3.10/dist-packages/easy_handeye2_msgs/srv/_take_sample.py
[13.140s] -- Symlinking: /home/futill/dummy_ros/install/local/lib/python3.10/dist-packages/easy_handeye2_msgs/srv/_take_sample_s.c
[13.148s] -- Up-to-date symlink: /home/futill/dummy_ros/install/local/lib/python3.10/dist-packages/easy_handeye2_msgs/easy_handeye2_msgs_s__rosidl_typesupport_fastrtps_c.cpython-310-x86_64-linux-gnu.so
[13.148s] -- Up-to-date symlink: /home/futill/dummy_ros/install/local/lib/python3.10/dist-packages/easy_handeye2_msgs/easy_handeye2_msgs_s__rosidl_typesupport_introspection_c.cpython-310-x86_64-linux-gnu.so
[13.149s] -- Up-to-date symlink: /home/futill/dummy_ros/install/local/lib/python3.10/dist-packages/easy_handeye2_msgs/easy_handeye2_msgs_s__rosidl_typesupport_c.cpython-310-x86_64-linux-gnu.so
[13.149s] -- Symlinking: /home/futill/dummy_ros/install/share/easy_handeye2_msgs/msg/HandeyeCalibration.idl
[13.156s] -- Symlinking: /home/futill/dummy_ros/install/share/easy_handeye2_msgs/msg/HandeyeCalibrationParameters.idl
[13.164s] -- Symlinking: /home/futill/dummy_ros/install/share/easy_handeye2_msgs/msg/Sample.idl
[13.172s] -- Symlinking: /home/futill/dummy_ros/install/share/easy_handeye2_msgs/msg/SampleList.idl
[13.179s] -- Symlinking: /home/futill/dummy_ros/install/share/easy_handeye2_msgs/msg/TargetPoseList.idl
[13.187s] -- Symlinking: /home/futill/dummy_ros/install/share/easy_handeye2_msgs/srv/ListAlgorithms.idl
[13.195s] -- Symlinking: /home/futill/dummy_ros/install/share/easy_handeye2_msgs/srv/SetAlgorithm.idl
[13.203s] -- Symlinking: /home/futill/dummy_ros/install/share/easy_handeye2_msgs/srv/ComputeCalibration.idl
[13.210s] -- Symlinking: /home/futill/dummy_ros/install/share/easy_handeye2_msgs/srv/SaveCalibration.idl
[13.218s] -- Symlinking: /home/futill/dummy_ros/install/share/easy_handeye2_msgs/srv/RemoveSample.idl
[13.226s] -- Symlinking: /home/futill/dummy_ros/install/share/easy_handeye2_msgs/srv/TakeSample.idl
[13.234s] -- Symlinking: /home/futill/dummy_ros/install/share/easy_handeye2_msgs/srv/SaveSamples.idl
[13.241s] -- Symlinking: /home/futill/dummy_ros/install/share/easy_handeye2_msgs/srv/LoadSamples.idl
[13.249s] -- Symlinking: /home/futill/dummy_ros/install/share/easy_handeye2_msgs/srv/CheckStartingPose.idl
[13.257s] -- Symlinking: /home/futill/dummy_ros/install/share/easy_handeye2_msgs/srv/EnumerateTargetPoses.idl
[13.264s] -- Symlinking: /home/futill/dummy_ros/install/share/easy_handeye2_msgs/srv/SelectTargetPose.idl
[13.272s] -- Symlinking: /home/futill/dummy_ros/install/share/easy_handeye2_msgs/srv/PlanToSelectedTargetPose.idl
[13.279s] -- Symlinking: /home/futill/dummy_ros/install/share/easy_handeye2_msgs/srv/ExecutePlan.idl
[13.287s] -- Symlinking: /home/futill/dummy_ros/install/share/easy_handeye2_msgs/msg/HandeyeCalibration.msg
[13.294s] -- Symlinking: /home/futill/dummy_ros/install/share/easy_handeye2_msgs/msg/HandeyeCalibrationParameters.msg
[13.302s] -- Symlinking: /home/futill/dummy_ros/install/share/easy_handeye2_msgs/msg/Sample.msg
[13.310s] -- Symlinking: /home/futill/dummy_ros/install/share/easy_handeye2_msgs/msg/SampleList.msg
[13.317s] -- Symlinking: /home/futill/dummy_ros/install/share/easy_handeye2_msgs/msg/TargetPoseList.msg
[13.325s] -- Symlinking: /home/futill/dummy_ros/install/share/easy_handeye2_msgs/calibration/ListAlgorithms.srv
[13.332s] -- Symlinking: /home/futill/dummy_ros/install/share/easy_handeye2_msgs/calibration/ListAlgorithms_Request.msg
[13.339s] -- Symlinking: /home/futill/dummy_ros/install/share/easy_handeye2_msgs/calibration/ListAlgorithms_Response.msg
[13.347s] -- Symlinking: /home/futill/dummy_ros/install/share/easy_handeye2_msgs/calibration/SetAlgorithm.srv
[13.355s] -- Symlinking: /home/futill/dummy_ros/install/share/easy_handeye2_msgs/calibration/SetAlgorithm_Request.msg
[13.362s] -- Symlinking: /home/futill/dummy_ros/install/share/easy_handeye2_msgs/calibration/SetAlgorithm_Response.msg
[13.370s] -- Symlinking: /home/futill/dummy_ros/install/share/easy_handeye2_msgs/calibration/ComputeCalibration.srv
[13.378s] -- Symlinking: /home/futill/dummy_ros/install/share/easy_handeye2_msgs/calibration/ComputeCalibration_Request.msg
[13.386s] -- Symlinking: /home/futill/dummy_ros/install/share/easy_handeye2_msgs/calibration/ComputeCalibration_Response.msg
[13.393s] -- Symlinking: /home/futill/dummy_ros/install/share/easy_handeye2_msgs/calibration/SaveCalibration.srv
[13.401s] -- Symlinking: /home/futill/dummy_ros/install/share/easy_handeye2_msgs/calibration/SaveCalibration_Request.msg
[13.409s] -- Symlinking: /home/futill/dummy_ros/install/share/easy_handeye2_msgs/calibration/SaveCalibration_Response.msg
[13.417s] -- Symlinking: /home/futill/dummy_ros/install/share/easy_handeye2_msgs/calibration/RemoveSample.srv
[13.424s] -- Symlinking: /home/futill/dummy_ros/install/share/easy_handeye2_msgs/calibration/RemoveSample_Request.msg
[13.432s] -- Symlinking: /home/futill/dummy_ros/install/share/easy_handeye2_msgs/calibration/RemoveSample_Response.msg
[13.439s] -- Symlinking: /home/futill/dummy_ros/install/share/easy_handeye2_msgs/calibration/TakeSample.srv
[13.446s] -- Symlinking: /home/futill/dummy_ros/install/share/easy_handeye2_msgs/calibration/TakeSample_Request.msg
[13.454s] -- Symlinking: /home/futill/dummy_ros/install/share/easy_handeye2_msgs/calibration/TakeSample_Response.msg
[13.461s] -- Symlinking: /home/futill/dummy_ros/install/share/easy_handeye2_msgs/calibration/SaveSamples.srv
[13.468s] -- Symlinking: /home/futill/dummy_ros/install/share/easy_handeye2_msgs/calibration/SaveSamples_Request.msg
[13.476s] -- Symlinking: /home/futill/dummy_ros/install/share/easy_handeye2_msgs/calibration/SaveSamples_Response.msg
[13.484s] -- Symlinking: /home/futill/dummy_ros/install/share/easy_handeye2_msgs/calibration/LoadSamples.srv
[13.492s] -- Symlinking: /home/futill/dummy_ros/install/share/easy_handeye2_msgs/calibration/LoadSamples_Request.msg
[13.500s] -- Symlinking: /home/futill/dummy_ros/install/share/easy_handeye2_msgs/calibration/LoadSamples_Response.msg
[13.508s] -- Symlinking: /home/futill/dummy_ros/install/share/easy_handeye2_msgs/robot_movements/CheckStartingPose.srv
[13.516s] -- Symlinking: /home/futill/dummy_ros/install/share/easy_handeye2_msgs/robot_movements/CheckStartingPose_Request.msg
[13.523s] -- Symlinking: /home/futill/dummy_ros/install/share/easy_handeye2_msgs/robot_movements/CheckStartingPose_Response.msg
[13.530s] -- Symlinking: /home/futill/dummy_ros/install/share/easy_handeye2_msgs/robot_movements/EnumerateTargetPoses.srv
[13.538s] -- Symlinking: /home/futill/dummy_ros/install/share/easy_handeye2_msgs/robot_movements/EnumerateTargetPoses_Request.msg
[13.546s] -- Symlinking: /home/futill/dummy_ros/install/share/easy_handeye2_msgs/robot_movements/EnumerateTargetPoses_Response.msg
[13.554s] -- Symlinking: /home/futill/dummy_ros/install/share/easy_handeye2_msgs/robot_movements/SelectTargetPose.srv
[13.561s] -- Symlinking: /home/futill/dummy_ros/install/share/easy_handeye2_msgs/robot_movements/SelectTargetPose_Request.msg
[13.569s] -- Symlinking: /home/futill/dummy_ros/install/share/easy_handeye2_msgs/robot_movements/SelectTargetPose_Response.msg
[13.577s] -- Symlinking: /home/futill/dummy_ros/install/share/easy_handeye2_msgs/robot_movements/PlanToSelectedTargetPose.srv
[13.585s] -- Symlinking: /home/futill/dummy_ros/install/share/easy_handeye2_msgs/robot_movements/PlanToSelectedTargetPose_Request.msg
[13.593s] -- Symlinking: /home/futill/dummy_ros/install/share/easy_handeye2_msgs/robot_movements/PlanToSelectedTargetPose_Response.msg
[13.601s] -- Symlinking: /home/futill/dummy_ros/install/share/easy_handeye2_msgs/robot_movements/ExecutePlan.srv
[13.608s] -- Symlinking: /home/futill/dummy_ros/install/share/easy_handeye2_msgs/robot_movements/ExecutePlan_Request.msg
[13.616s] -- Symlinking: /home/futill/dummy_ros/install/share/easy_handeye2_msgs/robot_movements/ExecutePlan_Response.msg
[13.624s] -- Symlinking: /home/futill/dummy_ros/install/share/ament_index/resource_index/package_run_dependencies/easy_handeye2_msgs
[13.632s] -- Symlinking: /home/futill/dummy_ros/install/share/ament_index/resource_index/parent_prefix_path/easy_handeye2_msgs
[13.639s] -- Symlinking: /home/futill/dummy_ros/install/share/easy_handeye2_msgs/environment/ament_prefix_path.sh
[13.646s] -- Symlinking: /home/futill/dummy_ros/install/share/easy_handeye2_msgs/environment/ament_prefix_path.dsv
[13.655s] -- Symlinking: /home/futill/dummy_ros/install/share/easy_handeye2_msgs/environment/path.sh
[13.662s] -- Symlinking: /home/futill/dummy_ros/install/share/easy_handeye2_msgs/environment/path.dsv
[13.670s] -- Symlinking: /home/futill/dummy_ros/install/share/easy_handeye2_msgs/local_setup.bash
[13.680s] -- Symlinking: /home/futill/dummy_ros/install/share/easy_handeye2_msgs/local_setup.sh
[13.688s] -- Symlinking: /home/futill/dummy_ros/install/share/easy_handeye2_msgs/local_setup.zsh
[13.697s] -- Symlinking: /home/futill/dummy_ros/install/share/easy_handeye2_msgs/local_setup.dsv
[13.706s] -- Symlinking: /home/futill/dummy_ros/install/share/easy_handeye2_msgs/package.dsv
[13.714s] -- Symlinking: /home/futill/dummy_ros/install/share/ament_index/resource_index/packages/easy_handeye2_msgs
[13.722s] -- Symlinking: /home/futill/dummy_ros/install/share/easy_handeye2_msgs/cmake/rosidl_cmake-extras.cmake
[13.730s] -- Symlinking: /home/futill/dummy_ros/install/share/easy_handeye2_msgs/cmake/ament_cmake_export_dependencies-extras.cmake
[13.739s] -- Symlinking: /home/futill/dummy_ros/install/share/easy_handeye2_msgs/cmake/ament_cmake_export_include_directories-extras.cmake
[13.746s] -- Symlinking: /home/futill/dummy_ros/install/share/easy_handeye2_msgs/cmake/ament_cmake_export_libraries-extras.cmake
[13.755s] -- Symlinking: /home/futill/dummy_ros/install/share/easy_handeye2_msgs/cmake/ament_cmake_export_targets-extras.cmake
[13.763s] -- Symlinking: /home/futill/dummy_ros/install/share/easy_handeye2_msgs/cmake/rosidl_cmake_export_typesupport_targets-extras.cmake
[13.771s] -- Symlinking: /home/futill/dummy_ros/install/share/easy_handeye2_msgs/cmake/rosidl_cmake_export_typesupport_libraries-extras.cmake
[13.779s] -- Symlinking: /home/futill/dummy_ros/install/share/easy_handeye2_msgs/cmake/easy_handeye2_msgsConfig.cmake
[13.787s] -- Symlinking: /home/futill/dummy_ros/install/share/easy_handeye2_msgs/cmake/easy_handeye2_msgsConfig-version.cmake
[13.795s] -- Symlinking: /home/futill/dummy_ros/install/share/easy_handeye2_msgs/package.xml
[13.804s] -- Installing: /home/futill/dummy_ros/install/lib/libeasy_handeye2_msgs__rosidl_generator_c.so
[13.804s] -- Set runtime path of "/home/futill/dummy_ros/install/lib/libeasy_handeye2_msgs__rosidl_generator_c.so" to ""
[13.804s] -- Installing: /home/futill/dummy_ros/install/lib/libeasy_handeye2_msgs__rosidl_typesupport_fastrtps_c.so
[13.805s] -- Set runtime path of "/home/futill/dummy_ros/install/lib/libeasy_handeye2_msgs__rosidl_typesupport_fastrtps_c.so" to ""
[13.805s] -- Installing: /home/futill/dummy_ros/install/lib/libeasy_handeye2_msgs__rosidl_typesupport_introspection_c.so
[13.805s] -- Set runtime path of "/home/futill/dummy_ros/install/lib/libeasy_handeye2_msgs__rosidl_typesupport_introspection_c.so" to ""
[13.805s] -- Installing: /home/futill/dummy_ros/install/lib/libeasy_handeye2_msgs__rosidl_typesupport_c.so
[13.806s] -- Set runtime path of "/home/futill/dummy_ros/install/lib/libeasy_handeye2_msgs__rosidl_typesupport_c.so" to ""
[13.806s] -- Installing: /home/futill/dummy_ros/install/lib/libeasy_handeye2_msgs__rosidl_typesupport_fastrtps_cpp.so
[13.807s] -- Set runtime path of "/home/futill/dummy_ros/install/lib/libeasy_handeye2_msgs__rosidl_typesupport_fastrtps_cpp.so" to ""
[13.807s] -- Installing: /home/futill/dummy_ros/install/lib/libeasy_handeye2_msgs__rosidl_typesupport_introspection_cpp.so
[13.807s] -- Set runtime path of "/home/futill/dummy_ros/install/lib/libeasy_handeye2_msgs__rosidl_typesupport_introspection_cpp.so" to ""
[13.807s] -- Installing: /home/futill/dummy_ros/install/lib/libeasy_handeye2_msgs__rosidl_typesupport_cpp.so
[13.808s] -- Set runtime path of "/home/futill/dummy_ros/install/lib/libeasy_handeye2_msgs__rosidl_typesupport_cpp.so" to ""
[13.853s] Listing '/home/futill/dummy_ros/install/local/lib/python3.10/dist-packages/easy_handeye2_msgs'...
[13.853s] Compiling '/home/futill/dummy_ros/install/local/lib/python3.10/dist-packages/easy_handeye2_msgs/__init__.py'...
[13.853s] Listing '/home/futill/dummy_ros/install/local/lib/python3.10/dist-packages/easy_handeye2_msgs/msg'...
[13.853s] Compiling '/home/futill/dummy_ros/install/local/lib/python3.10/dist-packages/easy_handeye2_msgs/msg/__init__.py'...
[13.853s] Compiling '/home/futill/dummy_ros/install/local/lib/python3.10/dist-packages/easy_handeye2_msgs/msg/_handeye_calibration.py'...
[13.853s] Compiling '/home/futill/dummy_ros/install/local/lib/python3.10/dist-packages/easy_handeye2_msgs/msg/_handeye_calibration_parameters.py'...
[13.853s] Compiling '/home/futill/dummy_ros/install/local/lib/python3.10/dist-packages/easy_handeye2_msgs/msg/_sample.py'...
[13.853s] Compiling '/home/futill/dummy_ros/install/local/lib/python3.10/dist-packages/easy_handeye2_msgs/msg/_sample_list.py'...
[13.853s] Compiling '/home/futill/dummy_ros/install/local/lib/python3.10/dist-packages/easy_handeye2_msgs/msg/_target_pose_list.py'...
[13.853s] Listing '/home/futill/dummy_ros/install/local/lib/python3.10/dist-packages/easy_handeye2_msgs/srv'...
[13.854s] Compiling '/home/futill/dummy_ros/install/local/lib/python3.10/dist-packages/easy_handeye2_msgs/srv/__init__.py'...
[13.854s] Compiling '/home/futill/dummy_ros/install/local/lib/python3.10/dist-packages/easy_handeye2_msgs/srv/_check_starting_pose.py'...
[13.854s] Compiling '/home/futill/dummy_ros/install/local/lib/python3.10/dist-packages/easy_handeye2_msgs/srv/_compute_calibration.py'...
[13.854s] Compiling '/home/futill/dummy_ros/install/local/lib/python3.10/dist-packages/easy_handeye2_msgs/srv/_enumerate_target_poses.py'...
[13.854s] Compiling '/home/futill/dummy_ros/install/local/lib/python3.10/dist-packages/easy_handeye2_msgs/srv/_execute_plan.py'...
[13.854s] Compiling '/home/futill/dummy_ros/install/local/lib/python3.10/dist-packages/easy_handeye2_msgs/srv/_list_algorithms.py'...
[13.854s] Compiling '/home/futill/dummy_ros/install/local/lib/python3.10/dist-packages/easy_handeye2_msgs/srv/_load_samples.py'...
[13.854s] Compiling '/home/futill/dummy_ros/install/local/lib/python3.10/dist-packages/easy_handeye2_msgs/srv/_plan_to_selected_target_pose.py'...
[13.854s] Compiling '/home/futill/dummy_ros/install/local/lib/python3.10/dist-packages/easy_handeye2_msgs/srv/_remove_sample.py'...
[13.854s] Compiling '/home/futill/dummy_ros/install/local/lib/python3.10/dist-packages/easy_handeye2_msgs/srv/_save_calibration.py'...
[13.854s] Compiling '/home/futill/dummy_ros/install/local/lib/python3.10/dist-packages/easy_handeye2_msgs/srv/_save_samples.py'...
[13.854s] Compiling '/home/futill/dummy_ros/install/local/lib/python3.10/dist-packages/easy_handeye2_msgs/srv/_select_target_pose.py'...
[13.855s] Compiling '/home/futill/dummy_ros/install/local/lib/python3.10/dist-packages/easy_handeye2_msgs/srv/_set_algorithm.py'...
[13.855s] Compiling '/home/futill/dummy_ros/install/local/lib/python3.10/dist-packages/easy_handeye2_msgs/srv/_take_sample.py'...
[13.857s] -- Installing: /home/futill/dummy_ros/install/lib/libeasy_handeye2_msgs__rosidl_generator_py.so
[13.858s] -- Set runtime path of "/home/futill/dummy_ros/install/lib/libeasy_handeye2_msgs__rosidl_generator_py.so" to ""
[13.858s] -- Installing: /home/futill/dummy_ros/install/share/easy_handeye2_msgs/cmake/export_easy_handeye2_msgs__rosidl_generator_cExport.cmake
[13.858s] -- Installing: /home/futill/dummy_ros/install/share/easy_handeye2_msgs/cmake/export_easy_handeye2_msgs__rosidl_generator_cExport-release.cmake
[13.858s] -- Installing: /home/futill/dummy_ros/install/share/easy_handeye2_msgs/cmake/export_easy_handeye2_msgs__rosidl_typesupport_fastrtps_cExport.cmake
[13.858s] -- Installing: /home/futill/dummy_ros/install/share/easy_handeye2_msgs/cmake/export_easy_handeye2_msgs__rosidl_typesupport_fastrtps_cExport-release.cmake
[13.859s] -- Installing: /home/futill/dummy_ros/install/share/easy_handeye2_msgs/cmake/easy_handeye2_msgs__rosidl_typesupport_introspection_cExport.cmake
[13.859s] -- Installing: /home/futill/dummy_ros/install/share/easy_handeye2_msgs/cmake/easy_handeye2_msgs__rosidl_typesupport_introspection_cExport-release.cmake
[13.859s] -- Installing: /home/futill/dummy_ros/install/share/easy_handeye2_msgs/cmake/easy_handeye2_msgs__rosidl_typesupport_cExport.cmake
[13.859s] -- Installing: /home/futill/dummy_ros/install/share/easy_handeye2_msgs/cmake/easy_handeye2_msgs__rosidl_typesupport_cExport-release.cmake
[13.859s] -- Installing: /home/futill/dummy_ros/install/share/easy_handeye2_msgs/cmake/export_easy_handeye2_msgs__rosidl_generator_cppExport.cmake
[13.860s] -- Installing: /home/futill/dummy_ros/install/share/easy_handeye2_msgs/cmake/export_easy_handeye2_msgs__rosidl_typesupport_fastrtps_cppExport.cmake
[13.860s] -- Installing: /home/futill/dummy_ros/install/share/easy_handeye2_msgs/cmake/export_easy_handeye2_msgs__rosidl_typesupport_fastrtps_cppExport-release.cmake
[13.860s] -- Installing: /home/futill/dummy_ros/install/share/easy_handeye2_msgs/cmake/easy_handeye2_msgs__rosidl_typesupport_introspection_cppExport.cmake
[13.860s] -- Installing: /home/futill/dummy_ros/install/share/easy_handeye2_msgs/cmake/easy_handeye2_msgs__rosidl_typesupport_introspection_cppExport-release.cmake
[13.860s] -- Installing: /home/futill/dummy_ros/install/share/easy_handeye2_msgs/cmake/easy_handeye2_msgs__rosidl_typesupport_cppExport.cmake
[13.860s] -- Installing: /home/futill/dummy_ros/install/share/easy_handeye2_msgs/cmake/easy_handeye2_msgs__rosidl_typesupport_cppExport-release.cmake
[13.860s] -- Installing: /home/futill/dummy_ros/install/share/easy_handeye2_msgs/cmake/export_easy_handeye2_msgs__rosidl_generator_pyExport.cmake
[13.861s] -- Installing: /home/futill/dummy_ros/install/share/easy_handeye2_msgs/cmake/export_easy_handeye2_msgs__rosidl_generator_pyExport-release.cmake
[13.864s] Invoked command in '/home/futill/dummy_ros/build/easy_handeye2_msgs' returned '0': CMAKE_PREFIX_PATH=/opt/ros/humble /usr/bin/cmake --install /home/futill/dummy_ros/build/easy_handeye2_msgs
