[0.315s] Invoking command in '/home/futill/dummy2_hand_eye_calibration_ws/build/dummy2_interface': CMAKE_PREFIX_PATH=${CMAKE_PREFIX_PATH}:/home/futill/targer_ws/install/my_robot_pkg:/opt/ros/humble /usr/bin/cmake --build /home/futill/dummy2_hand_eye_calibration_ws/build/dummy2_interface -- -j8 -l8
[0.671s] [ 10%] Built target dummy2_interface__rosidl_generator_c
[0.671s] [ 12%] Built target dummy2_interface__cpp
[0.671s] [ 12%] Built target ament_cmake_python_symlink_dummy2_interface
[0.671s] [ 23%] Built target dummy2_interface__rosidl_typesupport_fastrtps_c
[0.671s] [ 34%] Built target dummy2_interface__rosidl_typesupport_introspection_c
[0.672s] [ 44%] Built target dummy2_interface__rosidl_typesupport_c
[0.672s] [ 55%] Built target dummy2_interface__rosidl_typesupport_fastrtps_cpp
[0.672s] [ 65%] Built target dummy2_interface__rosidl_typesupport_introspection_cpp
[0.672s] [ 76%] Built target dummy2_interface__rosidl_typesupport_cpp
[0.672s] [ 76%] Built target dummy2_interface
[0.672s] [ 78%] Built target dummy2_interface__py
[0.672s] [ 87%] Built target dummy2_interface__rosidl_generator_py
[0.672s] [ 91%] Built target dummy2_interface__rosidl_typesupport_fastrtps_c__pyext
[0.673s] [ 95%] Built target dummy2_interface__rosidl_typesupport_introspection_c__pyext
[0.673s] [100%] Built target dummy2_interface__rosidl_typesupport_c__pyext
[0.705s] running egg_info
[0.705s] writing dummy2_interface.egg-info/PKG-INFO
[0.705s] writing dependency_links to dummy2_interface.egg-info/dependency_links.txt
[0.705s] writing top-level names to dummy2_interface.egg-info/top_level.txt
[0.708s] reading manifest file 'dummy2_interface.egg-info/SOURCES.txt'
[0.708s] writing manifest file 'dummy2_interface.egg-info/SOURCES.txt'
[0.780s] [100%] Built target ament_cmake_python_build_dummy2_interface_egg
[0.825s] Invoked command in '/home/futill/dummy2_hand_eye_calibration_ws/build/dummy2_interface' returned '0': CMAKE_PREFIX_PATH=${CMAKE_PREFIX_PATH}:/home/futill/targer_ws/install/my_robot_pkg:/opt/ros/humble /usr/bin/cmake --build /home/futill/dummy2_hand_eye_calibration_ws/build/dummy2_interface -- -j8 -l8
[0.826s] Invoking command in '/home/futill/dummy2_hand_eye_calibration_ws/build/dummy2_interface': CMAKE_PREFIX_PATH=${CMAKE_PREFIX_PATH}:/home/futill/targer_ws/install/my_robot_pkg:/opt/ros/humble /usr/bin/cmake --install /home/futill/dummy2_hand_eye_calibration_ws/build/dummy2_interface
[0.842s] -- Install configuration: "Release"
[0.847s] -- Execute custom install script
[0.848s] -- Up-to-date symlink: /home/futill/dummy2_hand_eye_calibration_ws/install/share/ament_index/resource_index/rosidl_interfaces/dummy2_interface
[0.848s] -- Up-to-date symlink: /home/futill/dummy2_hand_eye_calibration_ws/install/include/dummy2_interface/dummy2_interface/msg/rosidl_generator_c__visibility_control.h
[0.848s] -- Up-to-date symlink: /home/futill/dummy2_hand_eye_calibration_ws/install/include/dummy2_interface/dummy2_interface/srv/detail/init_can2eth__functions.h
[0.849s] -- Up-to-date symlink: /home/futill/dummy2_hand_eye_calibration_ws/install/include/dummy2_interface/dummy2_interface/srv/detail/init_can2eth__struct.h
[0.849s] -- Up-to-date symlink: /home/futill/dummy2_hand_eye_calibration_ws/install/include/dummy2_interface/dummy2_interface/srv/detail/init_can2eth__type_support.h
[0.850s] -- Up-to-date symlink: /home/futill/dummy2_hand_eye_calibration_ws/install/include/dummy2_interface/dummy2_interface/srv/detail/read_can2eth__functions.h
[0.853s] -- Up-to-date symlink: /home/futill/dummy2_hand_eye_calibration_ws/install/include/dummy2_interface/dummy2_interface/srv/detail/read_can2eth__struct.h
[0.853s] -- Up-to-date symlink: /home/futill/dummy2_hand_eye_calibration_ws/install/include/dummy2_interface/dummy2_interface/srv/detail/read_can2eth__type_support.h
[0.853s] -- Up-to-date symlink: /home/futill/dummy2_hand_eye_calibration_ws/install/include/dummy2_interface/dummy2_interface/srv/detail/write_can2eth__functions.h
[0.853s] -- Up-to-date symlink: /home/futill/dummy2_hand_eye_calibration_ws/install/include/dummy2_interface/dummy2_interface/srv/detail/write_can2eth__struct.h
[0.853s] -- Up-to-date symlink: /home/futill/dummy2_hand_eye_calibration_ws/install/include/dummy2_interface/dummy2_interface/srv/detail/write_can2eth__type_support.h
[0.853s] -- Up-to-date symlink: /home/futill/dummy2_hand_eye_calibration_ws/install/include/dummy2_interface/dummy2_interface/srv/init_can2eth.h
[0.853s] -- Up-to-date symlink: /home/futill/dummy2_hand_eye_calibration_ws/install/include/dummy2_interface/dummy2_interface/srv/read_can2eth.h
[0.853s] -- Up-to-date symlink: /home/futill/dummy2_hand_eye_calibration_ws/install/include/dummy2_interface/dummy2_interface/srv/write_can2eth.h
[0.853s] -- Up-to-date symlink: /home/futill/dummy2_hand_eye_calibration_ws/install/share/dummy2_interface/environment/library_path.sh
[0.853s] -- Up-to-date symlink: /home/futill/dummy2_hand_eye_calibration_ws/install/share/dummy2_interface/environment/library_path.dsv
[0.854s] -- Up-to-date symlink: /home/futill/dummy2_hand_eye_calibration_ws/install/include/dummy2_interface/dummy2_interface/msg/rosidl_typesupport_fastrtps_c__visibility_control.h
[0.854s] -- Up-to-date symlink: /home/futill/dummy2_hand_eye_calibration_ws/install/include/dummy2_interface/dummy2_interface/srv/detail/init_can2eth__rosidl_typesupport_fastrtps_c.h
[0.856s] -- Up-to-date symlink: /home/futill/dummy2_hand_eye_calibration_ws/install/include/dummy2_interface/dummy2_interface/srv/detail/read_can2eth__rosidl_typesupport_fastrtps_c.h
[0.858s] -- Up-to-date symlink: /home/futill/dummy2_hand_eye_calibration_ws/install/include/dummy2_interface/dummy2_interface/srv/detail/write_can2eth__rosidl_typesupport_fastrtps_c.h
[0.858s] -- Up-to-date symlink: /home/futill/dummy2_hand_eye_calibration_ws/install/include/dummy2_interface/dummy2_interface/msg/rosidl_generator_cpp__visibility_control.hpp
[0.866s] -- Up-to-date symlink: /home/futill/dummy2_hand_eye_calibration_ws/install/include/dummy2_interface/dummy2_interface/srv/detail/init_can2eth__builder.hpp
[0.866s] -- Up-to-date symlink: /home/futill/dummy2_hand_eye_calibration_ws/install/include/dummy2_interface/dummy2_interface/srv/detail/init_can2eth__struct.hpp
[0.866s] -- Up-to-date symlink: /home/futill/dummy2_hand_eye_calibration_ws/install/include/dummy2_interface/dummy2_interface/srv/detail/init_can2eth__traits.hpp
[0.867s] -- Up-to-date symlink: /home/futill/dummy2_hand_eye_calibration_ws/install/include/dummy2_interface/dummy2_interface/srv/detail/init_can2eth__type_support.hpp
[0.868s] -- Up-to-date symlink: /home/futill/dummy2_hand_eye_calibration_ws/install/include/dummy2_interface/dummy2_interface/srv/detail/read_can2eth__builder.hpp
[0.868s] -- Up-to-date symlink: /home/futill/dummy2_hand_eye_calibration_ws/install/include/dummy2_interface/dummy2_interface/srv/detail/read_can2eth__struct.hpp
[0.869s] -- Up-to-date symlink: /home/futill/dummy2_hand_eye_calibration_ws/install/include/dummy2_interface/dummy2_interface/srv/detail/read_can2eth__traits.hpp
[0.869s] -- Up-to-date symlink: /home/futill/dummy2_hand_eye_calibration_ws/install/include/dummy2_interface/dummy2_interface/srv/detail/read_can2eth__type_support.hpp
[0.869s] -- Up-to-date symlink: /home/futill/dummy2_hand_eye_calibration_ws/install/include/dummy2_interface/dummy2_interface/srv/detail/write_can2eth__builder.hpp
[0.869s] -- Up-to-date symlink: /home/futill/dummy2_hand_eye_calibration_ws/install/include/dummy2_interface/dummy2_interface/srv/detail/write_can2eth__struct.hpp
[0.869s] -- Up-to-date symlink: /home/futill/dummy2_hand_eye_calibration_ws/install/include/dummy2_interface/dummy2_interface/srv/detail/write_can2eth__traits.hpp
[0.871s] -- Up-to-date symlink: /home/futill/dummy2_hand_eye_calibration_ws/install/include/dummy2_interface/dummy2_interface/srv/detail/write_can2eth__type_support.hpp
[0.871s] -- Up-to-date symlink: /home/futill/dummy2_hand_eye_calibration_ws/install/include/dummy2_interface/dummy2_interface/srv/init_can2eth.hpp
[0.872s] -- Up-to-date symlink: /home/futill/dummy2_hand_eye_calibration_ws/install/include/dummy2_interface/dummy2_interface/srv/read_can2eth.hpp
[0.872s] -- Up-to-date symlink: /home/futill/dummy2_hand_eye_calibration_ws/install/include/dummy2_interface/dummy2_interface/srv/write_can2eth.hpp
[0.872s] -- Up-to-date symlink: /home/futill/dummy2_hand_eye_calibration_ws/install/include/dummy2_interface/dummy2_interface/msg/rosidl_typesupport_fastrtps_cpp__visibility_control.h
[0.876s] -- Up-to-date symlink: /home/futill/dummy2_hand_eye_calibration_ws/install/include/dummy2_interface/dummy2_interface/srv/detail/init_can2eth__rosidl_typesupport_fastrtps_cpp.hpp
[0.876s] -- Up-to-date symlink: /home/futill/dummy2_hand_eye_calibration_ws/install/include/dummy2_interface/dummy2_interface/srv/detail/read_can2eth__rosidl_typesupport_fastrtps_cpp.hpp
[0.876s] -- Up-to-date symlink: /home/futill/dummy2_hand_eye_calibration_ws/install/include/dummy2_interface/dummy2_interface/srv/detail/write_can2eth__rosidl_typesupport_fastrtps_cpp.hpp
[0.876s] -- Up-to-date symlink: /home/futill/dummy2_hand_eye_calibration_ws/install/include/dummy2_interface/dummy2_interface/msg/rosidl_typesupport_introspection_c__visibility_control.h
[0.876s] -- Up-to-date symlink: /home/futill/dummy2_hand_eye_calibration_ws/install/include/dummy2_interface/dummy2_interface/srv/detail/init_can2eth__rosidl_typesupport_introspection_c.h
[0.876s] -- Up-to-date symlink: /home/futill/dummy2_hand_eye_calibration_ws/install/include/dummy2_interface/dummy2_interface/srv/detail/read_can2eth__rosidl_typesupport_introspection_c.h
[0.876s] -- Up-to-date symlink: /home/futill/dummy2_hand_eye_calibration_ws/install/include/dummy2_interface/dummy2_interface/srv/detail/write_can2eth__rosidl_typesupport_introspection_c.h
[0.877s] -- Up-to-date symlink: /home/futill/dummy2_hand_eye_calibration_ws/install/include/dummy2_interface/dummy2_interface/srv/detail/init_can2eth__rosidl_typesupport_introspection_cpp.hpp
[0.877s] -- Up-to-date symlink: /home/futill/dummy2_hand_eye_calibration_ws/install/include/dummy2_interface/dummy2_interface/srv/detail/read_can2eth__rosidl_typesupport_introspection_cpp.hpp
[0.877s] -- Up-to-date symlink: /home/futill/dummy2_hand_eye_calibration_ws/install/include/dummy2_interface/dummy2_interface/srv/detail/write_can2eth__rosidl_typesupport_introspection_cpp.hpp
[0.877s] -- Up-to-date symlink: /home/futill/dummy2_hand_eye_calibration_ws/install/share/dummy2_interface/environment/pythonpath.sh
[0.877s] -- Up-to-date symlink: /home/futill/dummy2_hand_eye_calibration_ws/install/share/dummy2_interface/environment/pythonpath.dsv
[0.877s] -- Up-to-date symlink: /home/futill/dummy2_hand_eye_calibration_ws/install/local/lib/python3.10/dist-packages/dummy2_interface-0.0.0-py3.10.egg-info/PKG-INFO
[0.877s] -- Up-to-date symlink: /home/futill/dummy2_hand_eye_calibration_ws/install/local/lib/python3.10/dist-packages/dummy2_interface-0.0.0-py3.10.egg-info/SOURCES.txt
[0.877s] -- Up-to-date symlink: /home/futill/dummy2_hand_eye_calibration_ws/install/local/lib/python3.10/dist-packages/dummy2_interface-0.0.0-py3.10.egg-info/dependency_links.txt
[0.877s] -- Up-to-date symlink: /home/futill/dummy2_hand_eye_calibration_ws/install/local/lib/python3.10/dist-packages/dummy2_interface-0.0.0-py3.10.egg-info/top_level.txt
[0.877s] -- Up-to-date symlink: /home/futill/dummy2_hand_eye_calibration_ws/install/local/lib/python3.10/dist-packages/dummy2_interface/__init__.py
[0.877s] -- Up-to-date symlink: /home/futill/dummy2_hand_eye_calibration_ws/install/local/lib/python3.10/dist-packages/dummy2_interface/_dummy2_interface_s.ep.rosidl_typesupport_c.c
[0.877s] -- Up-to-date symlink: /home/futill/dummy2_hand_eye_calibration_ws/install/local/lib/python3.10/dist-packages/dummy2_interface/_dummy2_interface_s.ep.rosidl_typesupport_fastrtps_c.c
[0.877s] -- Up-to-date symlink: /home/futill/dummy2_hand_eye_calibration_ws/install/local/lib/python3.10/dist-packages/dummy2_interface/_dummy2_interface_s.ep.rosidl_typesupport_introspection_c.c
[0.878s] -- Up-to-date symlink: /home/futill/dummy2_hand_eye_calibration_ws/install/local/lib/python3.10/dist-packages/dummy2_interface/dummy2_interface_s__rosidl_typesupport_c.cpython-310-x86_64-linux-gnu.so
[0.878s] -- Up-to-date symlink: /home/futill/dummy2_hand_eye_calibration_ws/install/local/lib/python3.10/dist-packages/dummy2_interface/dummy2_interface_s__rosidl_typesupport_fastrtps_c.cpython-310-x86_64-linux-gnu.so
[0.878s] -- Up-to-date symlink: /home/futill/dummy2_hand_eye_calibration_ws/install/local/lib/python3.10/dist-packages/dummy2_interface/dummy2_interface_s__rosidl_typesupport_introspection_c.cpython-310-x86_64-linux-gnu.so
[0.878s] -- Up-to-date symlink: /home/futill/dummy2_hand_eye_calibration_ws/install/local/lib/python3.10/dist-packages/dummy2_interface/libdummy2_interface__rosidl_generator_py.so
[0.878s] -- Up-to-date symlink: /home/futill/dummy2_hand_eye_calibration_ws/install/local/lib/python3.10/dist-packages/dummy2_interface/srv/__init__.py
[0.878s] -- Up-to-date symlink: /home/futill/dummy2_hand_eye_calibration_ws/install/local/lib/python3.10/dist-packages/dummy2_interface/srv/_init_can2eth.py
[0.878s] -- Up-to-date symlink: /home/futill/dummy2_hand_eye_calibration_ws/install/local/lib/python3.10/dist-packages/dummy2_interface/srv/_init_can2eth_s.c
[0.878s] -- Up-to-date symlink: /home/futill/dummy2_hand_eye_calibration_ws/install/local/lib/python3.10/dist-packages/dummy2_interface/srv/_read_can2eth.py
[0.878s] -- Up-to-date symlink: /home/futill/dummy2_hand_eye_calibration_ws/install/local/lib/python3.10/dist-packages/dummy2_interface/srv/_read_can2eth_s.c
[0.878s] -- Up-to-date symlink: /home/futill/dummy2_hand_eye_calibration_ws/install/local/lib/python3.10/dist-packages/dummy2_interface/srv/_write_can2eth.py
[0.878s] -- Up-to-date symlink: /home/futill/dummy2_hand_eye_calibration_ws/install/local/lib/python3.10/dist-packages/dummy2_interface/srv/_write_can2eth_s.c
[0.878s] -- Up-to-date symlink: /home/futill/dummy2_hand_eye_calibration_ws/install/local/lib/python3.10/dist-packages/dummy2_interface/dummy2_interface_s__rosidl_typesupport_fastrtps_c.cpython-310-x86_64-linux-gnu.so
[0.878s] -- Up-to-date symlink: /home/futill/dummy2_hand_eye_calibration_ws/install/local/lib/python3.10/dist-packages/dummy2_interface/dummy2_interface_s__rosidl_typesupport_introspection_c.cpython-310-x86_64-linux-gnu.so
[0.879s] -- Up-to-date symlink: /home/futill/dummy2_hand_eye_calibration_ws/install/local/lib/python3.10/dist-packages/dummy2_interface/dummy2_interface_s__rosidl_typesupport_c.cpython-310-x86_64-linux-gnu.so
[0.881s] -- Up-to-date symlink: /home/futill/dummy2_hand_eye_calibration_ws/install/share/dummy2_interface/srv/InitCan2eth.idl
[0.882s] -- Up-to-date symlink: /home/futill/dummy2_hand_eye_calibration_ws/install/share/dummy2_interface/srv/WriteCan2eth.idl
[0.882s] -- Up-to-date symlink: /home/futill/dummy2_hand_eye_calibration_ws/install/share/dummy2_interface/srv/ReadCan2eth.idl
[0.882s] -- Up-to-date symlink: /home/futill/dummy2_hand_eye_calibration_ws/install/share/dummy2_interface/srv/InitCan2eth.srv
[0.882s] -- Up-to-date symlink: /home/futill/dummy2_hand_eye_calibration_ws/install/share/dummy2_interface/srv/InitCan2eth_Request.msg
[0.882s] -- Up-to-date symlink: /home/futill/dummy2_hand_eye_calibration_ws/install/share/dummy2_interface/srv/InitCan2eth_Response.msg
[0.882s] -- Up-to-date symlink: /home/futill/dummy2_hand_eye_calibration_ws/install/share/dummy2_interface/srv/WriteCan2eth.srv
[0.882s] -- Up-to-date symlink: /home/futill/dummy2_hand_eye_calibration_ws/install/share/dummy2_interface/srv/WriteCan2eth_Request.msg
[0.883s] -- Up-to-date symlink: /home/futill/dummy2_hand_eye_calibration_ws/install/share/dummy2_interface/srv/WriteCan2eth_Response.msg
[0.883s] -- Up-to-date symlink: /home/futill/dummy2_hand_eye_calibration_ws/install/share/dummy2_interface/srv/ReadCan2eth.srv
[0.883s] -- Up-to-date symlink: /home/futill/dummy2_hand_eye_calibration_ws/install/share/dummy2_interface/srv/ReadCan2eth_Request.msg
[0.883s] -- Up-to-date symlink: /home/futill/dummy2_hand_eye_calibration_ws/install/share/dummy2_interface/srv/ReadCan2eth_Response.msg
[0.884s] -- Up-to-date symlink: /home/futill/dummy2_hand_eye_calibration_ws/install/share/ament_index/resource_index/package_run_dependencies/dummy2_interface
[0.884s] -- Up-to-date symlink: /home/futill/dummy2_hand_eye_calibration_ws/install/share/ament_index/resource_index/parent_prefix_path/dummy2_interface
[0.884s] -- Up-to-date symlink: /home/futill/dummy2_hand_eye_calibration_ws/install/share/dummy2_interface/environment/ament_prefix_path.sh
[0.885s] -- Up-to-date symlink: /home/futill/dummy2_hand_eye_calibration_ws/install/share/dummy2_interface/environment/ament_prefix_path.dsv
[0.885s] -- Up-to-date symlink: /home/futill/dummy2_hand_eye_calibration_ws/install/share/dummy2_interface/environment/path.sh
[0.885s] -- Up-to-date symlink: /home/futill/dummy2_hand_eye_calibration_ws/install/share/dummy2_interface/environment/path.dsv
[0.885s] -- Up-to-date symlink: /home/futill/dummy2_hand_eye_calibration_ws/install/share/dummy2_interface/local_setup.bash
[0.885s] -- Up-to-date symlink: /home/futill/dummy2_hand_eye_calibration_ws/install/share/dummy2_interface/local_setup.sh
[0.885s] -- Up-to-date symlink: /home/futill/dummy2_hand_eye_calibration_ws/install/share/dummy2_interface/local_setup.zsh
[0.885s] -- Up-to-date symlink: /home/futill/dummy2_hand_eye_calibration_ws/install/share/dummy2_interface/local_setup.dsv
[0.885s] -- Symlinking: /home/futill/dummy2_hand_eye_calibration_ws/install/share/dummy2_interface/package.dsv
[0.893s] -- Up-to-date symlink: /home/futill/dummy2_hand_eye_calibration_ws/install/share/ament_index/resource_index/packages/dummy2_interface
[0.894s] -- Up-to-date symlink: /home/futill/dummy2_hand_eye_calibration_ws/install/share/dummy2_interface/cmake/rosidl_cmake-extras.cmake
[0.895s] -- Up-to-date symlink: /home/futill/dummy2_hand_eye_calibration_ws/install/share/dummy2_interface/cmake/ament_cmake_export_include_directories-extras.cmake
[0.896s] -- Up-to-date symlink: /home/futill/dummy2_hand_eye_calibration_ws/install/share/dummy2_interface/cmake/ament_cmake_export_libraries-extras.cmake
[0.896s] -- Up-to-date symlink: /home/futill/dummy2_hand_eye_calibration_ws/install/share/dummy2_interface/cmake/ament_cmake_export_targets-extras.cmake
[0.896s] -- Up-to-date symlink: /home/futill/dummy2_hand_eye_calibration_ws/install/share/dummy2_interface/cmake/rosidl_cmake_export_typesupport_targets-extras.cmake
[0.897s] -- Up-to-date symlink: /home/futill/dummy2_hand_eye_calibration_ws/install/share/dummy2_interface/cmake/ament_cmake_export_dependencies-extras.cmake
[0.897s] -- Up-to-date symlink: /home/futill/dummy2_hand_eye_calibration_ws/install/share/dummy2_interface/cmake/rosidl_cmake_export_typesupport_libraries-extras.cmake
[0.898s] -- Up-to-date symlink: /home/futill/dummy2_hand_eye_calibration_ws/install/share/dummy2_interface/cmake/dummy2_interfaceConfig.cmake
[0.898s] -- Up-to-date symlink: /home/futill/dummy2_hand_eye_calibration_ws/install/share/dummy2_interface/cmake/dummy2_interfaceConfig-version.cmake
[0.899s] -- Up-to-date symlink: /home/futill/dummy2_hand_eye_calibration_ws/install/share/dummy2_interface/package.xml
[0.899s] -- Up-to-date: /home/futill/dummy2_hand_eye_calibration_ws/install/lib/libdummy2_interface__rosidl_generator_c.so
[0.900s] -- Up-to-date: /home/futill/dummy2_hand_eye_calibration_ws/install/lib/libdummy2_interface__rosidl_typesupport_fastrtps_c.so
[0.902s] -- Up-to-date: /home/futill/dummy2_hand_eye_calibration_ws/install/lib/libdummy2_interface__rosidl_typesupport_fastrtps_cpp.so
[0.903s] -- Up-to-date: /home/futill/dummy2_hand_eye_calibration_ws/install/lib/libdummy2_interface__rosidl_typesupport_introspection_c.so
[0.903s] -- Up-to-date: /home/futill/dummy2_hand_eye_calibration_ws/install/lib/libdummy2_interface__rosidl_typesupport_c.so
[0.903s] -- Up-to-date: /home/futill/dummy2_hand_eye_calibration_ws/install/lib/libdummy2_interface__rosidl_typesupport_introspection_cpp.so
[0.903s] -- Up-to-date: /home/futill/dummy2_hand_eye_calibration_ws/install/lib/libdummy2_interface__rosidl_typesupport_cpp.so
[0.946s] Listing '/home/futill/dummy2_hand_eye_calibration_ws/install/local/lib/python3.10/dist-packages/dummy2_interface'...
[0.946s] Listing '/home/futill/dummy2_hand_eye_calibration_ws/install/local/lib/python3.10/dist-packages/dummy2_interface/srv'...
[0.954s] -- Up-to-date: /home/futill/dummy2_hand_eye_calibration_ws/install/lib/libdummy2_interface__rosidl_generator_py.so
[0.955s] -- Up-to-date: /home/futill/dummy2_hand_eye_calibration_ws/install/share/dummy2_interface/cmake/export_dummy2_interface__rosidl_generator_cExport.cmake
[0.956s] -- Up-to-date: /home/futill/dummy2_hand_eye_calibration_ws/install/share/dummy2_interface/cmake/export_dummy2_interface__rosidl_generator_cExport-release.cmake
[0.956s] -- Up-to-date: /home/futill/dummy2_hand_eye_calibration_ws/install/share/dummy2_interface/cmake/export_dummy2_interface__rosidl_typesupport_fastrtps_cExport.cmake
[0.956s] -- Up-to-date: /home/futill/dummy2_hand_eye_calibration_ws/install/share/dummy2_interface/cmake/export_dummy2_interface__rosidl_typesupport_fastrtps_cExport-release.cmake
[0.956s] -- Up-to-date: /home/futill/dummy2_hand_eye_calibration_ws/install/share/dummy2_interface/cmake/export_dummy2_interface__rosidl_generator_cppExport.cmake
[0.956s] -- Up-to-date: /home/futill/dummy2_hand_eye_calibration_ws/install/share/dummy2_interface/cmake/export_dummy2_interface__rosidl_typesupport_fastrtps_cppExport.cmake
[0.956s] -- Up-to-date: /home/futill/dummy2_hand_eye_calibration_ws/install/share/dummy2_interface/cmake/export_dummy2_interface__rosidl_typesupport_fastrtps_cppExport-release.cmake
[0.956s] -- Up-to-date: /home/futill/dummy2_hand_eye_calibration_ws/install/share/dummy2_interface/cmake/dummy2_interface__rosidl_typesupport_introspection_cExport.cmake
[0.957s] -- Up-to-date: /home/futill/dummy2_hand_eye_calibration_ws/install/share/dummy2_interface/cmake/dummy2_interface__rosidl_typesupport_introspection_cExport-release.cmake
[0.957s] -- Up-to-date: /home/futill/dummy2_hand_eye_calibration_ws/install/share/dummy2_interface/cmake/dummy2_interface__rosidl_typesupport_cExport.cmake
[0.957s] -- Up-to-date: /home/futill/dummy2_hand_eye_calibration_ws/install/share/dummy2_interface/cmake/dummy2_interface__rosidl_typesupport_cExport-release.cmake
[0.957s] -- Up-to-date: /home/futill/dummy2_hand_eye_calibration_ws/install/share/dummy2_interface/cmake/dummy2_interface__rosidl_typesupport_introspection_cppExport.cmake
[0.957s] -- Up-to-date: /home/futill/dummy2_hand_eye_calibration_ws/install/share/dummy2_interface/cmake/dummy2_interface__rosidl_typesupport_introspection_cppExport-release.cmake
[0.957s] -- Up-to-date: /home/futill/dummy2_hand_eye_calibration_ws/install/share/dummy2_interface/cmake/dummy2_interface__rosidl_typesupport_cppExport.cmake
[0.957s] -- Up-to-date: /home/futill/dummy2_hand_eye_calibration_ws/install/share/dummy2_interface/cmake/dummy2_interface__rosidl_typesupport_cppExport-release.cmake
[0.958s] -- Up-to-date: /home/futill/dummy2_hand_eye_calibration_ws/install/share/dummy2_interface/cmake/export_dummy2_interface__rosidl_generator_pyExport.cmake
[0.958s] -- Up-to-date: /home/futill/dummy2_hand_eye_calibration_ws/install/share/dummy2_interface/cmake/export_dummy2_interface__rosidl_generator_pyExport-release.cmake
[1.267s] Invoked command in '/home/futill/dummy2_hand_eye_calibration_ws/build/dummy2_interface' returned '0': CMAKE_PREFIX_PATH=${CMAKE_PREFIX_PATH}:/home/futill/targer_ws/install/my_robot_pkg:/opt/ros/humble /usr/bin/cmake --install /home/futill/dummy2_hand_eye_calibration_ws/build/dummy2_interface
