[0.299s] Invoking command in '/home/futill/dummy_ros/build/pymoveit2': CMAKE_PREFIX_PATH=${CMAKE_PREFIX_PATH}:/opt/ros/humble /usr/bin/cmake --build /home/futill/dummy_ros/build/pymoveit2 -- -j16 -l16
[0.599s] Built target ament_cmake_python_symlink_pymoveit2
[0.624s] running egg_info
[0.624s] writing pymoveit2.egg-info/PKG-INFO
[0.625s] writing dependency_links to pymoveit2.egg-info/dependency_links.txt
[0.625s] writing top-level names to pymoveit2.egg-info/top_level.txt
[0.631s] reading manifest file 'pymoveit2.egg-info/SOURCES.txt'
[0.631s] writing manifest file 'pymoveit2.egg-info/SOURCES.txt'
[0.714s] Built target ament_cmake_python_build_pymoveit2_egg
[0.879s] Invoked command in '/home/futill/dummy_ros/build/pymoveit2' returned '0': CMAKE_PREFIX_PATH=${CMAKE_PREFIX_PATH}:/opt/ros/humble /usr/bin/cmake --build /home/futill/dummy_ros/build/pymoveit2 -- -j16 -l16
[0.881s] Invoking command in '/home/futill/dummy_ros/build/pymoveit2': CMAKE_PREFIX_PATH=${CMAKE_PREFIX_PATH}:/opt/ros/humble /usr/bin/cmake --install /home/futill/dummy_ros/build/pymoveit2
[0.923s] -- Install configuration: "Release"
[0.923s] -- Execute custom install script
[0.924s] -- Up-to-date symlink: /home/futill/dummy_ros/install/share/pymoveit2/environment/pythonpath.sh
[0.924s] -- Up-to-date symlink: /home/futill/dummy_ros/install/share/pymoveit2/environment/pythonpath.dsv
[0.924s] -- Up-to-date symlink: /home/futill/dummy_ros/install/local/lib/python3.10/dist-packages/pymoveit2-4.0.0-py3.10.egg-info/PKG-INFO
[0.924s] -- Up-to-date symlink: /home/futill/dummy_ros/install/local/lib/python3.10/dist-packages/pymoveit2-4.0.0-py3.10.egg-info/SOURCES.txt
[0.924s] -- Up-to-date symlink: /home/futill/dummy_ros/install/local/lib/python3.10/dist-packages/pymoveit2-4.0.0-py3.10.egg-info/dependency_links.txt
[0.924s] -- Up-to-date symlink: /home/futill/dummy_ros/install/local/lib/python3.10/dist-packages/pymoveit2-4.0.0-py3.10.egg-info/top_level.txt
[0.924s] -- Up-to-date symlink: /home/futill/dummy_ros/install/local/lib/python3.10/dist-packages/pymoveit2/__init__.py
[0.924s] -- Up-to-date symlink: /home/futill/dummy_ros/install/local/lib/python3.10/dist-packages/pymoveit2/gripper_command.py
[0.924s] -- Up-to-date symlink: /home/futill/dummy_ros/install/local/lib/python3.10/dist-packages/pymoveit2/gripper_interface.py
[0.924s] -- Up-to-date symlink: /home/futill/dummy_ros/install/local/lib/python3.10/dist-packages/pymoveit2/moveit2.py
[0.925s] -- Up-to-date symlink: /home/futill/dummy_ros/install/local/lib/python3.10/dist-packages/pymoveit2/moveit2_gripper.py
[0.925s] -- Up-to-date symlink: /home/futill/dummy_ros/install/local/lib/python3.10/dist-packages/pymoveit2/moveit2_servo.py
[0.925s] -- Up-to-date symlink: /home/futill/dummy_ros/install/local/lib/python3.10/dist-packages/pymoveit2/robots/__init__.py
[0.925s] -- Up-to-date symlink: /home/futill/dummy_ros/install/local/lib/python3.10/dist-packages/pymoveit2/robots/crane_x7.py
[0.925s] -- Up-to-date symlink: /home/futill/dummy_ros/install/local/lib/python3.10/dist-packages/pymoveit2/robots/kinova.py
[0.925s] -- Up-to-date symlink: /home/futill/dummy_ros/install/local/lib/python3.10/dist-packages/pymoveit2/robots/lbr.py
[0.925s] -- Up-to-date symlink: /home/futill/dummy_ros/install/local/lib/python3.10/dist-packages/pymoveit2/robots/panda.py
[0.925s] -- Up-to-date symlink: /home/futill/dummy_ros/install/local/lib/python3.10/dist-packages/pymoveit2/robots/phantomx_pincher.py
[0.925s] -- Up-to-date symlink: /home/futill/dummy_ros/install/local/lib/python3.10/dist-packages/pymoveit2/robots/ur.py
[0.926s] -- Up-to-date symlink: /home/futill/dummy_ros/install/lib/pymoveit2/ex_allow_collisions.py
[0.926s] -- Up-to-date symlink: /home/futill/dummy_ros/install/lib/pymoveit2/ex_clear_planning_scene.py
[0.926s] -- Up-to-date symlink: /home/futill/dummy_ros/install/lib/pymoveit2/ex_collision_mesh.py
[0.926s] -- Up-to-date symlink: /home/futill/dummy_ros/install/lib/pymoveit2/ex_collision_primitive.py
[0.926s] -- Up-to-date symlink: /home/futill/dummy_ros/install/lib/pymoveit2/ex_fk.py
[0.926s] -- Up-to-date symlink: /home/futill/dummy_ros/install/lib/pymoveit2/ex_gripper.py
[0.926s] -- Up-to-date symlink: /home/futill/dummy_ros/install/lib/pymoveit2/ex_ik.py
[0.926s] -- Up-to-date symlink: /home/futill/dummy_ros/install/lib/pymoveit2/ex_joint_goal.py
[0.926s] -- Up-to-date symlink: /home/futill/dummy_ros/install/lib/pymoveit2/ex_orientation_path_constraint.py
[0.926s] -- Up-to-date symlink: /home/futill/dummy_ros/install/lib/pymoveit2/ex_pose_goal.py
[0.926s] -- Up-to-date symlink: /home/futill/dummy_ros/install/lib/pymoveit2/ex_servo.py
[0.927s] -- Up-to-date symlink: /home/futill/dummy_ros/install/share/ament_index/resource_index/package_run_dependencies/pymoveit2
[0.927s] -- Up-to-date symlink: /home/futill/dummy_ros/install/share/ament_index/resource_index/parent_prefix_path/pymoveit2
[0.927s] -- Up-to-date symlink: /home/futill/dummy_ros/install/share/pymoveit2/environment/ament_prefix_path.sh
[0.928s] -- Up-to-date symlink: /home/futill/dummy_ros/install/share/pymoveit2/environment/ament_prefix_path.dsv
[0.928s] -- Up-to-date symlink: /home/futill/dummy_ros/install/share/pymoveit2/environment/path.sh
[0.929s] -- Up-to-date symlink: /home/futill/dummy_ros/install/share/pymoveit2/environment/path.dsv
[0.929s] -- Up-to-date symlink: /home/futill/dummy_ros/install/share/pymoveit2/local_setup.bash
[0.931s] -- Up-to-date symlink: /home/futill/dummy_ros/install/share/pymoveit2/local_setup.sh
[0.935s] -- Up-to-date symlink: /home/futill/dummy_ros/install/share/pymoveit2/local_setup.zsh
[0.936s] -- Up-to-date symlink: /home/futill/dummy_ros/install/share/pymoveit2/local_setup.dsv
[0.936s] -- Symlinking: /home/futill/dummy_ros/install/share/pymoveit2/package.dsv
[0.951s] -- Up-to-date symlink: /home/futill/dummy_ros/install/share/ament_index/resource_index/packages/pymoveit2
[0.951s] -- Up-to-date symlink: /home/futill/dummy_ros/install/share/pymoveit2/cmake/pymoveit2Config.cmake
[0.952s] -- Up-to-date symlink: /home/futill/dummy_ros/install/share/pymoveit2/cmake/pymoveit2Config-version.cmake
[0.952s] -- Up-to-date symlink: /home/futill/dummy_ros/install/share/pymoveit2/package.xml
[0.976s] Listing '/home/futill/dummy_ros/install/local/lib/python3.10/dist-packages/pymoveit2'...
[0.976s] Listing '/home/futill/dummy_ros/install/local/lib/python3.10/dist-packages/pymoveit2/robots'...
[1.034s] Invoked command in '/home/futill/dummy_ros/build/pymoveit2' returned '0': CMAKE_PREFIX_PATH=${CMAKE_PREFIX_PATH}:/opt/ros/humble /usr/bin/cmake --install /home/futill/dummy_ros/build/pymoveit2
