[0.664s] Invoking command in '/home/futill/dummy2_hand_eye_calibration_ws/build/ros2_aruco_interfaces': CMAKE_PREFIX_PATH=${CMAKE_PREFIX_PATH}:/home/futill/targer_ws/install/my_robot_pkg:/opt/ros/humble /usr/bin/cmake --build /home/futill/dummy2_hand_eye_calibration_ws/build/ros2_aruco_interfaces -- -j8 -l8
[0.933s] [  9%] Built target ros2_aruco_interfaces__rosidl_generator_c
[0.934s] [ 12%] Built target ros2_aruco_interfaces__cpp
[0.959s] [ 12%] Built target ament_cmake_python_symlink_ros2_aruco_interfaces
[0.962s] [ 22%] Built target ros2_aruco_interfaces__rosidl_typesupport_introspection_c
[0.972s] [ 32%] Built target ros2_aruco_interfaces__rosidl_typesupport_introspection_cpp
[0.972s] [ 41%] Built target ros2_aruco_interfaces__rosidl_typesupport_c
[0.982s] [ 51%] Built target ros2_aruco_interfaces__rosidl_typesupport_fastrtps_c
[1.002s] [ 61%] Built target ros2_aruco_interfaces__rosidl_typesupport_cpp
[1.018s] [ 70%] Built target ros2_aruco_interfaces__rosidl_typesupport_fastrtps_cpp
[1.031s] [ 70%] Built target ros2_aruco_interfaces
[1.034s] [ 74%] Built target ros2_aruco_interfaces__py
[1.038s] [ 80%] Built target ros2_aruco_interfaces__rosidl_generator_py
[1.038s] [ 87%] Built target ros2_aruco_interfaces__rosidl_typesupport_introspection_c__pyext
[1.038s] [ 93%] Built target ros2_aruco_interfaces__rosidl_typesupport_fastrtps_c__pyext
[1.044s] [100%] Built target ros2_aruco_interfaces__rosidl_typesupport_c__pyext
[1.186s] running egg_info
[1.188s] writing ros2_aruco_interfaces.egg-info/PKG-INFO
[1.188s] writing dependency_links to ros2_aruco_interfaces.egg-info/dependency_links.txt
[1.188s] writing top-level names to ros2_aruco_interfaces.egg-info/top_level.txt
[1.191s] reading manifest file 'ros2_aruco_interfaces.egg-info/SOURCES.txt'
[1.192s] writing manifest file 'ros2_aruco_interfaces.egg-info/SOURCES.txt'
[1.230s] [100%] Built target ament_cmake_python_build_ros2_aruco_interfaces_egg
[2.239s] Invoked command in '/home/futill/dummy2_hand_eye_calibration_ws/build/ros2_aruco_interfaces' returned '0': CMAKE_PREFIX_PATH=${CMAKE_PREFIX_PATH}:/home/futill/targer_ws/install/my_robot_pkg:/opt/ros/humble /usr/bin/cmake --build /home/futill/dummy2_hand_eye_calibration_ws/build/ros2_aruco_interfaces -- -j8 -l8
[2.250s] Invoking command in '/home/futill/dummy2_hand_eye_calibration_ws/build/ros2_aruco_interfaces': CMAKE_PREFIX_PATH=${CMAKE_PREFIX_PATH}:/home/futill/targer_ws/install/my_robot_pkg:/opt/ros/humble /usr/bin/cmake --install /home/futill/dummy2_hand_eye_calibration_ws/build/ros2_aruco_interfaces
[2.265s] -- Install configuration: "Release"
[2.274s] -- Execute custom install script
[2.274s] -- Up-to-date symlink: /home/futill/dummy2_hand_eye_calibration_ws/install/share/ament_index/resource_index/rosidl_interfaces/ros2_aruco_interfaces
[2.274s] -- Up-to-date symlink: /home/futill/dummy2_hand_eye_calibration_ws/install/include/ros2_aruco_interfaces/ros2_aruco_interfaces/msg/aruco_markers.h
[2.274s] -- Up-to-date symlink: /home/futill/dummy2_hand_eye_calibration_ws/install/include/ros2_aruco_interfaces/ros2_aruco_interfaces/msg/detail/aruco_markers__functions.h
[2.274s] -- Up-to-date symlink: /home/futill/dummy2_hand_eye_calibration_ws/install/include/ros2_aruco_interfaces/ros2_aruco_interfaces/msg/detail/aruco_markers__struct.h
[2.275s] -- Up-to-date symlink: /home/futill/dummy2_hand_eye_calibration_ws/install/include/ros2_aruco_interfaces/ros2_aruco_interfaces/msg/detail/aruco_markers__type_support.h
[2.275s] -- Up-to-date symlink: /home/futill/dummy2_hand_eye_calibration_ws/install/include/ros2_aruco_interfaces/ros2_aruco_interfaces/msg/rosidl_generator_c__visibility_control.h
[2.275s] -- Up-to-date symlink: /home/futill/dummy2_hand_eye_calibration_ws/install/share/ros2_aruco_interfaces/environment/library_path.sh
[2.275s] -- Up-to-date symlink: /home/futill/dummy2_hand_eye_calibration_ws/install/share/ros2_aruco_interfaces/environment/library_path.dsv
[2.275s] -- Up-to-date symlink: /home/futill/dummy2_hand_eye_calibration_ws/install/include/ros2_aruco_interfaces/ros2_aruco_interfaces/msg/detail/aruco_markers__rosidl_typesupport_fastrtps_c.h
[2.304s] -- Up-to-date symlink: /home/futill/dummy2_hand_eye_calibration_ws/install/include/ros2_aruco_interfaces/ros2_aruco_interfaces/msg/rosidl_typesupport_fastrtps_c__visibility_control.h
[2.304s] -- Up-to-date symlink: /home/futill/dummy2_hand_eye_calibration_ws/install/include/ros2_aruco_interfaces/ros2_aruco_interfaces/msg/aruco_markers.hpp
[2.305s] -- Up-to-date symlink: /home/futill/dummy2_hand_eye_calibration_ws/install/include/ros2_aruco_interfaces/ros2_aruco_interfaces/msg/detail/aruco_markers__builder.hpp
[2.305s] -- Up-to-date symlink: /home/futill/dummy2_hand_eye_calibration_ws/install/include/ros2_aruco_interfaces/ros2_aruco_interfaces/msg/detail/aruco_markers__struct.hpp
[2.305s] -- Up-to-date symlink: /home/futill/dummy2_hand_eye_calibration_ws/install/include/ros2_aruco_interfaces/ros2_aruco_interfaces/msg/detail/aruco_markers__traits.hpp
[2.305s] -- Up-to-date symlink: /home/futill/dummy2_hand_eye_calibration_ws/install/include/ros2_aruco_interfaces/ros2_aruco_interfaces/msg/detail/aruco_markers__type_support.hpp
[2.305s] -- Up-to-date symlink: /home/futill/dummy2_hand_eye_calibration_ws/install/include/ros2_aruco_interfaces/ros2_aruco_interfaces/msg/rosidl_generator_cpp__visibility_control.hpp
[2.309s] -- Up-to-date symlink: /home/futill/dummy2_hand_eye_calibration_ws/install/include/ros2_aruco_interfaces/ros2_aruco_interfaces/msg/detail/aruco_markers__rosidl_typesupport_fastrtps_cpp.hpp
[2.309s] -- Up-to-date symlink: /home/futill/dummy2_hand_eye_calibration_ws/install/include/ros2_aruco_interfaces/ros2_aruco_interfaces/msg/rosidl_typesupport_fastrtps_cpp__visibility_control.h
[2.309s] -- Up-to-date symlink: /home/futill/dummy2_hand_eye_calibration_ws/install/include/ros2_aruco_interfaces/ros2_aruco_interfaces/msg/detail/aruco_markers__rosidl_typesupport_introspection_c.h
[2.309s] -- Up-to-date symlink: /home/futill/dummy2_hand_eye_calibration_ws/install/include/ros2_aruco_interfaces/ros2_aruco_interfaces/msg/rosidl_typesupport_introspection_c__visibility_control.h
[2.309s] -- Up-to-date symlink: /home/futill/dummy2_hand_eye_calibration_ws/install/include/ros2_aruco_interfaces/ros2_aruco_interfaces/msg/detail/aruco_markers__rosidl_typesupport_introspection_cpp.hpp
[2.309s] -- Up-to-date symlink: /home/futill/dummy2_hand_eye_calibration_ws/install/share/ros2_aruco_interfaces/environment/pythonpath.sh
[2.310s] -- Up-to-date symlink: /home/futill/dummy2_hand_eye_calibration_ws/install/share/ros2_aruco_interfaces/environment/pythonpath.dsv
[2.310s] -- Up-to-date symlink: /home/futill/dummy2_hand_eye_calibration_ws/install/local/lib/python3.10/dist-packages/ros2_aruco_interfaces-0.1.0-py3.10.egg-info/PKG-INFO
[2.310s] -- Up-to-date symlink: /home/futill/dummy2_hand_eye_calibration_ws/install/local/lib/python3.10/dist-packages/ros2_aruco_interfaces-0.1.0-py3.10.egg-info/SOURCES.txt
[2.310s] -- Up-to-date symlink: /home/futill/dummy2_hand_eye_calibration_ws/install/local/lib/python3.10/dist-packages/ros2_aruco_interfaces-0.1.0-py3.10.egg-info/dependency_links.txt
[2.310s] -- Up-to-date symlink: /home/futill/dummy2_hand_eye_calibration_ws/install/local/lib/python3.10/dist-packages/ros2_aruco_interfaces-0.1.0-py3.10.egg-info/top_level.txt
[2.311s] -- Up-to-date symlink: /home/futill/dummy2_hand_eye_calibration_ws/install/local/lib/python3.10/dist-packages/ros2_aruco_interfaces/__init__.py
[2.312s] -- Up-to-date symlink: /home/futill/dummy2_hand_eye_calibration_ws/install/local/lib/python3.10/dist-packages/ros2_aruco_interfaces/_ros2_aruco_interfaces_s.ep.rosidl_typesupport_c.c
[2.312s] -- Up-to-date symlink: /home/futill/dummy2_hand_eye_calibration_ws/install/local/lib/python3.10/dist-packages/ros2_aruco_interfaces/_ros2_aruco_interfaces_s.ep.rosidl_typesupport_fastrtps_c.c
[2.312s] -- Up-to-date symlink: /home/futill/dummy2_hand_eye_calibration_ws/install/local/lib/python3.10/dist-packages/ros2_aruco_interfaces/_ros2_aruco_interfaces_s.ep.rosidl_typesupport_introspection_c.c
[2.312s] -- Up-to-date symlink: /home/futill/dummy2_hand_eye_calibration_ws/install/local/lib/python3.10/dist-packages/ros2_aruco_interfaces/libros2_aruco_interfaces__rosidl_generator_py.so
[2.312s] -- Up-to-date symlink: /home/futill/dummy2_hand_eye_calibration_ws/install/local/lib/python3.10/dist-packages/ros2_aruco_interfaces/msg/__init__.py
[2.312s] -- Up-to-date symlink: /home/futill/dummy2_hand_eye_calibration_ws/install/local/lib/python3.10/dist-packages/ros2_aruco_interfaces/msg/_aruco_markers.py
[2.313s] -- Up-to-date symlink: /home/futill/dummy2_hand_eye_calibration_ws/install/local/lib/python3.10/dist-packages/ros2_aruco_interfaces/msg/_aruco_markers_s.c
[2.313s] -- Up-to-date symlink: /home/futill/dummy2_hand_eye_calibration_ws/install/local/lib/python3.10/dist-packages/ros2_aruco_interfaces/ros2_aruco_interfaces_s__rosidl_typesupport_c.cpython-310-x86_64-linux-gnu.so
[2.313s] -- Up-to-date symlink: /home/futill/dummy2_hand_eye_calibration_ws/install/local/lib/python3.10/dist-packages/ros2_aruco_interfaces/ros2_aruco_interfaces_s__rosidl_typesupport_fastrtps_c.cpython-310-x86_64-linux-gnu.so
[2.313s] -- Up-to-date symlink: /home/futill/dummy2_hand_eye_calibration_ws/install/local/lib/python3.10/dist-packages/ros2_aruco_interfaces/ros2_aruco_interfaces_s__rosidl_typesupport_introspection_c.cpython-310-x86_64-linux-gnu.so
[2.313s] -- Up-to-date symlink: /home/futill/dummy2_hand_eye_calibration_ws/install/local/lib/python3.10/dist-packages/ros2_aruco_interfaces/ros2_aruco_interfaces_s__rosidl_typesupport_fastrtps_c.cpython-310-x86_64-linux-gnu.so
[2.313s] -- Up-to-date symlink: /home/futill/dummy2_hand_eye_calibration_ws/install/local/lib/python3.10/dist-packages/ros2_aruco_interfaces/ros2_aruco_interfaces_s__rosidl_typesupport_introspection_c.cpython-310-x86_64-linux-gnu.so
[2.315s] -- Up-to-date symlink: /home/futill/dummy2_hand_eye_calibration_ws/install/local/lib/python3.10/dist-packages/ros2_aruco_interfaces/ros2_aruco_interfaces_s__rosidl_typesupport_c.cpython-310-x86_64-linux-gnu.so
[2.315s] -- Up-to-date symlink: /home/futill/dummy2_hand_eye_calibration_ws/install/share/ros2_aruco_interfaces/msg/ArucoMarkers.idl
[2.315s] -- Up-to-date symlink: /home/futill/dummy2_hand_eye_calibration_ws/install/share/ros2_aruco_interfaces/msg/ArucoMarkers.msg
[2.315s] -- Up-to-date symlink: /home/futill/dummy2_hand_eye_calibration_ws/install/share/ament_index/resource_index/package_run_dependencies/ros2_aruco_interfaces
[2.315s] -- Up-to-date symlink: /home/futill/dummy2_hand_eye_calibration_ws/install/share/ament_index/resource_index/parent_prefix_path/ros2_aruco_interfaces
[2.315s] -- Up-to-date symlink: /home/futill/dummy2_hand_eye_calibration_ws/install/share/ros2_aruco_interfaces/environment/ament_prefix_path.sh
[2.315s] -- Up-to-date symlink: /home/futill/dummy2_hand_eye_calibration_ws/install/share/ros2_aruco_interfaces/environment/ament_prefix_path.dsv
[2.316s] -- Up-to-date symlink: /home/futill/dummy2_hand_eye_calibration_ws/install/share/ros2_aruco_interfaces/environment/path.sh
[2.316s] -- Up-to-date symlink: /home/futill/dummy2_hand_eye_calibration_ws/install/share/ros2_aruco_interfaces/environment/path.dsv
[2.316s] -- Up-to-date symlink: /home/futill/dummy2_hand_eye_calibration_ws/install/share/ros2_aruco_interfaces/local_setup.bash
[2.316s] -- Up-to-date symlink: /home/futill/dummy2_hand_eye_calibration_ws/install/share/ros2_aruco_interfaces/local_setup.sh
[2.316s] -- Up-to-date symlink: /home/futill/dummy2_hand_eye_calibration_ws/install/share/ros2_aruco_interfaces/local_setup.zsh
[2.316s] -- Up-to-date symlink: /home/futill/dummy2_hand_eye_calibration_ws/install/share/ros2_aruco_interfaces/local_setup.dsv
[2.316s] -- Symlinking: /home/futill/dummy2_hand_eye_calibration_ws/install/share/ros2_aruco_interfaces/package.dsv
[2.330s] -- Up-to-date symlink: /home/futill/dummy2_hand_eye_calibration_ws/install/share/ament_index/resource_index/packages/ros2_aruco_interfaces
[2.330s] -- Up-to-date symlink: /home/futill/dummy2_hand_eye_calibration_ws/install/share/ros2_aruco_interfaces/cmake/rosidl_cmake-extras.cmake
[2.330s] -- Up-to-date symlink: /home/futill/dummy2_hand_eye_calibration_ws/install/share/ros2_aruco_interfaces/cmake/ament_cmake_export_dependencies-extras.cmake
[2.330s] -- Up-to-date symlink: /home/futill/dummy2_hand_eye_calibration_ws/install/share/ros2_aruco_interfaces/cmake/ament_cmake_export_include_directories-extras.cmake
[2.330s] -- Up-to-date symlink: /home/futill/dummy2_hand_eye_calibration_ws/install/share/ros2_aruco_interfaces/cmake/ament_cmake_export_libraries-extras.cmake
[2.330s] -- Up-to-date symlink: /home/futill/dummy2_hand_eye_calibration_ws/install/share/ros2_aruco_interfaces/cmake/ament_cmake_export_targets-extras.cmake
[2.330s] -- Up-to-date symlink: /home/futill/dummy2_hand_eye_calibration_ws/install/share/ros2_aruco_interfaces/cmake/rosidl_cmake_export_typesupport_targets-extras.cmake
[2.331s] -- Up-to-date symlink: /home/futill/dummy2_hand_eye_calibration_ws/install/share/ros2_aruco_interfaces/cmake/rosidl_cmake_export_typesupport_libraries-extras.cmake
[2.332s] -- Up-to-date symlink: /home/futill/dummy2_hand_eye_calibration_ws/install/share/ros2_aruco_interfaces/cmake/ros2_aruco_interfacesConfig.cmake
[2.332s] -- Up-to-date symlink: /home/futill/dummy2_hand_eye_calibration_ws/install/share/ros2_aruco_interfaces/cmake/ros2_aruco_interfacesConfig-version.cmake
[2.333s] -- Up-to-date symlink: /home/futill/dummy2_hand_eye_calibration_ws/install/share/ros2_aruco_interfaces/package.xml
[2.333s] -- Up-to-date: /home/futill/dummy2_hand_eye_calibration_ws/install/lib/libros2_aruco_interfaces__rosidl_generator_c.so
[2.333s] -- Up-to-date: /home/futill/dummy2_hand_eye_calibration_ws/install/lib/libros2_aruco_interfaces__rosidl_typesupport_fastrtps_c.so
[2.335s] -- Up-to-date: /home/futill/dummy2_hand_eye_calibration_ws/install/lib/libros2_aruco_interfaces__rosidl_typesupport_fastrtps_cpp.so
[2.335s] -- Up-to-date: /home/futill/dummy2_hand_eye_calibration_ws/install/lib/libros2_aruco_interfaces__rosidl_typesupport_introspection_c.so
[2.335s] -- Up-to-date: /home/futill/dummy2_hand_eye_calibration_ws/install/lib/libros2_aruco_interfaces__rosidl_typesupport_c.so
[2.335s] -- Up-to-date: /home/futill/dummy2_hand_eye_calibration_ws/install/lib/libros2_aruco_interfaces__rosidl_typesupport_introspection_cpp.so
[2.335s] -- Up-to-date: /home/futill/dummy2_hand_eye_calibration_ws/install/lib/libros2_aruco_interfaces__rosidl_typesupport_cpp.so
[2.387s] Listing '/home/futill/dummy2_hand_eye_calibration_ws/install/local/lib/python3.10/dist-packages/ros2_aruco_interfaces'...
[2.387s] Listing '/home/futill/dummy2_hand_eye_calibration_ws/install/local/lib/python3.10/dist-packages/ros2_aruco_interfaces/msg'...
[2.391s] -- Up-to-date: /home/futill/dummy2_hand_eye_calibration_ws/install/lib/libros2_aruco_interfaces__rosidl_generator_py.so
[2.392s] -- Up-to-date: /home/futill/dummy2_hand_eye_calibration_ws/install/share/ros2_aruco_interfaces/cmake/export_ros2_aruco_interfaces__rosidl_generator_cExport.cmake
[2.395s] -- Up-to-date: /home/futill/dummy2_hand_eye_calibration_ws/install/share/ros2_aruco_interfaces/cmake/export_ros2_aruco_interfaces__rosidl_generator_cExport-release.cmake
[2.395s] -- Up-to-date: /home/futill/dummy2_hand_eye_calibration_ws/install/share/ros2_aruco_interfaces/cmake/export_ros2_aruco_interfaces__rosidl_typesupport_fastrtps_cExport.cmake
[2.395s] -- Up-to-date: /home/futill/dummy2_hand_eye_calibration_ws/install/share/ros2_aruco_interfaces/cmake/export_ros2_aruco_interfaces__rosidl_typesupport_fastrtps_cExport-release.cmake
[2.395s] -- Up-to-date: /home/futill/dummy2_hand_eye_calibration_ws/install/share/ros2_aruco_interfaces/cmake/export_ros2_aruco_interfaces__rosidl_generator_cppExport.cmake
[2.395s] -- Up-to-date: /home/futill/dummy2_hand_eye_calibration_ws/install/share/ros2_aruco_interfaces/cmake/export_ros2_aruco_interfaces__rosidl_typesupport_fastrtps_cppExport.cmake
[2.395s] -- Up-to-date: /home/futill/dummy2_hand_eye_calibration_ws/install/share/ros2_aruco_interfaces/cmake/export_ros2_aruco_interfaces__rosidl_typesupport_fastrtps_cppExport-release.cmake
[2.395s] -- Up-to-date: /home/futill/dummy2_hand_eye_calibration_ws/install/share/ros2_aruco_interfaces/cmake/ros2_aruco_interfaces__rosidl_typesupport_introspection_cExport.cmake
[2.396s] -- Up-to-date: /home/futill/dummy2_hand_eye_calibration_ws/install/share/ros2_aruco_interfaces/cmake/ros2_aruco_interfaces__rosidl_typesupport_introspection_cExport-release.cmake
[2.396s] -- Up-to-date: /home/futill/dummy2_hand_eye_calibration_ws/install/share/ros2_aruco_interfaces/cmake/ros2_aruco_interfaces__rosidl_typesupport_cExport.cmake
[2.396s] -- Up-to-date: /home/futill/dummy2_hand_eye_calibration_ws/install/share/ros2_aruco_interfaces/cmake/ros2_aruco_interfaces__rosidl_typesupport_cExport-release.cmake
[2.396s] -- Up-to-date: /home/futill/dummy2_hand_eye_calibration_ws/install/share/ros2_aruco_interfaces/cmake/ros2_aruco_interfaces__rosidl_typesupport_introspection_cppExport.cmake
[2.396s] -- Up-to-date: /home/futill/dummy2_hand_eye_calibration_ws/install/share/ros2_aruco_interfaces/cmake/ros2_aruco_interfaces__rosidl_typesupport_introspection_cppExport-release.cmake
[2.396s] -- Up-to-date: /home/futill/dummy2_hand_eye_calibration_ws/install/share/ros2_aruco_interfaces/cmake/ros2_aruco_interfaces__rosidl_typesupport_cppExport.cmake
[2.396s] -- Up-to-date: /home/futill/dummy2_hand_eye_calibration_ws/install/share/ros2_aruco_interfaces/cmake/ros2_aruco_interfaces__rosidl_typesupport_cppExport-release.cmake
[2.396s] -- Up-to-date: /home/futill/dummy2_hand_eye_calibration_ws/install/share/ros2_aruco_interfaces/cmake/export_ros2_aruco_interfaces__rosidl_generator_pyExport.cmake
[2.396s] -- Up-to-date: /home/futill/dummy2_hand_eye_calibration_ws/install/share/ros2_aruco_interfaces/cmake/export_ros2_aruco_interfaces__rosidl_generator_pyExport-release.cmake
[2.451s] Invoked command in '/home/futill/dummy2_hand_eye_calibration_ws/build/ros2_aruco_interfaces' returned '0': CMAKE_PREFIX_PATH=${CMAKE_PREFIX_PATH}:/home/futill/targer_ws/install/my_robot_pkg:/opt/ros/humble /usr/bin/cmake --install /home/futill/dummy2_hand_eye_calibration_ws/build/ros2_aruco_interfaces
