[1.429s] Invoking command in '/home/futill/dummy2_hand_eye_calibration_ws/build/dummy2_can2eth': AMENT_PREFIX_PATH=/home/futill/dummy2_hand_eye_calibration_ws/install:${AMENT_PREFIX_PATH} CMAKE_PREFIX_PATH=/home/futill/dummy2_hand_eye_calibration_ws/install LD_LIBRARY_PATH=/home/futill/dummy2_hand_eye_calibration_ws/install/lib:${LD_LIBRARY_PATH} PYTHONPATH=/home/futill/dummy2_hand_eye_calibration_ws/build/dummy2_can2eth/prefix_override:/usr/lib/python3/dist-packages/colcon_core/task/python/colcon_distutils_commands:/home/futill/dummy2_hand_eye_calibration_ws/install/lib/python3.10/site-packages:/home/futill/dummy2_hand_eye_calibration_ws/install/local/lib/python3.10/dist-packages:/home/futill/dummy2_hand_eye_calibration_ws/install/lib/python3.10/site-packages:${PYTHONPATH} /usr/bin/python3 -W ignore:setup.py install is deprecated -W ignore:easy_install command is deprecated setup.py develop --editable --build-directory /home/futill/dummy2_hand_eye_calibration_ws/build/dummy2_can2eth/build --no-deps symlink_data
[2.182s] running develop
[2.733s] running egg_info
[2.733s] creating dummy2_can2eth.egg-info
[2.737s] writing dummy2_can2eth.egg-info/PKG-INFO
[2.738s] writing dependency_links to dummy2_can2eth.egg-info/dependency_links.txt
[2.738s] writing entry points to dummy2_can2eth.egg-info/entry_points.txt
[2.738s] writing requirements to dummy2_can2eth.egg-info/requires.txt
[2.739s] writing top-level names to dummy2_can2eth.egg-info/top_level.txt
[2.739s] writing manifest file 'dummy2_can2eth.egg-info/SOURCES.txt'
[2.751s] reading manifest file 'dummy2_can2eth.egg-info/SOURCES.txt'
[2.751s] writing manifest file 'dummy2_can2eth.egg-info/SOURCES.txt'
[2.936s] running build_ext
[2.936s] Creating /home/futill/dummy2_hand_eye_calibration_ws/install/lib/python3.10/site-packages/dummy2-can2eth.egg-link (link to .)
[2.936s] Installing arm_joy script to /home/futill/dummy2_hand_eye_calibration_ws/install/lib/dummy2_can2eth
[2.936s] Installing dummy2_can2eth_server script to /home/futill/dummy2_hand_eye_calibration_ws/install/lib/dummy2_can2eth
[2.936s] 
[2.939s] Installed /home/futill/dummy2_hand_eye_calibration_ws/build/dummy2_can2eth
[2.939s] running symlink_data
[2.939s] symbolically linking /home/futill/dummy2_hand_eye_calibration_ws/build/dummy2_can2eth/resource/dummy2_can2eth -> /home/futill/dummy2_hand_eye_calibration_ws/install/share/ament_index/resource_index/packages
[2.939s] symbolically linking /home/futill/dummy2_hand_eye_calibration_ws/build/dummy2_can2eth/package.xml -> /home/futill/dummy2_hand_eye_calibration_ws/install/share/dummy2_can2eth
[2.939s] creating /home/futill/dummy2_hand_eye_calibration_ws/install/share/dummy2_can2eth/launch
[2.939s] symbolically linking /home/futill/dummy2_hand_eye_calibration_ws/build/dummy2_can2eth/launch/dummy2_can2eth_server.launch.py -> /home/futill/dummy2_hand_eye_calibration_ws/install/share/dummy2_can2eth/launch
[3.175s] Invoked command in '/home/futill/dummy2_hand_eye_calibration_ws/build/dummy2_can2eth' returned '0': AMENT_PREFIX_PATH=/home/futill/dummy2_hand_eye_calibration_ws/install:${AMENT_PREFIX_PATH} CMAKE_PREFIX_PATH=/home/futill/dummy2_hand_eye_calibration_ws/install LD_LIBRARY_PATH=/home/futill/dummy2_hand_eye_calibration_ws/install/lib:${LD_LIBRARY_PATH} PYTHONPATH=/home/futill/dummy2_hand_eye_calibration_ws/build/dummy2_can2eth/prefix_override:/usr/lib/python3/dist-packages/colcon_core/task/python/colcon_distutils_commands:/home/futill/dummy2_hand_eye_calibration_ws/install/lib/python3.10/site-packages:/home/futill/dummy2_hand_eye_calibration_ws/install/local/lib/python3.10/dist-packages:/home/futill/dummy2_hand_eye_calibration_ws/install/lib/python3.10/site-packages:${PYTHONPATH} /usr/bin/python3 -W ignore:setup.py install is deprecated -W ignore:easy_install command is deprecated setup.py develop --editable --build-directory /home/futill/dummy2_hand_eye_calibration_ws/build/dummy2_can2eth/build --no-deps symlink_data
