[0.017s] Invoking command in '/home/futill/dummy2_hand_eye_calibration_ws/build/dummy2-gripperv3_moveit_config': AMENT_PREFIX_PATH=/home/futill/dummy2_hand_eye_calibration_ws/install:${AMENT_PREFIX_PATH} CMAKE_PREFIX_PATH=/home/futill/dummy2_hand_eye_calibration_ws/install:/opt/ros/humble LD_LIBRARY_PATH=/home/futill/dummy2_hand_eye_calibration_ws/install/lib:${LD_LIBRARY_PATH} PYTHONPATH=/home/futill/dummy2_hand_eye_calibration_ws/build/dummy2-gripperv3_description:/home/futill/dummy2_hand_eye_calibration_ws/install/lib/python3.10/site-packages:${PYTHONPATH} /usr/bin/cmake /home/futill/dummy2_hand_eye_calibration_ws/src/dummy2-gripperv3_moveit_config -DCMAKE_BUILD_TYPE=Release -DAMENT_CMAKE_SYMLINK_INSTALL=1 -DCMAKE_INSTALL_PREFIX=/home/futill/dummy2_hand_eye_calibration_ws/install
[0.143s] -- The C compiler identification is GNU 11.4.0
[0.260s] -- The CXX compiler identification is GNU 11.4.0
[0.268s] -- Detecting C compiler ABI info
[0.406s] -- Detecting C compiler ABI info - done
[0.419s] -- Check for working C compiler: /usr/bin/cc - skipped
[0.419s] -- Detecting C compile features
[0.420s] -- Detecting C compile features - done
[0.427s] -- Detecting CXX compiler ABI info
[0.564s] -- Detecting CXX compiler ABI info - done
[0.564s] -- Check for working CXX compiler: /usr/bin/c++ - skipped
[0.564s] -- Detecting CXX compile features
[0.564s] -- Detecting CXX compile features - done
[0.566s] -- Found ament_cmake: 1.3.11 (/opt/ros/humble/share/ament_cmake/cmake)
[0.899s] -- Found Python3: /usr/bin/python3 (found version "3.10.12") found components: Interpreter 
[1.049s] -- Override CMake install command with custom implementation using symlinks instead of copying resources
[1.261s] -- Configuring done
[1.261s] -- Generating done
[1.261s] -- Build files have been written to: /home/futill/dummy2_hand_eye_calibration_ws/build/dummy2-gripperv3_moveit_config
[1.275s] Invoked command in '/home/futill/dummy2_hand_eye_calibration_ws/build/dummy2-gripperv3_moveit_config' returned '0': AMENT_PREFIX_PATH=/home/futill/dummy2_hand_eye_calibration_ws/install:${AMENT_PREFIX_PATH} CMAKE_PREFIX_PATH=/home/futill/dummy2_hand_eye_calibration_ws/install:/opt/ros/humble LD_LIBRARY_PATH=/home/futill/dummy2_hand_eye_calibration_ws/install/lib:${LD_LIBRARY_PATH} PYTHONPATH=/home/futill/dummy2_hand_eye_calibration_ws/build/dummy2-gripperv3_description:/home/futill/dummy2_hand_eye_calibration_ws/install/lib/python3.10/site-packages:${PYTHONPATH} /usr/bin/cmake /home/futill/dummy2_hand_eye_calibration_ws/src/dummy2-gripperv3_moveit_config -DCMAKE_BUILD_TYPE=Release -DAMENT_CMAKE_SYMLINK_INSTALL=1 -DCMAKE_INSTALL_PREFIX=/home/futill/dummy2_hand_eye_calibration_ws/install
[1.276s] Invoking command in '/home/futill/dummy2_hand_eye_calibration_ws/build/dummy2-gripperv3_moveit_config': AMENT_PREFIX_PATH=/home/futill/dummy2_hand_eye_calibration_ws/install:${AMENT_PREFIX_PATH} CMAKE_PREFIX_PATH=/home/futill/dummy2_hand_eye_calibration_ws/install:/opt/ros/humble LD_LIBRARY_PATH=/home/futill/dummy2_hand_eye_calibration_ws/install/lib:${LD_LIBRARY_PATH} PYTHONPATH=/home/futill/dummy2_hand_eye_calibration_ws/build/dummy2-gripperv3_description:/home/futill/dummy2_hand_eye_calibration_ws/install/lib/python3.10/site-packages:${PYTHONPATH} /usr/bin/cmake --build /home/futill/dummy2_hand_eye_calibration_ws/build/dummy2-gripperv3_moveit_config -- -j8 -l8
[1.468s] Invoked command in '/home/futill/dummy2_hand_eye_calibration_ws/build/dummy2-gripperv3_moveit_config' returned '0': AMENT_PREFIX_PATH=/home/futill/dummy2_hand_eye_calibration_ws/install:${AMENT_PREFIX_PATH} CMAKE_PREFIX_PATH=/home/futill/dummy2_hand_eye_calibration_ws/install:/opt/ros/humble LD_LIBRARY_PATH=/home/futill/dummy2_hand_eye_calibration_ws/install/lib:${LD_LIBRARY_PATH} PYTHONPATH=/home/futill/dummy2_hand_eye_calibration_ws/build/dummy2-gripperv3_description:/home/futill/dummy2_hand_eye_calibration_ws/install/lib/python3.10/site-packages:${PYTHONPATH} /usr/bin/cmake --build /home/futill/dummy2_hand_eye_calibration_ws/build/dummy2-gripperv3_moveit_config -- -j8 -l8
[1.477s] Invoking command in '/home/futill/dummy2_hand_eye_calibration_ws/build/dummy2-gripperv3_moveit_config': AMENT_PREFIX_PATH=/home/futill/dummy2_hand_eye_calibration_ws/install:${AMENT_PREFIX_PATH} CMAKE_PREFIX_PATH=/home/futill/dummy2_hand_eye_calibration_ws/install:/opt/ros/humble LD_LIBRARY_PATH=/home/futill/dummy2_hand_eye_calibration_ws/install/lib:${LD_LIBRARY_PATH} PYTHONPATH=/home/futill/dummy2_hand_eye_calibration_ws/build/dummy2-gripperv3_description:/home/futill/dummy2_hand_eye_calibration_ws/install/lib/python3.10/site-packages:${PYTHONPATH} /usr/bin/cmake --install /home/futill/dummy2_hand_eye_calibration_ws/build/dummy2-gripperv3_moveit_config
[1.506s] -- Install configuration: "Release"
[1.506s] -- Execute custom install script
[1.506s] -- Symlinking: /home/futill/dummy2_hand_eye_calibration_ws/install/share/ament_index/resource_index/package_run_dependencies/dummy2-gripperv3_moveit_config
[1.540s] -- Symlinking: /home/futill/dummy2_hand_eye_calibration_ws/install/share/ament_index/resource_index/parent_prefix_path/dummy2-gripperv3_moveit_config
[1.559s] -- Symlinking: /home/futill/dummy2_hand_eye_calibration_ws/install/share/dummy2-gripperv3_moveit_config/environment/ament_prefix_path.sh
[1.594s] -- Symlinking: /home/futill/dummy2_hand_eye_calibration_ws/install/share/dummy2-gripperv3_moveit_config/environment/ament_prefix_path.dsv
[1.636s] -- Symlinking: /home/futill/dummy2_hand_eye_calibration_ws/install/share/dummy2-gripperv3_moveit_config/environment/path.sh
[1.681s] -- Symlinking: /home/futill/dummy2_hand_eye_calibration_ws/install/share/dummy2-gripperv3_moveit_config/environment/path.dsv
[1.702s] -- Symlinking: /home/futill/dummy2_hand_eye_calibration_ws/install/share/dummy2-gripperv3_moveit_config/local_setup.bash
[1.741s] -- Symlinking: /home/futill/dummy2_hand_eye_calibration_ws/install/share/dummy2-gripperv3_moveit_config/local_setup.sh
[1.773s] -- Symlinking: /home/futill/dummy2_hand_eye_calibration_ws/install/share/dummy2-gripperv3_moveit_config/local_setup.zsh
[1.812s] -- Symlinking: /home/futill/dummy2_hand_eye_calibration_ws/install/share/dummy2-gripperv3_moveit_config/local_setup.dsv
[1.839s] -- Symlinking: /home/futill/dummy2_hand_eye_calibration_ws/install/share/dummy2-gripperv3_moveit_config/package.dsv
[1.862s] -- Symlinking: /home/futill/dummy2_hand_eye_calibration_ws/install/share/ament_index/resource_index/packages/dummy2-gripperv3_moveit_config
[1.878s] -- Symlinking: /home/futill/dummy2_hand_eye_calibration_ws/install/share/dummy2-gripperv3_moveit_config/cmake/dummy2-gripperv3_moveit_configConfig.cmake
[1.920s] -- Symlinking: /home/futill/dummy2_hand_eye_calibration_ws/install/share/dummy2-gripperv3_moveit_config/cmake/dummy2-gripperv3_moveit_configConfig-version.cmake
[1.955s] -- Symlinking: /home/futill/dummy2_hand_eye_calibration_ws/install/share/dummy2-gripperv3_moveit_config/package.xml
[1.986s] -- Symlinking: /home/futill/dummy2_hand_eye_calibration_ws/install/share/dummy2-gripperv3_moveit_config/launch/demo.launch.py
[2.006s] -- Symlinking: /home/futill/dummy2_hand_eye_calibration_ws/install/share/dummy2-gripperv3_moveit_config/launch/move_group.launch.py
[2.035s] -- Symlinking: /home/futill/dummy2_hand_eye_calibration_ws/install/share/dummy2-gripperv3_moveit_config/launch/moveit_rviz.launch.py
[2.060s] -- Symlinking: /home/futill/dummy2_hand_eye_calibration_ws/install/share/dummy2-gripperv3_moveit_config/launch/rsp.launch.py
[2.083s] -- Symlinking: /home/futill/dummy2_hand_eye_calibration_ws/install/share/dummy2-gripperv3_moveit_config/launch/setup_assistant.launch.py
[2.109s] -- Symlinking: /home/futill/dummy2_hand_eye_calibration_ws/install/share/dummy2-gripperv3_moveit_config/launch/spawn_controllers.launch.py
[2.146s] -- Symlinking: /home/futill/dummy2_hand_eye_calibration_ws/install/share/dummy2-gripperv3_moveit_config/launch/static_virtual_joint_tfs.launch.py
[2.182s] -- Symlinking: /home/futill/dummy2_hand_eye_calibration_ws/install/share/dummy2-gripperv3_moveit_config/launch/warehouse_db.launch.py
[2.207s] -- Symlinking: /home/futill/dummy2_hand_eye_calibration_ws/install/share/dummy2-gripperv3_moveit_config/config/dummy2-gripperv3.ros2_control.xacro
[2.226s] -- Symlinking: /home/futill/dummy2_hand_eye_calibration_ws/install/share/dummy2-gripperv3_moveit_config/config/dummy2-gripperv3.srdf
[2.258s] -- Symlinking: /home/futill/dummy2_hand_eye_calibration_ws/install/share/dummy2-gripperv3_moveit_config/config/dummy2-gripperv3.urdf.xacro
[2.296s] -- Symlinking: /home/futill/dummy2_hand_eye_calibration_ws/install/share/dummy2-gripperv3_moveit_config/config/initial_positions.yaml
[2.326s] -- Symlinking: /home/futill/dummy2_hand_eye_calibration_ws/install/share/dummy2-gripperv3_moveit_config/config/joint_limits.yaml
[2.342s] -- Symlinking: /home/futill/dummy2_hand_eye_calibration_ws/install/share/dummy2-gripperv3_moveit_config/config/kinematics.yaml
[2.396s] -- Symlinking: /home/futill/dummy2_hand_eye_calibration_ws/install/share/dummy2-gripperv3_moveit_config/config/moveit.rviz
[2.426s] -- Symlinking: /home/futill/dummy2_hand_eye_calibration_ws/install/share/dummy2-gripperv3_moveit_config/config/moveit_controllers.yaml
[2.456s] -- Symlinking: /home/futill/dummy2_hand_eye_calibration_ws/install/share/dummy2-gripperv3_moveit_config/config/pilz_cartesian_limits.yaml
[2.481s] -- Symlinking: /home/futill/dummy2_hand_eye_calibration_ws/install/share/dummy2-gripperv3_moveit_config/config/ros2_controllers.yaml
[2.512s] -- Symlinking: /home/futill/dummy2_hand_eye_calibration_ws/install/share/dummy2-gripperv3_moveit_config/.setup_assistant
[2.544s] Invoked command in '/home/futill/dummy2_hand_eye_calibration_ws/build/dummy2-gripperv3_moveit_config' returned '0': AMENT_PREFIX_PATH=/home/futill/dummy2_hand_eye_calibration_ws/install:${AMENT_PREFIX_PATH} CMAKE_PREFIX_PATH=/home/futill/dummy2_hand_eye_calibration_ws/install:/opt/ros/humble LD_LIBRARY_PATH=/home/futill/dummy2_hand_eye_calibration_ws/install/lib:${LD_LIBRARY_PATH} PYTHONPATH=/home/futill/dummy2_hand_eye_calibration_ws/build/dummy2-gripperv3_description:/home/futill/dummy2_hand_eye_calibration_ws/install/lib/python3.10/site-packages:${PYTHONPATH} /usr/bin/cmake --install /home/futill/dummy2_hand_eye_calibration_ws/build/dummy2-gripperv3_moveit_config
