[  2%] Built target dummy2_interface__cpp
[ 12%] Built target dummy2_interface__rosidl_generator_c
[ 12%] Built target ament_cmake_python_symlink_dummy2_interface
[ 48%] Built target dummy2_interface__rosidl_typesupport_cpp
[ 48%] Built target dummy2_interface__rosidl_typesupport_fastrtps_cpp
[ 53%] Built target dummy2_interface__rosidl_typesupport_introspection_c
[ 55%] Built target dummy2_interface__rosidl_typesupport_fastrtps_c
[ 65%] Built target dummy2_interface__rosidl_typesupport_c
[ 76%] Built target dummy2_interface__rosidl_typesupport_introspection_cpp
[ 76%] Built target dummy2_interface
[ 78%] Built target dummy2_interface__py
[ 87%] Built target dummy2_interface__rosidl_generator_py
[ 97%] Built target dummy2_interface__rosidl_typesupport_fastrtps_c__pyext
[100%] Built target dummy2_interface__rosidl_typesupport_c__pyext
[100%] Built target dummy2_interface__rosidl_typesupport_introspection_c__pyext
running egg_info
writing dummy2_interface.egg-info/PKG-INFO
writing dependency_links to dummy2_interface.egg-info/dependency_links.txt
writing top-level names to dummy2_interface.egg-info/top_level.txt
reading manifest file 'dummy2_interface.egg-info/SOURCES.txt'
writing manifest file 'dummy2_interface.egg-info/SOURCES.txt'
[100%] Built target ament_cmake_python_build_dummy2_interface_egg
-- Install configuration: "Release"
-- Execute custom install script
-- Up-to-date symlink: /home/futill/dummy_ros/install/share/ament_index/resource_index/rosidl_interfaces/dummy2_interface
-- Up-to-date symlink: /home/futill/dummy_ros/install/include/dummy2_interface/dummy2_interface/msg/rosidl_generator_c__visibility_control.h
-- Up-to-date symlink: /home/futill/dummy_ros/install/include/dummy2_interface/dummy2_interface/srv/detail/init_can2eth__functions.h
-- Up-to-date symlink: /home/futill/dummy_ros/install/include/dummy2_interface/dummy2_interface/srv/detail/init_can2eth__struct.h
-- Up-to-date symlink: /home/futill/dummy_ros/install/include/dummy2_interface/dummy2_interface/srv/detail/init_can2eth__type_support.h
-- Up-to-date symlink: /home/futill/dummy_ros/install/include/dummy2_interface/dummy2_interface/srv/detail/read_can2eth__functions.h
-- Up-to-date symlink: /home/futill/dummy_ros/install/include/dummy2_interface/dummy2_interface/srv/detail/read_can2eth__struct.h
-- Up-to-date symlink: /home/futill/dummy_ros/install/include/dummy2_interface/dummy2_interface/srv/detail/read_can2eth__type_support.h
-- Up-to-date symlink: /home/futill/dummy_ros/install/include/dummy2_interface/dummy2_interface/srv/detail/write_can2eth__functions.h
-- Up-to-date symlink: /home/futill/dummy_ros/install/include/dummy2_interface/dummy2_interface/srv/detail/write_can2eth__struct.h
-- Up-to-date symlink: /home/futill/dummy_ros/install/include/dummy2_interface/dummy2_interface/srv/detail/write_can2eth__type_support.h
-- Up-to-date symlink: /home/futill/dummy_ros/install/include/dummy2_interface/dummy2_interface/srv/init_can2eth.h
-- Up-to-date symlink: /home/futill/dummy_ros/install/include/dummy2_interface/dummy2_interface/srv/read_can2eth.h
-- Up-to-date symlink: /home/futill/dummy_ros/install/include/dummy2_interface/dummy2_interface/srv/write_can2eth.h
-- Up-to-date symlink: /home/futill/dummy_ros/install/share/dummy2_interface/environment/library_path.sh
-- Up-to-date symlink: /home/futill/dummy_ros/install/share/dummy2_interface/environment/library_path.dsv
-- Up-to-date symlink: /home/futill/dummy_ros/install/include/dummy2_interface/dummy2_interface/msg/rosidl_typesupport_fastrtps_c__visibility_control.h
-- Up-to-date symlink: /home/futill/dummy_ros/install/include/dummy2_interface/dummy2_interface/srv/detail/init_can2eth__rosidl_typesupport_fastrtps_c.h
-- Up-to-date symlink: /home/futill/dummy_ros/install/include/dummy2_interface/dummy2_interface/srv/detail/read_can2eth__rosidl_typesupport_fastrtps_c.h
-- Up-to-date symlink: /home/futill/dummy_ros/install/include/dummy2_interface/dummy2_interface/srv/detail/write_can2eth__rosidl_typesupport_fastrtps_c.h
-- Up-to-date symlink: /home/futill/dummy_ros/install/include/dummy2_interface/dummy2_interface/msg/rosidl_generator_cpp__visibility_control.hpp
-- Up-to-date symlink: /home/futill/dummy_ros/install/include/dummy2_interface/dummy2_interface/srv/detail/init_can2eth__builder.hpp
-- Up-to-date symlink: /home/futill/dummy_ros/install/include/dummy2_interface/dummy2_interface/srv/detail/init_can2eth__struct.hpp
-- Up-to-date symlink: /home/futill/dummy_ros/install/include/dummy2_interface/dummy2_interface/srv/detail/init_can2eth__traits.hpp
-- Up-to-date symlink: /home/futill/dummy_ros/install/include/dummy2_interface/dummy2_interface/srv/detail/init_can2eth__type_support.hpp
-- Up-to-date symlink: /home/futill/dummy_ros/install/include/dummy2_interface/dummy2_interface/srv/detail/read_can2eth__builder.hpp
-- Up-to-date symlink: /home/futill/dummy_ros/install/include/dummy2_interface/dummy2_interface/srv/detail/read_can2eth__struct.hpp
-- Up-to-date symlink: /home/futill/dummy_ros/install/include/dummy2_interface/dummy2_interface/srv/detail/read_can2eth__traits.hpp
-- Up-to-date symlink: /home/futill/dummy_ros/install/include/dummy2_interface/dummy2_interface/srv/detail/read_can2eth__type_support.hpp
-- Up-to-date symlink: /home/futill/dummy_ros/install/include/dummy2_interface/dummy2_interface/srv/detail/write_can2eth__builder.hpp
-- Up-to-date symlink: /home/futill/dummy_ros/install/include/dummy2_interface/dummy2_interface/srv/detail/write_can2eth__struct.hpp
-- Up-to-date symlink: /home/futill/dummy_ros/install/include/dummy2_interface/dummy2_interface/srv/detail/write_can2eth__traits.hpp
-- Up-to-date symlink: /home/futill/dummy_ros/install/include/dummy2_interface/dummy2_interface/srv/detail/write_can2eth__type_support.hpp
-- Up-to-date symlink: /home/futill/dummy_ros/install/include/dummy2_interface/dummy2_interface/srv/init_can2eth.hpp
-- Up-to-date symlink: /home/futill/dummy_ros/install/include/dummy2_interface/dummy2_interface/srv/read_can2eth.hpp
-- Up-to-date symlink: /home/futill/dummy_ros/install/include/dummy2_interface/dummy2_interface/srv/write_can2eth.hpp
-- Up-to-date symlink: /home/futill/dummy_ros/install/include/dummy2_interface/dummy2_interface/msg/rosidl_typesupport_fastrtps_cpp__visibility_control.h
-- Up-to-date symlink: /home/futill/dummy_ros/install/include/dummy2_interface/dummy2_interface/srv/detail/init_can2eth__rosidl_typesupport_fastrtps_cpp.hpp
-- Up-to-date symlink: /home/futill/dummy_ros/install/include/dummy2_interface/dummy2_interface/srv/detail/read_can2eth__rosidl_typesupport_fastrtps_cpp.hpp
-- Up-to-date symlink: /home/futill/dummy_ros/install/include/dummy2_interface/dummy2_interface/srv/detail/write_can2eth__rosidl_typesupport_fastrtps_cpp.hpp
-- Up-to-date symlink: /home/futill/dummy_ros/install/include/dummy2_interface/dummy2_interface/msg/rosidl_typesupport_introspection_c__visibility_control.h
-- Up-to-date symlink: /home/futill/dummy_ros/install/include/dummy2_interface/dummy2_interface/srv/detail/init_can2eth__rosidl_typesupport_introspection_c.h
-- Up-to-date symlink: /home/futill/dummy_ros/install/include/dummy2_interface/dummy2_interface/srv/detail/read_can2eth__rosidl_typesupport_introspection_c.h
-- Up-to-date symlink: /home/futill/dummy_ros/install/include/dummy2_interface/dummy2_interface/srv/detail/write_can2eth__rosidl_typesupport_introspection_c.h
-- Up-to-date symlink: /home/futill/dummy_ros/install/include/dummy2_interface/dummy2_interface/srv/detail/init_can2eth__rosidl_typesupport_introspection_cpp.hpp
-- Up-to-date symlink: /home/futill/dummy_ros/install/include/dummy2_interface/dummy2_interface/srv/detail/read_can2eth__rosidl_typesupport_introspection_cpp.hpp
-- Up-to-date symlink: /home/futill/dummy_ros/install/include/dummy2_interface/dummy2_interface/srv/detail/write_can2eth__rosidl_typesupport_introspection_cpp.hpp
-- Up-to-date symlink: /home/futill/dummy_ros/install/share/dummy2_interface/environment/pythonpath.sh
-- Up-to-date symlink: /home/futill/dummy_ros/install/share/dummy2_interface/environment/pythonpath.dsv
-- Up-to-date symlink: /home/futill/dummy_ros/install/local/lib/python3.10/dist-packages/dummy2_interface-0.0.0-py3.10.egg-info/PKG-INFO
-- Up-to-date symlink: /home/futill/dummy_ros/install/local/lib/python3.10/dist-packages/dummy2_interface-0.0.0-py3.10.egg-info/SOURCES.txt
-- Up-to-date symlink: /home/futill/dummy_ros/install/local/lib/python3.10/dist-packages/dummy2_interface-0.0.0-py3.10.egg-info/dependency_links.txt
-- Up-to-date symlink: /home/futill/dummy_ros/install/local/lib/python3.10/dist-packages/dummy2_interface-0.0.0-py3.10.egg-info/top_level.txt
-- Up-to-date symlink: /home/futill/dummy_ros/install/local/lib/python3.10/dist-packages/dummy2_interface/__init__.py
-- Up-to-date symlink: /home/futill/dummy_ros/install/local/lib/python3.10/dist-packages/dummy2_interface/_dummy2_interface_s.ep.rosidl_typesupport_c.c
-- Up-to-date symlink: /home/futill/dummy_ros/install/local/lib/python3.10/dist-packages/dummy2_interface/_dummy2_interface_s.ep.rosidl_typesupport_fastrtps_c.c
-- Up-to-date symlink: /home/futill/dummy_ros/install/local/lib/python3.10/dist-packages/dummy2_interface/_dummy2_interface_s.ep.rosidl_typesupport_introspection_c.c
-- Up-to-date symlink: /home/futill/dummy_ros/install/local/lib/python3.10/dist-packages/dummy2_interface/dummy2_interface_s__rosidl_typesupport_c.cpython-310-x86_64-linux-gnu.so
-- Up-to-date symlink: /home/futill/dummy_ros/install/local/lib/python3.10/dist-packages/dummy2_interface/dummy2_interface_s__rosidl_typesupport_fastrtps_c.cpython-310-x86_64-linux-gnu.so
-- Up-to-date symlink: /home/futill/dummy_ros/install/local/lib/python3.10/dist-packages/dummy2_interface/dummy2_interface_s__rosidl_typesupport_introspection_c.cpython-310-x86_64-linux-gnu.so
-- Up-to-date symlink: /home/futill/dummy_ros/install/local/lib/python3.10/dist-packages/dummy2_interface/libdummy2_interface__rosidl_generator_py.so
-- Up-to-date symlink: /home/futill/dummy_ros/install/local/lib/python3.10/dist-packages/dummy2_interface/srv/__init__.py
-- Up-to-date symlink: /home/futill/dummy_ros/install/local/lib/python3.10/dist-packages/dummy2_interface/srv/_init_can2eth.py
-- Up-to-date symlink: /home/futill/dummy_ros/install/local/lib/python3.10/dist-packages/dummy2_interface/srv/_init_can2eth_s.c
-- Up-to-date symlink: /home/futill/dummy_ros/install/local/lib/python3.10/dist-packages/dummy2_interface/srv/_read_can2eth.py
-- Up-to-date symlink: /home/futill/dummy_ros/install/local/lib/python3.10/dist-packages/dummy2_interface/srv/_read_can2eth_s.c
-- Up-to-date symlink: /home/futill/dummy_ros/install/local/lib/python3.10/dist-packages/dummy2_interface/srv/_write_can2eth.py
-- Up-to-date symlink: /home/futill/dummy_ros/install/local/lib/python3.10/dist-packages/dummy2_interface/srv/_write_can2eth_s.c
-- Up-to-date symlink: /home/futill/dummy_ros/install/local/lib/python3.10/dist-packages/dummy2_interface/dummy2_interface_s__rosidl_typesupport_fastrtps_c.cpython-310-x86_64-linux-gnu.so
-- Up-to-date symlink: /home/futill/dummy_ros/install/local/lib/python3.10/dist-packages/dummy2_interface/dummy2_interface_s__rosidl_typesupport_introspection_c.cpython-310-x86_64-linux-gnu.so
-- Up-to-date symlink: /home/futill/dummy_ros/install/local/lib/python3.10/dist-packages/dummy2_interface/dummy2_interface_s__rosidl_typesupport_c.cpython-310-x86_64-linux-gnu.so
-- Up-to-date symlink: /home/futill/dummy_ros/install/share/dummy2_interface/srv/InitCan2eth.idl
-- Up-to-date symlink: /home/futill/dummy_ros/install/share/dummy2_interface/srv/WriteCan2eth.idl
-- Up-to-date symlink: /home/futill/dummy_ros/install/share/dummy2_interface/srv/ReadCan2eth.idl
-- Up-to-date symlink: /home/futill/dummy_ros/install/share/dummy2_interface/srv/InitCan2eth.srv
-- Up-to-date symlink: /home/futill/dummy_ros/install/share/dummy2_interface/srv/InitCan2eth_Request.msg
-- Up-to-date symlink: /home/futill/dummy_ros/install/share/dummy2_interface/srv/InitCan2eth_Response.msg
-- Up-to-date symlink: /home/futill/dummy_ros/install/share/dummy2_interface/srv/WriteCan2eth.srv
-- Up-to-date symlink: /home/futill/dummy_ros/install/share/dummy2_interface/srv/WriteCan2eth_Request.msg
-- Up-to-date symlink: /home/futill/dummy_ros/install/share/dummy2_interface/srv/WriteCan2eth_Response.msg
-- Up-to-date symlink: /home/futill/dummy_ros/install/share/dummy2_interface/srv/ReadCan2eth.srv
-- Up-to-date symlink: /home/futill/dummy_ros/install/share/dummy2_interface/srv/ReadCan2eth_Request.msg
-- Up-to-date symlink: /home/futill/dummy_ros/install/share/dummy2_interface/srv/ReadCan2eth_Response.msg
-- Up-to-date symlink: /home/futill/dummy_ros/install/share/ament_index/resource_index/package_run_dependencies/dummy2_interface
-- Up-to-date symlink: /home/futill/dummy_ros/install/share/ament_index/resource_index/parent_prefix_path/dummy2_interface
-- Up-to-date symlink: /home/futill/dummy_ros/install/share/dummy2_interface/environment/ament_prefix_path.sh
-- Up-to-date symlink: /home/futill/dummy_ros/install/share/dummy2_interface/environment/ament_prefix_path.dsv
-- Up-to-date symlink: /home/futill/dummy_ros/install/share/dummy2_interface/environment/path.sh
-- Up-to-date symlink: /home/futill/dummy_ros/install/share/dummy2_interface/environment/path.dsv
-- Up-to-date symlink: /home/futill/dummy_ros/install/share/dummy2_interface/local_setup.bash
-- Up-to-date symlink: /home/futill/dummy_ros/install/share/dummy2_interface/local_setup.sh
-- Up-to-date symlink: /home/futill/dummy_ros/install/share/dummy2_interface/local_setup.zsh
-- Up-to-date symlink: /home/futill/dummy_ros/install/share/dummy2_interface/local_setup.dsv
-- Symlinking: /home/futill/dummy_ros/install/share/dummy2_interface/package.dsv
-- Up-to-date symlink: /home/futill/dummy_ros/install/share/ament_index/resource_index/packages/dummy2_interface
-- Up-to-date symlink: /home/futill/dummy_ros/install/share/dummy2_interface/cmake/rosidl_cmake-extras.cmake
-- Up-to-date symlink: /home/futill/dummy_ros/install/share/dummy2_interface/cmake/ament_cmake_export_include_directories-extras.cmake
-- Up-to-date symlink: /home/futill/dummy_ros/install/share/dummy2_interface/cmake/ament_cmake_export_libraries-extras.cmake
-- Up-to-date symlink: /home/futill/dummy_ros/install/share/dummy2_interface/cmake/ament_cmake_export_targets-extras.cmake
-- Up-to-date symlink: /home/futill/dummy_ros/install/share/dummy2_interface/cmake/rosidl_cmake_export_typesupport_targets-extras.cmake
-- Up-to-date symlink: /home/futill/dummy_ros/install/share/dummy2_interface/cmake/ament_cmake_export_dependencies-extras.cmake
-- Up-to-date symlink: /home/futill/dummy_ros/install/share/dummy2_interface/cmake/rosidl_cmake_export_typesupport_libraries-extras.cmake
-- Up-to-date symlink: /home/futill/dummy_ros/install/share/dummy2_interface/cmake/dummy2_interfaceConfig.cmake
-- Up-to-date symlink: /home/futill/dummy_ros/install/share/dummy2_interface/cmake/dummy2_interfaceConfig-version.cmake
-- Up-to-date symlink: /home/futill/dummy_ros/install/share/dummy2_interface/package.xml
-- Up-to-date: /home/futill/dummy_ros/install/lib/libdummy2_interface__rosidl_generator_c.so
-- Up-to-date: /home/futill/dummy_ros/install/lib/libdummy2_interface__rosidl_typesupport_fastrtps_c.so
-- Up-to-date: /home/futill/dummy_ros/install/lib/libdummy2_interface__rosidl_typesupport_fastrtps_cpp.so
-- Up-to-date: /home/futill/dummy_ros/install/lib/libdummy2_interface__rosidl_typesupport_introspection_c.so
-- Up-to-date: /home/futill/dummy_ros/install/lib/libdummy2_interface__rosidl_typesupport_c.so
-- Up-to-date: /home/futill/dummy_ros/install/lib/libdummy2_interface__rosidl_typesupport_introspection_cpp.so
-- Up-to-date: /home/futill/dummy_ros/install/lib/libdummy2_interface__rosidl_typesupport_cpp.so
Listing '/home/futill/dummy_ros/install/local/lib/python3.10/dist-packages/dummy2_interface'...
Listing '/home/futill/dummy_ros/install/local/lib/python3.10/dist-packages/dummy2_interface/srv'...
-- Up-to-date: /home/futill/dummy_ros/install/lib/libdummy2_interface__rosidl_generator_py.so
-- Up-to-date: /home/futill/dummy_ros/install/share/dummy2_interface/cmake/export_dummy2_interface__rosidl_generator_cExport.cmake
-- Up-to-date: /home/futill/dummy_ros/install/share/dummy2_interface/cmake/export_dummy2_interface__rosidl_generator_cExport-release.cmake
-- Up-to-date: /home/futill/dummy_ros/install/share/dummy2_interface/cmake/export_dummy2_interface__rosidl_typesupport_fastrtps_cExport.cmake
-- Up-to-date: /home/futill/dummy_ros/install/share/dummy2_interface/cmake/export_dummy2_interface__rosidl_typesupport_fastrtps_cExport-release.cmake
-- Up-to-date: /home/futill/dummy_ros/install/share/dummy2_interface/cmake/export_dummy2_interface__rosidl_generator_cppExport.cmake
-- Up-to-date: /home/futill/dummy_ros/install/share/dummy2_interface/cmake/export_dummy2_interface__rosidl_typesupport_fastrtps_cppExport.cmake
-- Up-to-date: /home/futill/dummy_ros/install/share/dummy2_interface/cmake/export_dummy2_interface__rosidl_typesupport_fastrtps_cppExport-release.cmake
-- Up-to-date: /home/futill/dummy_ros/install/share/dummy2_interface/cmake/dummy2_interface__rosidl_typesupport_introspection_cExport.cmake
-- Up-to-date: /home/futill/dummy_ros/install/share/dummy2_interface/cmake/dummy2_interface__rosidl_typesupport_introspection_cExport-release.cmake
-- Up-to-date: /home/futill/dummy_ros/install/share/dummy2_interface/cmake/dummy2_interface__rosidl_typesupport_cExport.cmake
-- Up-to-date: /home/futill/dummy_ros/install/share/dummy2_interface/cmake/dummy2_interface__rosidl_typesupport_cExport-release.cmake
-- Up-to-date: /home/futill/dummy_ros/install/share/dummy2_interface/cmake/dummy2_interface__rosidl_typesupport_introspection_cppExport.cmake
-- Up-to-date: /home/futill/dummy_ros/install/share/dummy2_interface/cmake/dummy2_interface__rosidl_typesupport_introspection_cppExport-release.cmake
-- Up-to-date: /home/futill/dummy_ros/install/share/dummy2_interface/cmake/dummy2_interface__rosidl_typesupport_cppExport.cmake
-- Up-to-date: /home/futill/dummy_ros/install/share/dummy2_interface/cmake/dummy2_interface__rosidl_typesupport_cppExport-release.cmake
-- Up-to-date: /home/futill/dummy_ros/install/share/dummy2_interface/cmake/export_dummy2_interface__rosidl_generator_pyExport.cmake
-- Up-to-date: /home/futill/dummy_ros/install/share/dummy2_interface/cmake/export_dummy2_interface__rosidl_generator_pyExport-release.cmake
