[0.014s] Invoking command in '/home/futill/dummy_ros/build/dummy2_hand_eye_calibration': AMENT_PREFIX_PATH=/home/futill/dummy_ros/install:${AMENT_PREFIX_PATH} CMAKE_PREFIX_PATH=/home/futill/dummy_ros/install:/opt/ros/humble LD_LIBRARY_PATH=/home/futill/dummy_ros/install/lib:${LD_LIBRARY_PATH} PYTHONPATH=/home/futill/dummy_ros/build/easy_handeye2:/home/futill/dummy_ros/install/lib/python3.10/site-packages:/home/futill/dummy_ros/build/ros2_aruco:/home/futill/dummy_ros/install/local/lib/python3.10/dist-packages:${PYTHONPATH} /usr/bin/cmake /home/futill/dummy_ros/src/dummy2_hand_eye_calibration -DCMAKE_BUILD_TYPE=Release -DAMENT_CMAKE_SYMLINK_INSTALL=1 -DCMAKE_INSTALL_PREFIX=/home/futill/dummy_ros/install
[0.058s] -- The C compiler identification is GNU 11.4.0
[0.103s] -- The CXX compiler identification is GNU 11.4.0
[0.108s] -- Detecting C compiler ABI info
[0.166s] -- Detecting C compiler ABI info - done
[0.172s] -- Check for working C compiler: /usr/bin/cc - skipped
[0.172s] -- Detecting C compile features
[0.172s] -- Detecting C compile features - done
[0.174s] -- Detecting CXX compiler ABI info
[0.244s] -- Detecting CXX compiler ABI info - done
[0.250s] -- Check for working CXX compiler: /usr/bin/c++ - skipped
[0.250s] -- Detecting CXX compile features
[0.250s] -- Detecting CXX compile features - done
[0.253s] -- Found ament_cmake: 1.3.11 (/opt/ros/humble/share/ament_cmake/cmake)
[0.384s] -- Found Python3: /usr/bin/python3 (found version "3.10.12") found components: Interpreter 
[0.444s] -- Override CMake install command with custom implementation using symlinks instead of copying resources
[0.471s] -- Found rclpy: 3.3.16 (/opt/ros/humble/share/rclpy/cmake)
[0.471s] -- Found ros2_aruco_interfaces: 0.1.0 (/home/futill/dummy_ros/install/share/ros2_aruco_interfaces/cmake)
[0.505s] -- Found rosidl_generator_c: 3.1.6 (/opt/ros/humble/share/rosidl_generator_c/cmake)
[0.509s] -- Found rosidl_adapter: 3.1.6 (/opt/ros/humble/share/rosidl_adapter/cmake)
[0.517s] -- Found rosidl_generator_cpp: 3.1.6 (/opt/ros/humble/share/rosidl_generator_cpp/cmake)
[0.527s] -- Using all available rosidl_typesupport_c: rosidl_typesupport_fastrtps_c;rosidl_typesupport_introspection_c
[0.541s] -- Using all available rosidl_typesupport_cpp: rosidl_typesupport_fastrtps_cpp;rosidl_typesupport_introspection_cpp
[0.642s] -- Configuring done
[0.645s] -- Generating done
[0.647s] -- Build files have been written to: /home/futill/dummy_ros/build/dummy2_hand_eye_calibration
[0.653s] Invoked command in '/home/futill/dummy_ros/build/dummy2_hand_eye_calibration' returned '0': AMENT_PREFIX_PATH=/home/futill/dummy_ros/install:${AMENT_PREFIX_PATH} CMAKE_PREFIX_PATH=/home/futill/dummy_ros/install:/opt/ros/humble LD_LIBRARY_PATH=/home/futill/dummy_ros/install/lib:${LD_LIBRARY_PATH} PYTHONPATH=/home/futill/dummy_ros/build/easy_handeye2:/home/futill/dummy_ros/install/lib/python3.10/site-packages:/home/futill/dummy_ros/build/ros2_aruco:/home/futill/dummy_ros/install/local/lib/python3.10/dist-packages:${PYTHONPATH} /usr/bin/cmake /home/futill/dummy_ros/src/dummy2_hand_eye_calibration -DCMAKE_BUILD_TYPE=Release -DAMENT_CMAKE_SYMLINK_INSTALL=1 -DCMAKE_INSTALL_PREFIX=/home/futill/dummy_ros/install
[0.654s] Invoking command in '/home/futill/dummy_ros/build/dummy2_hand_eye_calibration': AMENT_PREFIX_PATH=/home/futill/dummy_ros/install:${AMENT_PREFIX_PATH} CMAKE_PREFIX_PATH=/home/futill/dummy_ros/install:/opt/ros/humble LD_LIBRARY_PATH=/home/futill/dummy_ros/install/lib:${LD_LIBRARY_PATH} PYTHONPATH=/home/futill/dummy_ros/build/easy_handeye2:/home/futill/dummy_ros/install/lib/python3.10/site-packages:/home/futill/dummy_ros/build/ros2_aruco:/home/futill/dummy_ros/install/local/lib/python3.10/dist-packages:${PYTHONPATH} /usr/bin/cmake --build /home/futill/dummy_ros/build/dummy2_hand_eye_calibration -- -j16 -l16
[0.692s] Invoked command in '/home/futill/dummy_ros/build/dummy2_hand_eye_calibration' returned '0': AMENT_PREFIX_PATH=/home/futill/dummy_ros/install:${AMENT_PREFIX_PATH} CMAKE_PREFIX_PATH=/home/futill/dummy_ros/install:/opt/ros/humble LD_LIBRARY_PATH=/home/futill/dummy_ros/install/lib:${LD_LIBRARY_PATH} PYTHONPATH=/home/futill/dummy_ros/build/easy_handeye2:/home/futill/dummy_ros/install/lib/python3.10/site-packages:/home/futill/dummy_ros/build/ros2_aruco:/home/futill/dummy_ros/install/local/lib/python3.10/dist-packages:${PYTHONPATH} /usr/bin/cmake --build /home/futill/dummy_ros/build/dummy2_hand_eye_calibration -- -j16 -l16
[0.693s] Invoking command in '/home/futill/dummy_ros/build/dummy2_hand_eye_calibration': AMENT_PREFIX_PATH=/home/futill/dummy_ros/install:${AMENT_PREFIX_PATH} CMAKE_PREFIX_PATH=/home/futill/dummy_ros/install:/opt/ros/humble LD_LIBRARY_PATH=/home/futill/dummy_ros/install/lib:${LD_LIBRARY_PATH} PYTHONPATH=/home/futill/dummy_ros/build/easy_handeye2:/home/futill/dummy_ros/install/lib/python3.10/site-packages:/home/futill/dummy_ros/build/ros2_aruco:/home/futill/dummy_ros/install/local/lib/python3.10/dist-packages:${PYTHONPATH} /usr/bin/cmake --install /home/futill/dummy_ros/build/dummy2_hand_eye_calibration
[0.702s] -- Install configuration: "Release"
[0.702s] -- Execute custom install script
[0.702s] -- Symlinking: /home/futill/dummy_ros/install/share/dummy2_hand_eye_calibration/launch/calibrate.launch.py
[0.711s] -- Symlinking: /home/futill/dummy_ros/install/share/dummy2_hand_eye_calibration/launch/validate.launch.py
[0.719s] -- Symlinking: /home/futill/dummy_ros/install/share/dummy2_hand_eye_calibration/config/aruco_parameters.yaml
[0.727s] -- Symlinking: /home/futill/dummy_ros/install/share/dummy2_hand_eye_calibration/rviz/moveit_with_camera.rviz
[0.736s] -- Symlinking: /home/futill/dummy_ros/install/share/dummy2_hand_eye_calibration/rviz/validate.rviz
[0.744s] -- Symlinking: /home/futill/dummy_ros/install/lib/dummy2_hand_eye_calibration/calibration_aruco_publisher.py
[0.753s] -- Symlinking: /home/futill/dummy_ros/install/lib/dummy2_hand_eye_calibration/follow_aruco_marker.py
[0.761s] -- Symlinking: /home/futill/dummy_ros/install/lib/dummy2_hand_eye_calibration/handeye_publisher.py
[0.770s] -- Symlinking: /home/futill/dummy_ros/install/share/ament_index/resource_index/package_run_dependencies/dummy2_hand_eye_calibration
[0.779s] -- Symlinking: /home/futill/dummy_ros/install/share/ament_index/resource_index/parent_prefix_path/dummy2_hand_eye_calibration
[0.788s] -- Symlinking: /home/futill/dummy_ros/install/share/dummy2_hand_eye_calibration/environment/ament_prefix_path.sh
[0.797s] -- Symlinking: /home/futill/dummy_ros/install/share/dummy2_hand_eye_calibration/environment/ament_prefix_path.dsv
[0.806s] -- Symlinking: /home/futill/dummy_ros/install/share/dummy2_hand_eye_calibration/environment/path.sh
[0.817s] -- Symlinking: /home/futill/dummy_ros/install/share/dummy2_hand_eye_calibration/environment/path.dsv
[0.827s] -- Symlinking: /home/futill/dummy_ros/install/share/dummy2_hand_eye_calibration/local_setup.bash
[0.837s] -- Symlinking: /home/futill/dummy_ros/install/share/dummy2_hand_eye_calibration/local_setup.sh
[0.846s] -- Symlinking: /home/futill/dummy_ros/install/share/dummy2_hand_eye_calibration/local_setup.zsh
[0.856s] -- Symlinking: /home/futill/dummy_ros/install/share/dummy2_hand_eye_calibration/local_setup.dsv
[0.864s] -- Symlinking: /home/futill/dummy_ros/install/share/dummy2_hand_eye_calibration/package.dsv
[0.873s] -- Symlinking: /home/futill/dummy_ros/install/share/ament_index/resource_index/packages/dummy2_hand_eye_calibration
[0.882s] -- Symlinking: /home/futill/dummy_ros/install/share/dummy2_hand_eye_calibration/cmake/dummy2_hand_eye_calibrationConfig.cmake
[0.891s] -- Symlinking: /home/futill/dummy_ros/install/share/dummy2_hand_eye_calibration/cmake/dummy2_hand_eye_calibrationConfig-version.cmake
[0.900s] -- Symlinking: /home/futill/dummy_ros/install/share/dummy2_hand_eye_calibration/package.xml
[0.911s] Invoked command in '/home/futill/dummy_ros/build/dummy2_hand_eye_calibration' returned '0': AMENT_PREFIX_PATH=/home/futill/dummy_ros/install:${AMENT_PREFIX_PATH} CMAKE_PREFIX_PATH=/home/futill/dummy_ros/install:/opt/ros/humble LD_LIBRARY_PATH=/home/futill/dummy_ros/install/lib:${LD_LIBRARY_PATH} PYTHONPATH=/home/futill/dummy_ros/build/easy_handeye2:/home/futill/dummy_ros/install/lib/python3.10/site-packages:/home/futill/dummy_ros/build/ros2_aruco:/home/futill/dummy_ros/install/local/lib/python3.10/dist-packages:${PYTHONPATH} /usr/bin/cmake --install /home/futill/dummy_ros/build/dummy2_hand_eye_calibration
