-- The C compiler identification is GNU 11.4.0
-- The CXX compiler identification is GNU 11.4.0
-- Detecting C compiler ABI info
-- Detecting C compiler ABI info - done
-- Check for working C compiler: /usr/bin/cc - skipped
-- Detecting C compile features
-- Detecting C compile features - done
-- Detecting CXX compiler ABI info
-- Detecting CXX compiler ABI info - done
-- Check for working CXX compiler: /usr/bin/c++ - skipped
-- Detecting CXX compile features
-- Detecting CXX compile features - done
-- Found ament_cmake: 1.3.11 (/opt/ros/humble/share/ament_cmake/cmake)
-- Found Python3: /usr/bin/python3 (found version "3.10.12") found components: Interpreter 
-- Override CMake install command with custom implementation using symlinks instead of copying resources
-- Found rclcpp: 16.0.12 (/opt/ros/humble/share/rclcpp/cmake)
-- Found rosidl_generator_c: 3.1.6 (/opt/ros/humble/share/rosidl_generator_c/cmake)
-- Found rosidl_adapter: 3.1.6 (/opt/ros/humble/share/rosidl_adapter/cmake)
-- Found rosidl_generator_cpp: 3.1.6 (/opt/ros/humble/share/rosidl_generator_cpp/cmake)
-- Using all available rosidl_typesupport_c: rosidl_typesupport_fastrtps_c;rosidl_typesupport_introspection_c
-- Using all available rosidl_typesupport_cpp: rosidl_typesupport_fastrtps_cpp;rosidl_typesupport_introspection_cpp
-- Found rmw_implementation_cmake: 6.1.2 (/opt/ros/humble/share/rmw_implementation_cmake/cmake)
-- Found rmw_fastrtps_cpp: 6.2.7 (/opt/ros/humble/share/rmw_fastrtps_cpp/cmake)
-- Found OpenSSL: /usr/lib/x86_64-linux-gnu/libcrypto.so (found version "3.0.2")  
-- Found FastRTPS: /opt/ros/humble/include  
-- Using RMW implementation 'rmw_fastrtps_cpp' as default
-- Looking for pthread.h
-- Looking for pthread.h - found
-- Performing Test CMAKE_HAVE_LIBC_PTHREAD
-- Performing Test CMAKE_HAVE_LIBC_PTHREAD - Success
-- Found Threads: TRUE  
-- Found hardware_interface: 2.51.0 (/opt/ros/humble/share/hardware_interface/cmake)
-- Found controller_manager: 2.51.0 (/opt/ros/humble/share/controller_manager/cmake)
-- Found ros2_control: 2.51.0 (/opt/ros/humble/share/ros2_control/cmake)
-- Found ros2_controllers: 2.47.0 (/opt/ros/humble/share/ros2_controllers/cmake)
-- Found dummy2_interface: 0.0.0 (/home/futill/dummy_ros/install/share/dummy2_interface/cmake)
-- Configuring done
-- Generating done
-- Build files have been written to: /home/futill/dummy_ros/build/dummy2_hw
[ 50%] [32mBuilding CXX object CMakeFiles/dummy2_hardware.dir/src/dummy2_hardware.cpp.o[0m
[100%] [32m[1mLinking CXX shared library libdummy2_hardware.so[0m
[100%] Built target dummy2_hardware
-- Install configuration: "Release"
-- Execute custom install script
-- Symlinking: /home/futill/dummy_ros/install/share/dummy2_hw//dummy2_hardware.xml
-- Symlinking: /home/futill/dummy_ros/install/lib/libdummy2_hardware.so
-- Symlinking: /home/futill/dummy_ros/install/share/ament_index/resource_index/package_run_dependencies/dummy2_hw
-- Symlinking: /home/futill/dummy_ros/install/share/ament_index/resource_index/parent_prefix_path/dummy2_hw
-- Symlinking: /home/futill/dummy_ros/install/share/dummy2_hw/environment/ament_prefix_path.sh
-- Symlinking: /home/futill/dummy_ros/install/share/dummy2_hw/environment/ament_prefix_path.dsv
-- Symlinking: /home/futill/dummy_ros/install/share/dummy2_hw/environment/path.sh
-- Symlinking: /home/futill/dummy_ros/install/share/dummy2_hw/environment/path.dsv
-- Symlinking: /home/futill/dummy_ros/install/share/dummy2_hw/local_setup.bash
-- Symlinking: /home/futill/dummy_ros/install/share/dummy2_hw/local_setup.sh
-- Symlinking: /home/futill/dummy_ros/install/share/dummy2_hw/local_setup.zsh
-- Symlinking: /home/futill/dummy_ros/install/share/dummy2_hw/local_setup.dsv
-- Symlinking: /home/futill/dummy_ros/install/share/dummy2_hw/package.dsv
-- Symlinking: /home/futill/dummy_ros/install/share/ament_index/resource_index/packages/dummy2_hw
-- Symlinking: /home/futill/dummy_ros/install/share/ament_index/resource_index/hardware_interface__pluginlib__plugin/dummy2_hw
-- Symlinking: /home/futill/dummy_ros/install/share/dummy2_hw/cmake/dummy2_hwConfig.cmake
-- Symlinking: /home/futill/dummy_ros/install/share/dummy2_hw/cmake/dummy2_hwConfig-version.cmake
-- Symlinking: /home/futill/dummy_ros/install/share/dummy2_hw/package.xml
