[0.980s] Invoking command in '/home/futill/dummy2_hand_eye_calibration_ws/build/rboot_libs': PYTHONPATH=/home/futill/dummy2_hand_eye_calibration_ws/build/rboot_libs/prefix_override:/usr/lib/python3/dist-packages/colcon_core/task/python/colcon_distutils_commands:/home/futill/dummy2_hand_eye_calibration_ws/install/lib/python3.10/site-packages:${PYTHONPATH} /usr/bin/python3 -W ignore:setup.py install is deprecated -W ignore:easy_install command is deprecated setup.py develop --editable --build-directory /home/futill/dummy2_hand_eye_calibration_ws/build/rboot_libs/build --no-deps symlink_data
[1.431s] running develop
[1.781s] running egg_info
[1.781s] creating rboot_libs.egg-info
[1.781s] writing rboot_libs.egg-info/PKG-INFO
[1.781s] writing dependency_links to rboot_libs.egg-info/dependency_links.txt
[1.782s] writing entry points to rboot_libs.egg-info/entry_points.txt
[1.782s] writing requirements to rboot_libs.egg-info/requires.txt
[1.782s] writing top-level names to rboot_libs.egg-info/top_level.txt
[1.782s] writing manifest file 'rboot_libs.egg-info/SOURCES.txt'
[1.787s] reading manifest file 'rboot_libs.egg-info/SOURCES.txt'
[1.788s] writing manifest file 'rboot_libs.egg-info/SOURCES.txt'
[1.933s] running build_ext
[1.933s] Creating /home/futill/dummy2_hand_eye_calibration_ws/install/lib/python3.10/site-packages/rboot-libs.egg-link (link to .)
[1.933s] 
[1.933s] Installed /home/futill/dummy2_hand_eye_calibration_ws/build/rboot_libs
[1.935s] running symlink_data
[1.936s] symbolically linking /home/futill/dummy2_hand_eye_calibration_ws/build/rboot_libs/resource/rboot_libs -> /home/futill/dummy2_hand_eye_calibration_ws/install/share/ament_index/resource_index/packages
[1.936s] symbolically linking /home/futill/dummy2_hand_eye_calibration_ws/build/rboot_libs/package.xml -> /home/futill/dummy2_hand_eye_calibration_ws/install/share/rboot_libs
[2.096s] Invoked command in '/home/futill/dummy2_hand_eye_calibration_ws/build/rboot_libs' returned '0': PYTHONPATH=/home/futill/dummy2_hand_eye_calibration_ws/build/rboot_libs/prefix_override:/usr/lib/python3/dist-packages/colcon_core/task/python/colcon_distutils_commands:/home/futill/dummy2_hand_eye_calibration_ws/install/lib/python3.10/site-packages:${PYTHONPATH} /usr/bin/python3 -W ignore:setup.py install is deprecated -W ignore:easy_install command is deprecated setup.py develop --editable --build-directory /home/futill/dummy2_hand_eye_calibration_ws/build/rboot_libs/build --no-deps symlink_data
