[0.656s] Invoking command in '/home/futill/dummy2_hand_eye_calibration_ws/build/ros2_aruco_interfaces': CMAKE_PREFIX_PATH=${CMAKE_PREFIX_PATH}:/home/futill/targer_ws/install/my_robot_pkg:/opt/ros/humble /usr/bin/cmake --build /home/futill/dummy2_hand_eye_calibration_ws/build/ros2_aruco_interfaces -- -j8 -l8
[0.762s] [  9%] Built target ros2_aruco_interfaces__rosidl_generator_c
[0.775s] [ 12%] Built target ros2_aruco_interfaces__cpp
[0.796s] [ 12%] Built target ament_cmake_python_symlink_ros2_aruco_interfaces
[0.861s] [ 22%] Built target ros2_aruco_interfaces__rosidl_typesupport_fastrtps_c
[0.863s] [ 32%] Built target ros2_aruco_interfaces__rosidl_typesupport_c
[0.863s] [ 41%] Built target ros2_aruco_interfaces__rosidl_typesupport_fastrtps_cpp
[0.870s] [ 51%] Built target ros2_aruco_interfaces__rosidl_typesupport_cpp
[0.875s] [ 61%] Built target ros2_aruco_interfaces__rosidl_typesupport_introspection_c
[0.878s] [ 70%] Built target ros2_aruco_interfaces__rosidl_typesupport_introspection_cpp
[0.894s] [ 70%] Built target ros2_aruco_interfaces
[0.924s] [ 74%] Built target ros2_aruco_interfaces__py
[0.968s] [ 80%] Built target ros2_aruco_interfaces__rosidl_generator_py
[0.994s] [ 87%] Built target ros2_aruco_interfaces__rosidl_typesupport_introspection_c__pyext
[0.997s] [ 93%] Built target ros2_aruco_interfaces__rosidl_typesupport_c__pyext
[1.006s] [100%] Built target ros2_aruco_interfaces__rosidl_typesupport_fastrtps_c__pyext
[1.145s] running egg_info
[1.146s] writing ros2_aruco_interfaces.egg-info/PKG-INFO
[1.147s] writing dependency_links to ros2_aruco_interfaces.egg-info/dependency_links.txt
[1.149s] writing top-level names to ros2_aruco_interfaces.egg-info/top_level.txt
[1.150s] reading manifest file 'ros2_aruco_interfaces.egg-info/SOURCES.txt'
[1.151s] writing manifest file 'ros2_aruco_interfaces.egg-info/SOURCES.txt'
[1.169s] [100%] Built target ament_cmake_python_build_ros2_aruco_interfaces_egg
[1.501s] Invoked command in '/home/futill/dummy2_hand_eye_calibration_ws/build/ros2_aruco_interfaces' returned '0': CMAKE_PREFIX_PATH=${CMAKE_PREFIX_PATH}:/home/futill/targer_ws/install/my_robot_pkg:/opt/ros/humble /usr/bin/cmake --build /home/futill/dummy2_hand_eye_calibration_ws/build/ros2_aruco_interfaces -- -j8 -l8
[1.501s] Invoking command in '/home/futill/dummy2_hand_eye_calibration_ws/build/ros2_aruco_interfaces': CMAKE_PREFIX_PATH=${CMAKE_PREFIX_PATH}:/home/futill/targer_ws/install/my_robot_pkg:/opt/ros/humble /usr/bin/cmake --install /home/futill/dummy2_hand_eye_calibration_ws/build/ros2_aruco_interfaces
[1.513s] -- Install configuration: "Release"
[1.513s] -- Execute custom install script
[1.513s] -- Up-to-date symlink: /home/futill/dummy2_hand_eye_calibration_ws/install/share/ament_index/resource_index/rosidl_interfaces/ros2_aruco_interfaces
[1.513s] -- Up-to-date symlink: /home/futill/dummy2_hand_eye_calibration_ws/install/include/ros2_aruco_interfaces/ros2_aruco_interfaces/msg/aruco_markers.h
[1.513s] -- Up-to-date symlink: /home/futill/dummy2_hand_eye_calibration_ws/install/include/ros2_aruco_interfaces/ros2_aruco_interfaces/msg/detail/aruco_markers__functions.h
[1.513s] -- Up-to-date symlink: /home/futill/dummy2_hand_eye_calibration_ws/install/include/ros2_aruco_interfaces/ros2_aruco_interfaces/msg/detail/aruco_markers__struct.h
[1.514s] -- Up-to-date symlink: /home/futill/dummy2_hand_eye_calibration_ws/install/include/ros2_aruco_interfaces/ros2_aruco_interfaces/msg/detail/aruco_markers__type_support.h
[1.514s] -- Up-to-date symlink: /home/futill/dummy2_hand_eye_calibration_ws/install/include/ros2_aruco_interfaces/ros2_aruco_interfaces/msg/rosidl_generator_c__visibility_control.h
[1.514s] -- Up-to-date symlink: /home/futill/dummy2_hand_eye_calibration_ws/install/share/ros2_aruco_interfaces/environment/library_path.sh
[1.514s] -- Up-to-date symlink: /home/futill/dummy2_hand_eye_calibration_ws/install/share/ros2_aruco_interfaces/environment/library_path.dsv
[1.514s] -- Up-to-date symlink: /home/futill/dummy2_hand_eye_calibration_ws/install/include/ros2_aruco_interfaces/ros2_aruco_interfaces/msg/detail/aruco_markers__rosidl_typesupport_fastrtps_c.h
[1.514s] -- Up-to-date symlink: /home/futill/dummy2_hand_eye_calibration_ws/install/include/ros2_aruco_interfaces/ros2_aruco_interfaces/msg/rosidl_typesupport_fastrtps_c__visibility_control.h
[1.514s] -- Up-to-date symlink: /home/futill/dummy2_hand_eye_calibration_ws/install/include/ros2_aruco_interfaces/ros2_aruco_interfaces/msg/aruco_markers.hpp
[1.514s] -- Up-to-date symlink: /home/futill/dummy2_hand_eye_calibration_ws/install/include/ros2_aruco_interfaces/ros2_aruco_interfaces/msg/detail/aruco_markers__builder.hpp
[1.514s] -- Up-to-date symlink: /home/futill/dummy2_hand_eye_calibration_ws/install/include/ros2_aruco_interfaces/ros2_aruco_interfaces/msg/detail/aruco_markers__struct.hpp
[1.514s] -- Up-to-date symlink: /home/futill/dummy2_hand_eye_calibration_ws/install/include/ros2_aruco_interfaces/ros2_aruco_interfaces/msg/detail/aruco_markers__traits.hpp
[1.514s] -- Up-to-date symlink: /home/futill/dummy2_hand_eye_calibration_ws/install/include/ros2_aruco_interfaces/ros2_aruco_interfaces/msg/detail/aruco_markers__type_support.hpp
[1.515s] -- Up-to-date symlink: /home/futill/dummy2_hand_eye_calibration_ws/install/include/ros2_aruco_interfaces/ros2_aruco_interfaces/msg/rosidl_generator_cpp__visibility_control.hpp
[1.515s] -- Up-to-date symlink: /home/futill/dummy2_hand_eye_calibration_ws/install/include/ros2_aruco_interfaces/ros2_aruco_interfaces/msg/detail/aruco_markers__rosidl_typesupport_fastrtps_cpp.hpp
[1.515s] -- Up-to-date symlink: /home/futill/dummy2_hand_eye_calibration_ws/install/include/ros2_aruco_interfaces/ros2_aruco_interfaces/msg/rosidl_typesupport_fastrtps_cpp__visibility_control.h
[1.516s] -- Up-to-date symlink: /home/futill/dummy2_hand_eye_calibration_ws/install/include/ros2_aruco_interfaces/ros2_aruco_interfaces/msg/detail/aruco_markers__rosidl_typesupport_introspection_c.h
[1.516s] -- Up-to-date symlink: /home/futill/dummy2_hand_eye_calibration_ws/install/include/ros2_aruco_interfaces/ros2_aruco_interfaces/msg/rosidl_typesupport_introspection_c__visibility_control.h
[1.517s] -- Up-to-date symlink: /home/futill/dummy2_hand_eye_calibration_ws/install/include/ros2_aruco_interfaces/ros2_aruco_interfaces/msg/detail/aruco_markers__rosidl_typesupport_introspection_cpp.hpp
[1.517s] -- Up-to-date symlink: /home/futill/dummy2_hand_eye_calibration_ws/install/share/ros2_aruco_interfaces/environment/pythonpath.sh
[1.517s] -- Up-to-date symlink: /home/futill/dummy2_hand_eye_calibration_ws/install/share/ros2_aruco_interfaces/environment/pythonpath.dsv
[1.518s] -- Up-to-date symlink: /home/futill/dummy2_hand_eye_calibration_ws/install/local/lib/python3.10/dist-packages/ros2_aruco_interfaces-0.1.0-py3.10.egg-info/PKG-INFO
[1.518s] -- Up-to-date symlink: /home/futill/dummy2_hand_eye_calibration_ws/install/local/lib/python3.10/dist-packages/ros2_aruco_interfaces-0.1.0-py3.10.egg-info/SOURCES.txt
[1.518s] -- Up-to-date symlink: /home/futill/dummy2_hand_eye_calibration_ws/install/local/lib/python3.10/dist-packages/ros2_aruco_interfaces-0.1.0-py3.10.egg-info/dependency_links.txt
[1.518s] -- Up-to-date symlink: /home/futill/dummy2_hand_eye_calibration_ws/install/local/lib/python3.10/dist-packages/ros2_aruco_interfaces-0.1.0-py3.10.egg-info/top_level.txt
[1.520s] -- Up-to-date symlink: /home/futill/dummy2_hand_eye_calibration_ws/install/local/lib/python3.10/dist-packages/ros2_aruco_interfaces/__init__.py
[1.525s] -- Up-to-date symlink: /home/futill/dummy2_hand_eye_calibration_ws/install/local/lib/python3.10/dist-packages/ros2_aruco_interfaces/_ros2_aruco_interfaces_s.ep.rosidl_typesupport_c.c
[1.526s] -- Up-to-date symlink: /home/futill/dummy2_hand_eye_calibration_ws/install/local/lib/python3.10/dist-packages/ros2_aruco_interfaces/_ros2_aruco_interfaces_s.ep.rosidl_typesupport_fastrtps_c.c
[1.526s] -- Up-to-date symlink: /home/futill/dummy2_hand_eye_calibration_ws/install/local/lib/python3.10/dist-packages/ros2_aruco_interfaces/_ros2_aruco_interfaces_s.ep.rosidl_typesupport_introspection_c.c
[1.526s] -- Up-to-date symlink: /home/futill/dummy2_hand_eye_calibration_ws/install/local/lib/python3.10/dist-packages/ros2_aruco_interfaces/libros2_aruco_interfaces__rosidl_generator_py.so
[1.526s] -- Up-to-date symlink: /home/futill/dummy2_hand_eye_calibration_ws/install/local/lib/python3.10/dist-packages/ros2_aruco_interfaces/msg/__init__.py
[1.526s] -- Up-to-date symlink: /home/futill/dummy2_hand_eye_calibration_ws/install/local/lib/python3.10/dist-packages/ros2_aruco_interfaces/msg/_aruco_markers.py
[1.527s] -- Up-to-date symlink: /home/futill/dummy2_hand_eye_calibration_ws/install/local/lib/python3.10/dist-packages/ros2_aruco_interfaces/msg/_aruco_markers_s.c
[1.527s] -- Up-to-date symlink: /home/futill/dummy2_hand_eye_calibration_ws/install/local/lib/python3.10/dist-packages/ros2_aruco_interfaces/ros2_aruco_interfaces_s__rosidl_typesupport_c.cpython-310-x86_64-linux-gnu.so
[1.527s] -- Up-to-date symlink: /home/futill/dummy2_hand_eye_calibration_ws/install/local/lib/python3.10/dist-packages/ros2_aruco_interfaces/ros2_aruco_interfaces_s__rosidl_typesupport_fastrtps_c.cpython-310-x86_64-linux-gnu.so
[1.527s] -- Up-to-date symlink: /home/futill/dummy2_hand_eye_calibration_ws/install/local/lib/python3.10/dist-packages/ros2_aruco_interfaces/ros2_aruco_interfaces_s__rosidl_typesupport_introspection_c.cpython-310-x86_64-linux-gnu.so
[1.527s] -- Up-to-date symlink: /home/futill/dummy2_hand_eye_calibration_ws/install/local/lib/python3.10/dist-packages/ros2_aruco_interfaces/ros2_aruco_interfaces_s__rosidl_typesupport_fastrtps_c.cpython-310-x86_64-linux-gnu.so
[1.527s] -- Up-to-date symlink: /home/futill/dummy2_hand_eye_calibration_ws/install/local/lib/python3.10/dist-packages/ros2_aruco_interfaces/ros2_aruco_interfaces_s__rosidl_typesupport_introspection_c.cpython-310-x86_64-linux-gnu.so
[1.527s] -- Up-to-date symlink: /home/futill/dummy2_hand_eye_calibration_ws/install/local/lib/python3.10/dist-packages/ros2_aruco_interfaces/ros2_aruco_interfaces_s__rosidl_typesupport_c.cpython-310-x86_64-linux-gnu.so
[1.527s] -- Up-to-date symlink: /home/futill/dummy2_hand_eye_calibration_ws/install/share/ros2_aruco_interfaces/msg/ArucoMarkers.idl
[1.527s] -- Up-to-date symlink: /home/futill/dummy2_hand_eye_calibration_ws/install/share/ros2_aruco_interfaces/msg/ArucoMarkers.msg
[1.527s] -- Up-to-date symlink: /home/futill/dummy2_hand_eye_calibration_ws/install/share/ament_index/resource_index/package_run_dependencies/ros2_aruco_interfaces
[1.528s] -- Up-to-date symlink: /home/futill/dummy2_hand_eye_calibration_ws/install/share/ament_index/resource_index/parent_prefix_path/ros2_aruco_interfaces
[1.528s] -- Up-to-date symlink: /home/futill/dummy2_hand_eye_calibration_ws/install/share/ros2_aruco_interfaces/environment/ament_prefix_path.sh
[1.528s] -- Up-to-date symlink: /home/futill/dummy2_hand_eye_calibration_ws/install/share/ros2_aruco_interfaces/environment/ament_prefix_path.dsv
[1.528s] -- Up-to-date symlink: /home/futill/dummy2_hand_eye_calibration_ws/install/share/ros2_aruco_interfaces/environment/path.sh
[1.528s] -- Up-to-date symlink: /home/futill/dummy2_hand_eye_calibration_ws/install/share/ros2_aruco_interfaces/environment/path.dsv
[1.528s] -- Up-to-date symlink: /home/futill/dummy2_hand_eye_calibration_ws/install/share/ros2_aruco_interfaces/local_setup.bash
[1.528s] -- Up-to-date symlink: /home/futill/dummy2_hand_eye_calibration_ws/install/share/ros2_aruco_interfaces/local_setup.sh
[1.528s] -- Up-to-date symlink: /home/futill/dummy2_hand_eye_calibration_ws/install/share/ros2_aruco_interfaces/local_setup.zsh
[1.528s] -- Up-to-date symlink: /home/futill/dummy2_hand_eye_calibration_ws/install/share/ros2_aruco_interfaces/local_setup.dsv
[1.529s] -- Symlinking: /home/futill/dummy2_hand_eye_calibration_ws/install/share/ros2_aruco_interfaces/package.dsv
[1.535s] -- Up-to-date symlink: /home/futill/dummy2_hand_eye_calibration_ws/install/share/ament_index/resource_index/packages/ros2_aruco_interfaces
[1.536s] -- Up-to-date symlink: /home/futill/dummy2_hand_eye_calibration_ws/install/share/ros2_aruco_interfaces/cmake/rosidl_cmake-extras.cmake
[1.536s] -- Up-to-date symlink: /home/futill/dummy2_hand_eye_calibration_ws/install/share/ros2_aruco_interfaces/cmake/ament_cmake_export_dependencies-extras.cmake
[1.536s] -- Up-to-date symlink: /home/futill/dummy2_hand_eye_calibration_ws/install/share/ros2_aruco_interfaces/cmake/ament_cmake_export_include_directories-extras.cmake
[1.536s] -- Up-to-date symlink: /home/futill/dummy2_hand_eye_calibration_ws/install/share/ros2_aruco_interfaces/cmake/ament_cmake_export_libraries-extras.cmake
[1.537s] -- Up-to-date symlink: /home/futill/dummy2_hand_eye_calibration_ws/install/share/ros2_aruco_interfaces/cmake/ament_cmake_export_targets-extras.cmake
[1.537s] -- Up-to-date symlink: /home/futill/dummy2_hand_eye_calibration_ws/install/share/ros2_aruco_interfaces/cmake/rosidl_cmake_export_typesupport_targets-extras.cmake
[1.537s] -- Up-to-date symlink: /home/futill/dummy2_hand_eye_calibration_ws/install/share/ros2_aruco_interfaces/cmake/rosidl_cmake_export_typesupport_libraries-extras.cmake
[1.537s] -- Up-to-date symlink: /home/futill/dummy2_hand_eye_calibration_ws/install/share/ros2_aruco_interfaces/cmake/ros2_aruco_interfacesConfig.cmake
[1.537s] -- Up-to-date symlink: /home/futill/dummy2_hand_eye_calibration_ws/install/share/ros2_aruco_interfaces/cmake/ros2_aruco_interfacesConfig-version.cmake
[1.537s] -- Up-to-date symlink: /home/futill/dummy2_hand_eye_calibration_ws/install/share/ros2_aruco_interfaces/package.xml
[1.537s] -- Up-to-date: /home/futill/dummy2_hand_eye_calibration_ws/install/lib/libros2_aruco_interfaces__rosidl_generator_c.so
[1.539s] -- Up-to-date: /home/futill/dummy2_hand_eye_calibration_ws/install/lib/libros2_aruco_interfaces__rosidl_typesupport_fastrtps_c.so
[1.539s] -- Up-to-date: /home/futill/dummy2_hand_eye_calibration_ws/install/lib/libros2_aruco_interfaces__rosidl_typesupport_fastrtps_cpp.so
[1.539s] -- Up-to-date: /home/futill/dummy2_hand_eye_calibration_ws/install/lib/libros2_aruco_interfaces__rosidl_typesupport_introspection_c.so
[1.539s] -- Up-to-date: /home/futill/dummy2_hand_eye_calibration_ws/install/lib/libros2_aruco_interfaces__rosidl_typesupport_c.so
[1.539s] -- Up-to-date: /home/futill/dummy2_hand_eye_calibration_ws/install/lib/libros2_aruco_interfaces__rosidl_typesupport_introspection_cpp.so
[1.539s] -- Up-to-date: /home/futill/dummy2_hand_eye_calibration_ws/install/lib/libros2_aruco_interfaces__rosidl_typesupport_cpp.so
[1.575s] Listing '/home/futill/dummy2_hand_eye_calibration_ws/install/local/lib/python3.10/dist-packages/ros2_aruco_interfaces'...
[1.575s] Listing '/home/futill/dummy2_hand_eye_calibration_ws/install/local/lib/python3.10/dist-packages/ros2_aruco_interfaces/msg'...
[1.577s] -- Up-to-date: /home/futill/dummy2_hand_eye_calibration_ws/install/lib/libros2_aruco_interfaces__rosidl_generator_py.so
[1.577s] -- Up-to-date: /home/futill/dummy2_hand_eye_calibration_ws/install/share/ros2_aruco_interfaces/cmake/export_ros2_aruco_interfaces__rosidl_generator_cExport.cmake
[1.577s] -- Up-to-date: /home/futill/dummy2_hand_eye_calibration_ws/install/share/ros2_aruco_interfaces/cmake/export_ros2_aruco_interfaces__rosidl_generator_cExport-release.cmake
[1.577s] -- Up-to-date: /home/futill/dummy2_hand_eye_calibration_ws/install/share/ros2_aruco_interfaces/cmake/export_ros2_aruco_interfaces__rosidl_typesupport_fastrtps_cExport.cmake
[1.577s] -- Up-to-date: /home/futill/dummy2_hand_eye_calibration_ws/install/share/ros2_aruco_interfaces/cmake/export_ros2_aruco_interfaces__rosidl_typesupport_fastrtps_cExport-release.cmake
[1.578s] -- Up-to-date: /home/futill/dummy2_hand_eye_calibration_ws/install/share/ros2_aruco_interfaces/cmake/export_ros2_aruco_interfaces__rosidl_generator_cppExport.cmake
[1.578s] -- Up-to-date: /home/futill/dummy2_hand_eye_calibration_ws/install/share/ros2_aruco_interfaces/cmake/export_ros2_aruco_interfaces__rosidl_typesupport_fastrtps_cppExport.cmake
[1.578s] -- Up-to-date: /home/futill/dummy2_hand_eye_calibration_ws/install/share/ros2_aruco_interfaces/cmake/export_ros2_aruco_interfaces__rosidl_typesupport_fastrtps_cppExport-release.cmake
[1.578s] -- Up-to-date: /home/futill/dummy2_hand_eye_calibration_ws/install/share/ros2_aruco_interfaces/cmake/ros2_aruco_interfaces__rosidl_typesupport_introspection_cExport.cmake
[1.578s] -- Up-to-date: /home/futill/dummy2_hand_eye_calibration_ws/install/share/ros2_aruco_interfaces/cmake/ros2_aruco_interfaces__rosidl_typesupport_introspection_cExport-release.cmake
[1.578s] -- Up-to-date: /home/futill/dummy2_hand_eye_calibration_ws/install/share/ros2_aruco_interfaces/cmake/ros2_aruco_interfaces__rosidl_typesupport_cExport.cmake
[1.578s] -- Up-to-date: /home/futill/dummy2_hand_eye_calibration_ws/install/share/ros2_aruco_interfaces/cmake/ros2_aruco_interfaces__rosidl_typesupport_cExport-release.cmake
[1.578s] -- Up-to-date: /home/futill/dummy2_hand_eye_calibration_ws/install/share/ros2_aruco_interfaces/cmake/ros2_aruco_interfaces__rosidl_typesupport_introspection_cppExport.cmake
[1.579s] -- Up-to-date: /home/futill/dummy2_hand_eye_calibration_ws/install/share/ros2_aruco_interfaces/cmake/ros2_aruco_interfaces__rosidl_typesupport_introspection_cppExport-release.cmake
[1.579s] -- Up-to-date: /home/futill/dummy2_hand_eye_calibration_ws/install/share/ros2_aruco_interfaces/cmake/ros2_aruco_interfaces__rosidl_typesupport_cppExport.cmake
[1.579s] -- Up-to-date: /home/futill/dummy2_hand_eye_calibration_ws/install/share/ros2_aruco_interfaces/cmake/ros2_aruco_interfaces__rosidl_typesupport_cppExport-release.cmake
[1.579s] -- Up-to-date: /home/futill/dummy2_hand_eye_calibration_ws/install/share/ros2_aruco_interfaces/cmake/export_ros2_aruco_interfaces__rosidl_generator_pyExport.cmake
[1.579s] -- Up-to-date: /home/futill/dummy2_hand_eye_calibration_ws/install/share/ros2_aruco_interfaces/cmake/export_ros2_aruco_interfaces__rosidl_generator_pyExport-release.cmake
[2.074s] Invoked command in '/home/futill/dummy2_hand_eye_calibration_ws/build/ros2_aruco_interfaces' returned '0': CMAKE_PREFIX_PATH=${CMAKE_PREFIX_PATH}:/home/futill/targer_ws/install/my_robot_pkg:/opt/ros/humble /usr/bin/cmake --install /home/futill/dummy2_hand_eye_calibration_ws/build/ros2_aruco_interfaces
