[0.015s] Invoking command in '/home/futill/dummy_ros/build/dummy2_hand_eye_calibration': AMENT_PREFIX_PATH=/home/futill/dummy_ros/install:${AMENT_PREFIX_PATH} CMAKE_PREFIX_PATH=/home/futill/dummy_ros/install:/opt/ros/humble LD_LIBRARY_PATH=/home/futill/dummy_ros/install/lib:${LD_LIBRARY_PATH} PYTHONPATH=/home/futill/dummy_ros/build/easy_handeye2:/home/futill/dummy_ros/install/lib/python3.10/site-packages:/home/futill/dummy_ros/build/ros2_aruco:/home/futill/dummy_ros/install/local/lib/python3.10/dist-packages:${PYTHONPATH} /usr/bin/cmake --build /home/futill/dummy_ros/build/dummy2_hand_eye_calibration -- -j16 -l16
[0.052s] Invoked command in '/home/futill/dummy_ros/build/dummy2_hand_eye_calibration' returned '0': AMENT_PREFIX_PATH=/home/futill/dummy_ros/install:${AMENT_PREFIX_PATH} CMAKE_PREFIX_PATH=/home/futill/dummy_ros/install:/opt/ros/humble LD_LIBRARY_PATH=/home/futill/dummy_ros/install/lib:${LD_LIBRARY_PATH} PYTHONPATH=/home/futill/dummy_ros/build/easy_handeye2:/home/futill/dummy_ros/install/lib/python3.10/site-packages:/home/futill/dummy_ros/build/ros2_aruco:/home/futill/dummy_ros/install/local/lib/python3.10/dist-packages:${PYTHONPATH} /usr/bin/cmake --build /home/futill/dummy_ros/build/dummy2_hand_eye_calibration -- -j16 -l16
[0.053s] Invoking command in '/home/futill/dummy_ros/build/dummy2_hand_eye_calibration': AMENT_PREFIX_PATH=/home/futill/dummy_ros/install:${AMENT_PREFIX_PATH} CMAKE_PREFIX_PATH=/home/futill/dummy_ros/install:/opt/ros/humble LD_LIBRARY_PATH=/home/futill/dummy_ros/install/lib:${LD_LIBRARY_PATH} PYTHONPATH=/home/futill/dummy_ros/build/easy_handeye2:/home/futill/dummy_ros/install/lib/python3.10/site-packages:/home/futill/dummy_ros/build/ros2_aruco:/home/futill/dummy_ros/install/local/lib/python3.10/dist-packages:${PYTHONPATH} /usr/bin/cmake --install /home/futill/dummy_ros/build/dummy2_hand_eye_calibration
[0.060s] -- Install configuration: "Release"
[0.061s] -- Execute custom install script
[0.061s] -- Up-to-date symlink: /home/futill/dummy_ros/install/share/dummy2_hand_eye_calibration/launch/calibrate.launch.py
[0.061s] -- Up-to-date symlink: /home/futill/dummy_ros/install/share/dummy2_hand_eye_calibration/launch/validate.launch.py
[0.062s] -- Up-to-date symlink: /home/futill/dummy_ros/install/share/dummy2_hand_eye_calibration/config/aruco_parameters.yaml
[0.062s] -- Up-to-date symlink: /home/futill/dummy_ros/install/share/dummy2_hand_eye_calibration/rviz/moveit_with_camera.rviz
[0.062s] -- Up-to-date symlink: /home/futill/dummy_ros/install/share/dummy2_hand_eye_calibration/rviz/validate.rviz
[0.062s] -- Up-to-date symlink: /home/futill/dummy_ros/install/lib/dummy2_hand_eye_calibration/calibration_aruco_publisher.py
[0.062s] -- Up-to-date symlink: /home/futill/dummy_ros/install/lib/dummy2_hand_eye_calibration/follow_aruco_marker.py
[0.063s] -- Up-to-date symlink: /home/futill/dummy_ros/install/lib/dummy2_hand_eye_calibration/handeye_publisher.py
[0.063s] -- Up-to-date symlink: /home/futill/dummy_ros/install/share/ament_index/resource_index/package_run_dependencies/dummy2_hand_eye_calibration
[0.063s] -- Up-to-date symlink: /home/futill/dummy_ros/install/share/ament_index/resource_index/parent_prefix_path/dummy2_hand_eye_calibration
[0.063s] -- Up-to-date symlink: /home/futill/dummy_ros/install/share/dummy2_hand_eye_calibration/environment/ament_prefix_path.sh
[0.063s] -- Up-to-date symlink: /home/futill/dummy_ros/install/share/dummy2_hand_eye_calibration/environment/ament_prefix_path.dsv
[0.064s] -- Up-to-date symlink: /home/futill/dummy_ros/install/share/dummy2_hand_eye_calibration/environment/path.sh
[0.064s] -- Up-to-date symlink: /home/futill/dummy_ros/install/share/dummy2_hand_eye_calibration/environment/path.dsv
[0.064s] -- Up-to-date symlink: /home/futill/dummy_ros/install/share/dummy2_hand_eye_calibration/local_setup.bash
[0.064s] -- Up-to-date symlink: /home/futill/dummy_ros/install/share/dummy2_hand_eye_calibration/local_setup.sh
[0.064s] -- Up-to-date symlink: /home/futill/dummy_ros/install/share/dummy2_hand_eye_calibration/local_setup.zsh
[0.065s] -- Up-to-date symlink: /home/futill/dummy_ros/install/share/dummy2_hand_eye_calibration/local_setup.dsv
[0.065s] -- Symlinking: /home/futill/dummy_ros/install/share/dummy2_hand_eye_calibration/package.dsv
[0.073s] -- Up-to-date symlink: /home/futill/dummy_ros/install/share/ament_index/resource_index/packages/dummy2_hand_eye_calibration
[0.073s] -- Up-to-date symlink: /home/futill/dummy_ros/install/share/dummy2_hand_eye_calibration/cmake/dummy2_hand_eye_calibrationConfig.cmake
[0.074s] -- Up-to-date symlink: /home/futill/dummy_ros/install/share/dummy2_hand_eye_calibration/cmake/dummy2_hand_eye_calibrationConfig-version.cmake
[0.074s] -- Up-to-date symlink: /home/futill/dummy_ros/install/share/dummy2_hand_eye_calibration/package.xml
[0.076s] Invoked command in '/home/futill/dummy_ros/build/dummy2_hand_eye_calibration' returned '0': AMENT_PREFIX_PATH=/home/futill/dummy_ros/install:${AMENT_PREFIX_PATH} CMAKE_PREFIX_PATH=/home/futill/dummy_ros/install:/opt/ros/humble LD_LIBRARY_PATH=/home/futill/dummy_ros/install/lib:${LD_LIBRARY_PATH} PYTHONPATH=/home/futill/dummy_ros/build/easy_handeye2:/home/futill/dummy_ros/install/lib/python3.10/site-packages:/home/futill/dummy_ros/build/ros2_aruco:/home/futill/dummy_ros/install/local/lib/python3.10/dist-packages:${PYTHONPATH} /usr/bin/cmake --install /home/futill/dummy_ros/build/dummy2_hand_eye_calibration
