[0.230s] Invoking command in '/home/futill/dummy_ros/build/pymoveit2': CMAKE_PREFIX_PATH=/opt/ros/humble /usr/bin/cmake --build /home/futill/dummy_ros/build/pymoveit2 -- -j16 -l16
[0.668s] Built target ament_cmake_python_symlink_pymoveit2
[0.668s] running egg_info
[0.668s] writing pymoveit2.egg-info/PKG-INFO
[0.669s] writing dependency_links to pymoveit2.egg-info/dependency_links.txt
[0.669s] writing top-level names to pymoveit2.egg-info/top_level.txt
[0.669s] reading manifest file 'pymoveit2.egg-info/SOURCES.txt'
[0.669s] writing manifest file 'pymoveit2.egg-info/SOURCES.txt'
[0.669s] Built target ament_cmake_python_build_pymoveit2_egg
[0.685s] Invoked command in '/home/futill/dummy_ros/build/pymoveit2' returned '0': CMAKE_PREFIX_PATH=/opt/ros/humble /usr/bin/cmake --build /home/futill/dummy_ros/build/pymoveit2 -- -j16 -l16
[0.687s] Invoking command in '/home/futill/dummy_ros/build/pymoveit2': CMAKE_PREFIX_PATH=/opt/ros/humble /usr/bin/cmake --install /home/futill/dummy_ros/build/pymoveit2
[0.709s] -- Install configuration: "Release"
[0.711s] -- Execute custom install script
[0.711s] -- Up-to-date symlink: /home/futill/dummy_ros/install/share/pymoveit2/environment/pythonpath.sh
[0.711s] -- Up-to-date symlink: /home/futill/dummy_ros/install/share/pymoveit2/environment/pythonpath.dsv
[0.711s] -- Up-to-date symlink: /home/futill/dummy_ros/install/local/lib/python3.10/dist-packages/pymoveit2-4.0.0-py3.10.egg-info/PKG-INFO
[0.711s] -- Up-to-date symlink: /home/futill/dummy_ros/install/local/lib/python3.10/dist-packages/pymoveit2-4.0.0-py3.10.egg-info/SOURCES.txt
[0.711s] -- Up-to-date symlink: /home/futill/dummy_ros/install/local/lib/python3.10/dist-packages/pymoveit2-4.0.0-py3.10.egg-info/dependency_links.txt
[0.711s] -- Up-to-date symlink: /home/futill/dummy_ros/install/local/lib/python3.10/dist-packages/pymoveit2-4.0.0-py3.10.egg-info/top_level.txt
[0.711s] -- Up-to-date symlink: /home/futill/dummy_ros/install/local/lib/python3.10/dist-packages/pymoveit2/__init__.py
[0.711s] -- Up-to-date symlink: /home/futill/dummy_ros/install/local/lib/python3.10/dist-packages/pymoveit2/gripper_command.py
[0.711s] -- Up-to-date symlink: /home/futill/dummy_ros/install/local/lib/python3.10/dist-packages/pymoveit2/gripper_interface.py
[0.712s] -- Up-to-date symlink: /home/futill/dummy_ros/install/local/lib/python3.10/dist-packages/pymoveit2/moveit2.py
[0.712s] -- Up-to-date symlink: /home/futill/dummy_ros/install/local/lib/python3.10/dist-packages/pymoveit2/moveit2_gripper.py
[0.712s] -- Up-to-date symlink: /home/futill/dummy_ros/install/local/lib/python3.10/dist-packages/pymoveit2/moveit2_servo.py
[0.712s] -- Up-to-date symlink: /home/futill/dummy_ros/install/local/lib/python3.10/dist-packages/pymoveit2/robots/__init__.py
[0.712s] -- Up-to-date symlink: /home/futill/dummy_ros/install/local/lib/python3.10/dist-packages/pymoveit2/robots/crane_x7.py
[0.712s] -- Up-to-date symlink: /home/futill/dummy_ros/install/local/lib/python3.10/dist-packages/pymoveit2/robots/kinova.py
[0.712s] -- Up-to-date symlink: /home/futill/dummy_ros/install/local/lib/python3.10/dist-packages/pymoveit2/robots/lbr.py
[0.712s] -- Up-to-date symlink: /home/futill/dummy_ros/install/local/lib/python3.10/dist-packages/pymoveit2/robots/panda.py
[0.712s] -- Up-to-date symlink: /home/futill/dummy_ros/install/local/lib/python3.10/dist-packages/pymoveit2/robots/phantomx_pincher.py
[0.712s] -- Up-to-date symlink: /home/futill/dummy_ros/install/local/lib/python3.10/dist-packages/pymoveit2/robots/ur.py
[0.712s] -- Up-to-date symlink: /home/futill/dummy_ros/install/lib/pymoveit2/ex_allow_collisions.py
[0.712s] -- Up-to-date symlink: /home/futill/dummy_ros/install/lib/pymoveit2/ex_clear_planning_scene.py
[0.712s] -- Up-to-date symlink: /home/futill/dummy_ros/install/lib/pymoveit2/ex_collision_mesh.py
[0.712s] -- Up-to-date symlink: /home/futill/dummy_ros/install/lib/pymoveit2/ex_collision_primitive.py
[0.713s] -- Up-to-date symlink: /home/futill/dummy_ros/install/lib/pymoveit2/ex_fk.py
[0.713s] -- Up-to-date symlink: /home/futill/dummy_ros/install/lib/pymoveit2/ex_gripper.py
[0.713s] -- Up-to-date symlink: /home/futill/dummy_ros/install/lib/pymoveit2/ex_ik.py
[0.714s] -- Up-to-date symlink: /home/futill/dummy_ros/install/lib/pymoveit2/ex_joint_goal.py
[0.714s] -- Up-to-date symlink: /home/futill/dummy_ros/install/lib/pymoveit2/ex_orientation_path_constraint.py
[0.715s] -- Up-to-date symlink: /home/futill/dummy_ros/install/lib/pymoveit2/ex_pose_goal.py
[0.715s] -- Up-to-date symlink: /home/futill/dummy_ros/install/lib/pymoveit2/ex_servo.py
[0.716s] -- Up-to-date symlink: /home/futill/dummy_ros/install/share/ament_index/resource_index/package_run_dependencies/pymoveit2
[0.717s] -- Up-to-date symlink: /home/futill/dummy_ros/install/share/ament_index/resource_index/parent_prefix_path/pymoveit2
[0.717s] -- Up-to-date symlink: /home/futill/dummy_ros/install/share/pymoveit2/environment/ament_prefix_path.sh
[0.718s] -- Up-to-date symlink: /home/futill/dummy_ros/install/share/pymoveit2/environment/ament_prefix_path.dsv
[0.718s] -- Up-to-date symlink: /home/futill/dummy_ros/install/share/pymoveit2/environment/path.sh
[0.718s] -- Up-to-date symlink: /home/futill/dummy_ros/install/share/pymoveit2/environment/path.dsv
[0.718s] -- Up-to-date symlink: /home/futill/dummy_ros/install/share/pymoveit2/local_setup.bash
[0.719s] -- Up-to-date symlink: /home/futill/dummy_ros/install/share/pymoveit2/local_setup.sh
[0.720s] -- Up-to-date symlink: /home/futill/dummy_ros/install/share/pymoveit2/local_setup.zsh
[0.720s] -- Up-to-date symlink: /home/futill/dummy_ros/install/share/pymoveit2/local_setup.dsv
[0.720s] -- Symlinking: /home/futill/dummy_ros/install/share/pymoveit2/package.dsv
[0.729s] -- Up-to-date symlink: /home/futill/dummy_ros/install/share/ament_index/resource_index/packages/pymoveit2
[0.730s] -- Up-to-date symlink: /home/futill/dummy_ros/install/share/pymoveit2/cmake/pymoveit2Config.cmake
[0.730s] -- Up-to-date symlink: /home/futill/dummy_ros/install/share/pymoveit2/cmake/pymoveit2Config-version.cmake
[0.730s] -- Up-to-date symlink: /home/futill/dummy_ros/install/share/pymoveit2/package.xml
[0.750s] Listing '/home/futill/dummy_ros/install/local/lib/python3.10/dist-packages/pymoveit2'...
[0.750s] Listing '/home/futill/dummy_ros/install/local/lib/python3.10/dist-packages/pymoveit2/robots'...
[0.841s] Invoked command in '/home/futill/dummy_ros/build/pymoveit2' returned '0': CMAKE_PREFIX_PATH=/opt/ros/humble /usr/bin/cmake --install /home/futill/dummy_ros/build/pymoveit2
