[0.010s] Invoking command in '/home/futill/dummy2_hand_eye_calibration_ws/build/dummy_moveit': CMAKE_PREFIX_PATH=/opt/ros/humble /usr/bin/cmake /home/futill/dummy2_hand_eye_calibration_ws/src/dummy_moveit -DCMAKE_BUILD_TYPE=Release -DAMENT_CMAKE_SYMLINK_INSTALL=1 -DCMAKE_INSTALL_PREFIX=/home/futill/dummy2_hand_eye_calibration_ws/install
[0.093s] -- The C compiler identification is GNU 11.4.0
[0.172s] -- The CXX compiler identification is GNU 11.4.0
[0.180s] -- Detecting C compiler ABI info
[0.275s] -- Detecting C compiler ABI info - done
[0.282s] -- Check for working C compiler: /usr/bin/cc - skipped
[0.283s] -- Detecting C compile features
[0.283s] -- Detecting C compile features - done
[0.287s] -- Detecting CXX compiler ABI info
[0.396s] -- Detecting CXX compiler ABI info - done
[0.403s] -- Check for working CXX compiler: /usr/bin/c++ - skipped
[0.403s] -- Detecting CXX compile features
[0.403s] -- Detecting CXX compile features - done
[0.407s] -- Found ament_cmake: 1.3.11 (/opt/ros/humble/share/ament_cmake/cmake)
[0.615s] -- Found Python3: /usr/bin/python3 (found version "3.10.12") found components: Interpreter 
[0.695s] -- Override CMake install command with custom implementation using symlinks instead of copying resources
[0.841s] -- Configuring done
[0.845s] -- Generating done
[0.850s] -- Build files have been written to: /home/futill/dummy2_hand_eye_calibration_ws/build/dummy_moveit
[0.858s] Invoked command in '/home/futill/dummy2_hand_eye_calibration_ws/build/dummy_moveit' returned '0': CMAKE_PREFIX_PATH=/opt/ros/humble /usr/bin/cmake /home/futill/dummy2_hand_eye_calibration_ws/src/dummy_moveit -DCMAKE_BUILD_TYPE=Release -DAMENT_CMAKE_SYMLINK_INSTALL=1 -DCMAKE_INSTALL_PREFIX=/home/futill/dummy2_hand_eye_calibration_ws/install
[0.872s] Invoking command in '/home/futill/dummy2_hand_eye_calibration_ws/build/dummy_moveit': CMAKE_PREFIX_PATH=/opt/ros/humble /usr/bin/cmake --build /home/futill/dummy2_hand_eye_calibration_ws/build/dummy_moveit -- -j8 -l8
[1.177s] Invoked command in '/home/futill/dummy2_hand_eye_calibration_ws/build/dummy_moveit' returned '0': CMAKE_PREFIX_PATH=/opt/ros/humble /usr/bin/cmake --build /home/futill/dummy2_hand_eye_calibration_ws/build/dummy_moveit -- -j8 -l8
[1.182s] Invoking command in '/home/futill/dummy2_hand_eye_calibration_ws/build/dummy_moveit': CMAKE_PREFIX_PATH=/opt/ros/humble /usr/bin/cmake --install /home/futill/dummy2_hand_eye_calibration_ws/build/dummy_moveit
[1.212s] -- Install configuration: "Release"
[1.212s] -- Execute custom install script
[1.212s] -- Symlinking: /home/futill/dummy2_hand_eye_calibration_ws/install/share/ament_index/resource_index/package_run_dependencies/dummy_moveit
[1.215s] -- Symlinking: /home/futill/dummy2_hand_eye_calibration_ws/install/share/ament_index/resource_index/parent_prefix_path/dummy_moveit
[1.237s] -- Symlinking: /home/futill/dummy2_hand_eye_calibration_ws/install/share/dummy_moveit/environment/ament_prefix_path.sh
[1.260s] -- Symlinking: /home/futill/dummy2_hand_eye_calibration_ws/install/share/dummy_moveit/environment/ament_prefix_path.dsv
[1.281s] -- Symlinking: /home/futill/dummy2_hand_eye_calibration_ws/install/share/dummy_moveit/environment/path.sh
[1.307s] -- Symlinking: /home/futill/dummy2_hand_eye_calibration_ws/install/share/dummy_moveit/environment/path.dsv
[1.323s] -- Symlinking: /home/futill/dummy2_hand_eye_calibration_ws/install/share/dummy_moveit/local_setup.bash
[1.336s] -- Symlinking: /home/futill/dummy2_hand_eye_calibration_ws/install/share/dummy_moveit/local_setup.sh
[1.353s] -- Symlinking: /home/futill/dummy2_hand_eye_calibration_ws/install/share/dummy_moveit/local_setup.zsh
[1.364s] -- Symlinking: /home/futill/dummy2_hand_eye_calibration_ws/install/share/dummy_moveit/local_setup.dsv
[1.378s] -- Symlinking: /home/futill/dummy2_hand_eye_calibration_ws/install/share/dummy_moveit/package.dsv
[1.390s] -- Symlinking: /home/futill/dummy2_hand_eye_calibration_ws/install/share/ament_index/resource_index/packages/dummy_moveit
[1.400s] -- Symlinking: /home/futill/dummy2_hand_eye_calibration_ws/install/share/dummy_moveit/cmake/dummy_moveitConfig.cmake
[1.413s] -- Symlinking: /home/futill/dummy2_hand_eye_calibration_ws/install/share/dummy_moveit/cmake/dummy_moveitConfig-version.cmake
[1.425s] -- Symlinking: /home/futill/dummy2_hand_eye_calibration_ws/install/share/dummy_moveit/package.xml
[1.437s] -- Symlinking: /home/futill/dummy2_hand_eye_calibration_ws/install/share/dummy_moveit/launch/demo.launch.py
[1.450s] -- Symlinking: /home/futill/dummy2_hand_eye_calibration_ws/install/share/dummy_moveit/launch/move_group.launch.py
[1.462s] -- Symlinking: /home/futill/dummy2_hand_eye_calibration_ws/install/share/dummy_moveit/launch/moveit_rviz.launch.py
[1.473s] -- Symlinking: /home/futill/dummy2_hand_eye_calibration_ws/install/share/dummy_moveit/launch/rsp.launch.py
[1.485s] -- Symlinking: /home/futill/dummy2_hand_eye_calibration_ws/install/share/dummy_moveit/launch/setup_assistant.launch.py
[1.501s] -- Symlinking: /home/futill/dummy2_hand_eye_calibration_ws/install/share/dummy_moveit/launch/spawn_controllers.launch.py
[1.508s] -- Symlinking: /home/futill/dummy2_hand_eye_calibration_ws/install/share/dummy_moveit/launch/static_virtual_joint_tfs.launch.py
[1.521s] -- Symlinking: /home/futill/dummy2_hand_eye_calibration_ws/install/share/dummy_moveit/launch/warehouse_db.launch.py
[1.538s] -- Symlinking: /home/futill/dummy2_hand_eye_calibration_ws/install/share/dummy_moveit/config/dummy2-SLDASM.ros2_control.xacro
[1.554s] -- Symlinking: /home/futill/dummy2_hand_eye_calibration_ws/install/share/dummy_moveit/config/dummy2-SLDASM.srdf
[1.563s] -- Symlinking: /home/futill/dummy2_hand_eye_calibration_ws/install/share/dummy_moveit/config/dummy2-SLDASM.urdf.xacro
[1.576s] -- Symlinking: /home/futill/dummy2_hand_eye_calibration_ws/install/share/dummy_moveit/config/initial_positions.yaml
[1.592s] -- Symlinking: /home/futill/dummy2_hand_eye_calibration_ws/install/share/dummy_moveit/config/joint_limits.yaml
[1.607s] -- Symlinking: /home/futill/dummy2_hand_eye_calibration_ws/install/share/dummy_moveit/config/kinematics.yaml
[1.623s] -- Symlinking: /home/futill/dummy2_hand_eye_calibration_ws/install/share/dummy_moveit/config/moveit.rviz
[1.634s] -- Symlinking: /home/futill/dummy2_hand_eye_calibration_ws/install/share/dummy_moveit/config/moveit_controllers.yaml
[1.658s] -- Symlinking: /home/futill/dummy2_hand_eye_calibration_ws/install/share/dummy_moveit/config/pilz_cartesian_limits.yaml
[1.675s] -- Symlinking: /home/futill/dummy2_hand_eye_calibration_ws/install/share/dummy_moveit/config/ros2_controllers.yaml
[1.696s] -- Symlinking: /home/futill/dummy2_hand_eye_calibration_ws/install/share/dummy_moveit/.setup_assistant
[1.723s] Invoked command in '/home/futill/dummy2_hand_eye_calibration_ws/build/dummy_moveit' returned '0': CMAKE_PREFIX_PATH=/opt/ros/humble /usr/bin/cmake --install /home/futill/dummy2_hand_eye_calibration_ws/build/dummy_moveit
