[0.072s] Invoking command in '/home/futill/dummy2_hand_eye_calibration_ws/build/dummy2_hand_eye_calibration': AMENT_PREFIX_PATH=/home/futill/dummy2_hand_eye_calibration_ws/install:${AMENT_PREFIX_PATH} CMAKE_PREFIX_PATH=/home/futill/dummy2_hand_eye_calibration_ws/install:/opt/ros/humble LD_LIBRARY_PATH=/home/futill/dummy2_hand_eye_calibration_ws/install/lib:${LD_LIBRARY_PATH} PYTHONPATH=/home/futill/dummy2_hand_eye_calibration_ws/build/easy_handeye2:/home/futill/dummy2_hand_eye_calibration_ws/install/lib/python3.10/site-packages:/home/futill/dummy2_hand_eye_calibration_ws/build/ros2_aruco:/home/futill/dummy2_hand_eye_calibration_ws/install/local/lib/python3.10/dist-packages:${PYTHONPATH} /usr/bin/cmake /home/futill/dummy2_hand_eye_calibration_ws/src/dummy2_hand_eye_calibration -DCMAKE_BUILD_TYPE=Release -DAMENT_CMAKE_SYMLINK_INSTALL=1 -DCMAKE_INSTALL_PREFIX=/home/futill/dummy2_hand_eye_calibration_ws/install
[0.170s] -- The C compiler identification is GNU 11.4.0
[0.297s] -- The CXX compiler identification is GNU 11.4.0
[0.314s] -- Detecting C compiler ABI info
[0.469s] -- Detecting C compiler ABI info - done
[0.476s] -- Check for working C compiler: /usr/bin/cc - skipped
[0.476s] -- Detecting C compile features
[0.477s] -- Detecting C compile features - done
[0.481s] -- Detecting CXX compiler ABI info
[0.594s] -- Detecting CXX compiler ABI info - done
[0.600s] -- Check for working CXX compiler: /usr/bin/c++ - skipped
[0.602s] -- Detecting CXX compile features
[0.602s] -- Detecting CXX compile features - done
[0.621s] -- Found ament_cmake: 1.3.11 (/opt/ros/humble/share/ament_cmake/cmake)
[0.866s] -- Found Python3: /usr/bin/python3 (found version "3.10.12") found components: Interpreter 
[0.982s] -- Override CMake install command with custom implementation using symlinks instead of copying resources
[1.029s] -- Found rclpy: 3.3.16 (/opt/ros/humble/share/rclpy/cmake)
[1.030s] -- Found ros2_aruco_interfaces: 0.1.0 (/home/futill/dummy2_hand_eye_calibration_ws/install/share/ros2_aruco_interfaces/cmake)
[1.094s] -- Found rosidl_generator_c: 3.1.6 (/opt/ros/humble/share/rosidl_generator_c/cmake)
[1.103s] -- Found rosidl_adapter: 3.1.6 (/opt/ros/humble/share/rosidl_adapter/cmake)
[1.116s] -- Found rosidl_generator_cpp: 3.1.6 (/opt/ros/humble/share/rosidl_generator_cpp/cmake)
[1.137s] -- Using all available rosidl_typesupport_c: rosidl_typesupport_fastrtps_c;rosidl_typesupport_introspection_c
[1.160s] -- Using all available rosidl_typesupport_cpp: rosidl_typesupport_fastrtps_cpp;rosidl_typesupport_introspection_cpp
[1.370s] -- Configuring done
[1.381s] -- Generating done
[1.387s] -- Build files have been written to: /home/futill/dummy2_hand_eye_calibration_ws/build/dummy2_hand_eye_calibration
[1.401s] Invoked command in '/home/futill/dummy2_hand_eye_calibration_ws/build/dummy2_hand_eye_calibration' returned '0': AMENT_PREFIX_PATH=/home/futill/dummy2_hand_eye_calibration_ws/install:${AMENT_PREFIX_PATH} CMAKE_PREFIX_PATH=/home/futill/dummy2_hand_eye_calibration_ws/install:/opt/ros/humble LD_LIBRARY_PATH=/home/futill/dummy2_hand_eye_calibration_ws/install/lib:${LD_LIBRARY_PATH} PYTHONPATH=/home/futill/dummy2_hand_eye_calibration_ws/build/easy_handeye2:/home/futill/dummy2_hand_eye_calibration_ws/install/lib/python3.10/site-packages:/home/futill/dummy2_hand_eye_calibration_ws/build/ros2_aruco:/home/futill/dummy2_hand_eye_calibration_ws/install/local/lib/python3.10/dist-packages:${PYTHONPATH} /usr/bin/cmake /home/futill/dummy2_hand_eye_calibration_ws/src/dummy2_hand_eye_calibration -DCMAKE_BUILD_TYPE=Release -DAMENT_CMAKE_SYMLINK_INSTALL=1 -DCMAKE_INSTALL_PREFIX=/home/futill/dummy2_hand_eye_calibration_ws/install
[1.403s] Invoking command in '/home/futill/dummy2_hand_eye_calibration_ws/build/dummy2_hand_eye_calibration': AMENT_PREFIX_PATH=/home/futill/dummy2_hand_eye_calibration_ws/install:${AMENT_PREFIX_PATH} CMAKE_PREFIX_PATH=/home/futill/dummy2_hand_eye_calibration_ws/install:/opt/ros/humble LD_LIBRARY_PATH=/home/futill/dummy2_hand_eye_calibration_ws/install/lib:${LD_LIBRARY_PATH} PYTHONPATH=/home/futill/dummy2_hand_eye_calibration_ws/build/easy_handeye2:/home/futill/dummy2_hand_eye_calibration_ws/install/lib/python3.10/site-packages:/home/futill/dummy2_hand_eye_calibration_ws/build/ros2_aruco:/home/futill/dummy2_hand_eye_calibration_ws/install/local/lib/python3.10/dist-packages:${PYTHONPATH} /usr/bin/cmake --build /home/futill/dummy2_hand_eye_calibration_ws/build/dummy2_hand_eye_calibration -- -j8 -l8
[1.523s] Invoked command in '/home/futill/dummy2_hand_eye_calibration_ws/build/dummy2_hand_eye_calibration' returned '0': AMENT_PREFIX_PATH=/home/futill/dummy2_hand_eye_calibration_ws/install:${AMENT_PREFIX_PATH} CMAKE_PREFIX_PATH=/home/futill/dummy2_hand_eye_calibration_ws/install:/opt/ros/humble LD_LIBRARY_PATH=/home/futill/dummy2_hand_eye_calibration_ws/install/lib:${LD_LIBRARY_PATH} PYTHONPATH=/home/futill/dummy2_hand_eye_calibration_ws/build/easy_handeye2:/home/futill/dummy2_hand_eye_calibration_ws/install/lib/python3.10/site-packages:/home/futill/dummy2_hand_eye_calibration_ws/build/ros2_aruco:/home/futill/dummy2_hand_eye_calibration_ws/install/local/lib/python3.10/dist-packages:${PYTHONPATH} /usr/bin/cmake --build /home/futill/dummy2_hand_eye_calibration_ws/build/dummy2_hand_eye_calibration -- -j8 -l8
[1.527s] Invoking command in '/home/futill/dummy2_hand_eye_calibration_ws/build/dummy2_hand_eye_calibration': AMENT_PREFIX_PATH=/home/futill/dummy2_hand_eye_calibration_ws/install:${AMENT_PREFIX_PATH} CMAKE_PREFIX_PATH=/home/futill/dummy2_hand_eye_calibration_ws/install:/opt/ros/humble LD_LIBRARY_PATH=/home/futill/dummy2_hand_eye_calibration_ws/install/lib:${LD_LIBRARY_PATH} PYTHONPATH=/home/futill/dummy2_hand_eye_calibration_ws/build/easy_handeye2:/home/futill/dummy2_hand_eye_calibration_ws/install/lib/python3.10/site-packages:/home/futill/dummy2_hand_eye_calibration_ws/build/ros2_aruco:/home/futill/dummy2_hand_eye_calibration_ws/install/local/lib/python3.10/dist-packages:${PYTHONPATH} /usr/bin/cmake --install /home/futill/dummy2_hand_eye_calibration_ws/build/dummy2_hand_eye_calibration
[1.548s] -- Install configuration: "Release"
[1.550s] -- Execute custom install script
[1.555s] -- Symlinking: /home/futill/dummy2_hand_eye_calibration_ws/install/share/dummy2_hand_eye_calibration/launch/calibrate.launch.py
[1.571s] -- Symlinking: /home/futill/dummy2_hand_eye_calibration_ws/install/share/dummy2_hand_eye_calibration/launch/validate.launch.py
[1.602s] -- Symlinking: /home/futill/dummy2_hand_eye_calibration_ws/install/share/dummy2_hand_eye_calibration/config/aruco_parameters.yaml
[1.621s] -- Symlinking: /home/futill/dummy2_hand_eye_calibration_ws/install/share/dummy2_hand_eye_calibration/rviz/moveit_with_camera.rviz
[1.648s] -- Symlinking: /home/futill/dummy2_hand_eye_calibration_ws/install/share/dummy2_hand_eye_calibration/rviz/validate.rviz
[1.675s] -- Symlinking: /home/futill/dummy2_hand_eye_calibration_ws/install/lib/dummy2_hand_eye_calibration/calibration_aruco_publisher.py
[1.701s] -- Symlinking: /home/futill/dummy2_hand_eye_calibration_ws/install/lib/dummy2_hand_eye_calibration/follow_aruco_marker.py
[1.731s] -- Symlinking: /home/futill/dummy2_hand_eye_calibration_ws/install/lib/dummy2_hand_eye_calibration/handeye_publisher.py
[1.764s] -- Symlinking: /home/futill/dummy2_hand_eye_calibration_ws/install/share/ament_index/resource_index/package_run_dependencies/dummy2_hand_eye_calibration
[1.787s] -- Symlinking: /home/futill/dummy2_hand_eye_calibration_ws/install/share/ament_index/resource_index/parent_prefix_path/dummy2_hand_eye_calibration
[1.813s] -- Symlinking: /home/futill/dummy2_hand_eye_calibration_ws/install/share/dummy2_hand_eye_calibration/environment/ament_prefix_path.sh
[1.848s] -- Symlinking: /home/futill/dummy2_hand_eye_calibration_ws/install/share/dummy2_hand_eye_calibration/environment/ament_prefix_path.dsv
[1.876s] -- Symlinking: /home/futill/dummy2_hand_eye_calibration_ws/install/share/dummy2_hand_eye_calibration/environment/path.sh
[1.906s] -- Symlinking: /home/futill/dummy2_hand_eye_calibration_ws/install/share/dummy2_hand_eye_calibration/environment/path.dsv
[1.936s] -- Symlinking: /home/futill/dummy2_hand_eye_calibration_ws/install/share/dummy2_hand_eye_calibration/local_setup.bash
[1.957s] -- Symlinking: /home/futill/dummy2_hand_eye_calibration_ws/install/share/dummy2_hand_eye_calibration/local_setup.sh
[1.988s] -- Symlinking: /home/futill/dummy2_hand_eye_calibration_ws/install/share/dummy2_hand_eye_calibration/local_setup.zsh
[2.016s] -- Symlinking: /home/futill/dummy2_hand_eye_calibration_ws/install/share/dummy2_hand_eye_calibration/local_setup.dsv
[2.045s] -- Symlinking: /home/futill/dummy2_hand_eye_calibration_ws/install/share/dummy2_hand_eye_calibration/package.dsv
[2.067s] -- Symlinking: /home/futill/dummy2_hand_eye_calibration_ws/install/share/ament_index/resource_index/packages/dummy2_hand_eye_calibration
[2.096s] -- Symlinking: /home/futill/dummy2_hand_eye_calibration_ws/install/share/dummy2_hand_eye_calibration/cmake/dummy2_hand_eye_calibrationConfig.cmake
[2.115s] -- Symlinking: /home/futill/dummy2_hand_eye_calibration_ws/install/share/dummy2_hand_eye_calibration/cmake/dummy2_hand_eye_calibrationConfig-version.cmake
[2.143s] -- Symlinking: /home/futill/dummy2_hand_eye_calibration_ws/install/share/dummy2_hand_eye_calibration/package.xml
[2.181s] Invoked command in '/home/futill/dummy2_hand_eye_calibration_ws/build/dummy2_hand_eye_calibration' returned '0': AMENT_PREFIX_PATH=/home/futill/dummy2_hand_eye_calibration_ws/install:${AMENT_PREFIX_PATH} CMAKE_PREFIX_PATH=/home/futill/dummy2_hand_eye_calibration_ws/install:/opt/ros/humble LD_LIBRARY_PATH=/home/futill/dummy2_hand_eye_calibration_ws/install/lib:${LD_LIBRARY_PATH} PYTHONPATH=/home/futill/dummy2_hand_eye_calibration_ws/build/easy_handeye2:/home/futill/dummy2_hand_eye_calibration_ws/install/lib/python3.10/site-packages:/home/futill/dummy2_hand_eye_calibration_ws/build/ros2_aruco:/home/futill/dummy2_hand_eye_calibration_ws/install/local/lib/python3.10/dist-packages:${PYTHONPATH} /usr/bin/cmake --install /home/futill/dummy2_hand_eye_calibration_ws/build/dummy2_hand_eye_calibration
