[0.684s] Invoking command in '/home/futill/dummy2_hand_eye_calibration_ws/build/ros2_aruco_interfaces': CMAKE_PREFIX_PATH=${CMAKE_PREFIX_PATH}:/home/futill/targer_ws/install/my_robot_pkg:/opt/ros/humble /usr/bin/cmake --build /home/futill/dummy2_hand_eye_calibration_ws/build/ros2_aruco_interfaces -- -j8 -l8
[0.794s] [  9%] Built target ros2_aruco_interfaces__rosidl_generator_c
[0.794s] [ 12%] Built target ros2_aruco_interfaces__cpp
[0.797s] [ 12%] Built target ament_cmake_python_symlink_ros2_aruco_interfaces
[0.982s] [ 22%] Built target ros2_aruco_interfaces__rosidl_typesupport_introspection_c
[0.982s] [ 32%] Built target ros2_aruco_interfaces__rosidl_typesupport_cpp
[0.983s] [ 41%] Built target ros2_aruco_interfaces__rosidl_typesupport_fastrtps_c
[0.990s] [ 51%] Built target ros2_aruco_interfaces__rosidl_typesupport_c
[0.990s] [ 61%] Built target ros2_aruco_interfaces__rosidl_typesupport_fastrtps_cpp
[0.990s] [ 70%] Built target ros2_aruco_interfaces__rosidl_typesupport_introspection_cpp
[1.072s] [ 70%] Built target ros2_aruco_interfaces
[1.106s] [ 74%] Built target ros2_aruco_interfaces__py
[1.111s] [ 80%] Built target ros2_aruco_interfaces__rosidl_generator_py
[1.119s] [ 87%] Built target ros2_aruco_interfaces__rosidl_typesupport_introspection_c__pyext
[1.122s] [ 93%] Built target ros2_aruco_interfaces__rosidl_typesupport_fastrtps_c__pyext
[1.128s] [100%] Built target ros2_aruco_interfaces__rosidl_typesupport_c__pyext
[1.235s] running egg_info
[1.236s] writing ros2_aruco_interfaces.egg-info/PKG-INFO
[1.236s] writing dependency_links to ros2_aruco_interfaces.egg-info/dependency_links.txt
[1.236s] writing top-level names to ros2_aruco_interfaces.egg-info/top_level.txt
[1.239s] reading manifest file 'ros2_aruco_interfaces.egg-info/SOURCES.txt'
[1.239s] writing manifest file 'ros2_aruco_interfaces.egg-info/SOURCES.txt'
[1.272s] [100%] Built target ament_cmake_python_build_ros2_aruco_interfaces_egg
[1.579s] Invoked command in '/home/futill/dummy2_hand_eye_calibration_ws/build/ros2_aruco_interfaces' returned '0': CMAKE_PREFIX_PATH=${CMAKE_PREFIX_PATH}:/home/futill/targer_ws/install/my_robot_pkg:/opt/ros/humble /usr/bin/cmake --build /home/futill/dummy2_hand_eye_calibration_ws/build/ros2_aruco_interfaces -- -j8 -l8
[1.579s] Invoking command in '/home/futill/dummy2_hand_eye_calibration_ws/build/ros2_aruco_interfaces': CMAKE_PREFIX_PATH=${CMAKE_PREFIX_PATH}:/home/futill/targer_ws/install/my_robot_pkg:/opt/ros/humble /usr/bin/cmake --install /home/futill/dummy2_hand_eye_calibration_ws/build/ros2_aruco_interfaces
[1.584s] -- Install configuration: "Release"
[1.584s] -- Execute custom install script
[1.584s] -- Up-to-date symlink: /home/futill/dummy2_hand_eye_calibration_ws/install/share/ament_index/resource_index/rosidl_interfaces/ros2_aruco_interfaces
[1.585s] -- Up-to-date symlink: /home/futill/dummy2_hand_eye_calibration_ws/install/include/ros2_aruco_interfaces/ros2_aruco_interfaces/msg/aruco_markers.h
[1.585s] -- Up-to-date symlink: /home/futill/dummy2_hand_eye_calibration_ws/install/include/ros2_aruco_interfaces/ros2_aruco_interfaces/msg/detail/aruco_markers__functions.h
[1.585s] -- Up-to-date symlink: /home/futill/dummy2_hand_eye_calibration_ws/install/include/ros2_aruco_interfaces/ros2_aruco_interfaces/msg/detail/aruco_markers__struct.h
[1.585s] -- Up-to-date symlink: /home/futill/dummy2_hand_eye_calibration_ws/install/include/ros2_aruco_interfaces/ros2_aruco_interfaces/msg/detail/aruco_markers__type_support.h
[1.585s] -- Up-to-date symlink: /home/futill/dummy2_hand_eye_calibration_ws/install/include/ros2_aruco_interfaces/ros2_aruco_interfaces/msg/rosidl_generator_c__visibility_control.h
[1.586s] -- Up-to-date symlink: /home/futill/dummy2_hand_eye_calibration_ws/install/share/ros2_aruco_interfaces/environment/library_path.sh
[1.586s] -- Up-to-date symlink: /home/futill/dummy2_hand_eye_calibration_ws/install/share/ros2_aruco_interfaces/environment/library_path.dsv
[1.586s] -- Up-to-date symlink: /home/futill/dummy2_hand_eye_calibration_ws/install/include/ros2_aruco_interfaces/ros2_aruco_interfaces/msg/detail/aruco_markers__rosidl_typesupport_fastrtps_c.h
[1.586s] -- Up-to-date symlink: /home/futill/dummy2_hand_eye_calibration_ws/install/include/ros2_aruco_interfaces/ros2_aruco_interfaces/msg/rosidl_typesupport_fastrtps_c__visibility_control.h
[1.587s] -- Up-to-date symlink: /home/futill/dummy2_hand_eye_calibration_ws/install/include/ros2_aruco_interfaces/ros2_aruco_interfaces/msg/aruco_markers.hpp
[1.587s] -- Up-to-date symlink: /home/futill/dummy2_hand_eye_calibration_ws/install/include/ros2_aruco_interfaces/ros2_aruco_interfaces/msg/detail/aruco_markers__builder.hpp
[1.587s] -- Up-to-date symlink: /home/futill/dummy2_hand_eye_calibration_ws/install/include/ros2_aruco_interfaces/ros2_aruco_interfaces/msg/detail/aruco_markers__struct.hpp
[1.587s] -- Up-to-date symlink: /home/futill/dummy2_hand_eye_calibration_ws/install/include/ros2_aruco_interfaces/ros2_aruco_interfaces/msg/detail/aruco_markers__traits.hpp
[1.587s] -- Up-to-date symlink: /home/futill/dummy2_hand_eye_calibration_ws/install/include/ros2_aruco_interfaces/ros2_aruco_interfaces/msg/detail/aruco_markers__type_support.hpp
[1.587s] -- Up-to-date symlink: /home/futill/dummy2_hand_eye_calibration_ws/install/include/ros2_aruco_interfaces/ros2_aruco_interfaces/msg/rosidl_generator_cpp__visibility_control.hpp
[1.588s] -- Up-to-date symlink: /home/futill/dummy2_hand_eye_calibration_ws/install/include/ros2_aruco_interfaces/ros2_aruco_interfaces/msg/detail/aruco_markers__rosidl_typesupport_fastrtps_cpp.hpp
[1.588s] -- Up-to-date symlink: /home/futill/dummy2_hand_eye_calibration_ws/install/include/ros2_aruco_interfaces/ros2_aruco_interfaces/msg/rosidl_typesupport_fastrtps_cpp__visibility_control.h
[1.589s] -- Up-to-date symlink: /home/futill/dummy2_hand_eye_calibration_ws/install/include/ros2_aruco_interfaces/ros2_aruco_interfaces/msg/detail/aruco_markers__rosidl_typesupport_introspection_c.h
[1.589s] -- Up-to-date symlink: /home/futill/dummy2_hand_eye_calibration_ws/install/include/ros2_aruco_interfaces/ros2_aruco_interfaces/msg/rosidl_typesupport_introspection_c__visibility_control.h
[1.589s] -- Up-to-date symlink: /home/futill/dummy2_hand_eye_calibration_ws/install/include/ros2_aruco_interfaces/ros2_aruco_interfaces/msg/detail/aruco_markers__rosidl_typesupport_introspection_cpp.hpp
[1.589s] -- Up-to-date symlink: /home/futill/dummy2_hand_eye_calibration_ws/install/share/ros2_aruco_interfaces/environment/pythonpath.sh
[1.589s] -- Up-to-date symlink: /home/futill/dummy2_hand_eye_calibration_ws/install/share/ros2_aruco_interfaces/environment/pythonpath.dsv
[1.590s] -- Up-to-date symlink: /home/futill/dummy2_hand_eye_calibration_ws/install/local/lib/python3.10/dist-packages/ros2_aruco_interfaces-0.1.0-py3.10.egg-info/PKG-INFO
[1.590s] -- Up-to-date symlink: /home/futill/dummy2_hand_eye_calibration_ws/install/local/lib/python3.10/dist-packages/ros2_aruco_interfaces-0.1.0-py3.10.egg-info/SOURCES.txt
[1.590s] -- Up-to-date symlink: /home/futill/dummy2_hand_eye_calibration_ws/install/local/lib/python3.10/dist-packages/ros2_aruco_interfaces-0.1.0-py3.10.egg-info/dependency_links.txt
[1.590s] -- Up-to-date symlink: /home/futill/dummy2_hand_eye_calibration_ws/install/local/lib/python3.10/dist-packages/ros2_aruco_interfaces-0.1.0-py3.10.egg-info/top_level.txt
[1.591s] -- Up-to-date symlink: /home/futill/dummy2_hand_eye_calibration_ws/install/local/lib/python3.10/dist-packages/ros2_aruco_interfaces/__init__.py
[1.591s] -- Up-to-date symlink: /home/futill/dummy2_hand_eye_calibration_ws/install/local/lib/python3.10/dist-packages/ros2_aruco_interfaces/_ros2_aruco_interfaces_s.ep.rosidl_typesupport_c.c
[1.591s] -- Up-to-date symlink: /home/futill/dummy2_hand_eye_calibration_ws/install/local/lib/python3.10/dist-packages/ros2_aruco_interfaces/_ros2_aruco_interfaces_s.ep.rosidl_typesupport_fastrtps_c.c
[1.591s] -- Up-to-date symlink: /home/futill/dummy2_hand_eye_calibration_ws/install/local/lib/python3.10/dist-packages/ros2_aruco_interfaces/_ros2_aruco_interfaces_s.ep.rosidl_typesupport_introspection_c.c
[1.591s] -- Up-to-date symlink: /home/futill/dummy2_hand_eye_calibration_ws/install/local/lib/python3.10/dist-packages/ros2_aruco_interfaces/libros2_aruco_interfaces__rosidl_generator_py.so
[1.592s] -- Up-to-date symlink: /home/futill/dummy2_hand_eye_calibration_ws/install/local/lib/python3.10/dist-packages/ros2_aruco_interfaces/msg/__init__.py
[1.592s] -- Up-to-date symlink: /home/futill/dummy2_hand_eye_calibration_ws/install/local/lib/python3.10/dist-packages/ros2_aruco_interfaces/msg/_aruco_markers.py
[1.592s] -- Up-to-date symlink: /home/futill/dummy2_hand_eye_calibration_ws/install/local/lib/python3.10/dist-packages/ros2_aruco_interfaces/msg/_aruco_markers_s.c
[1.592s] -- Up-to-date symlink: /home/futill/dummy2_hand_eye_calibration_ws/install/local/lib/python3.10/dist-packages/ros2_aruco_interfaces/ros2_aruco_interfaces_s__rosidl_typesupport_c.cpython-310-x86_64-linux-gnu.so
[1.592s] -- Up-to-date symlink: /home/futill/dummy2_hand_eye_calibration_ws/install/local/lib/python3.10/dist-packages/ros2_aruco_interfaces/ros2_aruco_interfaces_s__rosidl_typesupport_fastrtps_c.cpython-310-x86_64-linux-gnu.so
[1.592s] -- Up-to-date symlink: /home/futill/dummy2_hand_eye_calibration_ws/install/local/lib/python3.10/dist-packages/ros2_aruco_interfaces/ros2_aruco_interfaces_s__rosidl_typesupport_introspection_c.cpython-310-x86_64-linux-gnu.so
[1.592s] -- Up-to-date symlink: /home/futill/dummy2_hand_eye_calibration_ws/install/local/lib/python3.10/dist-packages/ros2_aruco_interfaces/ros2_aruco_interfaces_s__rosidl_typesupport_fastrtps_c.cpython-310-x86_64-linux-gnu.so
[1.593s] -- Up-to-date symlink: /home/futill/dummy2_hand_eye_calibration_ws/install/local/lib/python3.10/dist-packages/ros2_aruco_interfaces/ros2_aruco_interfaces_s__rosidl_typesupport_introspection_c.cpython-310-x86_64-linux-gnu.so
[1.593s] -- Up-to-date symlink: /home/futill/dummy2_hand_eye_calibration_ws/install/local/lib/python3.10/dist-packages/ros2_aruco_interfaces/ros2_aruco_interfaces_s__rosidl_typesupport_c.cpython-310-x86_64-linux-gnu.so
[1.593s] -- Up-to-date symlink: /home/futill/dummy2_hand_eye_calibration_ws/install/share/ros2_aruco_interfaces/msg/ArucoMarkers.idl
[1.593s] -- Up-to-date symlink: /home/futill/dummy2_hand_eye_calibration_ws/install/share/ros2_aruco_interfaces/msg/ArucoMarkers.msg
[1.594s] -- Up-to-date symlink: /home/futill/dummy2_hand_eye_calibration_ws/install/share/ament_index/resource_index/package_run_dependencies/ros2_aruco_interfaces
[1.594s] -- Up-to-date symlink: /home/futill/dummy2_hand_eye_calibration_ws/install/share/ament_index/resource_index/parent_prefix_path/ros2_aruco_interfaces
[1.594s] -- Up-to-date symlink: /home/futill/dummy2_hand_eye_calibration_ws/install/share/ros2_aruco_interfaces/environment/ament_prefix_path.sh
[1.594s] -- Up-to-date symlink: /home/futill/dummy2_hand_eye_calibration_ws/install/share/ros2_aruco_interfaces/environment/ament_prefix_path.dsv
[1.594s] -- Up-to-date symlink: /home/futill/dummy2_hand_eye_calibration_ws/install/share/ros2_aruco_interfaces/environment/path.sh
[1.594s] -- Up-to-date symlink: /home/futill/dummy2_hand_eye_calibration_ws/install/share/ros2_aruco_interfaces/environment/path.dsv
[1.595s] -- Up-to-date symlink: /home/futill/dummy2_hand_eye_calibration_ws/install/share/ros2_aruco_interfaces/local_setup.bash
[1.595s] -- Up-to-date symlink: /home/futill/dummy2_hand_eye_calibration_ws/install/share/ros2_aruco_interfaces/local_setup.sh
[1.595s] -- Up-to-date symlink: /home/futill/dummy2_hand_eye_calibration_ws/install/share/ros2_aruco_interfaces/local_setup.zsh
[1.595s] -- Up-to-date symlink: /home/futill/dummy2_hand_eye_calibration_ws/install/share/ros2_aruco_interfaces/local_setup.dsv
[1.595s] -- Symlinking: /home/futill/dummy2_hand_eye_calibration_ws/install/share/ros2_aruco_interfaces/package.dsv
[1.607s] -- Up-to-date symlink: /home/futill/dummy2_hand_eye_calibration_ws/install/share/ament_index/resource_index/packages/ros2_aruco_interfaces
[1.608s] -- Up-to-date symlink: /home/futill/dummy2_hand_eye_calibration_ws/install/share/ros2_aruco_interfaces/cmake/rosidl_cmake-extras.cmake
[1.608s] -- Up-to-date symlink: /home/futill/dummy2_hand_eye_calibration_ws/install/share/ros2_aruco_interfaces/cmake/ament_cmake_export_dependencies-extras.cmake
[1.608s] -- Up-to-date symlink: /home/futill/dummy2_hand_eye_calibration_ws/install/share/ros2_aruco_interfaces/cmake/ament_cmake_export_include_directories-extras.cmake
[1.609s] -- Up-to-date symlink: /home/futill/dummy2_hand_eye_calibration_ws/install/share/ros2_aruco_interfaces/cmake/ament_cmake_export_libraries-extras.cmake
[1.609s] -- Up-to-date symlink: /home/futill/dummy2_hand_eye_calibration_ws/install/share/ros2_aruco_interfaces/cmake/ament_cmake_export_targets-extras.cmake
[1.609s] -- Up-to-date symlink: /home/futill/dummy2_hand_eye_calibration_ws/install/share/ros2_aruco_interfaces/cmake/rosidl_cmake_export_typesupport_targets-extras.cmake
[1.609s] -- Up-to-date symlink: /home/futill/dummy2_hand_eye_calibration_ws/install/share/ros2_aruco_interfaces/cmake/rosidl_cmake_export_typesupport_libraries-extras.cmake
[1.610s] -- Up-to-date symlink: /home/futill/dummy2_hand_eye_calibration_ws/install/share/ros2_aruco_interfaces/cmake/ros2_aruco_interfacesConfig.cmake
[1.610s] -- Up-to-date symlink: /home/futill/dummy2_hand_eye_calibration_ws/install/share/ros2_aruco_interfaces/cmake/ros2_aruco_interfacesConfig-version.cmake
[1.610s] -- Up-to-date symlink: /home/futill/dummy2_hand_eye_calibration_ws/install/share/ros2_aruco_interfaces/package.xml
[1.610s] -- Up-to-date: /home/futill/dummy2_hand_eye_calibration_ws/install/lib/libros2_aruco_interfaces__rosidl_generator_c.so
[1.610s] -- Up-to-date: /home/futill/dummy2_hand_eye_calibration_ws/install/lib/libros2_aruco_interfaces__rosidl_typesupport_fastrtps_c.so
[1.610s] -- Up-to-date: /home/futill/dummy2_hand_eye_calibration_ws/install/lib/libros2_aruco_interfaces__rosidl_typesupport_fastrtps_cpp.so
[1.611s] -- Up-to-date: /home/futill/dummy2_hand_eye_calibration_ws/install/lib/libros2_aruco_interfaces__rosidl_typesupport_introspection_c.so
[1.611s] -- Up-to-date: /home/futill/dummy2_hand_eye_calibration_ws/install/lib/libros2_aruco_interfaces__rosidl_typesupport_c.so
[1.612s] -- Up-to-date: /home/futill/dummy2_hand_eye_calibration_ws/install/lib/libros2_aruco_interfaces__rosidl_typesupport_introspection_cpp.so
[1.612s] -- Up-to-date: /home/futill/dummy2_hand_eye_calibration_ws/install/lib/libros2_aruco_interfaces__rosidl_typesupport_cpp.so
[1.645s] Listing '/home/futill/dummy2_hand_eye_calibration_ws/install/local/lib/python3.10/dist-packages/ros2_aruco_interfaces'...
[1.645s] Listing '/home/futill/dummy2_hand_eye_calibration_ws/install/local/lib/python3.10/dist-packages/ros2_aruco_interfaces/msg'...
[1.650s] -- Up-to-date: /home/futill/dummy2_hand_eye_calibration_ws/install/lib/libros2_aruco_interfaces__rosidl_generator_py.so
[1.650s] -- Up-to-date: /home/futill/dummy2_hand_eye_calibration_ws/install/share/ros2_aruco_interfaces/cmake/export_ros2_aruco_interfaces__rosidl_generator_cExport.cmake
[1.650s] -- Up-to-date: /home/futill/dummy2_hand_eye_calibration_ws/install/share/ros2_aruco_interfaces/cmake/export_ros2_aruco_interfaces__rosidl_generator_cExport-release.cmake
[1.651s] -- Up-to-date: /home/futill/dummy2_hand_eye_calibration_ws/install/share/ros2_aruco_interfaces/cmake/export_ros2_aruco_interfaces__rosidl_typesupport_fastrtps_cExport.cmake
[1.651s] -- Up-to-date: /home/futill/dummy2_hand_eye_calibration_ws/install/share/ros2_aruco_interfaces/cmake/export_ros2_aruco_interfaces__rosidl_typesupport_fastrtps_cExport-release.cmake
[1.651s] -- Up-to-date: /home/futill/dummy2_hand_eye_calibration_ws/install/share/ros2_aruco_interfaces/cmake/export_ros2_aruco_interfaces__rosidl_generator_cppExport.cmake
[1.651s] -- Up-to-date: /home/futill/dummy2_hand_eye_calibration_ws/install/share/ros2_aruco_interfaces/cmake/export_ros2_aruco_interfaces__rosidl_typesupport_fastrtps_cppExport.cmake
[1.651s] -- Up-to-date: /home/futill/dummy2_hand_eye_calibration_ws/install/share/ros2_aruco_interfaces/cmake/export_ros2_aruco_interfaces__rosidl_typesupport_fastrtps_cppExport-release.cmake
[1.651s] -- Up-to-date: /home/futill/dummy2_hand_eye_calibration_ws/install/share/ros2_aruco_interfaces/cmake/ros2_aruco_interfaces__rosidl_typesupport_introspection_cExport.cmake
[1.651s] -- Up-to-date: /home/futill/dummy2_hand_eye_calibration_ws/install/share/ros2_aruco_interfaces/cmake/ros2_aruco_interfaces__rosidl_typesupport_introspection_cExport-release.cmake
[1.651s] -- Up-to-date: /home/futill/dummy2_hand_eye_calibration_ws/install/share/ros2_aruco_interfaces/cmake/ros2_aruco_interfaces__rosidl_typesupport_cExport.cmake
[1.652s] -- Up-to-date: /home/futill/dummy2_hand_eye_calibration_ws/install/share/ros2_aruco_interfaces/cmake/ros2_aruco_interfaces__rosidl_typesupport_cExport-release.cmake
[1.652s] -- Up-to-date: /home/futill/dummy2_hand_eye_calibration_ws/install/share/ros2_aruco_interfaces/cmake/ros2_aruco_interfaces__rosidl_typesupport_introspection_cppExport.cmake
[1.652s] -- Up-to-date: /home/futill/dummy2_hand_eye_calibration_ws/install/share/ros2_aruco_interfaces/cmake/ros2_aruco_interfaces__rosidl_typesupport_introspection_cppExport-release.cmake
[1.652s] -- Up-to-date: /home/futill/dummy2_hand_eye_calibration_ws/install/share/ros2_aruco_interfaces/cmake/ros2_aruco_interfaces__rosidl_typesupport_cppExport.cmake
[1.652s] -- Up-to-date: /home/futill/dummy2_hand_eye_calibration_ws/install/share/ros2_aruco_interfaces/cmake/ros2_aruco_interfaces__rosidl_typesupport_cppExport-release.cmake
[1.652s] -- Up-to-date: /home/futill/dummy2_hand_eye_calibration_ws/install/share/ros2_aruco_interfaces/cmake/export_ros2_aruco_interfaces__rosidl_generator_pyExport.cmake
[1.652s] -- Up-to-date: /home/futill/dummy2_hand_eye_calibration_ws/install/share/ros2_aruco_interfaces/cmake/export_ros2_aruco_interfaces__rosidl_generator_pyExport-release.cmake
[2.155s] Invoked command in '/home/futill/dummy2_hand_eye_calibration_ws/build/ros2_aruco_interfaces' returned '0': CMAKE_PREFIX_PATH=${CMAKE_PREFIX_PATH}:/home/futill/targer_ws/install/my_robot_pkg:/opt/ros/humble /usr/bin/cmake --install /home/futill/dummy2_hand_eye_calibration_ws/build/ros2_aruco_interfaces
