[0.454s] Invoking command in '/home/futill/dummy_ros/build/dummy_moveit': CMAKE_PREFIX_PATH=/opt/ros/humble /usr/bin/cmake /home/futill/dummy_ros/src/dummy_moveit -DCMAKE_BUILD_TYPE=Release -DAMENT_CMAKE_SYMLINK_INSTALL=1 -DCMAKE_INSTALL_PREFIX=/home/futill/dummy_ros/install
[0.712s] -- The C compiler identification is GNU 11.4.0
[0.713s] -- The CXX compiler identification is GNU 11.4.0
[0.713s] -- Detecting C compiler ABI info
[0.713s] -- Detecting C compiler ABI info - done
[0.714s] -- Check for working C compiler: /usr/bin/cc - skipped
[0.714s] -- Detecting C compile features
[0.714s] -- Detecting C compile features - done
[0.714s] -- Detecting CXX compiler ABI info
[0.714s] -- Detecting CXX compiler ABI info - done
[0.715s] -- Check for working CXX compiler: /usr/bin/c++ - skipped
[0.715s] -- Detecting CXX compile features
[0.715s] -- Detecting CXX compile features - done
[0.716s] -- Found ament_cmake: 1.3.11 (/opt/ros/humble/share/ament_cmake/cmake)
[0.874s] -- Found Python3: /usr/bin/python3 (found version "3.10.12") found components: Interpreter 
[0.942s] -- Override CMake install command with custom implementation using symlinks instead of copying resources
[1.044s] -- Configuring done
[1.048s] -- Generating done
[1.050s] -- Build files have been written to: /home/futill/dummy_ros/build/dummy_moveit
[1.140s] Invoked command in '/home/futill/dummy_ros/build/dummy_moveit' returned '0': CMAKE_PREFIX_PATH=/opt/ros/humble /usr/bin/cmake /home/futill/dummy_ros/src/dummy_moveit -DCMAKE_BUILD_TYPE=Release -DAMENT_CMAKE_SYMLINK_INSTALL=1 -DCMAKE_INSTALL_PREFIX=/home/futill/dummy_ros/install
[1.140s] Invoking command in '/home/futill/dummy_ros/build/dummy_moveit': CMAKE_PREFIX_PATH=/opt/ros/humble /usr/bin/cmake --build /home/futill/dummy_ros/build/dummy_moveit -- -j16 -l16
[1.184s] Invoked command in '/home/futill/dummy_ros/build/dummy_moveit' returned '0': CMAKE_PREFIX_PATH=/opt/ros/humble /usr/bin/cmake --build /home/futill/dummy_ros/build/dummy_moveit -- -j16 -l16
[1.186s] Invoking command in '/home/futill/dummy_ros/build/dummy_moveit': CMAKE_PREFIX_PATH=/opt/ros/humble /usr/bin/cmake --install /home/futill/dummy_ros/build/dummy_moveit
[1.195s] -- Install configuration: "Release"
[1.195s] -- Execute custom install script
[1.195s] -- Symlinking: /home/futill/dummy_ros/install/share/ament_index/resource_index/package_run_dependencies/dummy_moveit
[1.205s] -- Symlinking: /home/futill/dummy_ros/install/share/ament_index/resource_index/parent_prefix_path/dummy_moveit
[1.216s] -- Symlinking: /home/futill/dummy_ros/install/share/dummy_moveit/environment/ament_prefix_path.sh
[1.225s] -- Symlinking: /home/futill/dummy_ros/install/share/dummy_moveit/environment/ament_prefix_path.dsv
[1.235s] -- Symlinking: /home/futill/dummy_ros/install/share/dummy_moveit/environment/path.sh
[1.244s] -- Symlinking: /home/futill/dummy_ros/install/share/dummy_moveit/environment/path.dsv
[1.254s] -- Symlinking: /home/futill/dummy_ros/install/share/dummy_moveit/local_setup.bash
[1.262s] -- Symlinking: /home/futill/dummy_ros/install/share/dummy_moveit/local_setup.sh
[1.271s] -- Symlinking: /home/futill/dummy_ros/install/share/dummy_moveit/local_setup.zsh
[1.282s] -- Symlinking: /home/futill/dummy_ros/install/share/dummy_moveit/local_setup.dsv
[1.293s] -- Symlinking: /home/futill/dummy_ros/install/share/dummy_moveit/package.dsv
[1.304s] -- Symlinking: /home/futill/dummy_ros/install/share/ament_index/resource_index/packages/dummy_moveit
[1.316s] -- Symlinking: /home/futill/dummy_ros/install/share/dummy_moveit/cmake/dummy_moveitConfig.cmake
[1.326s] -- Symlinking: /home/futill/dummy_ros/install/share/dummy_moveit/cmake/dummy_moveitConfig-version.cmake
[1.336s] -- Symlinking: /home/futill/dummy_ros/install/share/dummy_moveit/package.xml
[1.348s] -- Symlinking: /home/futill/dummy_ros/install/share/dummy_moveit/launch/demo.launch.py
[1.360s] -- Symlinking: /home/futill/dummy_ros/install/share/dummy_moveit/launch/move_group.launch.py
[1.370s] -- Symlinking: /home/futill/dummy_ros/install/share/dummy_moveit/launch/moveit_rviz.launch.py
[1.382s] -- Symlinking: /home/futill/dummy_ros/install/share/dummy_moveit/launch/rsp.launch.py
[1.394s] -- Symlinking: /home/futill/dummy_ros/install/share/dummy_moveit/launch/setup_assistant.launch.py
[1.403s] -- Symlinking: /home/futill/dummy_ros/install/share/dummy_moveit/launch/spawn_controllers.launch.py
[1.413s] -- Symlinking: /home/futill/dummy_ros/install/share/dummy_moveit/launch/static_virtual_joint_tfs.launch.py
[1.424s] -- Symlinking: /home/futill/dummy_ros/install/share/dummy_moveit/launch/warehouse_db.launch.py
[1.438s] -- Symlinking: /home/futill/dummy_ros/install/share/dummy_moveit/config/dummy2-SLDASM.ros2_control.xacro
[1.448s] -- Symlinking: /home/futill/dummy_ros/install/share/dummy_moveit/config/dummy2-SLDASM.srdf
[1.458s] -- Symlinking: /home/futill/dummy_ros/install/share/dummy_moveit/config/dummy2-SLDASM.urdf.xacro
[1.467s] -- Symlinking: /home/futill/dummy_ros/install/share/dummy_moveit/config/initial_positions.yaml
[1.480s] -- Symlinking: /home/futill/dummy_ros/install/share/dummy_moveit/config/joint_limits.yaml
[1.489s] -- Symlinking: /home/futill/dummy_ros/install/share/dummy_moveit/config/kinematics.yaml
[1.499s] -- Symlinking: /home/futill/dummy_ros/install/share/dummy_moveit/config/moveit.rviz
[1.509s] -- Symlinking: /home/futill/dummy_ros/install/share/dummy_moveit/config/moveit_controllers.yaml
[1.519s] -- Symlinking: /home/futill/dummy_ros/install/share/dummy_moveit/config/pilz_cartesian_limits.yaml
[1.529s] -- Symlinking: /home/futill/dummy_ros/install/share/dummy_moveit/config/ros2_controllers.yaml
[1.540s] -- Symlinking: /home/futill/dummy_ros/install/share/dummy_moveit/.setup_assistant
[1.553s] Invoked command in '/home/futill/dummy_ros/build/dummy_moveit' returned '0': CMAKE_PREFIX_PATH=/opt/ros/humble /usr/bin/cmake --install /home/futill/dummy_ros/build/dummy_moveit
