[1.276s] Invoking command in '/home/futill/dummy2_hand_eye_calibration_ws/build/ros2_aruco': PYTHONPATH=/home/futill/dummy2_hand_eye_calibration_ws/build/ros2_aruco/prefix_override:/usr/lib/python3/dist-packages/colcon_core/task/python/colcon_distutils_commands:/home/futill/dummy2_hand_eye_calibration_ws/install/lib/python3.10/site-packages:${PYTHONPATH} /usr/bin/python3 -W ignore:setup.py install is deprecated -W ignore:easy_install command is deprecated setup.py develop --editable --build-directory /home/futill/dummy2_hand_eye_calibration_ws/build/ros2_aruco/build --no-deps symlink_data
[1.682s] running develop
[1.822s] running egg_info
[1.822s] creating ros2_aruco.egg-info
[1.822s] writing ros2_aruco.egg-info/PKG-INFO
[1.822s] writing dependency_links to ros2_aruco.egg-info/dependency_links.txt
[1.822s] writing entry points to ros2_aruco.egg-info/entry_points.txt
[1.822s] writing requirements to ros2_aruco.egg-info/requires.txt
[1.823s] writing top-level names to ros2_aruco.egg-info/top_level.txt
[1.823s] writing manifest file 'ros2_aruco.egg-info/SOURCES.txt'
[1.825s] reading manifest file 'ros2_aruco.egg-info/SOURCES.txt'
[1.826s] writing manifest file 'ros2_aruco.egg-info/SOURCES.txt'
[1.885s] running build_ext
[1.885s] Creating /home/futill/dummy2_hand_eye_calibration_ws/install/lib/python3.10/site-packages/ros2-aruco.egg-link (link to .)
[1.885s] Installing aruco_generate_marker script to /home/futill/dummy2_hand_eye_calibration_ws/install/lib/ros2_aruco
[1.885s] Installing aruco_node script to /home/futill/dummy2_hand_eye_calibration_ws/install/lib/ros2_aruco
[1.886s] 
[1.886s] Installed /home/futill/dummy2_hand_eye_calibration_ws/build/ros2_aruco
[1.886s] running symlink_data
[1.886s] symbolically linking /home/futill/dummy2_hand_eye_calibration_ws/build/ros2_aruco/resource/ros2_aruco -> /home/futill/dummy2_hand_eye_calibration_ws/install/share/ament_index/resource_index/packages
[1.889s] symbolically linking /home/futill/dummy2_hand_eye_calibration_ws/build/ros2_aruco/package.xml -> /home/futill/dummy2_hand_eye_calibration_ws/install/share/ros2_aruco
[1.889s] creating /home/futill/dummy2_hand_eye_calibration_ws/install/share/ros2_aruco/launch
[1.890s] symbolically linking /home/futill/dummy2_hand_eye_calibration_ws/build/ros2_aruco/launch/aruco_recognition.launch.py -> /home/futill/dummy2_hand_eye_calibration_ws/install/share/ros2_aruco/launch
[1.890s] creating /home/futill/dummy2_hand_eye_calibration_ws/install/share/ros2_aruco/config
[1.890s] symbolically linking /home/futill/dummy2_hand_eye_calibration_ws/build/ros2_aruco/config/aruco_parameters.yaml -> /home/futill/dummy2_hand_eye_calibration_ws/install/share/ros2_aruco/config
[1.965s] Invoked command in '/home/futill/dummy2_hand_eye_calibration_ws/build/ros2_aruco' returned '0': PYTHONPATH=/home/futill/dummy2_hand_eye_calibration_ws/build/ros2_aruco/prefix_override:/usr/lib/python3/dist-packages/colcon_core/task/python/colcon_distutils_commands:/home/futill/dummy2_hand_eye_calibration_ws/install/lib/python3.10/site-packages:${PYTHONPATH} /usr/bin/python3 -W ignore:setup.py install is deprecated -W ignore:easy_install command is deprecated setup.py develop --editable --build-directory /home/futill/dummy2_hand_eye_calibration_ws/build/ros2_aruco/build --no-deps symlink_data
