[0.010s] Invoking command in '/home/futill/dummy2_hand_eye_calibration_ws/build/orbbec_camera': AMENT_PREFIX_PATH=/home/futill/dummy2_hand_eye_calibration_ws/install:${AMENT_PREFIX_PATH} CMAKE_PREFIX_PATH=/home/futill/dummy2_hand_eye_calibration_ws/install:/opt/ros/humble LD_LIBRARY_PATH=/home/futill/dummy2_hand_eye_calibration_ws/install/lib:${LD_LIBRARY_PATH} PYTHONPATH=/home/futill/dummy2_hand_eye_calibration_ws/install/local/lib/python3.10/dist-packages:/home/futill/dummy2_hand_eye_calibration_ws/install/lib/python3.10/site-packages:${PYTHONPATH} /usr/bin/cmake /home/futill/dummy2_hand_eye_calibration_ws/src/OrbbecSDK_ROS2/orbbec_camera -DCMAKE_BUILD_TYPE=Release -DAMENT_CMAKE_SYMLINK_INSTALL=1 -DCMAKE_INSTALL_PREFIX=/home/futill/dummy2_hand_eye_calibration_ws/install
[0.066s] -- The C compiler identification is GNU 11.4.0
[0.119s] -- The CXX compiler identification is GNU 11.4.0
[0.127s] -- Detecting C compiler ABI info
[0.197s] -- Detecting C compiler ABI info - done
[0.204s] -- Check for working C compiler: /usr/bin/cc - skipped
[0.204s] -- Detecting C compile features
[0.204s] -- Detecting C compile features - done
[0.208s] -- Detecting CXX compiler ABI info
[0.293s] -- Detecting CXX compiler ABI info - done
[0.301s] -- Check for working CXX compiler: /usr/bin/c++ - skipped
[0.301s] -- Detecting CXX compile features
[0.301s] -- Detecting CXX compile features - done
[0.302s] -- Found ament_cmake: 1.3.11 (/opt/ros/humble/share/ament_cmake/cmake)
[0.445s] -- Found Python3: /usr/bin/python3 (found version "3.10.12") found components: Interpreter 
[0.503s] -- Override CMake install command with custom implementation using symlinks instead of copying resources
[0.531s] -- Found ament_index_cpp: 1.4.0 (/opt/ros/humble/share/ament_index_cpp/cmake)
[0.543s] -- Found builtin_interfaces: 1.2.1 (/opt/ros/humble/share/builtin_interfaces/cmake)
[0.576s] -- Found rosidl_generator_c: 3.1.6 (/opt/ros/humble/share/rosidl_generator_c/cmake)
[0.581s] -- Found rosidl_adapter: 3.1.6 (/opt/ros/humble/share/rosidl_adapter/cmake)
[0.589s] -- Found rosidl_generator_cpp: 3.1.6 (/opt/ros/humble/share/rosidl_generator_cpp/cmake)
[0.601s] -- Using all available rosidl_typesupport_c: rosidl_typesupport_fastrtps_c;rosidl_typesupport_introspection_c
[0.615s] -- Using all available rosidl_typesupport_cpp: rosidl_typesupport_fastrtps_cpp;rosidl_typesupport_introspection_cpp
[0.632s] -- Found cv_bridge: 3.2.1 (/opt/ros/humble/share/cv_bridge/cmake)
[0.692s] -- Found camera_info_manager: 3.1.11 (/opt/ros/humble/share/camera_info_manager/cmake)
[0.735s] -- Found rmw_implementation_cmake: 6.1.2 (/opt/ros/humble/share/rmw_implementation_cmake/cmake)
[0.737s] -- Found rmw_fastrtps_cpp: 6.2.7 (/opt/ros/humble/share/rmw_fastrtps_cpp/cmake)
[0.828s] -- Found OpenSSL: /usr/lib/x86_64-linux-gnu/libcrypto.so (found version "3.0.2")  
[0.853s] -- Found FastRTPS: /opt/ros/humble/include  
[0.893s] -- Using RMW implementation 'rmw_fastrtps_cpp' as default
[0.903s] -- Looking for pthread.h
[0.979s] -- Looking for pthread.h - found
[0.979s] -- Performing Test CMAKE_HAVE_LIBC_PTHREAD
[1.051s] -- Performing Test CMAKE_HAVE_LIBC_PTHREAD - Success
[1.052s] -- Found Threads: TRUE  
[1.111s] -- Found image_transport: 3.1.11 (/opt/ros/humble/share/image_transport/cmake)
[1.151s] -- Found image_publisher: 3.0.7 (/opt/ros/humble/share/image_publisher/cmake)
[1.187s] -- Found OpenCV: /usr (found version "4.5.4") 
[1.187s] -- Found orbbec_camera_msgs: 1.2.2 (/home/futill/dummy2_hand_eye_calibration_ws/install/share/orbbec_camera_msgs/cmake)
[1.205s] -- Found std_srvs: 4.8.0 (/opt/ros/humble/share/std_srvs/cmake)
[1.225s] -- Found tf2: 0.25.12 (/opt/ros/humble/share/tf2/cmake)
[1.234s] -- Found tf2_eigen: 0.25.12 (/opt/ros/humble/share/tf2_eigen/cmake)
[1.308s] -- Found tf2_sensor_msgs: 0.25.12 (/opt/ros/humble/share/tf2_sensor_msgs/cmake)
[1.318s] -- Found diagnostic_updater: 4.0.3 (/opt/ros/humble/share/diagnostic_updater/cmake)
[1.353s] -- Found PkgConfig: /usr/bin/pkg-config (found version "0.29.2") 
[1.359s] -- ORRBEC Machine : x86_64
[1.359s] 
[1.360s] -- ORRBEC Machine Bits : 64
[1.360s] 
[1.428s] -- Found ament_lint_auto: 0.12.12 (/opt/ros/humble/share/ament_lint_auto/cmake)
[1.498s] -- Configuring done
[1.641s] -- Generating done
[1.665s] -- Build files have been written to: /home/futill/dummy2_hand_eye_calibration_ws/build/orbbec_camera
[1.678s] Invoked command in '/home/futill/dummy2_hand_eye_calibration_ws/build/orbbec_camera' returned '0': AMENT_PREFIX_PATH=/home/futill/dummy2_hand_eye_calibration_ws/install:${AMENT_PREFIX_PATH} CMAKE_PREFIX_PATH=/home/futill/dummy2_hand_eye_calibration_ws/install:/opt/ros/humble LD_LIBRARY_PATH=/home/futill/dummy2_hand_eye_calibration_ws/install/lib:${LD_LIBRARY_PATH} PYTHONPATH=/home/futill/dummy2_hand_eye_calibration_ws/install/local/lib/python3.10/dist-packages:/home/futill/dummy2_hand_eye_calibration_ws/install/lib/python3.10/site-packages:${PYTHONPATH} /usr/bin/cmake /home/futill/dummy2_hand_eye_calibration_ws/src/OrbbecSDK_ROS2/orbbec_camera -DCMAKE_BUILD_TYPE=Release -DAMENT_CMAKE_SYMLINK_INSTALL=1 -DCMAKE_INSTALL_PREFIX=/home/futill/dummy2_hand_eye_calibration_ws/install
[1.680s] Invoking command in '/home/futill/dummy2_hand_eye_calibration_ws/build/orbbec_camera': AMENT_PREFIX_PATH=/home/futill/dummy2_hand_eye_calibration_ws/install:${AMENT_PREFIX_PATH} CMAKE_PREFIX_PATH=/home/futill/dummy2_hand_eye_calibration_ws/install:/opt/ros/humble LD_LIBRARY_PATH=/home/futill/dummy2_hand_eye_calibration_ws/install/lib:${LD_LIBRARY_PATH} PYTHONPATH=/home/futill/dummy2_hand_eye_calibration_ws/install/local/lib/python3.10/dist-packages:/home/futill/dummy2_hand_eye_calibration_ws/install/lib/python3.10/site-packages:${PYTHONPATH} /usr/bin/cmake --build /home/futill/dummy2_hand_eye_calibration_ws/build/orbbec_camera -- -j8 -l8
[1.735s] [ 20%] [32mBuilding CXX object CMakeFiles/orbbec_camera.dir/src/image_publisher.cpp.o[0m
[1.735s] [ 12%] [32mBuilding CXX object CMakeFiles/frame_latency.dir/tools/frame_latency.cpp.o[0m
[1.735s] [ 20%] [32mBuilding CXX object CMakeFiles/orbbec_camera_node.dir/rclcpp_components/node_main_orbbec_camera_node.cpp.o[0m
[1.735s] [ 20%] [32mBuilding CXX object CMakeFiles/frame_latency_node.dir/rclcpp_components/node_main_frame_latency_node.cpp.o[0m
[1.736s] [ 20%] [32mBuilding CXX object CMakeFiles/orbbec_camera.dir/src/dynamic_params.cpp.o[0m
[1.736s] [ 24%] [32mBuilding CXX object CMakeFiles/orbbec_camera.dir/src/ob_camera_node.cpp.o[0m
[1.736s] [ 28%] [32mBuilding CXX object CMakeFiles/orbbec_camera.dir/src/d2c_viewer.cpp.o[0m
[1.740s] [ 32%] [32mBuilding CXX object CMakeFiles/orbbec_camera.dir/src/ob_camera_node_driver.cpp.o[0m
[6.780s] [ 36%] [32m[1mLinking CXX executable orbbec_camera_node[0m
[7.146s] [ 36%] Built target orbbec_camera_node
[7.178s] [ 40%] [32mBuilding CXX object CMakeFiles/orbbec_camera.dir/src/ros_param_backend.cpp.o[0m
[7.429s] [ 44%] [32m[1mLinking CXX executable frame_latency_node[0m
[7.616s] [ 44%] Built target frame_latency_node
[7.638s] [ 48%] [32mBuilding CXX object CMakeFiles/orbbec_camera.dir/src/ros_service.cpp.o[0m
[8.161s] [ 52%] [32mBuilding CXX object CMakeFiles/orbbec_camera.dir/src/synced_imu_publisher.cpp.o[0m
[9.504s] [ 56%] [32mBuilding CXX object CMakeFiles/orbbec_camera.dir/src/utils.cpp.o[0m
[12.903s] [ 60%] [32mBuilding CXX object CMakeFiles/orbbec_camera.dir/src/jpeg_decoder.cpp.o[0m
[57.884s] [ 64%] [32m[1mLinking CXX shared library liborbbec_camera.so[0m
[58.481s] [ 64%] Built target orbbec_camera
[58.515s] [ 80%] [32mBuilding CXX object CMakeFiles/list_devices_node.dir/tools/list_devices_node.cpp.o[0m
[58.515s] [ 80%] [32mBuilding CXX object CMakeFiles/topic_statistics_node.dir/tools/topic_statistics.cpp.o[0m
[58.516s] [ 80%] [32mBuilding CXX object CMakeFiles/list_depth_work_mode_node.dir/tools/list_depth_work_mode.cpp.o[0m
[58.516s] [ 80%] [32mBuilding CXX object CMakeFiles/list_camera_profile_mode_node.dir/tools/list_camera_profile.cpp.o[0m
[88.677s] [ 84%] [32m[1mLinking CXX shared library libframe_latency.so[0m
[89.823s] [ 84%] Built target frame_latency
[110.715s] [ 88%] [32m[1mLinking CXX executable list_devices_node[0m
[111.621s] [ 88%] Built target list_devices_node
[112.261s] [ 92%] [32m[1mLinking CXX executable list_depth_work_mode_node[0m
[112.570s] [ 92%] Built target list_depth_work_mode_node
[113.240s] [ 96%] [32m[1mLinking CXX executable topic_statistics_node[0m
[113.538s] [ 96%] Built target topic_statistics_node
[116.419s] [100%] [32m[1mLinking CXX executable list_camera_profile_mode_node[0m
[116.909s] [100%] Built target list_camera_profile_mode_node
[117.071s] Invoked command in '/home/futill/dummy2_hand_eye_calibration_ws/build/orbbec_camera' returned '0': AMENT_PREFIX_PATH=/home/futill/dummy2_hand_eye_calibration_ws/install:${AMENT_PREFIX_PATH} CMAKE_PREFIX_PATH=/home/futill/dummy2_hand_eye_calibration_ws/install:/opt/ros/humble LD_LIBRARY_PATH=/home/futill/dummy2_hand_eye_calibration_ws/install/lib:${LD_LIBRARY_PATH} PYTHONPATH=/home/futill/dummy2_hand_eye_calibration_ws/install/local/lib/python3.10/dist-packages:/home/futill/dummy2_hand_eye_calibration_ws/install/lib/python3.10/site-packages:${PYTHONPATH} /usr/bin/cmake --build /home/futill/dummy2_hand_eye_calibration_ws/build/orbbec_camera -- -j8 -l8
[117.126s] Invoking command in '/home/futill/dummy2_hand_eye_calibration_ws/build/orbbec_camera': AMENT_PREFIX_PATH=/home/futill/dummy2_hand_eye_calibration_ws/install:${AMENT_PREFIX_PATH} CMAKE_PREFIX_PATH=/home/futill/dummy2_hand_eye_calibration_ws/install:/opt/ros/humble LD_LIBRARY_PATH=/home/futill/dummy2_hand_eye_calibration_ws/install/lib:${LD_LIBRARY_PATH} PYTHONPATH=/home/futill/dummy2_hand_eye_calibration_ws/install/local/lib/python3.10/dist-packages:/home/futill/dummy2_hand_eye_calibration_ws/install/lib/python3.10/site-packages:${PYTHONPATH} /usr/bin/cmake --install /home/futill/dummy2_hand_eye_calibration_ws/build/orbbec_camera
[117.150s] -- Install configuration: "Release"
[117.150s] -- Execute custom install script
[117.151s] -- Symlinking: /home/futill/dummy2_hand_eye_calibration_ws/install/lib/orbbec_camera/orbbec_camera_node
[117.163s] -- Symlinking: /home/futill/dummy2_hand_eye_calibration_ws/install/lib/orbbec_camera/frame_latency_node
[117.174s] -- Symlinking: /home/futill/dummy2_hand_eye_calibration_ws/install/lib/liborbbec_camera.so
[117.184s] -- Symlinking: /home/futill/dummy2_hand_eye_calibration_ws/install/lib/libframe_latency.so
[117.197s] -- Symlinking: /home/futill/dummy2_hand_eye_calibration_ws/install/include/magic_enum/magic_enum.hpp
[117.207s] -- Symlinking: /home/futill/dummy2_hand_eye_calibration_ws/install/include/orbbec_camera/constants.h
[117.218s] -- Symlinking: /home/futill/dummy2_hand_eye_calibration_ws/install/include/orbbec_camera/d2c_viewer.h
[117.229s] -- Symlinking: /home/futill/dummy2_hand_eye_calibration_ws/install/include/orbbec_camera/dynamic_params.h
[117.241s] -- Symlinking: /home/futill/dummy2_hand_eye_calibration_ws/install/include/orbbec_camera/image_publisher.h
[117.252s] -- Symlinking: /home/futill/dummy2_hand_eye_calibration_ws/install/include/orbbec_camera/jetson_nv_decoder.h
[117.263s] -- Symlinking: /home/futill/dummy2_hand_eye_calibration_ws/install/include/orbbec_camera/jpeg_decoder.h
[117.273s] -- Symlinking: /home/futill/dummy2_hand_eye_calibration_ws/install/include/orbbec_camera/ob_camera_node.h
[117.282s] -- Symlinking: /home/futill/dummy2_hand_eye_calibration_ws/install/include/orbbec_camera/ob_camera_node_driver.h
[117.292s] -- Symlinking: /home/futill/dummy2_hand_eye_calibration_ws/install/include/orbbec_camera/rk_mpp_decoder.h
[117.303s] -- Symlinking: /home/futill/dummy2_hand_eye_calibration_ws/install/include/orbbec_camera/ros_param_backend.h
[117.314s] -- Symlinking: /home/futill/dummy2_hand_eye_calibration_ws/install/include/orbbec_camera/synced_imu_publisher.h
[117.326s] -- Symlinking: /home/futill/dummy2_hand_eye_calibration_ws/install/include/orbbec_camera/utils.h
[117.339s] -- Symlinking: /home/futill/dummy2_hand_eye_calibration_ws/install/share/orbbec_camera//launch/astra.launch.py
[117.351s] -- Symlinking: /home/futill/dummy2_hand_eye_calibration_ws/install/share/orbbec_camera//launch/astra2.launch.py
[117.362s] -- Symlinking: /home/futill/dummy2_hand_eye_calibration_ws/install/share/orbbec_camera//launch/astra_adv.launch.py
[117.374s] -- Symlinking: /home/futill/dummy2_hand_eye_calibration_ws/install/share/orbbec_camera//launch/astra_embedded_s.launch.py
[117.385s] -- Symlinking: /home/futill/dummy2_hand_eye_calibration_ws/install/share/orbbec_camera//launch/astra_pro2.launch.py
[117.397s] -- Symlinking: /home/futill/dummy2_hand_eye_calibration_ws/install/share/orbbec_camera//launch/astra_stereo_u3.launch.py
[117.409s] -- Symlinking: /home/futill/dummy2_hand_eye_calibration_ws/install/share/orbbec_camera//launch/dabai.launch.py
[117.420s] -- Symlinking: /home/futill/dummy2_hand_eye_calibration_ws/install/share/orbbec_camera//launch/dabai_d1.launch.py
[117.431s] -- Symlinking: /home/futill/dummy2_hand_eye_calibration_ws/install/share/orbbec_camera//launch/dabai_dcl.py
[117.442s] -- Symlinking: /home/futill/dummy2_hand_eye_calibration_ws/install/share/orbbec_camera//launch/dabai_dcw.launch.py
[117.452s] -- Symlinking: /home/futill/dummy2_hand_eye_calibration_ws/install/share/orbbec_camera//launch/dabai_dcw2.launch.py
[117.462s] -- Symlinking: /home/futill/dummy2_hand_eye_calibration_ws/install/share/orbbec_camera//launch/dabai_dw.launch.py
[117.472s] -- Symlinking: /home/futill/dummy2_hand_eye_calibration_ws/install/share/orbbec_camera//launch/dabai_dw2.launch.py
[117.482s] -- Symlinking: /home/futill/dummy2_hand_eye_calibration_ws/install/share/orbbec_camera//launch/dabai_max.launch.py
[117.492s] -- Symlinking: /home/futill/dummy2_hand_eye_calibration_ws/install/share/orbbec_camera//launch/dabai_max_pro.launch.py
[117.501s] -- Symlinking: /home/futill/dummy2_hand_eye_calibration_ws/install/share/orbbec_camera//launch/dabai_pro.launch.py
[117.511s] -- Symlinking: /home/futill/dummy2_hand_eye_calibration_ws/install/share/orbbec_camera//launch/deeya.launch.py
[117.521s] -- Symlinking: /home/futill/dummy2_hand_eye_calibration_ws/install/share/orbbec_camera//launch/femto.launch.py
[117.531s] -- Symlinking: /home/futill/dummy2_hand_eye_calibration_ws/install/share/orbbec_camera//launch/femto_bolt.launch.py
[117.541s] -- Symlinking: /home/futill/dummy2_hand_eye_calibration_ws/install/share/orbbec_camera//launch/femto_mega.launch.py
[117.551s] -- Symlinking: /home/futill/dummy2_hand_eye_calibration_ws/install/share/orbbec_camera//launch/femto_net_camera.launch.py
[117.561s] -- Symlinking: /home/futill/dummy2_hand_eye_calibration_ws/install/share/orbbec_camera//launch/gemini2.launch.py
[117.571s] -- Symlinking: /home/futill/dummy2_hand_eye_calibration_ws/install/share/orbbec_camera//launch/gemini2L.launch.py
[117.581s] -- Symlinking: /home/futill/dummy2_hand_eye_calibration_ws/install/share/orbbec_camera//launch/gemini2VL.launch.py
[117.591s] -- Symlinking: /home/futill/dummy2_hand_eye_calibration_ws/install/share/orbbec_camera//launch/gemini2XL.launch.py
[117.601s] -- Symlinking: /home/futill/dummy2_hand_eye_calibration_ws/install/share/orbbec_camera//launch/gemini_330_series.launch.py
[117.612s] -- Symlinking: /home/futill/dummy2_hand_eye_calibration_ws/install/share/orbbec_camera//launch/gemini_e.launch.py
[117.622s] -- Symlinking: /home/futill/dummy2_hand_eye_calibration_ws/install/share/orbbec_camera//launch/gemini_e_lite.launch.py
[117.632s] -- Symlinking: /home/futill/dummy2_hand_eye_calibration_ws/install/share/orbbec_camera//launch/gemini_ew.launch.py
[117.642s] -- Symlinking: /home/futill/dummy2_hand_eye_calibration_ws/install/share/orbbec_camera//launch/gemini_ew_lite.launch.py
[117.653s] -- Symlinking: /home/futill/dummy2_hand_eye_calibration_ws/install/share/orbbec_camera//launch/gemini_intra_process_demo_launch.py
[117.663s] -- Symlinking: /home/futill/dummy2_hand_eye_calibration_ws/install/share/orbbec_camera//launch/gemini_uw.launch.py
[117.673s] -- Symlinking: /home/futill/dummy2_hand_eye_calibration_ws/install/share/orbbec_camera//launch/multi_camera.launch.py
[117.683s] -- Symlinking: /home/futill/dummy2_hand_eye_calibration_ws/install/share/orbbec_camera//launch/multi_camera_synced.launch.py
[117.693s] -- Symlinking: /home/futill/dummy2_hand_eye_calibration_ws/install/share/orbbec_camera//launch/multi_net_camera.launch.py
[117.702s] -- Symlinking: /home/futill/dummy2_hand_eye_calibration_ws/install/share/orbbec_camera//launch/ob_camera.launch.py
[117.713s] -- Symlinking: /home/futill/dummy2_hand_eye_calibration_ws/install/share/orbbec_camera//config/.gitkeep
[117.722s] -- Symlinking: /home/futill/dummy2_hand_eye_calibration_ws/install/share/orbbec_camera//config/OrbbecSDKConfig_v1.0.xml
[117.732s] -- Symlinking: /home/futill/dummy2_hand_eye_calibration_ws/install/share/orbbec_camera//config/camera_params.yaml
[117.743s] -- Symlinking: /home/futill/dummy2_hand_eye_calibration_ws/install/share/orbbec_camera//config/depthfilter/Gemini2_v1.8.json
[117.753s] -- Symlinking: /home/futill/dummy2_hand_eye_calibration_ws/install/share/orbbec_camera//config/depthfilter/Openni_device.json
[117.763s] -- Symlinking: /home/futill/dummy2_hand_eye_calibration_ws/install/include/libobsensor/ObSensor.h
[117.773s] -- Symlinking: /home/futill/dummy2_hand_eye_calibration_ws/install/include/libobsensor/ObSensor.hpp
[117.784s] -- Symlinking: /home/futill/dummy2_hand_eye_calibration_ws/install/include/libobsensor/h/Context.h
[117.794s] -- Symlinking: /home/futill/dummy2_hand_eye_calibration_ws/install/include/libobsensor/h/Device.h
[117.804s] -- Symlinking: /home/futill/dummy2_hand_eye_calibration_ws/install/include/libobsensor/h/Error.h
[117.815s] -- Symlinking: /home/futill/dummy2_hand_eye_calibration_ws/install/include/libobsensor/h/Filter.h
[117.826s] -- Symlinking: /home/futill/dummy2_hand_eye_calibration_ws/install/include/libobsensor/h/Frame.h
[117.836s] -- Symlinking: /home/futill/dummy2_hand_eye_calibration_ws/install/include/libobsensor/h/MultipleDevices.h
[117.846s] -- Symlinking: /home/futill/dummy2_hand_eye_calibration_ws/install/include/libobsensor/h/ObTypes.h
[117.856s] -- Symlinking: /home/futill/dummy2_hand_eye_calibration_ws/install/include/libobsensor/h/Pipeline.h
[117.867s] -- Symlinking: /home/futill/dummy2_hand_eye_calibration_ws/install/include/libobsensor/h/Property.h
[117.877s] -- Symlinking: /home/futill/dummy2_hand_eye_calibration_ws/install/include/libobsensor/h/RecordPlayback.h
[117.887s] -- Symlinking: /home/futill/dummy2_hand_eye_calibration_ws/install/include/libobsensor/h/Sensor.h
[117.897s] -- Symlinking: /home/futill/dummy2_hand_eye_calibration_ws/install/include/libobsensor/h/StreamProfile.h
[117.906s] -- Symlinking: /home/futill/dummy2_hand_eye_calibration_ws/install/include/libobsensor/h/Utils.h
[117.915s] -- Symlinking: /home/futill/dummy2_hand_eye_calibration_ws/install/include/libobsensor/h/Version.h
[117.926s] -- Symlinking: /home/futill/dummy2_hand_eye_calibration_ws/install/include/libobsensor/hpp/Context.hpp
[117.936s] -- Symlinking: /home/futill/dummy2_hand_eye_calibration_ws/install/include/libobsensor/hpp/Device.hpp
[117.946s] -- Symlinking: /home/futill/dummy2_hand_eye_calibration_ws/install/include/libobsensor/hpp/Error.hpp
[117.956s] -- Symlinking: /home/futill/dummy2_hand_eye_calibration_ws/install/include/libobsensor/hpp/Filter.hpp
[117.965s] -- Symlinking: /home/futill/dummy2_hand_eye_calibration_ws/install/include/libobsensor/hpp/Frame.hpp
[117.974s] -- Symlinking: /home/futill/dummy2_hand_eye_calibration_ws/install/include/libobsensor/hpp/Pipeline.hpp
[117.984s] -- Symlinking: /home/futill/dummy2_hand_eye_calibration_ws/install/include/libobsensor/hpp/RecordPlayback.hpp
[117.993s] -- Symlinking: /home/futill/dummy2_hand_eye_calibration_ws/install/include/libobsensor/hpp/Sensor.hpp
[118.003s] -- Symlinking: /home/futill/dummy2_hand_eye_calibration_ws/install/include/libobsensor/hpp/StreamProfile.hpp
[118.014s] -- Symlinking: /home/futill/dummy2_hand_eye_calibration_ws/install/include/libobsensor/hpp/Types.hpp
[118.026s] -- Symlinking: /home/futill/dummy2_hand_eye_calibration_ws/install/include/libobsensor/hpp/Utils.hpp
[118.039s] -- Symlinking: /home/futill/dummy2_hand_eye_calibration_ws/install/include/libobsensor/hpp/Version.hpp
[118.052s] -- Symlinking: /home/futill/dummy2_hand_eye_calibration_ws/install/lib/orbbec_camera//list_devices_node
[118.063s] -- Symlinking: /home/futill/dummy2_hand_eye_calibration_ws/install/lib/orbbec_camera//list_depth_work_mode_node
[118.074s] -- Symlinking: /home/futill/dummy2_hand_eye_calibration_ws/install/lib/orbbec_camera//list_camera_profile_mode_node
[118.084s] -- Symlinking: /home/futill/dummy2_hand_eye_calibration_ws/install/lib/orbbec_camera//topic_statistics_node
[118.095s] -- Symlinking: /home/futill/dummy2_hand_eye_calibration_ws/install/share/orbbec_camera/environment/library_path.sh
[118.105s] -- Symlinking: /home/futill/dummy2_hand_eye_calibration_ws/install/share/orbbec_camera/environment/library_path.dsv
[118.115s] -- Symlinking: /home/futill/dummy2_hand_eye_calibration_ws/install/share/ament_index/resource_index/package_run_dependencies/orbbec_camera
[118.125s] -- Symlinking: /home/futill/dummy2_hand_eye_calibration_ws/install/share/ament_index/resource_index/parent_prefix_path/orbbec_camera
[118.138s] -- Symlinking: /home/futill/dummy2_hand_eye_calibration_ws/install/share/orbbec_camera/environment/ament_prefix_path.sh
[118.148s] -- Symlinking: /home/futill/dummy2_hand_eye_calibration_ws/install/share/orbbec_camera/environment/ament_prefix_path.dsv
[118.158s] -- Symlinking: /home/futill/dummy2_hand_eye_calibration_ws/install/share/orbbec_camera/environment/path.sh
[118.169s] -- Symlinking: /home/futill/dummy2_hand_eye_calibration_ws/install/share/orbbec_camera/environment/path.dsv
[118.180s] -- Symlinking: /home/futill/dummy2_hand_eye_calibration_ws/install/share/orbbec_camera/local_setup.bash
[118.190s] -- Symlinking: /home/futill/dummy2_hand_eye_calibration_ws/install/share/orbbec_camera/local_setup.sh
[118.200s] -- Symlinking: /home/futill/dummy2_hand_eye_calibration_ws/install/share/orbbec_camera/local_setup.zsh
[118.210s] -- Symlinking: /home/futill/dummy2_hand_eye_calibration_ws/install/share/orbbec_camera/local_setup.dsv
[118.221s] -- Symlinking: /home/futill/dummy2_hand_eye_calibration_ws/install/share/orbbec_camera/package.dsv
[118.232s] -- Symlinking: /home/futill/dummy2_hand_eye_calibration_ws/install/share/ament_index/resource_index/packages/orbbec_camera
[118.243s] -- Symlinking: /home/futill/dummy2_hand_eye_calibration_ws/install/share/ament_index/resource_index/rclcpp_components/orbbec_camera
[118.253s] -- Symlinking: /home/futill/dummy2_hand_eye_calibration_ws/install/share/orbbec_camera/cmake/ament_cmake_export_include_directories-extras.cmake
[118.264s] -- Symlinking: /home/futill/dummy2_hand_eye_calibration_ws/install/share/orbbec_camera/cmake/ament_cmake_export_libraries-extras.cmake
[118.275s] -- Symlinking: /home/futill/dummy2_hand_eye_calibration_ws/install/share/orbbec_camera/cmake/ament_cmake_export_dependencies-extras.cmake
[118.285s] -- Symlinking: /home/futill/dummy2_hand_eye_calibration_ws/install/share/orbbec_camera/cmake/orbbec_cameraConfig.cmake
[118.295s] -- Symlinking: /home/futill/dummy2_hand_eye_calibration_ws/install/share/orbbec_camera/cmake/orbbec_cameraConfig-version.cmake
[118.306s] -- Symlinking: /home/futill/dummy2_hand_eye_calibration_ws/install/share/orbbec_camera/package.xml
[118.316s] -- Up-to-date: /home/futill/dummy2_hand_eye_calibration_ws/install/lib/
[118.316s] -- Installing: /home/futill/dummy2_hand_eye_calibration_ws/install/lib//libdepthengine.so.2.0
[118.318s] -- Installing: /home/futill/dummy2_hand_eye_calibration_ws/install/lib//libOrbbecSDK.so
[118.318s] -- Installing: /home/futill/dummy2_hand_eye_calibration_ws/install/lib//libdepthengine.so
[118.318s] -- Installing: /home/futill/dummy2_hand_eye_calibration_ws/install/lib//libob_usb.so
[118.319s] -- Installing: /home/futill/dummy2_hand_eye_calibration_ws/install/lib//libOrbbecSDK.so.1.10
[118.319s] -- Installing: /home/futill/dummy2_hand_eye_calibration_ws/install/lib//libOrbbecSDK.so.1.10.22
[118.346s] -- Installing: /home/futill/dummy2_hand_eye_calibration_ws/install/lib//liblive555.so
[118.358s] Invoked command in '/home/futill/dummy2_hand_eye_calibration_ws/build/orbbec_camera' returned '0': AMENT_PREFIX_PATH=/home/futill/dummy2_hand_eye_calibration_ws/install:${AMENT_PREFIX_PATH} CMAKE_PREFIX_PATH=/home/futill/dummy2_hand_eye_calibration_ws/install:/opt/ros/humble LD_LIBRARY_PATH=/home/futill/dummy2_hand_eye_calibration_ws/install/lib:${LD_LIBRARY_PATH} PYTHONPATH=/home/futill/dummy2_hand_eye_calibration_ws/install/local/lib/python3.10/dist-packages:/home/futill/dummy2_hand_eye_calibration_ws/install/lib/python3.10/site-packages:${PYTHONPATH} /usr/bin/cmake --install /home/futill/dummy2_hand_eye_calibration_ws/build/orbbec_camera
