[0.320s] Invoking command in '/home/futill/dummy2_hand_eye_calibration_ws/build/pymoveit2': CMAKE_PREFIX_PATH=${CMAKE_PREFIX_PATH}:/home/futill/targer_ws/install/my_robot_pkg:/opt/ros/humble /usr/bin/cmake --build /home/futill/dummy2_hand_eye_calibration_ws/build/pymoveit2 -- -j8 -l8
[0.669s] Built target ament_cmake_python_symlink_pymoveit2
[0.774s] running egg_info
[0.775s] writing pymoveit2.egg-info/PKG-INFO
[0.775s] writing dependency_links to pymoveit2.egg-info/dependency_links.txt
[0.775s] writing top-level names to pymoveit2.egg-info/top_level.txt
[0.779s] reading manifest file 'pymoveit2.egg-info/SOURCES.txt'
[0.784s] writing manifest file 'pymoveit2.egg-info/SOURCES.txt'
[0.912s] Built target ament_cmake_python_build_pymoveit2_egg
[0.945s] Invoked command in '/home/futill/dummy2_hand_eye_calibration_ws/build/pymoveit2' returned '0': CMAKE_PREFIX_PATH=${CMAKE_PREFIX_PATH}:/home/futill/targer_ws/install/my_robot_pkg:/opt/ros/humble /usr/bin/cmake --build /home/futill/dummy2_hand_eye_calibration_ws/build/pymoveit2 -- -j8 -l8
[0.981s] Invoking command in '/home/futill/dummy2_hand_eye_calibration_ws/build/pymoveit2': CMAKE_PREFIX_PATH=${CMAKE_PREFIX_PATH}:/home/futill/targer_ws/install/my_robot_pkg:/opt/ros/humble /usr/bin/cmake --install /home/futill/dummy2_hand_eye_calibration_ws/build/pymoveit2
[1.065s] -- Install configuration: "Release"
[1.065s] -- Execute custom install script
[1.065s] -- Up-to-date symlink: /home/futill/dummy2_hand_eye_calibration_ws/install/share/pymoveit2/environment/pythonpath.sh
[1.065s] -- Up-to-date symlink: /home/futill/dummy2_hand_eye_calibration_ws/install/share/pymoveit2/environment/pythonpath.dsv
[1.065s] -- Up-to-date symlink: /home/futill/dummy2_hand_eye_calibration_ws/install/local/lib/python3.10/dist-packages/pymoveit2-4.0.0-py3.10.egg-info/PKG-INFO
[1.067s] -- Up-to-date symlink: /home/futill/dummy2_hand_eye_calibration_ws/install/local/lib/python3.10/dist-packages/pymoveit2-4.0.0-py3.10.egg-info/SOURCES.txt
[1.067s] -- Up-to-date symlink: /home/futill/dummy2_hand_eye_calibration_ws/install/local/lib/python3.10/dist-packages/pymoveit2-4.0.0-py3.10.egg-info/dependency_links.txt
[1.068s] -- Up-to-date symlink: /home/futill/dummy2_hand_eye_calibration_ws/install/local/lib/python3.10/dist-packages/pymoveit2-4.0.0-py3.10.egg-info/top_level.txt
[1.068s] -- Up-to-date symlink: /home/futill/dummy2_hand_eye_calibration_ws/install/local/lib/python3.10/dist-packages/pymoveit2/__init__.py
[1.069s] -- Up-to-date symlink: /home/futill/dummy2_hand_eye_calibration_ws/install/local/lib/python3.10/dist-packages/pymoveit2/gripper_command.py
[1.069s] -- Up-to-date symlink: /home/futill/dummy2_hand_eye_calibration_ws/install/local/lib/python3.10/dist-packages/pymoveit2/gripper_interface.py
[1.073s] -- Up-to-date symlink: /home/futill/dummy2_hand_eye_calibration_ws/install/local/lib/python3.10/dist-packages/pymoveit2/moveit2.py
[1.080s] -- Up-to-date symlink: /home/futill/dummy2_hand_eye_calibration_ws/install/local/lib/python3.10/dist-packages/pymoveit2/moveit2_gripper.py
[1.080s] -- Up-to-date symlink: /home/futill/dummy2_hand_eye_calibration_ws/install/local/lib/python3.10/dist-packages/pymoveit2/moveit2_servo.py
[1.081s] -- Up-to-date symlink: /home/futill/dummy2_hand_eye_calibration_ws/install/local/lib/python3.10/dist-packages/pymoveit2/robots/__init__.py
[1.083s] -- Up-to-date symlink: /home/futill/dummy2_hand_eye_calibration_ws/install/local/lib/python3.10/dist-packages/pymoveit2/robots/crane_x7.py
[1.083s] -- Up-to-date symlink: /home/futill/dummy2_hand_eye_calibration_ws/install/local/lib/python3.10/dist-packages/pymoveit2/robots/kinova.py
[1.083s] -- Up-to-date symlink: /home/futill/dummy2_hand_eye_calibration_ws/install/local/lib/python3.10/dist-packages/pymoveit2/robots/lbr.py
[1.084s] -- Up-to-date symlink: /home/futill/dummy2_hand_eye_calibration_ws/install/local/lib/python3.10/dist-packages/pymoveit2/robots/panda.py
[1.087s] -- Up-to-date symlink: /home/futill/dummy2_hand_eye_calibration_ws/install/local/lib/python3.10/dist-packages/pymoveit2/robots/phantomx_pincher.py
[1.087s] -- Up-to-date symlink: /home/futill/dummy2_hand_eye_calibration_ws/install/local/lib/python3.10/dist-packages/pymoveit2/robots/ur.py
[1.089s] -- Up-to-date symlink: /home/futill/dummy2_hand_eye_calibration_ws/install/lib/pymoveit2/ex_allow_collisions.py
[1.089s] -- Up-to-date symlink: /home/futill/dummy2_hand_eye_calibration_ws/install/lib/pymoveit2/ex_clear_planning_scene.py
[1.089s] -- Up-to-date symlink: /home/futill/dummy2_hand_eye_calibration_ws/install/lib/pymoveit2/ex_collision_mesh.py
[1.089s] -- Up-to-date symlink: /home/futill/dummy2_hand_eye_calibration_ws/install/lib/pymoveit2/ex_collision_primitive.py
[1.091s] -- Up-to-date symlink: /home/futill/dummy2_hand_eye_calibration_ws/install/lib/pymoveit2/ex_fk.py
[1.091s] -- Up-to-date symlink: /home/futill/dummy2_hand_eye_calibration_ws/install/lib/pymoveit2/ex_gripper.py
[1.092s] -- Up-to-date symlink: /home/futill/dummy2_hand_eye_calibration_ws/install/lib/pymoveit2/ex_ik.py
[1.094s] -- Up-to-date symlink: /home/futill/dummy2_hand_eye_calibration_ws/install/lib/pymoveit2/ex_joint_goal.py
[1.094s] -- Up-to-date symlink: /home/futill/dummy2_hand_eye_calibration_ws/install/lib/pymoveit2/ex_orientation_path_constraint.py
[1.094s] -- Up-to-date symlink: /home/futill/dummy2_hand_eye_calibration_ws/install/lib/pymoveit2/ex_pose_goal.py
[1.097s] -- Up-to-date symlink: /home/futill/dummy2_hand_eye_calibration_ws/install/lib/pymoveit2/ex_servo.py
[1.101s] -- Up-to-date symlink: /home/futill/dummy2_hand_eye_calibration_ws/install/share/ament_index/resource_index/package_run_dependencies/pymoveit2
[1.101s] -- Up-to-date symlink: /home/futill/dummy2_hand_eye_calibration_ws/install/share/ament_index/resource_index/parent_prefix_path/pymoveit2
[1.102s] -- Up-to-date symlink: /home/futill/dummy2_hand_eye_calibration_ws/install/share/pymoveit2/environment/ament_prefix_path.sh
[1.102s] -- Up-to-date symlink: /home/futill/dummy2_hand_eye_calibration_ws/install/share/pymoveit2/environment/ament_prefix_path.dsv
[1.102s] -- Up-to-date symlink: /home/futill/dummy2_hand_eye_calibration_ws/install/share/pymoveit2/environment/path.sh
[1.110s] -- Up-to-date symlink: /home/futill/dummy2_hand_eye_calibration_ws/install/share/pymoveit2/environment/path.dsv
[1.115s] -- Up-to-date symlink: /home/futill/dummy2_hand_eye_calibration_ws/install/share/pymoveit2/local_setup.bash
[1.116s] -- Up-to-date symlink: /home/futill/dummy2_hand_eye_calibration_ws/install/share/pymoveit2/local_setup.sh
[1.118s] -- Up-to-date symlink: /home/futill/dummy2_hand_eye_calibration_ws/install/share/pymoveit2/local_setup.zsh
[1.119s] -- Up-to-date symlink: /home/futill/dummy2_hand_eye_calibration_ws/install/share/pymoveit2/local_setup.dsv
[1.119s] -- Symlinking: /home/futill/dummy2_hand_eye_calibration_ws/install/share/pymoveit2/package.dsv
[1.136s] -- Up-to-date symlink: /home/futill/dummy2_hand_eye_calibration_ws/install/share/ament_index/resource_index/packages/pymoveit2
[1.136s] -- Up-to-date symlink: /home/futill/dummy2_hand_eye_calibration_ws/install/share/pymoveit2/cmake/pymoveit2Config.cmake
[1.137s] -- Up-to-date symlink: /home/futill/dummy2_hand_eye_calibration_ws/install/share/pymoveit2/cmake/pymoveit2Config-version.cmake
[1.137s] -- Up-to-date symlink: /home/futill/dummy2_hand_eye_calibration_ws/install/share/pymoveit2/package.xml
[1.149s] Listing '/home/futill/dummy2_hand_eye_calibration_ws/install/local/lib/python3.10/dist-packages/pymoveit2'...
[1.149s] Listing '/home/futill/dummy2_hand_eye_calibration_ws/install/local/lib/python3.10/dist-packages/pymoveit2/robots'...
[1.206s] Invoked command in '/home/futill/dummy2_hand_eye_calibration_ws/build/pymoveit2' returned '0': CMAKE_PREFIX_PATH=${CMAKE_PREFIX_PATH}:/home/futill/targer_ws/install/my_robot_pkg:/opt/ros/humble /usr/bin/cmake --install /home/futill/dummy2_hand_eye_calibration_ws/build/pymoveit2
