[0.548s] Invoking command in '/home/futill/dummy_ros/build/easy_handeye2': AMENT_PREFIX_PATH=/home/futill/dummy_ros/install:${AMENT_PREFIX_PATH} CMAKE_PREFIX_PATH=/home/futill/dummy_ros/install LD_LIBRARY_PATH=/home/futill/dummy_ros/install/lib:${LD_LIBRARY_PATH} PYTHONPATH=/home/futill/dummy_ros/build/easy_handeye2/prefix_override:/usr/lib/python3/dist-packages/colcon_core/task/python/colcon_distutils_commands:/home/futill/dummy_ros/install/lib/python3.10/site-packages:/home/futill/dummy_ros/install/local/lib/python3.10/dist-packages:/home/futill/dummy_ros/install/lib/python3.10/site-packages:${PYTHONPATH} /usr/bin/python3 -W ignore:setup.py install is deprecated -W ignore:easy_install command is deprecated setup.py develop --editable --build-directory /home/futill/dummy_ros/build/easy_handeye2/build --no-deps symlink_data
[0.746s] running develop
[0.878s] running egg_info
[0.878s] writing easy_handeye2.egg-info/PKG-INFO
[0.878s] writing dependency_links to easy_handeye2.egg-info/dependency_links.txt
[0.878s] writing entry points to easy_handeye2.egg-info/entry_points.txt
[0.878s] writing requirements to easy_handeye2.egg-info/requires.txt
[0.878s] writing top-level names to easy_handeye2.egg-info/top_level.txt
[0.880s] reading manifest file 'easy_handeye2.egg-info/SOURCES.txt'
[0.881s] writing manifest file 'easy_handeye2.egg-info/SOURCES.txt'
[0.882s] running build_ext
[0.883s] Creating /home/futill/dummy_ros/install/lib/python3.10/site-packages/easy-handeye2.egg-link (link to .)
[0.883s] Installing handeye_calibration_commander script to /home/futill/dummy_ros/install/lib/easy_handeye2
[0.883s] Installing handeye_publisher script to /home/futill/dummy_ros/install/lib/easy_handeye2
[0.883s] Installing handeye_server script to /home/futill/dummy_ros/install/lib/easy_handeye2
[0.884s] Installing handeye_server_robot script to /home/futill/dummy_ros/install/lib/easy_handeye2
[0.884s] Installing rqt_calibrator.py script to /home/futill/dummy_ros/install/lib/easy_handeye2
[0.885s] Installing rqt_evaluator.py script to /home/futill/dummy_ros/install/lib/easy_handeye2
[0.885s] 
[0.885s] Installed /home/futill/dummy_ros/build/easy_handeye2
[0.885s] running symlink_data
[0.916s] Invoked command in '/home/futill/dummy_ros/build/easy_handeye2' returned '0': AMENT_PREFIX_PATH=/home/futill/dummy_ros/install:${AMENT_PREFIX_PATH} CMAKE_PREFIX_PATH=/home/futill/dummy_ros/install LD_LIBRARY_PATH=/home/futill/dummy_ros/install/lib:${LD_LIBRARY_PATH} PYTHONPATH=/home/futill/dummy_ros/build/easy_handeye2/prefix_override:/usr/lib/python3/dist-packages/colcon_core/task/python/colcon_distutils_commands:/home/futill/dummy_ros/install/lib/python3.10/site-packages:/home/futill/dummy_ros/install/local/lib/python3.10/dist-packages:/home/futill/dummy_ros/install/lib/python3.10/site-packages:${PYTHONPATH} /usr/bin/python3 -W ignore:setup.py install is deprecated -W ignore:easy_install command is deprecated setup.py develop --editable --build-directory /home/futill/dummy_ros/build/easy_handeye2/build --no-deps symlink_data
