[0.497s] Invoking command in '/home/futill/dummy_ros/build/ros2_aruco_interfaces': CMAKE_PREFIX_PATH=${CMAKE_PREFIX_PATH}:/opt/ros/humble /usr/bin/cmake --build /home/futill/dummy_ros/build/ros2_aruco_interfaces -- -j16 -l16
[0.562s] [  3%] Built target ros2_aruco_interfaces__cpp
[0.564s] [ 12%] Built target ros2_aruco_interfaces__rosidl_generator_c
[0.575s] [ 12%] Built target ament_cmake_python_symlink_ros2_aruco_interfaces
[0.590s] [ 41%] Built target ros2_aruco_interfaces__rosidl_typesupport_introspection_cpp
[0.590s] [ 41%] Built target ros2_aruco_interfaces__rosidl_typesupport_c
[0.590s] [ 45%] Built target ros2_aruco_interfaces__rosidl_typesupport_cpp
[0.590s] [ 54%] Built target ros2_aruco_interfaces__rosidl_typesupport_fastrtps_cpp
[0.590s] [ 61%] Built target ros2_aruco_interfaces__rosidl_typesupport_introspection_c
[0.591s] [ 70%] Built target ros2_aruco_interfaces__rosidl_typesupport_fastrtps_c
[0.615s] [ 70%] Built target ros2_aruco_interfaces
[0.639s] [ 74%] Built target ros2_aruco_interfaces__py
[0.663s] [ 80%] Built target ros2_aruco_interfaces__rosidl_generator_py
[0.687s] [100%] Built target ros2_aruco_interfaces__rosidl_typesupport_fastrtps_c__pyext
[0.687s] [100%] Built target ros2_aruco_interfaces__rosidl_typesupport_introspection_c__pyext
[0.687s] [100%] Built target ros2_aruco_interfaces__rosidl_typesupport_c__pyext
[0.848s] running egg_info
[0.848s] writing ros2_aruco_interfaces.egg-info/PKG-INFO
[0.854s] writing dependency_links to ros2_aruco_interfaces.egg-info/dependency_links.txt
[0.855s] writing top-level names to ros2_aruco_interfaces.egg-info/top_level.txt
[0.856s] reading manifest file 'ros2_aruco_interfaces.egg-info/SOURCES.txt'
[0.860s] writing manifest file 'ros2_aruco_interfaces.egg-info/SOURCES.txt'
[0.891s] [100%] Built target ament_cmake_python_build_ros2_aruco_interfaces_egg
[0.949s] Invoked command in '/home/futill/dummy_ros/build/ros2_aruco_interfaces' returned '0': CMAKE_PREFIX_PATH=${CMAKE_PREFIX_PATH}:/opt/ros/humble /usr/bin/cmake --build /home/futill/dummy_ros/build/ros2_aruco_interfaces -- -j16 -l16
[0.951s] Invoking command in '/home/futill/dummy_ros/build/ros2_aruco_interfaces': CMAKE_PREFIX_PATH=${CMAKE_PREFIX_PATH}:/opt/ros/humble /usr/bin/cmake --install /home/futill/dummy_ros/build/ros2_aruco_interfaces
[0.984s] -- Install configuration: "Release"
[0.984s] -- Execute custom install script
[0.984s] -- Up-to-date symlink: /home/futill/dummy_ros/install/share/ament_index/resource_index/rosidl_interfaces/ros2_aruco_interfaces
[0.984s] -- Up-to-date symlink: /home/futill/dummy_ros/install/include/ros2_aruco_interfaces/ros2_aruco_interfaces/msg/aruco_markers.h
[0.984s] -- Up-to-date symlink: /home/futill/dummy_ros/install/include/ros2_aruco_interfaces/ros2_aruco_interfaces/msg/detail/aruco_markers__functions.h
[0.984s] -- Up-to-date symlink: /home/futill/dummy_ros/install/include/ros2_aruco_interfaces/ros2_aruco_interfaces/msg/detail/aruco_markers__struct.h
[0.984s] -- Up-to-date symlink: /home/futill/dummy_ros/install/include/ros2_aruco_interfaces/ros2_aruco_interfaces/msg/detail/aruco_markers__type_support.h
[0.984s] -- Up-to-date symlink: /home/futill/dummy_ros/install/include/ros2_aruco_interfaces/ros2_aruco_interfaces/msg/rosidl_generator_c__visibility_control.h
[0.984s] -- Up-to-date symlink: /home/futill/dummy_ros/install/share/ros2_aruco_interfaces/environment/library_path.sh
[0.984s] -- Up-to-date symlink: /home/futill/dummy_ros/install/share/ros2_aruco_interfaces/environment/library_path.dsv
[0.984s] -- Up-to-date symlink: /home/futill/dummy_ros/install/include/ros2_aruco_interfaces/ros2_aruco_interfaces/msg/detail/aruco_markers__rosidl_typesupport_fastrtps_c.h
[0.984s] -- Up-to-date symlink: /home/futill/dummy_ros/install/include/ros2_aruco_interfaces/ros2_aruco_interfaces/msg/rosidl_typesupport_fastrtps_c__visibility_control.h
[0.984s] -- Up-to-date symlink: /home/futill/dummy_ros/install/include/ros2_aruco_interfaces/ros2_aruco_interfaces/msg/aruco_markers.hpp
[0.985s] -- Up-to-date symlink: /home/futill/dummy_ros/install/include/ros2_aruco_interfaces/ros2_aruco_interfaces/msg/detail/aruco_markers__builder.hpp
[0.985s] -- Up-to-date symlink: /home/futill/dummy_ros/install/include/ros2_aruco_interfaces/ros2_aruco_interfaces/msg/detail/aruco_markers__struct.hpp
[0.985s] -- Up-to-date symlink: /home/futill/dummy_ros/install/include/ros2_aruco_interfaces/ros2_aruco_interfaces/msg/detail/aruco_markers__traits.hpp
[0.985s] -- Up-to-date symlink: /home/futill/dummy_ros/install/include/ros2_aruco_interfaces/ros2_aruco_interfaces/msg/detail/aruco_markers__type_support.hpp
[0.985s] -- Up-to-date symlink: /home/futill/dummy_ros/install/include/ros2_aruco_interfaces/ros2_aruco_interfaces/msg/rosidl_generator_cpp__visibility_control.hpp
[0.985s] -- Up-to-date symlink: /home/futill/dummy_ros/install/include/ros2_aruco_interfaces/ros2_aruco_interfaces/msg/detail/aruco_markers__rosidl_typesupport_fastrtps_cpp.hpp
[0.985s] -- Up-to-date symlink: /home/futill/dummy_ros/install/include/ros2_aruco_interfaces/ros2_aruco_interfaces/msg/rosidl_typesupport_fastrtps_cpp__visibility_control.h
[0.985s] -- Up-to-date symlink: /home/futill/dummy_ros/install/include/ros2_aruco_interfaces/ros2_aruco_interfaces/msg/detail/aruco_markers__rosidl_typesupport_introspection_c.h
[0.986s] -- Up-to-date symlink: /home/futill/dummy_ros/install/include/ros2_aruco_interfaces/ros2_aruco_interfaces/msg/rosidl_typesupport_introspection_c__visibility_control.h
[0.986s] -- Up-to-date symlink: /home/futill/dummy_ros/install/include/ros2_aruco_interfaces/ros2_aruco_interfaces/msg/detail/aruco_markers__rosidl_typesupport_introspection_cpp.hpp
[0.986s] -- Up-to-date symlink: /home/futill/dummy_ros/install/share/ros2_aruco_interfaces/environment/pythonpath.sh
[0.986s] -- Up-to-date symlink: /home/futill/dummy_ros/install/share/ros2_aruco_interfaces/environment/pythonpath.dsv
[0.986s] -- Up-to-date symlink: /home/futill/dummy_ros/install/local/lib/python3.10/dist-packages/ros2_aruco_interfaces-0.1.0-py3.10.egg-info/PKG-INFO
[0.986s] -- Up-to-date symlink: /home/futill/dummy_ros/install/local/lib/python3.10/dist-packages/ros2_aruco_interfaces-0.1.0-py3.10.egg-info/SOURCES.txt
[0.986s] -- Up-to-date symlink: /home/futill/dummy_ros/install/local/lib/python3.10/dist-packages/ros2_aruco_interfaces-0.1.0-py3.10.egg-info/dependency_links.txt
[0.986s] -- Up-to-date symlink: /home/futill/dummy_ros/install/local/lib/python3.10/dist-packages/ros2_aruco_interfaces-0.1.0-py3.10.egg-info/top_level.txt
[0.986s] -- Up-to-date symlink: /home/futill/dummy_ros/install/local/lib/python3.10/dist-packages/ros2_aruco_interfaces/__init__.py
[0.986s] -- Up-to-date symlink: /home/futill/dummy_ros/install/local/lib/python3.10/dist-packages/ros2_aruco_interfaces/_ros2_aruco_interfaces_s.ep.rosidl_typesupport_c.c
[0.986s] -- Up-to-date symlink: /home/futill/dummy_ros/install/local/lib/python3.10/dist-packages/ros2_aruco_interfaces/_ros2_aruco_interfaces_s.ep.rosidl_typesupport_fastrtps_c.c
[0.986s] -- Up-to-date symlink: /home/futill/dummy_ros/install/local/lib/python3.10/dist-packages/ros2_aruco_interfaces/_ros2_aruco_interfaces_s.ep.rosidl_typesupport_introspection_c.c
[0.986s] -- Up-to-date symlink: /home/futill/dummy_ros/install/local/lib/python3.10/dist-packages/ros2_aruco_interfaces/libros2_aruco_interfaces__rosidl_generator_py.so
[0.987s] -- Up-to-date symlink: /home/futill/dummy_ros/install/local/lib/python3.10/dist-packages/ros2_aruco_interfaces/msg/__init__.py
[0.987s] -- Up-to-date symlink: /home/futill/dummy_ros/install/local/lib/python3.10/dist-packages/ros2_aruco_interfaces/msg/_aruco_markers.py
[0.987s] -- Up-to-date symlink: /home/futill/dummy_ros/install/local/lib/python3.10/dist-packages/ros2_aruco_interfaces/msg/_aruco_markers_s.c
[0.987s] -- Up-to-date symlink: /home/futill/dummy_ros/install/local/lib/python3.10/dist-packages/ros2_aruco_interfaces/ros2_aruco_interfaces_s__rosidl_typesupport_c.cpython-310-x86_64-linux-gnu.so
[0.987s] -- Up-to-date symlink: /home/futill/dummy_ros/install/local/lib/python3.10/dist-packages/ros2_aruco_interfaces/ros2_aruco_interfaces_s__rosidl_typesupport_fastrtps_c.cpython-310-x86_64-linux-gnu.so
[0.987s] -- Up-to-date symlink: /home/futill/dummy_ros/install/local/lib/python3.10/dist-packages/ros2_aruco_interfaces/ros2_aruco_interfaces_s__rosidl_typesupport_introspection_c.cpython-310-x86_64-linux-gnu.so
[0.987s] -- Up-to-date symlink: /home/futill/dummy_ros/install/local/lib/python3.10/dist-packages/ros2_aruco_interfaces/ros2_aruco_interfaces_s__rosidl_typesupport_fastrtps_c.cpython-310-x86_64-linux-gnu.so
[0.987s] -- Up-to-date symlink: /home/futill/dummy_ros/install/local/lib/python3.10/dist-packages/ros2_aruco_interfaces/ros2_aruco_interfaces_s__rosidl_typesupport_introspection_c.cpython-310-x86_64-linux-gnu.so
[0.987s] -- Up-to-date symlink: /home/futill/dummy_ros/install/local/lib/python3.10/dist-packages/ros2_aruco_interfaces/ros2_aruco_interfaces_s__rosidl_typesupport_c.cpython-310-x86_64-linux-gnu.so
[0.987s] -- Up-to-date symlink: /home/futill/dummy_ros/install/share/ros2_aruco_interfaces/msg/ArucoMarkers.idl
[0.987s] -- Up-to-date symlink: /home/futill/dummy_ros/install/share/ros2_aruco_interfaces/msg/ArucoMarkers.msg
[0.988s] -- Up-to-date symlink: /home/futill/dummy_ros/install/share/ament_index/resource_index/package_run_dependencies/ros2_aruco_interfaces
[0.988s] -- Up-to-date symlink: /home/futill/dummy_ros/install/share/ament_index/resource_index/parent_prefix_path/ros2_aruco_interfaces
[0.988s] -- Up-to-date symlink: /home/futill/dummy_ros/install/share/ros2_aruco_interfaces/environment/ament_prefix_path.sh
[0.988s] -- Up-to-date symlink: /home/futill/dummy_ros/install/share/ros2_aruco_interfaces/environment/ament_prefix_path.dsv
[0.988s] -- Up-to-date symlink: /home/futill/dummy_ros/install/share/ros2_aruco_interfaces/environment/path.sh
[0.988s] -- Up-to-date symlink: /home/futill/dummy_ros/install/share/ros2_aruco_interfaces/environment/path.dsv
[0.988s] -- Up-to-date symlink: /home/futill/dummy_ros/install/share/ros2_aruco_interfaces/local_setup.bash
[0.988s] -- Up-to-date symlink: /home/futill/dummy_ros/install/share/ros2_aruco_interfaces/local_setup.sh
[0.988s] -- Up-to-date symlink: /home/futill/dummy_ros/install/share/ros2_aruco_interfaces/local_setup.zsh
[0.989s] -- Up-to-date symlink: /home/futill/dummy_ros/install/share/ros2_aruco_interfaces/local_setup.dsv
[0.989s] -- Symlinking: /home/futill/dummy_ros/install/share/ros2_aruco_interfaces/package.dsv
[0.989s] -- Up-to-date symlink: /home/futill/dummy_ros/install/share/ament_index/resource_index/packages/ros2_aruco_interfaces
[0.989s] -- Up-to-date symlink: /home/futill/dummy_ros/install/share/ros2_aruco_interfaces/cmake/rosidl_cmake-extras.cmake
[0.989s] -- Up-to-date symlink: /home/futill/dummy_ros/install/share/ros2_aruco_interfaces/cmake/ament_cmake_export_dependencies-extras.cmake
[0.989s] -- Up-to-date symlink: /home/futill/dummy_ros/install/share/ros2_aruco_interfaces/cmake/ament_cmake_export_include_directories-extras.cmake
[0.989s] -- Up-to-date symlink: /home/futill/dummy_ros/install/share/ros2_aruco_interfaces/cmake/ament_cmake_export_libraries-extras.cmake
[0.989s] -- Up-to-date symlink: /home/futill/dummy_ros/install/share/ros2_aruco_interfaces/cmake/ament_cmake_export_targets-extras.cmake
[0.989s] -- Up-to-date symlink: /home/futill/dummy_ros/install/share/ros2_aruco_interfaces/cmake/rosidl_cmake_export_typesupport_targets-extras.cmake
[0.990s] -- Up-to-date symlink: /home/futill/dummy_ros/install/share/ros2_aruco_interfaces/cmake/rosidl_cmake_export_typesupport_libraries-extras.cmake
[0.990s] -- Up-to-date symlink: /home/futill/dummy_ros/install/share/ros2_aruco_interfaces/cmake/ros2_aruco_interfacesConfig.cmake
[0.990s] -- Up-to-date symlink: /home/futill/dummy_ros/install/share/ros2_aruco_interfaces/cmake/ros2_aruco_interfacesConfig-version.cmake
[0.990s] -- Up-to-date symlink: /home/futill/dummy_ros/install/share/ros2_aruco_interfaces/package.xml
[0.990s] -- Up-to-date: /home/futill/dummy_ros/install/lib/libros2_aruco_interfaces__rosidl_generator_c.so
[0.990s] -- Up-to-date: /home/futill/dummy_ros/install/lib/libros2_aruco_interfaces__rosidl_typesupport_fastrtps_c.so
[0.990s] -- Up-to-date: /home/futill/dummy_ros/install/lib/libros2_aruco_interfaces__rosidl_typesupport_fastrtps_cpp.so
[0.990s] -- Up-to-date: /home/futill/dummy_ros/install/lib/libros2_aruco_interfaces__rosidl_typesupport_introspection_c.so
[0.990s] -- Up-to-date: /home/futill/dummy_ros/install/lib/libros2_aruco_interfaces__rosidl_typesupport_c.so
[0.990s] -- Up-to-date: /home/futill/dummy_ros/install/lib/libros2_aruco_interfaces__rosidl_typesupport_introspection_cpp.so
[0.990s] -- Up-to-date: /home/futill/dummy_ros/install/lib/libros2_aruco_interfaces__rosidl_typesupport_cpp.so
[1.022s] Listing '/home/futill/dummy_ros/install/local/lib/python3.10/dist-packages/ros2_aruco_interfaces'...
[1.022s] Listing '/home/futill/dummy_ros/install/local/lib/python3.10/dist-packages/ros2_aruco_interfaces/msg'...
[1.029s] -- Up-to-date: /home/futill/dummy_ros/install/lib/libros2_aruco_interfaces__rosidl_generator_py.so
[1.029s] -- Up-to-date: /home/futill/dummy_ros/install/share/ros2_aruco_interfaces/cmake/export_ros2_aruco_interfaces__rosidl_generator_cExport.cmake
[1.029s] -- Up-to-date: /home/futill/dummy_ros/install/share/ros2_aruco_interfaces/cmake/export_ros2_aruco_interfaces__rosidl_generator_cExport-release.cmake
[1.029s] -- Up-to-date: /home/futill/dummy_ros/install/share/ros2_aruco_interfaces/cmake/export_ros2_aruco_interfaces__rosidl_typesupport_fastrtps_cExport.cmake
[1.029s] -- Up-to-date: /home/futill/dummy_ros/install/share/ros2_aruco_interfaces/cmake/export_ros2_aruco_interfaces__rosidl_typesupport_fastrtps_cExport-release.cmake
[1.030s] -- Up-to-date: /home/futill/dummy_ros/install/share/ros2_aruco_interfaces/cmake/export_ros2_aruco_interfaces__rosidl_generator_cppExport.cmake
[1.030s] -- Up-to-date: /home/futill/dummy_ros/install/share/ros2_aruco_interfaces/cmake/export_ros2_aruco_interfaces__rosidl_typesupport_fastrtps_cppExport.cmake
[1.031s] -- Up-to-date: /home/futill/dummy_ros/install/share/ros2_aruco_interfaces/cmake/export_ros2_aruco_interfaces__rosidl_typesupport_fastrtps_cppExport-release.cmake
[1.031s] -- Up-to-date: /home/futill/dummy_ros/install/share/ros2_aruco_interfaces/cmake/ros2_aruco_interfaces__rosidl_typesupport_introspection_cExport.cmake
[1.031s] -- Up-to-date: /home/futill/dummy_ros/install/share/ros2_aruco_interfaces/cmake/ros2_aruco_interfaces__rosidl_typesupport_introspection_cExport-release.cmake
[1.031s] -- Up-to-date: /home/futill/dummy_ros/install/share/ros2_aruco_interfaces/cmake/ros2_aruco_interfaces__rosidl_typesupport_cExport.cmake
[1.031s] -- Up-to-date: /home/futill/dummy_ros/install/share/ros2_aruco_interfaces/cmake/ros2_aruco_interfaces__rosidl_typesupport_cExport-release.cmake
[1.031s] -- Up-to-date: /home/futill/dummy_ros/install/share/ros2_aruco_interfaces/cmake/ros2_aruco_interfaces__rosidl_typesupport_introspection_cppExport.cmake
[1.031s] -- Up-to-date: /home/futill/dummy_ros/install/share/ros2_aruco_interfaces/cmake/ros2_aruco_interfaces__rosidl_typesupport_introspection_cppExport-release.cmake
[1.031s] -- Up-to-date: /home/futill/dummy_ros/install/share/ros2_aruco_interfaces/cmake/ros2_aruco_interfaces__rosidl_typesupport_cppExport.cmake
[1.031s] -- Up-to-date: /home/futill/dummy_ros/install/share/ros2_aruco_interfaces/cmake/ros2_aruco_interfaces__rosidl_typesupport_cppExport-release.cmake
[1.031s] -- Up-to-date: /home/futill/dummy_ros/install/share/ros2_aruco_interfaces/cmake/export_ros2_aruco_interfaces__rosidl_generator_pyExport.cmake
[1.032s] -- Up-to-date: /home/futill/dummy_ros/install/share/ros2_aruco_interfaces/cmake/export_ros2_aruco_interfaces__rosidl_generator_pyExport-release.cmake
[1.348s] Invoked command in '/home/futill/dummy_ros/build/ros2_aruco_interfaces' returned '0': CMAKE_PREFIX_PATH=${CMAKE_PREFIX_PATH}:/opt/ros/humble /usr/bin/cmake --install /home/futill/dummy_ros/build/ros2_aruco_interfaces
