[0.049s] Invoking command in '/home/futill/dummy2_hand_eye_calibration_ws/build/easy_handeye2_msgs': CMAKE_PREFIX_PATH=${CMAKE_PREFIX_PATH}:/home/futill/targer_ws/install/my_robot_pkg:/opt/ros/humble /usr/bin/cmake --build /home/futill/dummy2_hand_eye_calibration_ws/build/easy_handeye2_msgs -- -j8 -l8
[0.719s] [  0%] Built target easy_handeye2_msgs__cpp
[0.719s] [ 12%] Built target easy_handeye2_msgs__rosidl_generator_c
[0.719s] [ 12%] Built target ament_cmake_python_symlink_easy_handeye2_msgs
[0.719s] [ 24%] Built target easy_handeye2_msgs__rosidl_typesupport_introspection_cpp
[0.719s] [ 36%] Built target easy_handeye2_msgs__rosidl_typesupport_cpp
[0.719s] [ 60%] Built target easy_handeye2_msgs__rosidl_typesupport_c
[0.719s] [ 60%] Built target easy_handeye2_msgs__rosidl_typesupport_fastrtps_c
[0.719s] [ 83%] Built target easy_handeye2_msgs__rosidl_typesupport_fastrtps_cpp
[0.719s] [ 84%] Built target easy_handeye2_msgs__rosidl_typesupport_introspection_c
[0.719s] [ 84%] Built target easy_handeye2_msgs
[0.720s] [ 85%] Built target easy_handeye2_msgs__py
[0.720s] [ 96%] Built target easy_handeye2_msgs__rosidl_generator_py
[0.720s] [ 98%] Built target easy_handeye2_msgs__rosidl_typesupport_fastrtps_c__pyext
[0.720s] [ 99%] Built target easy_handeye2_msgs__rosidl_typesupport_c__pyext
[0.720s] [100%] Built target easy_handeye2_msgs__rosidl_typesupport_introspection_c__pyext
[0.720s] running egg_info
[0.720s] writing easy_handeye2_msgs.egg-info/PKG-INFO
[0.720s] writing dependency_links to easy_handeye2_msgs.egg-info/dependency_links.txt
[0.720s] writing top-level names to easy_handeye2_msgs.egg-info/top_level.txt
[0.720s] reading manifest file 'easy_handeye2_msgs.egg-info/SOURCES.txt'
[0.720s] writing manifest file 'easy_handeye2_msgs.egg-info/SOURCES.txt'
[0.720s] [100%] Built target ament_cmake_python_build_easy_handeye2_msgs_egg
[0.757s] Invoked command in '/home/futill/dummy2_hand_eye_calibration_ws/build/easy_handeye2_msgs' returned '0': CMAKE_PREFIX_PATH=${CMAKE_PREFIX_PATH}:/home/futill/targer_ws/install/my_robot_pkg:/opt/ros/humble /usr/bin/cmake --build /home/futill/dummy2_hand_eye_calibration_ws/build/easy_handeye2_msgs -- -j8 -l8
[0.775s] Invoking command in '/home/futill/dummy2_hand_eye_calibration_ws/build/easy_handeye2_msgs': CMAKE_PREFIX_PATH=${CMAKE_PREFIX_PATH}:/home/futill/targer_ws/install/my_robot_pkg:/opt/ros/humble /usr/bin/cmake --install /home/futill/dummy2_hand_eye_calibration_ws/build/easy_handeye2_msgs
[0.799s] -- Install configuration: "Release"
[0.803s] -- Execute custom install script
[0.808s] -- Up-to-date symlink: /home/futill/dummy2_hand_eye_calibration_ws/install/share/ament_index/resource_index/rosidl_interfaces/easy_handeye2_msgs
[0.816s] -- Up-to-date symlink: /home/futill/dummy2_hand_eye_calibration_ws/install/include/easy_handeye2_msgs/easy_handeye2_msgs/msg/detail/handeye_calibration__functions.h
[0.820s] -- Up-to-date symlink: /home/futill/dummy2_hand_eye_calibration_ws/install/include/easy_handeye2_msgs/easy_handeye2_msgs/msg/detail/handeye_calibration__struct.h
[0.820s] -- Up-to-date symlink: /home/futill/dummy2_hand_eye_calibration_ws/install/include/easy_handeye2_msgs/easy_handeye2_msgs/msg/detail/handeye_calibration__type_support.h
[0.820s] -- Up-to-date symlink: /home/futill/dummy2_hand_eye_calibration_ws/install/include/easy_handeye2_msgs/easy_handeye2_msgs/msg/detail/handeye_calibration_parameters__functions.h
[0.820s] -- Up-to-date symlink: /home/futill/dummy2_hand_eye_calibration_ws/install/include/easy_handeye2_msgs/easy_handeye2_msgs/msg/detail/handeye_calibration_parameters__struct.h
[0.821s] -- Up-to-date symlink: /home/futill/dummy2_hand_eye_calibration_ws/install/include/easy_handeye2_msgs/easy_handeye2_msgs/msg/detail/handeye_calibration_parameters__type_support.h
[0.821s] -- Up-to-date symlink: /home/futill/dummy2_hand_eye_calibration_ws/install/include/easy_handeye2_msgs/easy_handeye2_msgs/msg/detail/sample__functions.h
[0.821s] -- Up-to-date symlink: /home/futill/dummy2_hand_eye_calibration_ws/install/include/easy_handeye2_msgs/easy_handeye2_msgs/msg/detail/sample__struct.h
[0.821s] -- Up-to-date symlink: /home/futill/dummy2_hand_eye_calibration_ws/install/include/easy_handeye2_msgs/easy_handeye2_msgs/msg/detail/sample__type_support.h
[0.821s] -- Up-to-date symlink: /home/futill/dummy2_hand_eye_calibration_ws/install/include/easy_handeye2_msgs/easy_handeye2_msgs/msg/detail/sample_list__functions.h
[0.821s] -- Up-to-date symlink: /home/futill/dummy2_hand_eye_calibration_ws/install/include/easy_handeye2_msgs/easy_handeye2_msgs/msg/detail/sample_list__struct.h
[0.821s] -- Up-to-date symlink: /home/futill/dummy2_hand_eye_calibration_ws/install/include/easy_handeye2_msgs/easy_handeye2_msgs/msg/detail/sample_list__type_support.h
[0.821s] -- Up-to-date symlink: /home/futill/dummy2_hand_eye_calibration_ws/install/include/easy_handeye2_msgs/easy_handeye2_msgs/msg/detail/target_pose_list__functions.h
[0.821s] -- Up-to-date symlink: /home/futill/dummy2_hand_eye_calibration_ws/install/include/easy_handeye2_msgs/easy_handeye2_msgs/msg/detail/target_pose_list__struct.h
[0.821s] -- Up-to-date symlink: /home/futill/dummy2_hand_eye_calibration_ws/install/include/easy_handeye2_msgs/easy_handeye2_msgs/msg/detail/target_pose_list__type_support.h
[0.822s] -- Up-to-date symlink: /home/futill/dummy2_hand_eye_calibration_ws/install/include/easy_handeye2_msgs/easy_handeye2_msgs/msg/handeye_calibration.h
[0.822s] -- Up-to-date symlink: /home/futill/dummy2_hand_eye_calibration_ws/install/include/easy_handeye2_msgs/easy_handeye2_msgs/msg/handeye_calibration_parameters.h
[0.822s] -- Up-to-date symlink: /home/futill/dummy2_hand_eye_calibration_ws/install/include/easy_handeye2_msgs/easy_handeye2_msgs/msg/rosidl_generator_c__visibility_control.h
[0.822s] -- Up-to-date symlink: /home/futill/dummy2_hand_eye_calibration_ws/install/include/easy_handeye2_msgs/easy_handeye2_msgs/msg/sample.h
[0.822s] -- Up-to-date symlink: /home/futill/dummy2_hand_eye_calibration_ws/install/include/easy_handeye2_msgs/easy_handeye2_msgs/msg/sample_list.h
[0.822s] -- Up-to-date symlink: /home/futill/dummy2_hand_eye_calibration_ws/install/include/easy_handeye2_msgs/easy_handeye2_msgs/msg/target_pose_list.h
[0.822s] -- Up-to-date symlink: /home/futill/dummy2_hand_eye_calibration_ws/install/include/easy_handeye2_msgs/easy_handeye2_msgs/srv/check_starting_pose.h
[0.822s] -- Up-to-date symlink: /home/futill/dummy2_hand_eye_calibration_ws/install/include/easy_handeye2_msgs/easy_handeye2_msgs/srv/compute_calibration.h
[0.822s] -- Up-to-date symlink: /home/futill/dummy2_hand_eye_calibration_ws/install/include/easy_handeye2_msgs/easy_handeye2_msgs/srv/detail/check_starting_pose__functions.h
[0.822s] -- Up-to-date symlink: /home/futill/dummy2_hand_eye_calibration_ws/install/include/easy_handeye2_msgs/easy_handeye2_msgs/srv/detail/check_starting_pose__struct.h
[0.822s] -- Up-to-date symlink: /home/futill/dummy2_hand_eye_calibration_ws/install/include/easy_handeye2_msgs/easy_handeye2_msgs/srv/detail/check_starting_pose__type_support.h
[0.822s] -- Up-to-date symlink: /home/futill/dummy2_hand_eye_calibration_ws/install/include/easy_handeye2_msgs/easy_handeye2_msgs/srv/detail/compute_calibration__functions.h
[0.823s] -- Up-to-date symlink: /home/futill/dummy2_hand_eye_calibration_ws/install/include/easy_handeye2_msgs/easy_handeye2_msgs/srv/detail/compute_calibration__struct.h
[0.823s] -- Up-to-date symlink: /home/futill/dummy2_hand_eye_calibration_ws/install/include/easy_handeye2_msgs/easy_handeye2_msgs/srv/detail/compute_calibration__type_support.h
[0.823s] -- Up-to-date symlink: /home/futill/dummy2_hand_eye_calibration_ws/install/include/easy_handeye2_msgs/easy_handeye2_msgs/srv/detail/enumerate_target_poses__functions.h
[0.823s] -- Up-to-date symlink: /home/futill/dummy2_hand_eye_calibration_ws/install/include/easy_handeye2_msgs/easy_handeye2_msgs/srv/detail/enumerate_target_poses__struct.h
[0.823s] -- Up-to-date symlink: /home/futill/dummy2_hand_eye_calibration_ws/install/include/easy_handeye2_msgs/easy_handeye2_msgs/srv/detail/enumerate_target_poses__type_support.h
[0.823s] -- Up-to-date symlink: /home/futill/dummy2_hand_eye_calibration_ws/install/include/easy_handeye2_msgs/easy_handeye2_msgs/srv/detail/execute_plan__functions.h
[0.823s] -- Up-to-date symlink: /home/futill/dummy2_hand_eye_calibration_ws/install/include/easy_handeye2_msgs/easy_handeye2_msgs/srv/detail/execute_plan__struct.h
[0.823s] -- Up-to-date symlink: /home/futill/dummy2_hand_eye_calibration_ws/install/include/easy_handeye2_msgs/easy_handeye2_msgs/srv/detail/execute_plan__type_support.h
[0.823s] -- Up-to-date symlink: /home/futill/dummy2_hand_eye_calibration_ws/install/include/easy_handeye2_msgs/easy_handeye2_msgs/srv/detail/list_algorithms__functions.h
[0.823s] -- Up-to-date symlink: /home/futill/dummy2_hand_eye_calibration_ws/install/include/easy_handeye2_msgs/easy_handeye2_msgs/srv/detail/list_algorithms__struct.h
[0.824s] -- Up-to-date symlink: /home/futill/dummy2_hand_eye_calibration_ws/install/include/easy_handeye2_msgs/easy_handeye2_msgs/srv/detail/list_algorithms__type_support.h
[0.824s] -- Up-to-date symlink: /home/futill/dummy2_hand_eye_calibration_ws/install/include/easy_handeye2_msgs/easy_handeye2_msgs/srv/detail/load_samples__functions.h
[0.824s] -- Up-to-date symlink: /home/futill/dummy2_hand_eye_calibration_ws/install/include/easy_handeye2_msgs/easy_handeye2_msgs/srv/detail/load_samples__struct.h
[0.824s] -- Up-to-date symlink: /home/futill/dummy2_hand_eye_calibration_ws/install/include/easy_handeye2_msgs/easy_handeye2_msgs/srv/detail/load_samples__type_support.h
[0.824s] -- Up-to-date symlink: /home/futill/dummy2_hand_eye_calibration_ws/install/include/easy_handeye2_msgs/easy_handeye2_msgs/srv/detail/plan_to_selected_target_pose__functions.h
[0.824s] -- Up-to-date symlink: /home/futill/dummy2_hand_eye_calibration_ws/install/include/easy_handeye2_msgs/easy_handeye2_msgs/srv/detail/plan_to_selected_target_pose__struct.h
[0.824s] -- Up-to-date symlink: /home/futill/dummy2_hand_eye_calibration_ws/install/include/easy_handeye2_msgs/easy_handeye2_msgs/srv/detail/plan_to_selected_target_pose__type_support.h
[0.824s] -- Up-to-date symlink: /home/futill/dummy2_hand_eye_calibration_ws/install/include/easy_handeye2_msgs/easy_handeye2_msgs/srv/detail/remove_sample__functions.h
[0.824s] -- Up-to-date symlink: /home/futill/dummy2_hand_eye_calibration_ws/install/include/easy_handeye2_msgs/easy_handeye2_msgs/srv/detail/remove_sample__struct.h
[0.824s] -- Up-to-date symlink: /home/futill/dummy2_hand_eye_calibration_ws/install/include/easy_handeye2_msgs/easy_handeye2_msgs/srv/detail/remove_sample__type_support.h
[0.824s] -- Up-to-date symlink: /home/futill/dummy2_hand_eye_calibration_ws/install/include/easy_handeye2_msgs/easy_handeye2_msgs/srv/detail/save_calibration__functions.h
[0.825s] -- Up-to-date symlink: /home/futill/dummy2_hand_eye_calibration_ws/install/include/easy_handeye2_msgs/easy_handeye2_msgs/srv/detail/save_calibration__struct.h
[0.825s] -- Up-to-date symlink: /home/futill/dummy2_hand_eye_calibration_ws/install/include/easy_handeye2_msgs/easy_handeye2_msgs/srv/detail/save_calibration__type_support.h
[0.825s] -- Up-to-date symlink: /home/futill/dummy2_hand_eye_calibration_ws/install/include/easy_handeye2_msgs/easy_handeye2_msgs/srv/detail/save_samples__functions.h
[0.825s] -- Up-to-date symlink: /home/futill/dummy2_hand_eye_calibration_ws/install/include/easy_handeye2_msgs/easy_handeye2_msgs/srv/detail/save_samples__struct.h
[0.825s] -- Up-to-date symlink: /home/futill/dummy2_hand_eye_calibration_ws/install/include/easy_handeye2_msgs/easy_handeye2_msgs/srv/detail/save_samples__type_support.h
[0.826s] -- Up-to-date symlink: /home/futill/dummy2_hand_eye_calibration_ws/install/include/easy_handeye2_msgs/easy_handeye2_msgs/srv/detail/select_target_pose__functions.h
[0.826s] -- Up-to-date symlink: /home/futill/dummy2_hand_eye_calibration_ws/install/include/easy_handeye2_msgs/easy_handeye2_msgs/srv/detail/select_target_pose__struct.h
[0.826s] -- Up-to-date symlink: /home/futill/dummy2_hand_eye_calibration_ws/install/include/easy_handeye2_msgs/easy_handeye2_msgs/srv/detail/select_target_pose__type_support.h
[0.826s] -- Up-to-date symlink: /home/futill/dummy2_hand_eye_calibration_ws/install/include/easy_handeye2_msgs/easy_handeye2_msgs/srv/detail/set_algorithm__functions.h
[0.826s] -- Up-to-date symlink: /home/futill/dummy2_hand_eye_calibration_ws/install/include/easy_handeye2_msgs/easy_handeye2_msgs/srv/detail/set_algorithm__struct.h
[0.826s] -- Up-to-date symlink: /home/futill/dummy2_hand_eye_calibration_ws/install/include/easy_handeye2_msgs/easy_handeye2_msgs/srv/detail/set_algorithm__type_support.h
[0.826s] -- Up-to-date symlink: /home/futill/dummy2_hand_eye_calibration_ws/install/include/easy_handeye2_msgs/easy_handeye2_msgs/srv/detail/take_sample__functions.h
[0.826s] -- Up-to-date symlink: /home/futill/dummy2_hand_eye_calibration_ws/install/include/easy_handeye2_msgs/easy_handeye2_msgs/srv/detail/take_sample__struct.h
[0.826s] -- Up-to-date symlink: /home/futill/dummy2_hand_eye_calibration_ws/install/include/easy_handeye2_msgs/easy_handeye2_msgs/srv/detail/take_sample__type_support.h
[0.826s] -- Up-to-date symlink: /home/futill/dummy2_hand_eye_calibration_ws/install/include/easy_handeye2_msgs/easy_handeye2_msgs/srv/enumerate_target_poses.h
[0.826s] -- Up-to-date symlink: /home/futill/dummy2_hand_eye_calibration_ws/install/include/easy_handeye2_msgs/easy_handeye2_msgs/srv/execute_plan.h
[0.827s] -- Up-to-date symlink: /home/futill/dummy2_hand_eye_calibration_ws/install/include/easy_handeye2_msgs/easy_handeye2_msgs/srv/list_algorithms.h
[0.827s] -- Up-to-date symlink: /home/futill/dummy2_hand_eye_calibration_ws/install/include/easy_handeye2_msgs/easy_handeye2_msgs/srv/load_samples.h
[0.827s] -- Up-to-date symlink: /home/futill/dummy2_hand_eye_calibration_ws/install/include/easy_handeye2_msgs/easy_handeye2_msgs/srv/plan_to_selected_target_pose.h
[0.827s] -- Up-to-date symlink: /home/futill/dummy2_hand_eye_calibration_ws/install/include/easy_handeye2_msgs/easy_handeye2_msgs/srv/remove_sample.h
[0.827s] -- Up-to-date symlink: /home/futill/dummy2_hand_eye_calibration_ws/install/include/easy_handeye2_msgs/easy_handeye2_msgs/srv/save_calibration.h
[0.827s] -- Up-to-date symlink: /home/futill/dummy2_hand_eye_calibration_ws/install/include/easy_handeye2_msgs/easy_handeye2_msgs/srv/save_samples.h
[0.827s] -- Up-to-date symlink: /home/futill/dummy2_hand_eye_calibration_ws/install/include/easy_handeye2_msgs/easy_handeye2_msgs/srv/select_target_pose.h
[0.827s] -- Up-to-date symlink: /home/futill/dummy2_hand_eye_calibration_ws/install/include/easy_handeye2_msgs/easy_handeye2_msgs/srv/set_algorithm.h
[0.828s] -- Up-to-date symlink: /home/futill/dummy2_hand_eye_calibration_ws/install/include/easy_handeye2_msgs/easy_handeye2_msgs/srv/take_sample.h
[0.828s] -- Up-to-date symlink: /home/futill/dummy2_hand_eye_calibration_ws/install/share/easy_handeye2_msgs/environment/library_path.sh
[0.828s] -- Up-to-date symlink: /home/futill/dummy2_hand_eye_calibration_ws/install/share/easy_handeye2_msgs/environment/library_path.dsv
[0.828s] -- Up-to-date symlink: /home/futill/dummy2_hand_eye_calibration_ws/install/include/easy_handeye2_msgs/easy_handeye2_msgs/msg/detail/handeye_calibration__rosidl_typesupport_fastrtps_c.h
[0.828s] -- Up-to-date symlink: /home/futill/dummy2_hand_eye_calibration_ws/install/include/easy_handeye2_msgs/easy_handeye2_msgs/msg/detail/handeye_calibration_parameters__rosidl_typesupport_fastrtps_c.h
[0.828s] -- Up-to-date symlink: /home/futill/dummy2_hand_eye_calibration_ws/install/include/easy_handeye2_msgs/easy_handeye2_msgs/msg/detail/sample__rosidl_typesupport_fastrtps_c.h
[0.828s] -- Up-to-date symlink: /home/futill/dummy2_hand_eye_calibration_ws/install/include/easy_handeye2_msgs/easy_handeye2_msgs/msg/detail/sample_list__rosidl_typesupport_fastrtps_c.h
[0.828s] -- Up-to-date symlink: /home/futill/dummy2_hand_eye_calibration_ws/install/include/easy_handeye2_msgs/easy_handeye2_msgs/msg/detail/target_pose_list__rosidl_typesupport_fastrtps_c.h
[0.828s] -- Up-to-date symlink: /home/futill/dummy2_hand_eye_calibration_ws/install/include/easy_handeye2_msgs/easy_handeye2_msgs/msg/rosidl_typesupport_fastrtps_c__visibility_control.h
[0.828s] -- Up-to-date symlink: /home/futill/dummy2_hand_eye_calibration_ws/install/include/easy_handeye2_msgs/easy_handeye2_msgs/srv/detail/check_starting_pose__rosidl_typesupport_fastrtps_c.h
[0.829s] -- Up-to-date symlink: /home/futill/dummy2_hand_eye_calibration_ws/install/include/easy_handeye2_msgs/easy_handeye2_msgs/srv/detail/compute_calibration__rosidl_typesupport_fastrtps_c.h
[0.829s] -- Up-to-date symlink: /home/futill/dummy2_hand_eye_calibration_ws/install/include/easy_handeye2_msgs/easy_handeye2_msgs/srv/detail/enumerate_target_poses__rosidl_typesupport_fastrtps_c.h
[0.829s] -- Up-to-date symlink: /home/futill/dummy2_hand_eye_calibration_ws/install/include/easy_handeye2_msgs/easy_handeye2_msgs/srv/detail/execute_plan__rosidl_typesupport_fastrtps_c.h
[0.829s] -- Up-to-date symlink: /home/futill/dummy2_hand_eye_calibration_ws/install/include/easy_handeye2_msgs/easy_handeye2_msgs/srv/detail/list_algorithms__rosidl_typesupport_fastrtps_c.h
[0.829s] -- Up-to-date symlink: /home/futill/dummy2_hand_eye_calibration_ws/install/include/easy_handeye2_msgs/easy_handeye2_msgs/srv/detail/load_samples__rosidl_typesupport_fastrtps_c.h
[0.829s] -- Up-to-date symlink: /home/futill/dummy2_hand_eye_calibration_ws/install/include/easy_handeye2_msgs/easy_handeye2_msgs/srv/detail/plan_to_selected_target_pose__rosidl_typesupport_fastrtps_c.h
[0.829s] -- Up-to-date symlink: /home/futill/dummy2_hand_eye_calibration_ws/install/include/easy_handeye2_msgs/easy_handeye2_msgs/srv/detail/remove_sample__rosidl_typesupport_fastrtps_c.h
[0.829s] -- Up-to-date symlink: /home/futill/dummy2_hand_eye_calibration_ws/install/include/easy_handeye2_msgs/easy_handeye2_msgs/srv/detail/save_calibration__rosidl_typesupport_fastrtps_c.h
[0.829s] -- Up-to-date symlink: /home/futill/dummy2_hand_eye_calibration_ws/install/include/easy_handeye2_msgs/easy_handeye2_msgs/srv/detail/save_samples__rosidl_typesupport_fastrtps_c.h
[0.829s] -- Up-to-date symlink: /home/futill/dummy2_hand_eye_calibration_ws/install/include/easy_handeye2_msgs/easy_handeye2_msgs/srv/detail/select_target_pose__rosidl_typesupport_fastrtps_c.h
[0.829s] -- Up-to-date symlink: /home/futill/dummy2_hand_eye_calibration_ws/install/include/easy_handeye2_msgs/easy_handeye2_msgs/srv/detail/set_algorithm__rosidl_typesupport_fastrtps_c.h
[0.830s] -- Up-to-date symlink: /home/futill/dummy2_hand_eye_calibration_ws/install/include/easy_handeye2_msgs/easy_handeye2_msgs/srv/detail/take_sample__rosidl_typesupport_fastrtps_c.h
[0.830s] -- Up-to-date symlink: /home/futill/dummy2_hand_eye_calibration_ws/install/include/easy_handeye2_msgs/easy_handeye2_msgs/msg/detail/handeye_calibration__rosidl_typesupport_introspection_c.h
[0.830s] -- Up-to-date symlink: /home/futill/dummy2_hand_eye_calibration_ws/install/include/easy_handeye2_msgs/easy_handeye2_msgs/msg/detail/handeye_calibration_parameters__rosidl_typesupport_introspection_c.h
[0.830s] -- Up-to-date symlink: /home/futill/dummy2_hand_eye_calibration_ws/install/include/easy_handeye2_msgs/easy_handeye2_msgs/msg/detail/sample__rosidl_typesupport_introspection_c.h
[0.830s] -- Up-to-date symlink: /home/futill/dummy2_hand_eye_calibration_ws/install/include/easy_handeye2_msgs/easy_handeye2_msgs/msg/detail/sample_list__rosidl_typesupport_introspection_c.h
[0.830s] -- Up-to-date symlink: /home/futill/dummy2_hand_eye_calibration_ws/install/include/easy_handeye2_msgs/easy_handeye2_msgs/msg/detail/target_pose_list__rosidl_typesupport_introspection_c.h
[0.830s] -- Up-to-date symlink: /home/futill/dummy2_hand_eye_calibration_ws/install/include/easy_handeye2_msgs/easy_handeye2_msgs/msg/rosidl_typesupport_introspection_c__visibility_control.h
[0.830s] -- Up-to-date symlink: /home/futill/dummy2_hand_eye_calibration_ws/install/include/easy_handeye2_msgs/easy_handeye2_msgs/srv/detail/check_starting_pose__rosidl_typesupport_introspection_c.h
[0.830s] -- Up-to-date symlink: /home/futill/dummy2_hand_eye_calibration_ws/install/include/easy_handeye2_msgs/easy_handeye2_msgs/srv/detail/compute_calibration__rosidl_typesupport_introspection_c.h
[0.830s] -- Up-to-date symlink: /home/futill/dummy2_hand_eye_calibration_ws/install/include/easy_handeye2_msgs/easy_handeye2_msgs/srv/detail/enumerate_target_poses__rosidl_typesupport_introspection_c.h
[0.830s] -- Up-to-date symlink: /home/futill/dummy2_hand_eye_calibration_ws/install/include/easy_handeye2_msgs/easy_handeye2_msgs/srv/detail/execute_plan__rosidl_typesupport_introspection_c.h
[0.830s] -- Up-to-date symlink: /home/futill/dummy2_hand_eye_calibration_ws/install/include/easy_handeye2_msgs/easy_handeye2_msgs/srv/detail/list_algorithms__rosidl_typesupport_introspection_c.h
[0.831s] -- Up-to-date symlink: /home/futill/dummy2_hand_eye_calibration_ws/install/include/easy_handeye2_msgs/easy_handeye2_msgs/srv/detail/load_samples__rosidl_typesupport_introspection_c.h
[0.831s] -- Up-to-date symlink: /home/futill/dummy2_hand_eye_calibration_ws/install/include/easy_handeye2_msgs/easy_handeye2_msgs/srv/detail/plan_to_selected_target_pose__rosidl_typesupport_introspection_c.h
[0.831s] -- Up-to-date symlink: /home/futill/dummy2_hand_eye_calibration_ws/install/include/easy_handeye2_msgs/easy_handeye2_msgs/srv/detail/remove_sample__rosidl_typesupport_introspection_c.h
[0.831s] -- Up-to-date symlink: /home/futill/dummy2_hand_eye_calibration_ws/install/include/easy_handeye2_msgs/easy_handeye2_msgs/srv/detail/save_calibration__rosidl_typesupport_introspection_c.h
[0.844s] -- Up-to-date symlink: /home/futill/dummy2_hand_eye_calibration_ws/install/include/easy_handeye2_msgs/easy_handeye2_msgs/srv/detail/save_samples__rosidl_typesupport_introspection_c.h
[0.844s] -- Up-to-date symlink: /home/futill/dummy2_hand_eye_calibration_ws/install/include/easy_handeye2_msgs/easy_handeye2_msgs/srv/detail/select_target_pose__rosidl_typesupport_introspection_c.h
[0.844s] -- Up-to-date symlink: /home/futill/dummy2_hand_eye_calibration_ws/install/include/easy_handeye2_msgs/easy_handeye2_msgs/srv/detail/set_algorithm__rosidl_typesupport_introspection_c.h
[0.846s] -- Up-to-date symlink: /home/futill/dummy2_hand_eye_calibration_ws/install/include/easy_handeye2_msgs/easy_handeye2_msgs/srv/detail/take_sample__rosidl_typesupport_introspection_c.h
[0.847s] -- Up-to-date symlink: /home/futill/dummy2_hand_eye_calibration_ws/install/include/easy_handeye2_msgs/easy_handeye2_msgs/msg/detail/handeye_calibration__builder.hpp
[0.847s] -- Up-to-date symlink: /home/futill/dummy2_hand_eye_calibration_ws/install/include/easy_handeye2_msgs/easy_handeye2_msgs/msg/detail/handeye_calibration__struct.hpp
[0.847s] -- Up-to-date symlink: /home/futill/dummy2_hand_eye_calibration_ws/install/include/easy_handeye2_msgs/easy_handeye2_msgs/msg/detail/handeye_calibration__traits.hpp
[0.847s] -- Up-to-date symlink: /home/futill/dummy2_hand_eye_calibration_ws/install/include/easy_handeye2_msgs/easy_handeye2_msgs/msg/detail/handeye_calibration__type_support.hpp
[0.849s] -- Up-to-date symlink: /home/futill/dummy2_hand_eye_calibration_ws/install/include/easy_handeye2_msgs/easy_handeye2_msgs/msg/detail/handeye_calibration_parameters__builder.hpp
[0.849s] -- Up-to-date symlink: /home/futill/dummy2_hand_eye_calibration_ws/install/include/easy_handeye2_msgs/easy_handeye2_msgs/msg/detail/handeye_calibration_parameters__struct.hpp
[0.849s] -- Up-to-date symlink: /home/futill/dummy2_hand_eye_calibration_ws/install/include/easy_handeye2_msgs/easy_handeye2_msgs/msg/detail/handeye_calibration_parameters__traits.hpp
[0.849s] -- Up-to-date symlink: /home/futill/dummy2_hand_eye_calibration_ws/install/include/easy_handeye2_msgs/easy_handeye2_msgs/msg/detail/handeye_calibration_parameters__type_support.hpp
[0.849s] -- Up-to-date symlink: /home/futill/dummy2_hand_eye_calibration_ws/install/include/easy_handeye2_msgs/easy_handeye2_msgs/msg/detail/sample__builder.hpp
[0.849s] -- Up-to-date symlink: /home/futill/dummy2_hand_eye_calibration_ws/install/include/easy_handeye2_msgs/easy_handeye2_msgs/msg/detail/sample__struct.hpp
[0.849s] -- Up-to-date symlink: /home/futill/dummy2_hand_eye_calibration_ws/install/include/easy_handeye2_msgs/easy_handeye2_msgs/msg/detail/sample__traits.hpp
[0.849s] -- Up-to-date symlink: /home/futill/dummy2_hand_eye_calibration_ws/install/include/easy_handeye2_msgs/easy_handeye2_msgs/msg/detail/sample__type_support.hpp
[0.849s] -- Up-to-date symlink: /home/futill/dummy2_hand_eye_calibration_ws/install/include/easy_handeye2_msgs/easy_handeye2_msgs/msg/detail/sample_list__builder.hpp
[0.850s] -- Up-to-date symlink: /home/futill/dummy2_hand_eye_calibration_ws/install/include/easy_handeye2_msgs/easy_handeye2_msgs/msg/detail/sample_list__struct.hpp
[0.850s] -- Up-to-date symlink: /home/futill/dummy2_hand_eye_calibration_ws/install/include/easy_handeye2_msgs/easy_handeye2_msgs/msg/detail/sample_list__traits.hpp
[0.850s] -- Up-to-date symlink: /home/futill/dummy2_hand_eye_calibration_ws/install/include/easy_handeye2_msgs/easy_handeye2_msgs/msg/detail/sample_list__type_support.hpp
[0.850s] -- Up-to-date symlink: /home/futill/dummy2_hand_eye_calibration_ws/install/include/easy_handeye2_msgs/easy_handeye2_msgs/msg/detail/target_pose_list__builder.hpp
[0.850s] -- Up-to-date symlink: /home/futill/dummy2_hand_eye_calibration_ws/install/include/easy_handeye2_msgs/easy_handeye2_msgs/msg/detail/target_pose_list__struct.hpp
[0.850s] -- Up-to-date symlink: /home/futill/dummy2_hand_eye_calibration_ws/install/include/easy_handeye2_msgs/easy_handeye2_msgs/msg/detail/target_pose_list__traits.hpp
[0.850s] -- Up-to-date symlink: /home/futill/dummy2_hand_eye_calibration_ws/install/include/easy_handeye2_msgs/easy_handeye2_msgs/msg/detail/target_pose_list__type_support.hpp
[0.850s] -- Up-to-date symlink: /home/futill/dummy2_hand_eye_calibration_ws/install/include/easy_handeye2_msgs/easy_handeye2_msgs/msg/handeye_calibration.hpp
[0.850s] -- Up-to-date symlink: /home/futill/dummy2_hand_eye_calibration_ws/install/include/easy_handeye2_msgs/easy_handeye2_msgs/msg/handeye_calibration_parameters.hpp
[0.850s] -- Up-to-date symlink: /home/futill/dummy2_hand_eye_calibration_ws/install/include/easy_handeye2_msgs/easy_handeye2_msgs/msg/rosidl_generator_cpp__visibility_control.hpp
[0.850s] -- Up-to-date symlink: /home/futill/dummy2_hand_eye_calibration_ws/install/include/easy_handeye2_msgs/easy_handeye2_msgs/msg/sample.hpp
[0.850s] -- Up-to-date symlink: /home/futill/dummy2_hand_eye_calibration_ws/install/include/easy_handeye2_msgs/easy_handeye2_msgs/msg/sample_list.hpp
[0.871s] -- Up-to-date symlink: /home/futill/dummy2_hand_eye_calibration_ws/install/include/easy_handeye2_msgs/easy_handeye2_msgs/msg/target_pose_list.hpp
[0.871s] -- Up-to-date symlink: /home/futill/dummy2_hand_eye_calibration_ws/install/include/easy_handeye2_msgs/easy_handeye2_msgs/srv/check_starting_pose.hpp
[0.871s] -- Up-to-date symlink: /home/futill/dummy2_hand_eye_calibration_ws/install/include/easy_handeye2_msgs/easy_handeye2_msgs/srv/compute_calibration.hpp
[0.871s] -- Up-to-date symlink: /home/futill/dummy2_hand_eye_calibration_ws/install/include/easy_handeye2_msgs/easy_handeye2_msgs/srv/detail/check_starting_pose__builder.hpp
[0.871s] -- Up-to-date symlink: /home/futill/dummy2_hand_eye_calibration_ws/install/include/easy_handeye2_msgs/easy_handeye2_msgs/srv/detail/check_starting_pose__struct.hpp
[0.872s] -- Up-to-date symlink: /home/futill/dummy2_hand_eye_calibration_ws/install/include/easy_handeye2_msgs/easy_handeye2_msgs/srv/detail/check_starting_pose__traits.hpp
[0.872s] -- Up-to-date symlink: /home/futill/dummy2_hand_eye_calibration_ws/install/include/easy_handeye2_msgs/easy_handeye2_msgs/srv/detail/check_starting_pose__type_support.hpp
[0.872s] -- Up-to-date symlink: /home/futill/dummy2_hand_eye_calibration_ws/install/include/easy_handeye2_msgs/easy_handeye2_msgs/srv/detail/compute_calibration__builder.hpp
[0.872s] -- Up-to-date symlink: /home/futill/dummy2_hand_eye_calibration_ws/install/include/easy_handeye2_msgs/easy_handeye2_msgs/srv/detail/compute_calibration__struct.hpp
[0.872s] -- Up-to-date symlink: /home/futill/dummy2_hand_eye_calibration_ws/install/include/easy_handeye2_msgs/easy_handeye2_msgs/srv/detail/compute_calibration__traits.hpp
[0.872s] -- Up-to-date symlink: /home/futill/dummy2_hand_eye_calibration_ws/install/include/easy_handeye2_msgs/easy_handeye2_msgs/srv/detail/compute_calibration__type_support.hpp
[0.872s] -- Up-to-date symlink: /home/futill/dummy2_hand_eye_calibration_ws/install/include/easy_handeye2_msgs/easy_handeye2_msgs/srv/detail/enumerate_target_poses__builder.hpp
[0.872s] -- Up-to-date symlink: /home/futill/dummy2_hand_eye_calibration_ws/install/include/easy_handeye2_msgs/easy_handeye2_msgs/srv/detail/enumerate_target_poses__struct.hpp
[0.872s] -- Up-to-date symlink: /home/futill/dummy2_hand_eye_calibration_ws/install/include/easy_handeye2_msgs/easy_handeye2_msgs/srv/detail/enumerate_target_poses__traits.hpp
[0.872s] -- Up-to-date symlink: /home/futill/dummy2_hand_eye_calibration_ws/install/include/easy_handeye2_msgs/easy_handeye2_msgs/srv/detail/enumerate_target_poses__type_support.hpp
[0.872s] -- Up-to-date symlink: /home/futill/dummy2_hand_eye_calibration_ws/install/include/easy_handeye2_msgs/easy_handeye2_msgs/srv/detail/execute_plan__builder.hpp
[0.872s] -- Up-to-date symlink: /home/futill/dummy2_hand_eye_calibration_ws/install/include/easy_handeye2_msgs/easy_handeye2_msgs/srv/detail/execute_plan__struct.hpp
[0.872s] -- Up-to-date symlink: /home/futill/dummy2_hand_eye_calibration_ws/install/include/easy_handeye2_msgs/easy_handeye2_msgs/srv/detail/execute_plan__traits.hpp
[0.872s] -- Up-to-date symlink: /home/futill/dummy2_hand_eye_calibration_ws/install/include/easy_handeye2_msgs/easy_handeye2_msgs/srv/detail/execute_plan__type_support.hpp
[0.872s] -- Up-to-date symlink: /home/futill/dummy2_hand_eye_calibration_ws/install/include/easy_handeye2_msgs/easy_handeye2_msgs/srv/detail/list_algorithms__builder.hpp
[0.872s] -- Up-to-date symlink: /home/futill/dummy2_hand_eye_calibration_ws/install/include/easy_handeye2_msgs/easy_handeye2_msgs/srv/detail/list_algorithms__struct.hpp
[0.872s] -- Up-to-date symlink: /home/futill/dummy2_hand_eye_calibration_ws/install/include/easy_handeye2_msgs/easy_handeye2_msgs/srv/detail/list_algorithms__traits.hpp
[0.876s] -- Up-to-date symlink: /home/futill/dummy2_hand_eye_calibration_ws/install/include/easy_handeye2_msgs/easy_handeye2_msgs/srv/detail/list_algorithms__type_support.hpp
[0.876s] -- Up-to-date symlink: /home/futill/dummy2_hand_eye_calibration_ws/install/include/easy_handeye2_msgs/easy_handeye2_msgs/srv/detail/load_samples__builder.hpp
[0.878s] -- Up-to-date symlink: /home/futill/dummy2_hand_eye_calibration_ws/install/include/easy_handeye2_msgs/easy_handeye2_msgs/srv/detail/load_samples__struct.hpp
[0.880s] -- Up-to-date symlink: /home/futill/dummy2_hand_eye_calibration_ws/install/include/easy_handeye2_msgs/easy_handeye2_msgs/srv/detail/load_samples__traits.hpp
[0.888s] -- Up-to-date symlink: /home/futill/dummy2_hand_eye_calibration_ws/install/include/easy_handeye2_msgs/easy_handeye2_msgs/srv/detail/load_samples__type_support.hpp
[0.888s] -- Up-to-date symlink: /home/futill/dummy2_hand_eye_calibration_ws/install/include/easy_handeye2_msgs/easy_handeye2_msgs/srv/detail/plan_to_selected_target_pose__builder.hpp
[0.888s] -- Up-to-date symlink: /home/futill/dummy2_hand_eye_calibration_ws/install/include/easy_handeye2_msgs/easy_handeye2_msgs/srv/detail/plan_to_selected_target_pose__struct.hpp
[0.888s] -- Up-to-date symlink: /home/futill/dummy2_hand_eye_calibration_ws/install/include/easy_handeye2_msgs/easy_handeye2_msgs/srv/detail/plan_to_selected_target_pose__traits.hpp
[0.888s] -- Up-to-date symlink: /home/futill/dummy2_hand_eye_calibration_ws/install/include/easy_handeye2_msgs/easy_handeye2_msgs/srv/detail/plan_to_selected_target_pose__type_support.hpp
[0.888s] -- Up-to-date symlink: /home/futill/dummy2_hand_eye_calibration_ws/install/include/easy_handeye2_msgs/easy_handeye2_msgs/srv/detail/remove_sample__builder.hpp
[0.889s] -- Up-to-date symlink: /home/futill/dummy2_hand_eye_calibration_ws/install/include/easy_handeye2_msgs/easy_handeye2_msgs/srv/detail/remove_sample__struct.hpp
[0.889s] -- Up-to-date symlink: /home/futill/dummy2_hand_eye_calibration_ws/install/include/easy_handeye2_msgs/easy_handeye2_msgs/srv/detail/remove_sample__traits.hpp
[0.889s] -- Up-to-date symlink: /home/futill/dummy2_hand_eye_calibration_ws/install/include/easy_handeye2_msgs/easy_handeye2_msgs/srv/detail/remove_sample__type_support.hpp
[0.889s] -- Up-to-date symlink: /home/futill/dummy2_hand_eye_calibration_ws/install/include/easy_handeye2_msgs/easy_handeye2_msgs/srv/detail/save_calibration__builder.hpp
[0.890s] -- Up-to-date symlink: /home/futill/dummy2_hand_eye_calibration_ws/install/include/easy_handeye2_msgs/easy_handeye2_msgs/srv/detail/save_calibration__struct.hpp
[0.890s] -- Up-to-date symlink: /home/futill/dummy2_hand_eye_calibration_ws/install/include/easy_handeye2_msgs/easy_handeye2_msgs/srv/detail/save_calibration__traits.hpp
[0.890s] -- Up-to-date symlink: /home/futill/dummy2_hand_eye_calibration_ws/install/include/easy_handeye2_msgs/easy_handeye2_msgs/srv/detail/save_calibration__type_support.hpp
[0.891s] -- Up-to-date symlink: /home/futill/dummy2_hand_eye_calibration_ws/install/include/easy_handeye2_msgs/easy_handeye2_msgs/srv/detail/save_samples__builder.hpp
[0.891s] -- Up-to-date symlink: /home/futill/dummy2_hand_eye_calibration_ws/install/include/easy_handeye2_msgs/easy_handeye2_msgs/srv/detail/save_samples__struct.hpp
[0.891s] -- Up-to-date symlink: /home/futill/dummy2_hand_eye_calibration_ws/install/include/easy_handeye2_msgs/easy_handeye2_msgs/srv/detail/save_samples__traits.hpp
[0.891s] -- Up-to-date symlink: /home/futill/dummy2_hand_eye_calibration_ws/install/include/easy_handeye2_msgs/easy_handeye2_msgs/srv/detail/save_samples__type_support.hpp
[0.897s] -- Up-to-date symlink: /home/futill/dummy2_hand_eye_calibration_ws/install/include/easy_handeye2_msgs/easy_handeye2_msgs/srv/detail/select_target_pose__builder.hpp
[0.897s] -- Up-to-date symlink: /home/futill/dummy2_hand_eye_calibration_ws/install/include/easy_handeye2_msgs/easy_handeye2_msgs/srv/detail/select_target_pose__struct.hpp
[0.897s] -- Up-to-date symlink: /home/futill/dummy2_hand_eye_calibration_ws/install/include/easy_handeye2_msgs/easy_handeye2_msgs/srv/detail/select_target_pose__traits.hpp
[0.897s] -- Up-to-date symlink: /home/futill/dummy2_hand_eye_calibration_ws/install/include/easy_handeye2_msgs/easy_handeye2_msgs/srv/detail/select_target_pose__type_support.hpp
[0.897s] -- Up-to-date symlink: /home/futill/dummy2_hand_eye_calibration_ws/install/include/easy_handeye2_msgs/easy_handeye2_msgs/srv/detail/set_algorithm__builder.hpp
[0.897s] -- Up-to-date symlink: /home/futill/dummy2_hand_eye_calibration_ws/install/include/easy_handeye2_msgs/easy_handeye2_msgs/srv/detail/set_algorithm__struct.hpp
[0.898s] -- Up-to-date symlink: /home/futill/dummy2_hand_eye_calibration_ws/install/include/easy_handeye2_msgs/easy_handeye2_msgs/srv/detail/set_algorithm__traits.hpp
[0.898s] -- Up-to-date symlink: /home/futill/dummy2_hand_eye_calibration_ws/install/include/easy_handeye2_msgs/easy_handeye2_msgs/srv/detail/set_algorithm__type_support.hpp
[0.898s] -- Up-to-date symlink: /home/futill/dummy2_hand_eye_calibration_ws/install/include/easy_handeye2_msgs/easy_handeye2_msgs/srv/detail/take_sample__builder.hpp
[0.898s] -- Up-to-date symlink: /home/futill/dummy2_hand_eye_calibration_ws/install/include/easy_handeye2_msgs/easy_handeye2_msgs/srv/detail/take_sample__struct.hpp
[0.898s] -- Up-to-date symlink: /home/futill/dummy2_hand_eye_calibration_ws/install/include/easy_handeye2_msgs/easy_handeye2_msgs/srv/detail/take_sample__traits.hpp
[0.898s] -- Up-to-date symlink: /home/futill/dummy2_hand_eye_calibration_ws/install/include/easy_handeye2_msgs/easy_handeye2_msgs/srv/detail/take_sample__type_support.hpp
[0.898s] -- Up-to-date symlink: /home/futill/dummy2_hand_eye_calibration_ws/install/include/easy_handeye2_msgs/easy_handeye2_msgs/srv/enumerate_target_poses.hpp
[0.898s] -- Up-to-date symlink: /home/futill/dummy2_hand_eye_calibration_ws/install/include/easy_handeye2_msgs/easy_handeye2_msgs/srv/execute_plan.hpp
[0.898s] -- Up-to-date symlink: /home/futill/dummy2_hand_eye_calibration_ws/install/include/easy_handeye2_msgs/easy_handeye2_msgs/srv/list_algorithms.hpp
[0.898s] -- Up-to-date symlink: /home/futill/dummy2_hand_eye_calibration_ws/install/include/easy_handeye2_msgs/easy_handeye2_msgs/srv/load_samples.hpp
[0.898s] -- Up-to-date symlink: /home/futill/dummy2_hand_eye_calibration_ws/install/include/easy_handeye2_msgs/easy_handeye2_msgs/srv/plan_to_selected_target_pose.hpp
[0.898s] -- Up-to-date symlink: /home/futill/dummy2_hand_eye_calibration_ws/install/include/easy_handeye2_msgs/easy_handeye2_msgs/srv/remove_sample.hpp
[0.898s] -- Up-to-date symlink: /home/futill/dummy2_hand_eye_calibration_ws/install/include/easy_handeye2_msgs/easy_handeye2_msgs/srv/save_calibration.hpp
[0.898s] -- Up-to-date symlink: /home/futill/dummy2_hand_eye_calibration_ws/install/include/easy_handeye2_msgs/easy_handeye2_msgs/srv/save_samples.hpp
[0.898s] -- Up-to-date symlink: /home/futill/dummy2_hand_eye_calibration_ws/install/include/easy_handeye2_msgs/easy_handeye2_msgs/srv/select_target_pose.hpp
[0.899s] -- Up-to-date symlink: /home/futill/dummy2_hand_eye_calibration_ws/install/include/easy_handeye2_msgs/easy_handeye2_msgs/srv/set_algorithm.hpp
[0.899s] -- Up-to-date symlink: /home/futill/dummy2_hand_eye_calibration_ws/install/include/easy_handeye2_msgs/easy_handeye2_msgs/srv/take_sample.hpp
[0.899s] -- Up-to-date symlink: /home/futill/dummy2_hand_eye_calibration_ws/install/include/easy_handeye2_msgs/easy_handeye2_msgs/msg/detail/handeye_calibration__rosidl_typesupport_fastrtps_cpp.hpp
[0.899s] -- Up-to-date symlink: /home/futill/dummy2_hand_eye_calibration_ws/install/include/easy_handeye2_msgs/easy_handeye2_msgs/msg/detail/handeye_calibration_parameters__rosidl_typesupport_fastrtps_cpp.hpp
[0.900s] -- Up-to-date symlink: /home/futill/dummy2_hand_eye_calibration_ws/install/include/easy_handeye2_msgs/easy_handeye2_msgs/msg/detail/sample__rosidl_typesupport_fastrtps_cpp.hpp
[0.900s] -- Up-to-date symlink: /home/futill/dummy2_hand_eye_calibration_ws/install/include/easy_handeye2_msgs/easy_handeye2_msgs/msg/detail/sample_list__rosidl_typesupport_fastrtps_cpp.hpp
[0.900s] -- Up-to-date symlink: /home/futill/dummy2_hand_eye_calibration_ws/install/include/easy_handeye2_msgs/easy_handeye2_msgs/msg/detail/target_pose_list__rosidl_typesupport_fastrtps_cpp.hpp
[0.901s] -- Up-to-date symlink: /home/futill/dummy2_hand_eye_calibration_ws/install/include/easy_handeye2_msgs/easy_handeye2_msgs/msg/rosidl_typesupport_fastrtps_cpp__visibility_control.h
[0.907s] -- Up-to-date symlink: /home/futill/dummy2_hand_eye_calibration_ws/install/include/easy_handeye2_msgs/easy_handeye2_msgs/srv/detail/check_starting_pose__rosidl_typesupport_fastrtps_cpp.hpp
[0.915s] -- Up-to-date symlink: /home/futill/dummy2_hand_eye_calibration_ws/install/include/easy_handeye2_msgs/easy_handeye2_msgs/srv/detail/compute_calibration__rosidl_typesupport_fastrtps_cpp.hpp
[0.916s] -- Up-to-date symlink: /home/futill/dummy2_hand_eye_calibration_ws/install/include/easy_handeye2_msgs/easy_handeye2_msgs/srv/detail/enumerate_target_poses__rosidl_typesupport_fastrtps_cpp.hpp
[0.917s] -- Up-to-date symlink: /home/futill/dummy2_hand_eye_calibration_ws/install/include/easy_handeye2_msgs/easy_handeye2_msgs/srv/detail/execute_plan__rosidl_typesupport_fastrtps_cpp.hpp
[0.920s] -- Up-to-date symlink: /home/futill/dummy2_hand_eye_calibration_ws/install/include/easy_handeye2_msgs/easy_handeye2_msgs/srv/detail/list_algorithms__rosidl_typesupport_fastrtps_cpp.hpp
[0.920s] -- Up-to-date symlink: /home/futill/dummy2_hand_eye_calibration_ws/install/include/easy_handeye2_msgs/easy_handeye2_msgs/srv/detail/load_samples__rosidl_typesupport_fastrtps_cpp.hpp
[0.921s] -- Up-to-date symlink: /home/futill/dummy2_hand_eye_calibration_ws/install/include/easy_handeye2_msgs/easy_handeye2_msgs/srv/detail/plan_to_selected_target_pose__rosidl_typesupport_fastrtps_cpp.hpp
[0.939s] -- Up-to-date symlink: /home/futill/dummy2_hand_eye_calibration_ws/install/include/easy_handeye2_msgs/easy_handeye2_msgs/srv/detail/remove_sample__rosidl_typesupport_fastrtps_cpp.hpp
[0.939s] -- Up-to-date symlink: /home/futill/dummy2_hand_eye_calibration_ws/install/include/easy_handeye2_msgs/easy_handeye2_msgs/srv/detail/save_calibration__rosidl_typesupport_fastrtps_cpp.hpp
[0.939s] -- Up-to-date symlink: /home/futill/dummy2_hand_eye_calibration_ws/install/include/easy_handeye2_msgs/easy_handeye2_msgs/srv/detail/save_samples__rosidl_typesupport_fastrtps_cpp.hpp
[0.946s] -- Up-to-date symlink: /home/futill/dummy2_hand_eye_calibration_ws/install/include/easy_handeye2_msgs/easy_handeye2_msgs/srv/detail/select_target_pose__rosidl_typesupport_fastrtps_cpp.hpp
[0.946s] -- Up-to-date symlink: /home/futill/dummy2_hand_eye_calibration_ws/install/include/easy_handeye2_msgs/easy_handeye2_msgs/srv/detail/set_algorithm__rosidl_typesupport_fastrtps_cpp.hpp
[0.946s] -- Up-to-date symlink: /home/futill/dummy2_hand_eye_calibration_ws/install/include/easy_handeye2_msgs/easy_handeye2_msgs/srv/detail/take_sample__rosidl_typesupport_fastrtps_cpp.hpp
[0.946s] -- Up-to-date symlink: /home/futill/dummy2_hand_eye_calibration_ws/install/include/easy_handeye2_msgs/easy_handeye2_msgs/msg/detail/handeye_calibration__rosidl_typesupport_introspection_cpp.hpp
[0.947s] -- Up-to-date symlink: /home/futill/dummy2_hand_eye_calibration_ws/install/include/easy_handeye2_msgs/easy_handeye2_msgs/msg/detail/handeye_calibration_parameters__rosidl_typesupport_introspection_cpp.hpp
[0.947s] -- Up-to-date symlink: /home/futill/dummy2_hand_eye_calibration_ws/install/include/easy_handeye2_msgs/easy_handeye2_msgs/msg/detail/sample__rosidl_typesupport_introspection_cpp.hpp
[0.947s] -- Up-to-date symlink: /home/futill/dummy2_hand_eye_calibration_ws/install/include/easy_handeye2_msgs/easy_handeye2_msgs/msg/detail/sample_list__rosidl_typesupport_introspection_cpp.hpp
[0.947s] -- Up-to-date symlink: /home/futill/dummy2_hand_eye_calibration_ws/install/include/easy_handeye2_msgs/easy_handeye2_msgs/msg/detail/target_pose_list__rosidl_typesupport_introspection_cpp.hpp
[0.947s] -- Up-to-date symlink: /home/futill/dummy2_hand_eye_calibration_ws/install/include/easy_handeye2_msgs/easy_handeye2_msgs/srv/detail/check_starting_pose__rosidl_typesupport_introspection_cpp.hpp
[0.947s] -- Up-to-date symlink: /home/futill/dummy2_hand_eye_calibration_ws/install/include/easy_handeye2_msgs/easy_handeye2_msgs/srv/detail/compute_calibration__rosidl_typesupport_introspection_cpp.hpp
[0.947s] -- Up-to-date symlink: /home/futill/dummy2_hand_eye_calibration_ws/install/include/easy_handeye2_msgs/easy_handeye2_msgs/srv/detail/enumerate_target_poses__rosidl_typesupport_introspection_cpp.hpp
[0.947s] -- Up-to-date symlink: /home/futill/dummy2_hand_eye_calibration_ws/install/include/easy_handeye2_msgs/easy_handeye2_msgs/srv/detail/execute_plan__rosidl_typesupport_introspection_cpp.hpp
[0.947s] -- Up-to-date symlink: /home/futill/dummy2_hand_eye_calibration_ws/install/include/easy_handeye2_msgs/easy_handeye2_msgs/srv/detail/list_algorithms__rosidl_typesupport_introspection_cpp.hpp
[0.947s] -- Up-to-date symlink: /home/futill/dummy2_hand_eye_calibration_ws/install/include/easy_handeye2_msgs/easy_handeye2_msgs/srv/detail/load_samples__rosidl_typesupport_introspection_cpp.hpp
[0.947s] -- Up-to-date symlink: /home/futill/dummy2_hand_eye_calibration_ws/install/include/easy_handeye2_msgs/easy_handeye2_msgs/srv/detail/plan_to_selected_target_pose__rosidl_typesupport_introspection_cpp.hpp
[0.947s] -- Up-to-date symlink: /home/futill/dummy2_hand_eye_calibration_ws/install/include/easy_handeye2_msgs/easy_handeye2_msgs/srv/detail/remove_sample__rosidl_typesupport_introspection_cpp.hpp
[0.947s] -- Up-to-date symlink: /home/futill/dummy2_hand_eye_calibration_ws/install/include/easy_handeye2_msgs/easy_handeye2_msgs/srv/detail/save_calibration__rosidl_typesupport_introspection_cpp.hpp
[0.947s] -- Up-to-date symlink: /home/futill/dummy2_hand_eye_calibration_ws/install/include/easy_handeye2_msgs/easy_handeye2_msgs/srv/detail/save_samples__rosidl_typesupport_introspection_cpp.hpp
[0.948s] -- Up-to-date symlink: /home/futill/dummy2_hand_eye_calibration_ws/install/include/easy_handeye2_msgs/easy_handeye2_msgs/srv/detail/select_target_pose__rosidl_typesupport_introspection_cpp.hpp
[0.948s] -- Up-to-date symlink: /home/futill/dummy2_hand_eye_calibration_ws/install/include/easy_handeye2_msgs/easy_handeye2_msgs/srv/detail/set_algorithm__rosidl_typesupport_introspection_cpp.hpp
[0.948s] -- Up-to-date symlink: /home/futill/dummy2_hand_eye_calibration_ws/install/include/easy_handeye2_msgs/easy_handeye2_msgs/srv/detail/take_sample__rosidl_typesupport_introspection_cpp.hpp
[0.948s] -- Up-to-date symlink: /home/futill/dummy2_hand_eye_calibration_ws/install/share/easy_handeye2_msgs/environment/pythonpath.sh
[0.948s] -- Up-to-date symlink: /home/futill/dummy2_hand_eye_calibration_ws/install/share/easy_handeye2_msgs/environment/pythonpath.dsv
[0.948s] -- Up-to-date symlink: /home/futill/dummy2_hand_eye_calibration_ws/install/local/lib/python3.10/dist-packages/easy_handeye2_msgs-0.5.0-py3.10.egg-info/PKG-INFO
[0.948s] -- Up-to-date symlink: /home/futill/dummy2_hand_eye_calibration_ws/install/local/lib/python3.10/dist-packages/easy_handeye2_msgs-0.5.0-py3.10.egg-info/SOURCES.txt
[0.948s] -- Up-to-date symlink: /home/futill/dummy2_hand_eye_calibration_ws/install/local/lib/python3.10/dist-packages/easy_handeye2_msgs-0.5.0-py3.10.egg-info/dependency_links.txt
[0.948s] -- Up-to-date symlink: /home/futill/dummy2_hand_eye_calibration_ws/install/local/lib/python3.10/dist-packages/easy_handeye2_msgs-0.5.0-py3.10.egg-info/top_level.txt
[0.948s] -- Up-to-date symlink: /home/futill/dummy2_hand_eye_calibration_ws/install/local/lib/python3.10/dist-packages/easy_handeye2_msgs/__init__.py
[0.949s] -- Up-to-date symlink: /home/futill/dummy2_hand_eye_calibration_ws/install/local/lib/python3.10/dist-packages/easy_handeye2_msgs/_easy_handeye2_msgs_s.ep.rosidl_typesupport_c.c
[0.949s] -- Up-to-date symlink: /home/futill/dummy2_hand_eye_calibration_ws/install/local/lib/python3.10/dist-packages/easy_handeye2_msgs/_easy_handeye2_msgs_s.ep.rosidl_typesupport_fastrtps_c.c
[0.949s] -- Up-to-date symlink: /home/futill/dummy2_hand_eye_calibration_ws/install/local/lib/python3.10/dist-packages/easy_handeye2_msgs/_easy_handeye2_msgs_s.ep.rosidl_typesupport_introspection_c.c
[0.949s] -- Up-to-date symlink: /home/futill/dummy2_hand_eye_calibration_ws/install/local/lib/python3.10/dist-packages/easy_handeye2_msgs/easy_handeye2_msgs_s__rosidl_typesupport_c.cpython-310-x86_64-linux-gnu.so
[0.950s] -- Up-to-date symlink: /home/futill/dummy2_hand_eye_calibration_ws/install/local/lib/python3.10/dist-packages/easy_handeye2_msgs/easy_handeye2_msgs_s__rosidl_typesupport_fastrtps_c.cpython-310-x86_64-linux-gnu.so
[0.950s] -- Up-to-date symlink: /home/futill/dummy2_hand_eye_calibration_ws/install/local/lib/python3.10/dist-packages/easy_handeye2_msgs/easy_handeye2_msgs_s__rosidl_typesupport_introspection_c.cpython-310-x86_64-linux-gnu.so
[0.963s] -- Up-to-date symlink: /home/futill/dummy2_hand_eye_calibration_ws/install/local/lib/python3.10/dist-packages/easy_handeye2_msgs/libeasy_handeye2_msgs__rosidl_generator_py.so
[0.964s] -- Up-to-date symlink: /home/futill/dummy2_hand_eye_calibration_ws/install/local/lib/python3.10/dist-packages/easy_handeye2_msgs/msg/__init__.py
[0.972s] -- Up-to-date symlink: /home/futill/dummy2_hand_eye_calibration_ws/install/local/lib/python3.10/dist-packages/easy_handeye2_msgs/msg/_handeye_calibration.py
[0.972s] -- Up-to-date symlink: /home/futill/dummy2_hand_eye_calibration_ws/install/local/lib/python3.10/dist-packages/easy_handeye2_msgs/msg/_handeye_calibration_parameters.py
[0.972s] -- Up-to-date symlink: /home/futill/dummy2_hand_eye_calibration_ws/install/local/lib/python3.10/dist-packages/easy_handeye2_msgs/msg/_handeye_calibration_parameters_s.c
[0.972s] -- Up-to-date symlink: /home/futill/dummy2_hand_eye_calibration_ws/install/local/lib/python3.10/dist-packages/easy_handeye2_msgs/msg/_handeye_calibration_s.c
[0.972s] -- Up-to-date symlink: /home/futill/dummy2_hand_eye_calibration_ws/install/local/lib/python3.10/dist-packages/easy_handeye2_msgs/msg/_sample.py
[0.972s] -- Up-to-date symlink: /home/futill/dummy2_hand_eye_calibration_ws/install/local/lib/python3.10/dist-packages/easy_handeye2_msgs/msg/_sample_list.py
[0.973s] -- Up-to-date symlink: /home/futill/dummy2_hand_eye_calibration_ws/install/local/lib/python3.10/dist-packages/easy_handeye2_msgs/msg/_sample_list_s.c
[0.973s] -- Up-to-date symlink: /home/futill/dummy2_hand_eye_calibration_ws/install/local/lib/python3.10/dist-packages/easy_handeye2_msgs/msg/_sample_s.c
[0.973s] -- Up-to-date symlink: /home/futill/dummy2_hand_eye_calibration_ws/install/local/lib/python3.10/dist-packages/easy_handeye2_msgs/msg/_target_pose_list.py
[0.973s] -- Up-to-date symlink: /home/futill/dummy2_hand_eye_calibration_ws/install/local/lib/python3.10/dist-packages/easy_handeye2_msgs/msg/_target_pose_list_s.c
[0.973s] -- Up-to-date symlink: /home/futill/dummy2_hand_eye_calibration_ws/install/local/lib/python3.10/dist-packages/easy_handeye2_msgs/srv/__init__.py
[0.973s] -- Up-to-date symlink: /home/futill/dummy2_hand_eye_calibration_ws/install/local/lib/python3.10/dist-packages/easy_handeye2_msgs/srv/_check_starting_pose.py
[0.973s] -- Up-to-date symlink: /home/futill/dummy2_hand_eye_calibration_ws/install/local/lib/python3.10/dist-packages/easy_handeye2_msgs/srv/_check_starting_pose_s.c
[0.973s] -- Up-to-date symlink: /home/futill/dummy2_hand_eye_calibration_ws/install/local/lib/python3.10/dist-packages/easy_handeye2_msgs/srv/_compute_calibration.py
[0.973s] -- Up-to-date symlink: /home/futill/dummy2_hand_eye_calibration_ws/install/local/lib/python3.10/dist-packages/easy_handeye2_msgs/srv/_compute_calibration_s.c
[0.973s] -- Up-to-date symlink: /home/futill/dummy2_hand_eye_calibration_ws/install/local/lib/python3.10/dist-packages/easy_handeye2_msgs/srv/_enumerate_target_poses.py
[0.973s] -- Up-to-date symlink: /home/futill/dummy2_hand_eye_calibration_ws/install/local/lib/python3.10/dist-packages/easy_handeye2_msgs/srv/_enumerate_target_poses_s.c
[0.973s] -- Up-to-date symlink: /home/futill/dummy2_hand_eye_calibration_ws/install/local/lib/python3.10/dist-packages/easy_handeye2_msgs/srv/_execute_plan.py
[0.973s] -- Up-to-date symlink: /home/futill/dummy2_hand_eye_calibration_ws/install/local/lib/python3.10/dist-packages/easy_handeye2_msgs/srv/_execute_plan_s.c
[0.973s] -- Up-to-date symlink: /home/futill/dummy2_hand_eye_calibration_ws/install/local/lib/python3.10/dist-packages/easy_handeye2_msgs/srv/_list_algorithms.py
[0.973s] -- Up-to-date symlink: /home/futill/dummy2_hand_eye_calibration_ws/install/local/lib/python3.10/dist-packages/easy_handeye2_msgs/srv/_list_algorithms_s.c
[0.974s] -- Up-to-date symlink: /home/futill/dummy2_hand_eye_calibration_ws/install/local/lib/python3.10/dist-packages/easy_handeye2_msgs/srv/_load_samples.py
[0.974s] -- Up-to-date symlink: /home/futill/dummy2_hand_eye_calibration_ws/install/local/lib/python3.10/dist-packages/easy_handeye2_msgs/srv/_load_samples_s.c
[0.974s] -- Up-to-date symlink: /home/futill/dummy2_hand_eye_calibration_ws/install/local/lib/python3.10/dist-packages/easy_handeye2_msgs/srv/_plan_to_selected_target_pose.py
[0.974s] -- Up-to-date symlink: /home/futill/dummy2_hand_eye_calibration_ws/install/local/lib/python3.10/dist-packages/easy_handeye2_msgs/srv/_plan_to_selected_target_pose_s.c
[0.974s] -- Up-to-date symlink: /home/futill/dummy2_hand_eye_calibration_ws/install/local/lib/python3.10/dist-packages/easy_handeye2_msgs/srv/_remove_sample.py
[0.974s] -- Up-to-date symlink: /home/futill/dummy2_hand_eye_calibration_ws/install/local/lib/python3.10/dist-packages/easy_handeye2_msgs/srv/_remove_sample_s.c
[0.974s] -- Up-to-date symlink: /home/futill/dummy2_hand_eye_calibration_ws/install/local/lib/python3.10/dist-packages/easy_handeye2_msgs/srv/_save_calibration.py
[0.979s] -- Up-to-date symlink: /home/futill/dummy2_hand_eye_calibration_ws/install/local/lib/python3.10/dist-packages/easy_handeye2_msgs/srv/_save_calibration_s.c
[0.981s] -- Up-to-date symlink: /home/futill/dummy2_hand_eye_calibration_ws/install/local/lib/python3.10/dist-packages/easy_handeye2_msgs/srv/_save_samples.py
[0.981s] -- Up-to-date symlink: /home/futill/dummy2_hand_eye_calibration_ws/install/local/lib/python3.10/dist-packages/easy_handeye2_msgs/srv/_save_samples_s.c
[0.981s] -- Up-to-date symlink: /home/futill/dummy2_hand_eye_calibration_ws/install/local/lib/python3.10/dist-packages/easy_handeye2_msgs/srv/_select_target_pose.py
[0.981s] -- Up-to-date symlink: /home/futill/dummy2_hand_eye_calibration_ws/install/local/lib/python3.10/dist-packages/easy_handeye2_msgs/srv/_select_target_pose_s.c
[0.982s] -- Up-to-date symlink: /home/futill/dummy2_hand_eye_calibration_ws/install/local/lib/python3.10/dist-packages/easy_handeye2_msgs/srv/_set_algorithm.py
[0.987s] -- Up-to-date symlink: /home/futill/dummy2_hand_eye_calibration_ws/install/local/lib/python3.10/dist-packages/easy_handeye2_msgs/srv/_set_algorithm_s.c
[0.988s] -- Up-to-date symlink: /home/futill/dummy2_hand_eye_calibration_ws/install/local/lib/python3.10/dist-packages/easy_handeye2_msgs/srv/_take_sample.py
[0.988s] -- Up-to-date symlink: /home/futill/dummy2_hand_eye_calibration_ws/install/local/lib/python3.10/dist-packages/easy_handeye2_msgs/srv/_take_sample_s.c
[0.988s] -- Up-to-date symlink: /home/futill/dummy2_hand_eye_calibration_ws/install/local/lib/python3.10/dist-packages/easy_handeye2_msgs/easy_handeye2_msgs_s__rosidl_typesupport_fastrtps_c.cpython-310-x86_64-linux-gnu.so
[0.988s] -- Up-to-date symlink: /home/futill/dummy2_hand_eye_calibration_ws/install/local/lib/python3.10/dist-packages/easy_handeye2_msgs/easy_handeye2_msgs_s__rosidl_typesupport_introspection_c.cpython-310-x86_64-linux-gnu.so
[0.988s] -- Up-to-date symlink: /home/futill/dummy2_hand_eye_calibration_ws/install/local/lib/python3.10/dist-packages/easy_handeye2_msgs/easy_handeye2_msgs_s__rosidl_typesupport_c.cpython-310-x86_64-linux-gnu.so
[0.988s] -- Up-to-date symlink: /home/futill/dummy2_hand_eye_calibration_ws/install/share/easy_handeye2_msgs/msg/HandeyeCalibration.idl
[0.988s] -- Up-to-date symlink: /home/futill/dummy2_hand_eye_calibration_ws/install/share/easy_handeye2_msgs/msg/HandeyeCalibrationParameters.idl
[0.988s] -- Up-to-date symlink: /home/futill/dummy2_hand_eye_calibration_ws/install/share/easy_handeye2_msgs/msg/Sample.idl
[0.988s] -- Up-to-date symlink: /home/futill/dummy2_hand_eye_calibration_ws/install/share/easy_handeye2_msgs/msg/SampleList.idl
[0.988s] -- Up-to-date symlink: /home/futill/dummy2_hand_eye_calibration_ws/install/share/easy_handeye2_msgs/msg/TargetPoseList.idl
[0.988s] -- Up-to-date symlink: /home/futill/dummy2_hand_eye_calibration_ws/install/share/easy_handeye2_msgs/srv/ListAlgorithms.idl
[0.988s] -- Up-to-date symlink: /home/futill/dummy2_hand_eye_calibration_ws/install/share/easy_handeye2_msgs/srv/SetAlgorithm.idl
[0.988s] -- Up-to-date symlink: /home/futill/dummy2_hand_eye_calibration_ws/install/share/easy_handeye2_msgs/srv/ComputeCalibration.idl
[0.988s] -- Up-to-date symlink: /home/futill/dummy2_hand_eye_calibration_ws/install/share/easy_handeye2_msgs/srv/SaveCalibration.idl
[0.988s] -- Up-to-date symlink: /home/futill/dummy2_hand_eye_calibration_ws/install/share/easy_handeye2_msgs/srv/RemoveSample.idl
[0.988s] -- Up-to-date symlink: /home/futill/dummy2_hand_eye_calibration_ws/install/share/easy_handeye2_msgs/srv/TakeSample.idl
[0.988s] -- Up-to-date symlink: /home/futill/dummy2_hand_eye_calibration_ws/install/share/easy_handeye2_msgs/srv/SaveSamples.idl
[0.989s] -- Up-to-date symlink: /home/futill/dummy2_hand_eye_calibration_ws/install/share/easy_handeye2_msgs/srv/LoadSamples.idl
[0.989s] -- Up-to-date symlink: /home/futill/dummy2_hand_eye_calibration_ws/install/share/easy_handeye2_msgs/srv/CheckStartingPose.idl
[0.993s] -- Up-to-date symlink: /home/futill/dummy2_hand_eye_calibration_ws/install/share/easy_handeye2_msgs/srv/EnumerateTargetPoses.idl
[0.993s] -- Up-to-date symlink: /home/futill/dummy2_hand_eye_calibration_ws/install/share/easy_handeye2_msgs/srv/SelectTargetPose.idl
[0.993s] -- Up-to-date symlink: /home/futill/dummy2_hand_eye_calibration_ws/install/share/easy_handeye2_msgs/srv/PlanToSelectedTargetPose.idl
[0.994s] -- Up-to-date symlink: /home/futill/dummy2_hand_eye_calibration_ws/install/share/easy_handeye2_msgs/srv/ExecutePlan.idl
[0.994s] -- Up-to-date symlink: /home/futill/dummy2_hand_eye_calibration_ws/install/share/easy_handeye2_msgs/msg/HandeyeCalibration.msg
[0.994s] -- Up-to-date symlink: /home/futill/dummy2_hand_eye_calibration_ws/install/share/easy_handeye2_msgs/msg/HandeyeCalibrationParameters.msg
[0.998s] -- Up-to-date symlink: /home/futill/dummy2_hand_eye_calibration_ws/install/share/easy_handeye2_msgs/msg/Sample.msg
[0.998s] -- Up-to-date symlink: /home/futill/dummy2_hand_eye_calibration_ws/install/share/easy_handeye2_msgs/msg/SampleList.msg
[0.998s] -- Up-to-date symlink: /home/futill/dummy2_hand_eye_calibration_ws/install/share/easy_handeye2_msgs/msg/TargetPoseList.msg
[0.999s] -- Up-to-date symlink: /home/futill/dummy2_hand_eye_calibration_ws/install/share/easy_handeye2_msgs/calibration/ListAlgorithms.srv
[0.999s] -- Up-to-date symlink: /home/futill/dummy2_hand_eye_calibration_ws/install/share/easy_handeye2_msgs/calibration/ListAlgorithms_Request.msg
[0.999s] -- Up-to-date symlink: /home/futill/dummy2_hand_eye_calibration_ws/install/share/easy_handeye2_msgs/calibration/ListAlgorithms_Response.msg
[0.999s] -- Up-to-date symlink: /home/futill/dummy2_hand_eye_calibration_ws/install/share/easy_handeye2_msgs/calibration/SetAlgorithm.srv
[1.003s] -- Up-to-date symlink: /home/futill/dummy2_hand_eye_calibration_ws/install/share/easy_handeye2_msgs/calibration/SetAlgorithm_Request.msg
[1.004s] -- Up-to-date symlink: /home/futill/dummy2_hand_eye_calibration_ws/install/share/easy_handeye2_msgs/calibration/SetAlgorithm_Response.msg
[1.004s] -- Up-to-date symlink: /home/futill/dummy2_hand_eye_calibration_ws/install/share/easy_handeye2_msgs/calibration/ComputeCalibration.srv
[1.009s] -- Up-to-date symlink: /home/futill/dummy2_hand_eye_calibration_ws/install/share/easy_handeye2_msgs/calibration/ComputeCalibration_Request.msg
[1.011s] -- Up-to-date symlink: /home/futill/dummy2_hand_eye_calibration_ws/install/share/easy_handeye2_msgs/calibration/ComputeCalibration_Response.msg
[1.011s] -- Up-to-date symlink: /home/futill/dummy2_hand_eye_calibration_ws/install/share/easy_handeye2_msgs/calibration/SaveCalibration.srv
[1.011s] -- Up-to-date symlink: /home/futill/dummy2_hand_eye_calibration_ws/install/share/easy_handeye2_msgs/calibration/SaveCalibration_Request.msg
[1.011s] -- Up-to-date symlink: /home/futill/dummy2_hand_eye_calibration_ws/install/share/easy_handeye2_msgs/calibration/SaveCalibration_Response.msg
[1.011s] -- Up-to-date symlink: /home/futill/dummy2_hand_eye_calibration_ws/install/share/easy_handeye2_msgs/calibration/RemoveSample.srv
[1.012s] -- Up-to-date symlink: /home/futill/dummy2_hand_eye_calibration_ws/install/share/easy_handeye2_msgs/calibration/RemoveSample_Request.msg
[1.012s] -- Up-to-date symlink: /home/futill/dummy2_hand_eye_calibration_ws/install/share/easy_handeye2_msgs/calibration/RemoveSample_Response.msg
[1.012s] -- Up-to-date symlink: /home/futill/dummy2_hand_eye_calibration_ws/install/share/easy_handeye2_msgs/calibration/TakeSample.srv
[1.012s] -- Up-to-date symlink: /home/futill/dummy2_hand_eye_calibration_ws/install/share/easy_handeye2_msgs/calibration/TakeSample_Request.msg
[1.012s] -- Up-to-date symlink: /home/futill/dummy2_hand_eye_calibration_ws/install/share/easy_handeye2_msgs/calibration/TakeSample_Response.msg
[1.012s] -- Up-to-date symlink: /home/futill/dummy2_hand_eye_calibration_ws/install/share/easy_handeye2_msgs/calibration/SaveSamples.srv
[1.012s] -- Up-to-date symlink: /home/futill/dummy2_hand_eye_calibration_ws/install/share/easy_handeye2_msgs/calibration/SaveSamples_Request.msg
[1.012s] -- Up-to-date symlink: /home/futill/dummy2_hand_eye_calibration_ws/install/share/easy_handeye2_msgs/calibration/SaveSamples_Response.msg
[1.012s] -- Up-to-date symlink: /home/futill/dummy2_hand_eye_calibration_ws/install/share/easy_handeye2_msgs/calibration/LoadSamples.srv
[1.012s] -- Up-to-date symlink: /home/futill/dummy2_hand_eye_calibration_ws/install/share/easy_handeye2_msgs/calibration/LoadSamples_Request.msg
[1.012s] -- Up-to-date symlink: /home/futill/dummy2_hand_eye_calibration_ws/install/share/easy_handeye2_msgs/calibration/LoadSamples_Response.msg
[1.012s] -- Up-to-date symlink: /home/futill/dummy2_hand_eye_calibration_ws/install/share/easy_handeye2_msgs/robot_movements/CheckStartingPose.srv
[1.012s] -- Up-to-date symlink: /home/futill/dummy2_hand_eye_calibration_ws/install/share/easy_handeye2_msgs/robot_movements/CheckStartingPose_Request.msg
[1.012s] -- Up-to-date symlink: /home/futill/dummy2_hand_eye_calibration_ws/install/share/easy_handeye2_msgs/robot_movements/CheckStartingPose_Response.msg
[1.014s] -- Up-to-date symlink: /home/futill/dummy2_hand_eye_calibration_ws/install/share/easy_handeye2_msgs/robot_movements/EnumerateTargetPoses.srv
[1.014s] -- Up-to-date symlink: /home/futill/dummy2_hand_eye_calibration_ws/install/share/easy_handeye2_msgs/robot_movements/EnumerateTargetPoses_Request.msg
[1.014s] -- Up-to-date symlink: /home/futill/dummy2_hand_eye_calibration_ws/install/share/easy_handeye2_msgs/robot_movements/EnumerateTargetPoses_Response.msg
[1.014s] -- Up-to-date symlink: /home/futill/dummy2_hand_eye_calibration_ws/install/share/easy_handeye2_msgs/robot_movements/SelectTargetPose.srv
[1.014s] -- Up-to-date symlink: /home/futill/dummy2_hand_eye_calibration_ws/install/share/easy_handeye2_msgs/robot_movements/SelectTargetPose_Request.msg
[1.014s] -- Up-to-date symlink: /home/futill/dummy2_hand_eye_calibration_ws/install/share/easy_handeye2_msgs/robot_movements/SelectTargetPose_Response.msg
[1.014s] -- Up-to-date symlink: /home/futill/dummy2_hand_eye_calibration_ws/install/share/easy_handeye2_msgs/robot_movements/PlanToSelectedTargetPose.srv
[1.014s] -- Up-to-date symlink: /home/futill/dummy2_hand_eye_calibration_ws/install/share/easy_handeye2_msgs/robot_movements/PlanToSelectedTargetPose_Request.msg
[1.014s] -- Up-to-date symlink: /home/futill/dummy2_hand_eye_calibration_ws/install/share/easy_handeye2_msgs/robot_movements/PlanToSelectedTargetPose_Response.msg
[1.014s] -- Up-to-date symlink: /home/futill/dummy2_hand_eye_calibration_ws/install/share/easy_handeye2_msgs/robot_movements/ExecutePlan.srv
[1.014s] -- Up-to-date symlink: /home/futill/dummy2_hand_eye_calibration_ws/install/share/easy_handeye2_msgs/robot_movements/ExecutePlan_Request.msg
[1.014s] -- Up-to-date symlink: /home/futill/dummy2_hand_eye_calibration_ws/install/share/easy_handeye2_msgs/robot_movements/ExecutePlan_Response.msg
[1.014s] -- Up-to-date symlink: /home/futill/dummy2_hand_eye_calibration_ws/install/share/ament_index/resource_index/package_run_dependencies/easy_handeye2_msgs
[1.015s] -- Up-to-date symlink: /home/futill/dummy2_hand_eye_calibration_ws/install/share/ament_index/resource_index/parent_prefix_path/easy_handeye2_msgs
[1.015s] -- Up-to-date symlink: /home/futill/dummy2_hand_eye_calibration_ws/install/share/easy_handeye2_msgs/environment/ament_prefix_path.sh
[1.015s] -- Up-to-date symlink: /home/futill/dummy2_hand_eye_calibration_ws/install/share/easy_handeye2_msgs/environment/ament_prefix_path.dsv
[1.015s] -- Up-to-date symlink: /home/futill/dummy2_hand_eye_calibration_ws/install/share/easy_handeye2_msgs/environment/path.sh
[1.015s] -- Up-to-date symlink: /home/futill/dummy2_hand_eye_calibration_ws/install/share/easy_handeye2_msgs/environment/path.dsv
[1.015s] -- Up-to-date symlink: /home/futill/dummy2_hand_eye_calibration_ws/install/share/easy_handeye2_msgs/local_setup.bash
[1.015s] -- Up-to-date symlink: /home/futill/dummy2_hand_eye_calibration_ws/install/share/easy_handeye2_msgs/local_setup.sh
[1.015s] -- Up-to-date symlink: /home/futill/dummy2_hand_eye_calibration_ws/install/share/easy_handeye2_msgs/local_setup.zsh
[1.016s] -- Up-to-date symlink: /home/futill/dummy2_hand_eye_calibration_ws/install/share/easy_handeye2_msgs/local_setup.dsv
[1.016s] -- Symlinking: /home/futill/dummy2_hand_eye_calibration_ws/install/share/easy_handeye2_msgs/package.dsv
[1.017s] -- Up-to-date symlink: /home/futill/dummy2_hand_eye_calibration_ws/install/share/ament_index/resource_index/packages/easy_handeye2_msgs
[1.017s] -- Up-to-date symlink: /home/futill/dummy2_hand_eye_calibration_ws/install/share/easy_handeye2_msgs/cmake/rosidl_cmake-extras.cmake
[1.017s] -- Up-to-date symlink: /home/futill/dummy2_hand_eye_calibration_ws/install/share/easy_handeye2_msgs/cmake/ament_cmake_export_dependencies-extras.cmake
[1.017s] -- Up-to-date symlink: /home/futill/dummy2_hand_eye_calibration_ws/install/share/easy_handeye2_msgs/cmake/ament_cmake_export_include_directories-extras.cmake
[1.017s] -- Up-to-date symlink: /home/futill/dummy2_hand_eye_calibration_ws/install/share/easy_handeye2_msgs/cmake/ament_cmake_export_libraries-extras.cmake
[1.021s] -- Up-to-date symlink: /home/futill/dummy2_hand_eye_calibration_ws/install/share/easy_handeye2_msgs/cmake/ament_cmake_export_targets-extras.cmake
[1.021s] -- Up-to-date symlink: /home/futill/dummy2_hand_eye_calibration_ws/install/share/easy_handeye2_msgs/cmake/rosidl_cmake_export_typesupport_targets-extras.cmake
[1.021s] -- Up-to-date symlink: /home/futill/dummy2_hand_eye_calibration_ws/install/share/easy_handeye2_msgs/cmake/rosidl_cmake_export_typesupport_libraries-extras.cmake
[1.021s] -- Up-to-date symlink: /home/futill/dummy2_hand_eye_calibration_ws/install/share/easy_handeye2_msgs/cmake/easy_handeye2_msgsConfig.cmake
[1.021s] -- Up-to-date symlink: /home/futill/dummy2_hand_eye_calibration_ws/install/share/easy_handeye2_msgs/cmake/easy_handeye2_msgsConfig-version.cmake
[1.021s] -- Up-to-date symlink: /home/futill/dummy2_hand_eye_calibration_ws/install/share/easy_handeye2_msgs/package.xml
[1.022s] -- Up-to-date: /home/futill/dummy2_hand_eye_calibration_ws/install/lib/libeasy_handeye2_msgs__rosidl_generator_c.so
[1.022s] -- Up-to-date: /home/futill/dummy2_hand_eye_calibration_ws/install/lib/libeasy_handeye2_msgs__rosidl_typesupport_fastrtps_c.so
[1.022s] -- Up-to-date: /home/futill/dummy2_hand_eye_calibration_ws/install/lib/libeasy_handeye2_msgs__rosidl_typesupport_introspection_c.so
[1.023s] -- Up-to-date: /home/futill/dummy2_hand_eye_calibration_ws/install/lib/libeasy_handeye2_msgs__rosidl_typesupport_c.so
[1.023s] -- Up-to-date: /home/futill/dummy2_hand_eye_calibration_ws/install/lib/libeasy_handeye2_msgs__rosidl_typesupport_fastrtps_cpp.so
[1.023s] -- Up-to-date: /home/futill/dummy2_hand_eye_calibration_ws/install/lib/libeasy_handeye2_msgs__rosidl_typesupport_introspection_cpp.so
[1.023s] -- Up-to-date: /home/futill/dummy2_hand_eye_calibration_ws/install/lib/libeasy_handeye2_msgs__rosidl_typesupport_cpp.so
[1.110s] Listing '/home/futill/dummy2_hand_eye_calibration_ws/install/local/lib/python3.10/dist-packages/easy_handeye2_msgs'...
[1.110s] Listing '/home/futill/dummy2_hand_eye_calibration_ws/install/local/lib/python3.10/dist-packages/easy_handeye2_msgs/msg'...
[1.110s] Listing '/home/futill/dummy2_hand_eye_calibration_ws/install/local/lib/python3.10/dist-packages/easy_handeye2_msgs/srv'...
[1.120s] -- Up-to-date: /home/futill/dummy2_hand_eye_calibration_ws/install/lib/libeasy_handeye2_msgs__rosidl_generator_py.so
[1.120s] -- Up-to-date: /home/futill/dummy2_hand_eye_calibration_ws/install/share/easy_handeye2_msgs/cmake/export_easy_handeye2_msgs__rosidl_generator_cExport.cmake
[1.128s] -- Up-to-date: /home/futill/dummy2_hand_eye_calibration_ws/install/share/easy_handeye2_msgs/cmake/export_easy_handeye2_msgs__rosidl_generator_cExport-release.cmake
[1.128s] -- Up-to-date: /home/futill/dummy2_hand_eye_calibration_ws/install/share/easy_handeye2_msgs/cmake/export_easy_handeye2_msgs__rosidl_typesupport_fastrtps_cExport.cmake
[1.128s] -- Up-to-date: /home/futill/dummy2_hand_eye_calibration_ws/install/share/easy_handeye2_msgs/cmake/export_easy_handeye2_msgs__rosidl_typesupport_fastrtps_cExport-release.cmake
[1.128s] -- Up-to-date: /home/futill/dummy2_hand_eye_calibration_ws/install/share/easy_handeye2_msgs/cmake/easy_handeye2_msgs__rosidl_typesupport_introspection_cExport.cmake
[1.128s] -- Up-to-date: /home/futill/dummy2_hand_eye_calibration_ws/install/share/easy_handeye2_msgs/cmake/easy_handeye2_msgs__rosidl_typesupport_introspection_cExport-release.cmake
[1.129s] -- Up-to-date: /home/futill/dummy2_hand_eye_calibration_ws/install/share/easy_handeye2_msgs/cmake/easy_handeye2_msgs__rosidl_typesupport_cExport.cmake
[1.129s] -- Up-to-date: /home/futill/dummy2_hand_eye_calibration_ws/install/share/easy_handeye2_msgs/cmake/easy_handeye2_msgs__rosidl_typesupport_cExport-release.cmake
[1.129s] -- Up-to-date: /home/futill/dummy2_hand_eye_calibration_ws/install/share/easy_handeye2_msgs/cmake/export_easy_handeye2_msgs__rosidl_generator_cppExport.cmake
[1.129s] -- Up-to-date: /home/futill/dummy2_hand_eye_calibration_ws/install/share/easy_handeye2_msgs/cmake/export_easy_handeye2_msgs__rosidl_typesupport_fastrtps_cppExport.cmake
[1.133s] -- Up-to-date: /home/futill/dummy2_hand_eye_calibration_ws/install/share/easy_handeye2_msgs/cmake/export_easy_handeye2_msgs__rosidl_typesupport_fastrtps_cppExport-release.cmake
[1.133s] -- Up-to-date: /home/futill/dummy2_hand_eye_calibration_ws/install/share/easy_handeye2_msgs/cmake/easy_handeye2_msgs__rosidl_typesupport_introspection_cppExport.cmake
[1.133s] -- Up-to-date: /home/futill/dummy2_hand_eye_calibration_ws/install/share/easy_handeye2_msgs/cmake/easy_handeye2_msgs__rosidl_typesupport_introspection_cppExport-release.cmake
[1.134s] -- Up-to-date: /home/futill/dummy2_hand_eye_calibration_ws/install/share/easy_handeye2_msgs/cmake/easy_handeye2_msgs__rosidl_typesupport_cppExport.cmake
[1.134s] -- Up-to-date: /home/futill/dummy2_hand_eye_calibration_ws/install/share/easy_handeye2_msgs/cmake/easy_handeye2_msgs__rosidl_typesupport_cppExport-release.cmake
[1.134s] -- Up-to-date: /home/futill/dummy2_hand_eye_calibration_ws/install/share/easy_handeye2_msgs/cmake/export_easy_handeye2_msgs__rosidl_generator_pyExport.cmake
[1.134s] -- Up-to-date: /home/futill/dummy2_hand_eye_calibration_ws/install/share/easy_handeye2_msgs/cmake/export_easy_handeye2_msgs__rosidl_generator_pyExport-release.cmake
[1.139s] Invoked command in '/home/futill/dummy2_hand_eye_calibration_ws/build/easy_handeye2_msgs' returned '0': CMAKE_PREFIX_PATH=${CMAKE_PREFIX_PATH}:/home/futill/targer_ws/install/my_robot_pkg:/opt/ros/humble /usr/bin/cmake --install /home/futill/dummy2_hand_eye_calibration_ws/build/easy_handeye2_msgs
