[0.309s] Invoking command in '/home/futill/dummy2_hand_eye_calibration_ws/build/pymoveit2': CMAKE_PREFIX_PATH=${CMAKE_PREFIX_PATH}:/home/futill/targer_ws/install/my_robot_pkg:/opt/ros/humble /usr/bin/cmake --build /home/futill/dummy2_hand_eye_calibration_ws/build/pymoveit2 -- -j8 -l8
[0.637s] Built target ament_cmake_python_symlink_pymoveit2
[0.697s] running egg_info
[0.697s] writing pymoveit2.egg-info/PKG-INFO
[0.699s] writing dependency_links to pymoveit2.egg-info/dependency_links.txt
[0.700s] writing top-level names to pymoveit2.egg-info/top_level.txt
[0.711s] reading manifest file 'pymoveit2.egg-info/SOURCES.txt'
[0.716s] writing manifest file 'pymoveit2.egg-info/SOURCES.txt'
[0.843s] Built target ament_cmake_python_build_pymoveit2_egg
[0.931s] Invoked command in '/home/futill/dummy2_hand_eye_calibration_ws/build/pymoveit2' returned '0': CMAKE_PREFIX_PATH=${CMAKE_PREFIX_PATH}:/home/futill/targer_ws/install/my_robot_pkg:/opt/ros/humble /usr/bin/cmake --build /home/futill/dummy2_hand_eye_calibration_ws/build/pymoveit2 -- -j8 -l8
[0.932s] Invoking command in '/home/futill/dummy2_hand_eye_calibration_ws/build/pymoveit2': CMAKE_PREFIX_PATH=${CMAKE_PREFIX_PATH}:/home/futill/targer_ws/install/my_robot_pkg:/opt/ros/humble /usr/bin/cmake --install /home/futill/dummy2_hand_eye_calibration_ws/build/pymoveit2
[1.070s] -- Install configuration: "Release"
[1.070s] -- Execute custom install script
[1.070s] -- Up-to-date symlink: /home/futill/dummy2_hand_eye_calibration_ws/install/share/pymoveit2/environment/pythonpath.sh
[1.070s] -- Up-to-date symlink: /home/futill/dummy2_hand_eye_calibration_ws/install/share/pymoveit2/environment/pythonpath.dsv
[1.070s] -- Up-to-date symlink: /home/futill/dummy2_hand_eye_calibration_ws/install/local/lib/python3.10/dist-packages/pymoveit2-4.0.0-py3.10.egg-info/PKG-INFO
[1.071s] -- Up-to-date symlink: /home/futill/dummy2_hand_eye_calibration_ws/install/local/lib/python3.10/dist-packages/pymoveit2-4.0.0-py3.10.egg-info/SOURCES.txt
[1.071s] -- Up-to-date symlink: /home/futill/dummy2_hand_eye_calibration_ws/install/local/lib/python3.10/dist-packages/pymoveit2-4.0.0-py3.10.egg-info/dependency_links.txt
[1.071s] -- Up-to-date symlink: /home/futill/dummy2_hand_eye_calibration_ws/install/local/lib/python3.10/dist-packages/pymoveit2-4.0.0-py3.10.egg-info/top_level.txt
[1.071s] -- Up-to-date symlink: /home/futill/dummy2_hand_eye_calibration_ws/install/local/lib/python3.10/dist-packages/pymoveit2/__init__.py
[1.071s] -- Up-to-date symlink: /home/futill/dummy2_hand_eye_calibration_ws/install/local/lib/python3.10/dist-packages/pymoveit2/gripper_command.py
[1.071s] -- Up-to-date symlink: /home/futill/dummy2_hand_eye_calibration_ws/install/local/lib/python3.10/dist-packages/pymoveit2/gripper_interface.py
[1.071s] -- Up-to-date symlink: /home/futill/dummy2_hand_eye_calibration_ws/install/local/lib/python3.10/dist-packages/pymoveit2/moveit2.py
[1.071s] -- Up-to-date symlink: /home/futill/dummy2_hand_eye_calibration_ws/install/local/lib/python3.10/dist-packages/pymoveit2/moveit2_gripper.py
[1.072s] -- Up-to-date symlink: /home/futill/dummy2_hand_eye_calibration_ws/install/local/lib/python3.10/dist-packages/pymoveit2/moveit2_servo.py
[1.072s] -- Up-to-date symlink: /home/futill/dummy2_hand_eye_calibration_ws/install/local/lib/python3.10/dist-packages/pymoveit2/robots/__init__.py
[1.072s] -- Up-to-date symlink: /home/futill/dummy2_hand_eye_calibration_ws/install/local/lib/python3.10/dist-packages/pymoveit2/robots/crane_x7.py
[1.073s] -- Up-to-date symlink: /home/futill/dummy2_hand_eye_calibration_ws/install/local/lib/python3.10/dist-packages/pymoveit2/robots/kinova.py
[1.074s] -- Up-to-date symlink: /home/futill/dummy2_hand_eye_calibration_ws/install/local/lib/python3.10/dist-packages/pymoveit2/robots/lbr.py
[1.074s] -- Up-to-date symlink: /home/futill/dummy2_hand_eye_calibration_ws/install/local/lib/python3.10/dist-packages/pymoveit2/robots/panda.py
[1.074s] -- Up-to-date symlink: /home/futill/dummy2_hand_eye_calibration_ws/install/local/lib/python3.10/dist-packages/pymoveit2/robots/phantomx_pincher.py
[1.074s] -- Up-to-date symlink: /home/futill/dummy2_hand_eye_calibration_ws/install/local/lib/python3.10/dist-packages/pymoveit2/robots/ur.py
[1.074s] -- Up-to-date symlink: /home/futill/dummy2_hand_eye_calibration_ws/install/lib/pymoveit2/ex_allow_collisions.py
[1.075s] -- Up-to-date symlink: /home/futill/dummy2_hand_eye_calibration_ws/install/lib/pymoveit2/ex_clear_planning_scene.py
[1.075s] -- Up-to-date symlink: /home/futill/dummy2_hand_eye_calibration_ws/install/lib/pymoveit2/ex_collision_mesh.py
[1.075s] -- Up-to-date symlink: /home/futill/dummy2_hand_eye_calibration_ws/install/lib/pymoveit2/ex_collision_primitive.py
[1.075s] -- Up-to-date symlink: /home/futill/dummy2_hand_eye_calibration_ws/install/lib/pymoveit2/ex_fk.py
[1.076s] -- Up-to-date symlink: /home/futill/dummy2_hand_eye_calibration_ws/install/lib/pymoveit2/ex_gripper.py
[1.076s] -- Up-to-date symlink: /home/futill/dummy2_hand_eye_calibration_ws/install/lib/pymoveit2/ex_ik.py
[1.076s] -- Up-to-date symlink: /home/futill/dummy2_hand_eye_calibration_ws/install/lib/pymoveit2/ex_joint_goal.py
[1.076s] -- Up-to-date symlink: /home/futill/dummy2_hand_eye_calibration_ws/install/lib/pymoveit2/ex_orientation_path_constraint.py
[1.076s] -- Up-to-date symlink: /home/futill/dummy2_hand_eye_calibration_ws/install/lib/pymoveit2/ex_pose_goal.py
[1.076s] -- Up-to-date symlink: /home/futill/dummy2_hand_eye_calibration_ws/install/lib/pymoveit2/ex_servo.py
[1.077s] -- Up-to-date symlink: /home/futill/dummy2_hand_eye_calibration_ws/install/share/ament_index/resource_index/package_run_dependencies/pymoveit2
[1.077s] -- Up-to-date symlink: /home/futill/dummy2_hand_eye_calibration_ws/install/share/ament_index/resource_index/parent_prefix_path/pymoveit2
[1.077s] -- Up-to-date symlink: /home/futill/dummy2_hand_eye_calibration_ws/install/share/pymoveit2/environment/ament_prefix_path.sh
[1.077s] -- Up-to-date symlink: /home/futill/dummy2_hand_eye_calibration_ws/install/share/pymoveit2/environment/ament_prefix_path.dsv
[1.077s] -- Up-to-date symlink: /home/futill/dummy2_hand_eye_calibration_ws/install/share/pymoveit2/environment/path.sh
[1.078s] -- Up-to-date symlink: /home/futill/dummy2_hand_eye_calibration_ws/install/share/pymoveit2/environment/path.dsv
[1.078s] -- Up-to-date symlink: /home/futill/dummy2_hand_eye_calibration_ws/install/share/pymoveit2/local_setup.bash
[1.078s] -- Up-to-date symlink: /home/futill/dummy2_hand_eye_calibration_ws/install/share/pymoveit2/local_setup.sh
[1.078s] -- Up-to-date symlink: /home/futill/dummy2_hand_eye_calibration_ws/install/share/pymoveit2/local_setup.zsh
[1.079s] -- Up-to-date symlink: /home/futill/dummy2_hand_eye_calibration_ws/install/share/pymoveit2/local_setup.dsv
[1.079s] -- Symlinking: /home/futill/dummy2_hand_eye_calibration_ws/install/share/pymoveit2/package.dsv
[1.079s] -- Up-to-date symlink: /home/futill/dummy2_hand_eye_calibration_ws/install/share/ament_index/resource_index/packages/pymoveit2
[1.079s] -- Up-to-date symlink: /home/futill/dummy2_hand_eye_calibration_ws/install/share/pymoveit2/cmake/pymoveit2Config.cmake
[1.079s] -- Up-to-date symlink: /home/futill/dummy2_hand_eye_calibration_ws/install/share/pymoveit2/cmake/pymoveit2Config-version.cmake
[1.079s] -- Up-to-date symlink: /home/futill/dummy2_hand_eye_calibration_ws/install/share/pymoveit2/package.xml
[1.092s] Listing '/home/futill/dummy2_hand_eye_calibration_ws/install/local/lib/python3.10/dist-packages/pymoveit2'...
[1.092s] Listing '/home/futill/dummy2_hand_eye_calibration_ws/install/local/lib/python3.10/dist-packages/pymoveit2/robots'...
[1.154s] Invoked command in '/home/futill/dummy2_hand_eye_calibration_ws/build/pymoveit2' returned '0': CMAKE_PREFIX_PATH=${CMAKE_PREFIX_PATH}:/home/futill/targer_ws/install/my_robot_pkg:/opt/ros/humble /usr/bin/cmake --install /home/futill/dummy2_hand_eye_calibration_ws/build/pymoveit2
