[0.705s] Invoking command in '/home/futill/dummy2_hand_eye_calibration_ws/build/dummy2_hw': CMAKE_PREFIX_PATH=${CMAKE_PREFIX_PATH}:/home/futill/targer_ws/install/my_robot_pkg:/opt/ros/humble /usr/bin/cmake --build /home/futill/dummy2_hand_eye_calibration_ws/build/dummy2_hw -- -j8 -l8
[0.983s] [100%] Built target dummy2_hardware
[1.044s] Invoked command in '/home/futill/dummy2_hand_eye_calibration_ws/build/dummy2_hw' returned '0': CMAKE_PREFIX_PATH=${CMAKE_PREFIX_PATH}:/home/futill/targer_ws/install/my_robot_pkg:/opt/ros/humble /usr/bin/cmake --build /home/futill/dummy2_hand_eye_calibration_ws/build/dummy2_hw -- -j8 -l8
[1.045s] Invoking command in '/home/futill/dummy2_hand_eye_calibration_ws/build/dummy2_hw': CMAKE_PREFIX_PATH=${CMAKE_PREFIX_PATH}:/home/futill/targer_ws/install/my_robot_pkg:/opt/ros/humble /usr/bin/cmake --install /home/futill/dummy2_hand_eye_calibration_ws/build/dummy2_hw
[1.072s] -- Install configuration: "Release"
[1.072s] -- Execute custom install script
[1.072s] -- Up-to-date symlink: /home/futill/dummy2_hand_eye_calibration_ws/install/share/dummy2_hw//dummy2_hardware.xml
[1.073s] -- Up-to-date symlink: /home/futill/dummy2_hand_eye_calibration_ws/install/lib/libdummy2_hardware.so
[1.073s] -- Up-to-date symlink: /home/futill/dummy2_hand_eye_calibration_ws/install/share/ament_index/resource_index/package_run_dependencies/dummy2_hw
[1.074s] -- Up-to-date symlink: /home/futill/dummy2_hand_eye_calibration_ws/install/share/ament_index/resource_index/parent_prefix_path/dummy2_hw
[1.074s] -- Up-to-date symlink: /home/futill/dummy2_hand_eye_calibration_ws/install/share/dummy2_hw/environment/ament_prefix_path.sh
[1.075s] -- Up-to-date symlink: /home/futill/dummy2_hand_eye_calibration_ws/install/share/dummy2_hw/environment/ament_prefix_path.dsv
[1.075s] -- Up-to-date symlink: /home/futill/dummy2_hand_eye_calibration_ws/install/share/dummy2_hw/environment/path.sh
[1.076s] -- Up-to-date symlink: /home/futill/dummy2_hand_eye_calibration_ws/install/share/dummy2_hw/environment/path.dsv
[1.076s] -- Up-to-date symlink: /home/futill/dummy2_hand_eye_calibration_ws/install/share/dummy2_hw/local_setup.bash
[1.076s] -- Up-to-date symlink: /home/futill/dummy2_hand_eye_calibration_ws/install/share/dummy2_hw/local_setup.sh
[1.076s] -- Up-to-date symlink: /home/futill/dummy2_hand_eye_calibration_ws/install/share/dummy2_hw/local_setup.zsh
[1.076s] -- Up-to-date symlink: /home/futill/dummy2_hand_eye_calibration_ws/install/share/dummy2_hw/local_setup.dsv
[1.077s] -- Symlinking: /home/futill/dummy2_hand_eye_calibration_ws/install/share/dummy2_hw/package.dsv
[1.098s] -- Up-to-date symlink: /home/futill/dummy2_hand_eye_calibration_ws/install/share/ament_index/resource_index/packages/dummy2_hw
[1.098s] -- Up-to-date symlink: /home/futill/dummy2_hand_eye_calibration_ws/install/share/ament_index/resource_index/hardware_interface__pluginlib__plugin/dummy2_hw
[1.098s] -- Up-to-date symlink: /home/futill/dummy2_hand_eye_calibration_ws/install/share/dummy2_hw/cmake/dummy2_hwConfig.cmake
[1.098s] -- Up-to-date symlink: /home/futill/dummy2_hand_eye_calibration_ws/install/share/dummy2_hw/cmake/dummy2_hwConfig-version.cmake
[1.098s] -- Up-to-date symlink: /home/futill/dummy2_hand_eye_calibration_ws/install/share/dummy2_hw/package.xml
[1.142s] Invoked command in '/home/futill/dummy2_hand_eye_calibration_ws/build/dummy2_hw' returned '0': CMAKE_PREFIX_PATH=${CMAKE_PREFIX_PATH}:/home/futill/targer_ws/install/my_robot_pkg:/opt/ros/humble /usr/bin/cmake --install /home/futill/dummy2_hand_eye_calibration_ws/build/dummy2_hw
