[1.462s] Invoking command in '/home/futill/dummy2_hand_eye_calibration_ws/build/easy_handeye2': CMAKE_PREFIX_PATH=/home/futill/dummy2_hand_eye_calibration_ws/install:/home/futill/targer_ws/install/my_robot_pkg_msg LD_LIBRARY_PATH=/home/futill/dummy2_hand_eye_calibration_ws/install/lib:/home/futill/targer_ws/install/my_robot_pkg_msg/lib:/opt/ros/humble/opt/rviz_ogre_vendor/lib:/opt/ros/humble/lib/x86_64-linux-gnu:/opt/ros/humble/lib PYTHONPATH=/home/futill/dummy2_hand_eye_calibration_ws/build/easy_handeye2/prefix_override:/usr/lib/python3/dist-packages/colcon_core/task/python/colcon_distutils_commands:/home/futill/dummy2_hand_eye_calibration_ws/install/lib/python3.10/site-packages:/home/futill/dummy2_hand_eye_calibration_ws/install/lib/python3.10/site-packages:/home/futill/targer_ws/install/my_robot_pkg/lib/python3.10/site-packages:/home/futill/targer_ws/install/my_robot_pkg_msg/local/lib/python3.10/dist-packages:/home/futill/dummy2_hand_eye_calibration_ws/build/ros2_aruco:/home/futill/dummy2_hand_eye_calibration_ws/build/rboot_libs:/home/futill/dummy2_hand_eye_calibration_ws/build/easy_handeye2:/home/futill/dummy2_hand_eye_calibration_ws/build/dummy2_can2eth:/home/futill/dummy2_hand_eye_calibration_ws/install/local/lib/python3.10/dist-packages:/home/futill/dummy2_hand_eye_calibration_ws/build/dummy2-gripperv3_description:/opt/ros/humble/lib/python3.10/site-packages:/opt/ros/humble/local/lib/python3.10/dist-packages /usr/bin/python3 -W ignore:setup.py install is deprecated -W ignore:easy_install command is deprecated setup.py develop --editable --build-directory /home/futill/dummy2_hand_eye_calibration_ws/build/easy_handeye2/build --no-deps symlink_data
[1.741s] running develop
[1.935s] running egg_info
[1.935s] writing easy_handeye2.egg-info/PKG-INFO
[1.936s] writing dependency_links to easy_handeye2.egg-info/dependency_links.txt
[1.936s] writing entry points to easy_handeye2.egg-info/entry_points.txt
[1.936s] writing requirements to easy_handeye2.egg-info/requires.txt
[1.937s] writing top-level names to easy_handeye2.egg-info/top_level.txt
[1.939s] reading manifest file 'easy_handeye2.egg-info/SOURCES.txt'
[1.940s] writing manifest file 'easy_handeye2.egg-info/SOURCES.txt'
[1.971s] running build_ext
[1.972s] Creating /home/futill/dummy2_hand_eye_calibration_ws/install/lib/python3.10/site-packages/easy-handeye2.egg-link (link to .)
[1.973s] Installing handeye_calibration_commander script to /home/futill/dummy2_hand_eye_calibration_ws/install/lib/easy_handeye2
[1.973s] Installing handeye_publisher script to /home/futill/dummy2_hand_eye_calibration_ws/install/lib/easy_handeye2
[1.973s] Installing handeye_server script to /home/futill/dummy2_hand_eye_calibration_ws/install/lib/easy_handeye2
[1.974s] Installing handeye_server_robot script to /home/futill/dummy2_hand_eye_calibration_ws/install/lib/easy_handeye2
[1.974s] Installing rqt_calibrator.py script to /home/futill/dummy2_hand_eye_calibration_ws/install/lib/easy_handeye2
[1.975s] Installing rqt_evaluator.py script to /home/futill/dummy2_hand_eye_calibration_ws/install/lib/easy_handeye2
[1.975s] 
[1.975s] Installed /home/futill/dummy2_hand_eye_calibration_ws/build/easy_handeye2
[1.975s] running symlink_data
[2.015s] Invoked command in '/home/futill/dummy2_hand_eye_calibration_ws/build/easy_handeye2' returned '0': CMAKE_PREFIX_PATH=/home/futill/dummy2_hand_eye_calibration_ws/install:/home/futill/targer_ws/install/my_robot_pkg_msg LD_LIBRARY_PATH=/home/futill/dummy2_hand_eye_calibration_ws/install/lib:/home/futill/targer_ws/install/my_robot_pkg_msg/lib:/opt/ros/humble/opt/rviz_ogre_vendor/lib:/opt/ros/humble/lib/x86_64-linux-gnu:/opt/ros/humble/lib PYTHONPATH=/home/futill/dummy2_hand_eye_calibration_ws/build/easy_handeye2/prefix_override:/usr/lib/python3/dist-packages/colcon_core/task/python/colcon_distutils_commands:/home/futill/dummy2_hand_eye_calibration_ws/install/lib/python3.10/site-packages:/home/futill/dummy2_hand_eye_calibration_ws/install/lib/python3.10/site-packages:/home/futill/targer_ws/install/my_robot_pkg/lib/python3.10/site-packages:/home/futill/targer_ws/install/my_robot_pkg_msg/local/lib/python3.10/dist-packages:/home/futill/dummy2_hand_eye_calibration_ws/build/ros2_aruco:/home/futill/dummy2_hand_eye_calibration_ws/build/rboot_libs:/home/futill/dummy2_hand_eye_calibration_ws/build/easy_handeye2:/home/futill/dummy2_hand_eye_calibration_ws/build/dummy2_can2eth:/home/futill/dummy2_hand_eye_calibration_ws/install/local/lib/python3.10/dist-packages:/home/futill/dummy2_hand_eye_calibration_ws/build/dummy2-gripperv3_description:/opt/ros/humble/lib/python3.10/site-packages:/opt/ros/humble/local/lib/python3.10/dist-packages /usr/bin/python3 -W ignore:setup.py install is deprecated -W ignore:easy_install command is deprecated setup.py develop --editable --build-directory /home/futill/dummy2_hand_eye_calibration_ws/build/easy_handeye2/build --no-deps symlink_data
